[1.349s] Invoking command in '/home/nvidia/master_ws/build/listener': CMAKE_PREFIX_PATH=${CMAKE_PREFIX_PATH}:/home/nvidia/master_ws/install/xbox:/home/nvidia/master_ws/install/lidar_control:/home/nvidia/master_ws/install/launch_car:/home/nvidia/master_ws/install/controller:/home/nvidia/master_ws/install/broadcaster:/home/nvidia/velodyne_drivers/install/broadcast_and_listener:/home/nvidia/velodyne_drivers/install/examples_tf2_py:/home/nvidia/velodyne_drivers/install/broadcaster:/home/nvidia/velodyne_drivers/install/test_converter:/home/nvidia/velodyne_drivers/install/py_launch_example:/home/nvidia/velodyne_drivers/install/example:/opt/ros/foxy /usr/bin/cmake /home/nvidia/master_ws/src/listener -DCMAKE_INSTALL_PREFIX=/home/nvidia/master_ws/install/listener
[1.710s] -- The C compiler identification is GNU 9.4.0
[2.036s] -- The CXX compiler identification is GNU 9.4.0
[2.069s] -- Check for working C compiler: /usr/bin/cc
[2.466s] -- Check for working C compiler: /usr/bin/cc -- works
[2.470s] -- Detecting C compiler ABI info
[2.880s] -- Detecting C compiler ABI info - done
[2.924s] -- Detecting C compile features
[2.925s] -- Detecting C compile features - done
[2.937s] -- Check for working CXX compiler: /usr/bin/c++
[3.393s] -- Check for working CXX compiler: /usr/bin/c++ -- works
[3.394s] -- Detecting CXX compiler ABI info
[3.864s] -- Detecting CXX compiler ABI info - done
[3.908s] -- Detecting CXX compile features
[3.910s] -- Detecting CXX compile features - done
[3.938s] -- Found ament_cmake: 0.9.12 (/opt/ros/foxy/share/ament_cmake/cmake)
[4.188s] -- Found PythonInterp: /usr/bin/python3 (found suitable version "3.8.10", minimum required is "3") 
[4.188s] -- Using PYTHON_EXECUTABLE: /usr/bin/python3
[5.885s] -- Found rclcpp: 2.4.3 (/opt/ros/foxy/share/rclcpp/cmake)
[6.478s] -- Using all available rosidl_typesupport_c: rosidl_typesupport_fastrtps_c;rosidl_typesupport_introspection_c
[6.575s] -- Found rosidl_adapter: 1.3.1 (/opt/ros/foxy/share/rosidl_adapter/cmake)
[7.674s] -- Found OpenSSL: /usr/lib/aarch64-linux-gnu/libcrypto.so (found version "1.1.1f")  
[7.929s] -- Found FastRTPS: /opt/ros/foxy/include  
[8.586s] -- Using all available rosidl_typesupport_cpp: rosidl_typesupport_fastrtps_cpp;rosidl_typesupport_introspection_cpp
[9.332s] -- Found rmw_implementation_cmake: 1.0.4 (/opt/ros/foxy/share/rmw_implementation_cmake/cmake)
[9.349s] -- Using RMW implementation 'rmw_fastrtps_cpp' as default
[9.354s] -- Looking for pthread.h
[10.296s] -- Looking for pthread.h - found
[10.299s] -- Performing Test CMAKE_HAVE_LIBC_PTHREAD
[11.239s] -- Performing Test CMAKE_HAVE_LIBC_PTHREAD - Failed
[11.240s] -- Looking for pthread_create in pthreads
[11.976s] -- Looking for pthread_create in pthreads - not found
[11.977s] -- Looking for pthread_create in pthread
[12.835s] -- Looking for pthread_create in pthread - found
[12.849s] -- Found Threads: TRUE  
[13.902s] -- Found tf2_ros: 0.13.14 (/home/nvidia/velodyne_drivers/install/tf2_ros/share/tf2_ros/cmake)
[15.912s] -- Found sensor_msgs: 2.0.5 (/opt/ros/foxy/share/sensor_msgs/cmake)
[16.163s] -- Found tf2_sensor_msgs: 0.13.14 (/home/nvidia/velodyne_drivers/install/tf2_sensor_msgs/share/tf2_sensor_msgs/cmake)
[16.366s] -- Found ament_lint_auto: 0.9.8 (/opt/ros/foxy/share/ament_lint_auto/cmake)
[16.958s] -- Added test 'copyright' to check source files copyright and LICENSE
[16.968s] -- Added test 'cppcheck' to perform static code analysis on C / C++ code
[16.969s] -- Configured cppcheck include dirs: 
[16.969s] -- Configured cppcheck exclude dirs and/or files: 
[16.977s] -- Added test 'cpplint' to check C / C++ code against the Google style
[16.977s] -- Configured cpplint exclude dirs and/or files: 
[16.986s] -- Added test 'lint_cmake' to check CMake code style
[16.993s] -- Added test 'uncrustify' to check C / C++ code style
[16.994s] -- Configured uncrustify additional arguments: 
[16.999s] -- Added test 'xmllint' to check XML markup files
[17.029s] -- Configuring done
[17.106s] -- Generating done
[17.113s] -- Build files have been written to: /home/nvidia/master_ws/build/listener
[17.153s] Invoked command in '/home/nvidia/master_ws/build/listener' returned '0': CMAKE_PREFIX_PATH=${CMAKE_PREFIX_PATH}:/home/nvidia/master_ws/install/xbox:/home/nvidia/master_ws/install/lidar_control:/home/nvidia/master_ws/install/launch_car:/home/nvidia/master_ws/install/controller:/home/nvidia/master_ws/install/broadcaster:/home/nvidia/velodyne_drivers/install/broadcast_and_listener:/home/nvidia/velodyne_drivers/install/examples_tf2_py:/home/nvidia/velodyne_drivers/install/broadcaster:/home/nvidia/velodyne_drivers/install/test_converter:/home/nvidia/velodyne_drivers/install/py_launch_example:/home/nvidia/velodyne_drivers/install/example:/opt/ros/foxy /usr/bin/cmake /home/nvidia/master_ws/src/listener -DCMAKE_INSTALL_PREFIX=/home/nvidia/master_ws/install/listener
[17.163s] Invoking command in '/home/nvidia/master_ws/build/listener': CMAKE_PREFIX_PATH=${CMAKE_PREFIX_PATH}:/home/nvidia/master_ws/install/xbox:/home/nvidia/master_ws/install/lidar_control:/home/nvidia/master_ws/install/launch_car:/home/nvidia/master_ws/install/controller:/home/nvidia/master_ws/install/broadcaster:/home/nvidia/velodyne_drivers/install/broadcast_and_listener:/home/nvidia/velodyne_drivers/install/examples_tf2_py:/home/nvidia/velodyne_drivers/install/broadcaster:/home/nvidia/velodyne_drivers/install/test_converter:/home/nvidia/velodyne_drivers/install/py_launch_example:/home/nvidia/velodyne_drivers/install/example:/opt/ros/foxy /usr/bin/cmake --build /home/nvidia/master_ws/build/listener -- -j4 -l4
[17.403s] [35m[1mScanning dependencies of target listener[0m
[17.919s] [ 50%] [32mBuilding CXX object CMakeFiles/listener.dir/src/listener.cpp.o[0m
[60.203s] [100%] [32m[1mLinking CXX executable listener[0m
[63.363s] [100%] Built target listener
[63.485s] Invoked command in '/home/nvidia/master_ws/build/listener' returned '0': CMAKE_PREFIX_PATH=${CMAKE_PREFIX_PATH}:/home/nvidia/master_ws/install/xbox:/home/nvidia/master_ws/install/lidar_control:/home/nvidia/master_ws/install/launch_car:/home/nvidia/master_ws/install/controller:/home/nvidia/master_ws/install/broadcaster:/home/nvidia/velodyne_drivers/install/broadcast_and_listener:/home/nvidia/velodyne_drivers/install/examples_tf2_py:/home/nvidia/velodyne_drivers/install/broadcaster:/home/nvidia/velodyne_drivers/install/test_converter:/home/nvidia/velodyne_drivers/install/py_launch_example:/home/nvidia/velodyne_drivers/install/example:/opt/ros/foxy /usr/bin/cmake --build /home/nvidia/master_ws/build/listener -- -j4 -l4
[64.023s] Invoking command in '/home/nvidia/master_ws/build/listener': CMAKE_PREFIX_PATH=${CMAKE_PREFIX_PATH}:/home/nvidia/master_ws/install/xbox:/home/nvidia/master_ws/install/lidar_control:/home/nvidia/master_ws/install/launch_car:/home/nvidia/master_ws/install/controller:/home/nvidia/master_ws/install/broadcaster:/home/nvidia/velodyne_drivers/install/broadcast_and_listener:/home/nvidia/velodyne_drivers/install/examples_tf2_py:/home/nvidia/velodyne_drivers/install/broadcaster:/home/nvidia/velodyne_drivers/install/test_converter:/home/nvidia/velodyne_drivers/install/py_launch_example:/home/nvidia/velodyne_drivers/install/example:/opt/ros/foxy /usr/bin/cmake --install /home/nvidia/master_ws/build/listener
[64.141s] -- Install configuration: ""
[64.142s] -- Installing: /home/nvidia/master_ws/install/listener/lib/listener/listener
[64.179s] -- Set runtime path of "/home/nvidia/master_ws/install/listener/lib/listener/listener" to ""
[64.180s] -- Installing: /home/nvidia/master_ws/install/listener/share/ament_index/resource_index/package_run_dependencies/listener
[64.181s] -- Installing: /home/nvidia/master_ws/install/listener/share/ament_index/resource_index/parent_prefix_path/listener
[64.182s] -- Installing: /home/nvidia/master_ws/install/listener/share/listener/environment/ament_prefix_path.sh
[64.184s] -- Installing: /home/nvidia/master_ws/install/listener/share/listener/environment/ament_prefix_path.dsv
[64.185s] -- Installing: /home/nvidia/master_ws/install/listener/share/listener/environment/path.sh
[64.185s] -- Installing: /home/nvidia/master_ws/install/listener/share/listener/environment/path.dsv
[64.186s] -- Installing: /home/nvidia/master_ws/install/listener/share/listener/local_setup.bash
[64.187s] -- Installing: /home/nvidia/master_ws/install/listener/share/listener/local_setup.sh
[64.188s] -- Installing: /home/nvidia/master_ws/install/listener/share/listener/local_setup.zsh
[64.189s] -- Installing: /home/nvidia/master_ws/install/listener/share/listener/local_setup.dsv
[64.190s] -- Installing: /home/nvidia/master_ws/install/listener/share/listener/package.dsv
[64.191s] -- Installing: /home/nvidia/master_ws/install/listener/share/ament_index/resource_index/packages/listener
[64.192s] -- Installing: /home/nvidia/master_ws/install/listener/share/listener/cmake/listenerConfig.cmake
[64.193s] -- Installing: /home/nvidia/master_ws/install/listener/share/listener/cmake/listenerConfig-version.cmake
[64.194s] -- Installing: /home/nvidia/master_ws/install/listener/share/listener/package.xml
[64.213s] Invoked command in '/home/nvidia/master_ws/build/listener' returned '0': CMAKE_PREFIX_PATH=${CMAKE_PREFIX_PATH}:/home/nvidia/master_ws/install/xbox:/home/nvidia/master_ws/install/lidar_control:/home/nvidia/master_ws/install/launch_car:/home/nvidia/master_ws/install/controller:/home/nvidia/master_ws/install/broadcaster:/home/nvidia/velodyne_drivers/install/broadcast_and_listener:/home/nvidia/velodyne_drivers/install/examples_tf2_py:/home/nvidia/velodyne_drivers/install/broadcaster:/home/nvidia/velodyne_drivers/install/test_converter:/home/nvidia/velodyne_drivers/install/py_launch_example:/home/nvidia/velodyne_drivers/install/example:/opt/ros/foxy /usr/bin/cmake --install /home/nvidia/master_ws/build/listener
