[0.159s] Invoking command in '/home/nvidia/master_ws/build/plane_fitter': CMAKE_PREFIX_PATH=${CMAKE_PREFIX_PATH}:/home/nvidia/master_ws/install/xbox:/home/nvidia/master_ws/install/lidar_control:/home/nvidia/master_ws/install/launch_car:/home/nvidia/master_ws/install/broadcaster:/home/nvidia/install/xbox:/opt/ros/foxy /usr/bin/cmake --build /home/nvidia/master_ws/build/plane_fitter -- -j6 -l6
[0.595s] [35m[1mScanning dependencies of target plane_fitter[0m
[1.027s] [ 50%] [32mBuilding CXX object CMakeFiles/plane_fitter.dir/src/plane_fitter.cpp.o[0m
[57.237s] [100%] [32m[1mLinking CXX executable plane_fitter[0m
[62.701s] [100%] Built target plane_fitter
[62.772s] Invoked command in '/home/nvidia/master_ws/build/plane_fitter' returned '0': CMAKE_PREFIX_PATH=${CMAKE_PREFIX_PATH}:/home/nvidia/master_ws/install/xbox:/home/nvidia/master_ws/install/lidar_control:/home/nvidia/master_ws/install/launch_car:/home/nvidia/master_ws/install/broadcaster:/home/nvidia/install/xbox:/opt/ros/foxy /usr/bin/cmake --build /home/nvidia/master_ws/build/plane_fitter -- -j6 -l6
[63.032s] Invoking command in '/home/nvidia/master_ws/build/plane_fitter': CMAKE_PREFIX_PATH=${CMAKE_PREFIX_PATH}:/home/nvidia/master_ws/install/xbox:/home/nvidia/master_ws/install/lidar_control:/home/nvidia/master_ws/install/launch_car:/home/nvidia/master_ws/install/broadcaster:/home/nvidia/install/xbox:/opt/ros/foxy /usr/bin/cmake --install /home/nvidia/master_ws/build/plane_fitter
[63.087s] -- Install configuration: ""
[63.091s] -- Installing: /home/nvidia/master_ws/install/plane_fitter/lib/plane_fitter/plane_fitter
[63.121s] -- Set runtime path of "/home/nvidia/master_ws/install/plane_fitter/lib/plane_fitter/plane_fitter" to ""
[63.121s] -- Up-to-date: /home/nvidia/master_ws/install/plane_fitter/share/ament_index/resource_index/package_run_dependencies/plane_fitter
[63.123s] -- Up-to-date: /home/nvidia/master_ws/install/plane_fitter/share/ament_index/resource_index/parent_prefix_path/plane_fitter
[63.124s] -- Up-to-date: /home/nvidia/master_ws/install/plane_fitter/share/plane_fitter/environment/ament_prefix_path.sh
[63.125s] -- Up-to-date: /home/nvidia/master_ws/install/plane_fitter/share/plane_fitter/environment/ament_prefix_path.dsv
[63.125s] -- Up-to-date: /home/nvidia/master_ws/install/plane_fitter/share/plane_fitter/environment/path.sh
[63.126s] -- Up-to-date: /home/nvidia/master_ws/install/plane_fitter/share/plane_fitter/environment/path.dsv
[63.127s] -- Up-to-date: /home/nvidia/master_ws/install/plane_fitter/share/plane_fitter/local_setup.bash
[63.127s] -- Up-to-date: /home/nvidia/master_ws/install/plane_fitter/share/plane_fitter/local_setup.sh
[63.128s] -- Up-to-date: /home/nvidia/master_ws/install/plane_fitter/share/plane_fitter/local_setup.zsh
[63.128s] -- Up-to-date: /home/nvidia/master_ws/install/plane_fitter/share/plane_fitter/local_setup.dsv
[63.129s] -- Installing: /home/nvidia/master_ws/install/plane_fitter/share/plane_fitter/package.dsv
[63.129s] -- Up-to-date: /home/nvidia/master_ws/install/plane_fitter/share/ament_index/resource_index/packages/plane_fitter
[63.130s] -- Up-to-date: /home/nvidia/master_ws/install/plane_fitter/share/plane_fitter/cmake/plane_fitterConfig.cmake
[63.131s] -- Up-to-date: /home/nvidia/master_ws/install/plane_fitter/share/plane_fitter/cmake/plane_fitterConfig-version.cmake
[63.131s] -- Up-to-date: /home/nvidia/master_ws/install/plane_fitter/share/plane_fitter/package.xml
[63.146s] Invoked command in '/home/nvidia/master_ws/build/plane_fitter' returned '0': CMAKE_PREFIX_PATH=${CMAKE_PREFIX_PATH}:/home/nvidia/master_ws/install/xbox:/home/nvidia/master_ws/install/lidar_control:/home/nvidia/master_ws/install/launch_car:/home/nvidia/master_ws/install/broadcaster:/home/nvidia/install/xbox:/opt/ros/foxy /usr/bin/cmake --install /home/nvidia/master_ws/build/plane_fitter
