[5.712s] Invoking command in '/home/nvidia/master_ws/src/broadcaster': PYTHONPATH=/home/nvidia/master_ws/build/broadcaster/prefix_override:/home/nvidia/master_ws/install/broadcaster/lib/python3.8/site-packages:${PYTHONPATH} /usr/bin/python3 -W ignore:setup.py install is deprecated setup.py egg_info --egg-base ../../build/broadcaster build --build-base /home/nvidia/master_ws/build/broadcaster/build install --record /home/nvidia/master_ws/build/broadcaster/install.log --install-scripts $base/lib/broadcaster --single-version-externally-managed install_data
[7.039s] running egg_info
[7.041s] writing ../../build/broadcaster/broadcaster.egg-info/PKG-INFO
[7.043s] writing dependency_links to ../../build/broadcaster/broadcaster.egg-info/dependency_links.txt
[7.045s] writing entry points to ../../build/broadcaster/broadcaster.egg-info/entry_points.txt
[7.046s] writing requirements to ../../build/broadcaster/broadcaster.egg-info/requires.txt
[7.047s] writing top-level names to ../../build/broadcaster/broadcaster.egg-info/top_level.txt
[7.238s] reading manifest file '../../build/broadcaster/broadcaster.egg-info/SOURCES.txt'
[7.244s] writing manifest file '../../build/broadcaster/broadcaster.egg-info/SOURCES.txt'
[7.244s] running build
[7.245s] running build_py
[7.246s] copying broadcaster/realsense.py -> /home/nvidia/master_ws/build/broadcaster/build/lib/broadcaster
[7.248s] running install
[7.252s] running install_lib
[7.258s] copying /home/nvidia/master_ws/build/broadcaster/build/lib/broadcaster/realsense.py -> /home/nvidia/master_ws/install/broadcaster/lib/python3.8/site-packages/broadcaster
[7.261s] byte-compiling /home/nvidia/master_ws/install/broadcaster/lib/python3.8/site-packages/broadcaster/realsense.py to realsense.cpython-38.pyc
[7.269s] running install_data
[7.270s] running install_egg_info
[7.278s] removing '/home/nvidia/master_ws/install/broadcaster/lib/python3.8/site-packages/broadcaster-0.0.0-py3.8.egg-info' (and everything under it)
[7.282s] Copying ../../build/broadcaster/broadcaster.egg-info to /home/nvidia/master_ws/install/broadcaster/lib/python3.8/site-packages/broadcaster-0.0.0-py3.8.egg-info
[7.288s] running install_scripts
[7.377s] Installing lidar script to /home/nvidia/master_ws/install/broadcaster/lib/broadcaster
[7.378s] Installing realsense script to /home/nvidia/master_ws/install/broadcaster/lib/broadcaster
[7.380s] writing list of installed files to '/home/nvidia/master_ws/build/broadcaster/install.log'
[7.493s] Invoked command in '/home/nvidia/master_ws/src/broadcaster' returned '0': PYTHONPATH=/home/nvidia/master_ws/build/broadcaster/prefix_override:/home/nvidia/master_ws/install/broadcaster/lib/python3.8/site-packages:${PYTHONPATH} /usr/bin/python3 -W ignore:setup.py install is deprecated setup.py egg_info --egg-base ../../build/broadcaster build --build-base /home/nvidia/master_ws/build/broadcaster/build install --record /home/nvidia/master_ws/build/broadcaster/install.log --install-scripts $base/lib/broadcaster --single-version-externally-managed install_data
