[0.126s] Invoking command in '/home/nvidia/master_ws/build/listener': CMAKE_PREFIX_PATH=${CMAKE_PREFIX_PATH}:/home/nvidia/master_ws/install/xbox:/home/nvidia/master_ws/install/lidar_control:/home/nvidia/master_ws/install/launch_car:/home/nvidia/master_ws/install/broadcaster:/opt/ros/foxy /usr/bin/cmake --build /home/nvidia/master_ws/build/listener -- -j4 -l4
[1.697s] [100%] Built target listener
[1.879s] Invoked command in '/home/nvidia/master_ws/build/listener' returned '0': CMAKE_PREFIX_PATH=${CMAKE_PREFIX_PATH}:/home/nvidia/master_ws/install/xbox:/home/nvidia/master_ws/install/lidar_control:/home/nvidia/master_ws/install/launch_car:/home/nvidia/master_ws/install/broadcaster:/opt/ros/foxy /usr/bin/cmake --build /home/nvidia/master_ws/build/listener -- -j4 -l4
[4.368s] Invoking command in '/home/nvidia/master_ws/build/listener': CMAKE_PREFIX_PATH=${CMAKE_PREFIX_PATH}:/home/nvidia/master_ws/install/xbox:/home/nvidia/master_ws/install/lidar_control:/home/nvidia/master_ws/install/launch_car:/home/nvidia/master_ws/install/broadcaster:/opt/ros/foxy /usr/bin/cmake --install /home/nvidia/master_ws/build/listener
[4.562s] -- Install configuration: ""
[4.565s] -- Up-to-date: /home/nvidia/master_ws/install/listener/lib/listener/listener
[4.572s] -- Up-to-date: /home/nvidia/master_ws/install/listener/share/ament_index/resource_index/package_run_dependencies/listener
[4.573s] -- Up-to-date: /home/nvidia/master_ws/install/listener/share/ament_index/resource_index/parent_prefix_path/listener
[4.573s] -- Up-to-date: /home/nvidia/master_ws/install/listener/share/listener/environment/ament_prefix_path.sh
[4.573s] -- Up-to-date: /home/nvidia/master_ws/install/listener/share/listener/environment/ament_prefix_path.dsv
[4.574s] -- Up-to-date: /home/nvidia/master_ws/install/listener/share/listener/environment/path.sh
[4.574s] -- Up-to-date: /home/nvidia/master_ws/install/listener/share/listener/environment/path.dsv
[4.574s] -- Up-to-date: /home/nvidia/master_ws/install/listener/share/listener/local_setup.bash
[4.575s] -- Up-to-date: /home/nvidia/master_ws/install/listener/share/listener/local_setup.sh
[4.575s] -- Up-to-date: /home/nvidia/master_ws/install/listener/share/listener/local_setup.zsh
[4.576s] -- Up-to-date: /home/nvidia/master_ws/install/listener/share/listener/local_setup.dsv
[4.576s] -- Installing: /home/nvidia/master_ws/install/listener/share/listener/package.dsv
[4.576s] -- Up-to-date: /home/nvidia/master_ws/install/listener/share/ament_index/resource_index/packages/listener
[4.577s] -- Up-to-date: /home/nvidia/master_ws/install/listener/share/listener/cmake/listenerConfig.cmake
[4.577s] -- Up-to-date: /home/nvidia/master_ws/install/listener/share/listener/cmake/listenerConfig-version.cmake
[4.577s] -- Up-to-date: /home/nvidia/master_ws/install/listener/share/listener/package.xml
[4.578s] Invoked command in '/home/nvidia/master_ws/build/listener' returned '0': CMAKE_PREFIX_PATH=${CMAKE_PREFIX_PATH}:/home/nvidia/master_ws/install/xbox:/home/nvidia/master_ws/install/lidar_control:/home/nvidia/master_ws/install/launch_car:/home/nvidia/master_ws/install/broadcaster:/opt/ros/foxy /usr/bin/cmake --install /home/nvidia/master_ws/build/listener
