[5.782s] Invoking command in '/home/nvidia/master_ws/src/broadcaster': PYTHONPATH=/home/nvidia/master_ws/build/broadcaster/prefix_override:/home/nvidia/master_ws/install/broadcaster/lib/python3.8/site-packages:${PYTHONPATH} /usr/bin/python3 -W ignore:setup.py install is deprecated setup.py egg_info --egg-base ../../build/broadcaster build --build-base /home/nvidia/master_ws/build/broadcaster/build install --record /home/nvidia/master_ws/build/broadcaster/install.log --install-scripts $base/lib/broadcaster --single-version-externally-managed install_data
[7.253s] running egg_info
[7.255s] writing ../../build/broadcaster/broadcaster.egg-info/PKG-INFO
[7.257s] writing dependency_links to ../../build/broadcaster/broadcaster.egg-info/dependency_links.txt
[7.258s] writing entry points to ../../build/broadcaster/broadcaster.egg-info/entry_points.txt
[7.259s] writing requirements to ../../build/broadcaster/broadcaster.egg-info/requires.txt
[7.259s] writing top-level names to ../../build/broadcaster/broadcaster.egg-info/top_level.txt
[7.431s] reading manifest file '../../build/broadcaster/broadcaster.egg-info/SOURCES.txt'
[7.435s] writing manifest file '../../build/broadcaster/broadcaster.egg-info/SOURCES.txt'
[7.436s] running build
[7.436s] running build_py
[7.438s] running install
[7.442s] running install_lib
[7.452s] running install_data
[7.453s] running install_egg_info
[7.461s] removing '/home/nvidia/master_ws/install/broadcaster/lib/python3.8/site-packages/broadcaster-0.0.0-py3.8.egg-info' (and everything under it)
[7.463s] Copying ../../build/broadcaster/broadcaster.egg-info to /home/nvidia/master_ws/install/broadcaster/lib/python3.8/site-packages/broadcaster-0.0.0-py3.8.egg-info
[7.470s] running install_scripts
[7.565s] Installing lidar script to /home/nvidia/master_ws/install/broadcaster/lib/broadcaster
[7.566s] writing list of installed files to '/home/nvidia/master_ws/build/broadcaster/install.log'
[7.682s] Invoked command in '/home/nvidia/master_ws/src/broadcaster' returned '0': PYTHONPATH=/home/nvidia/master_ws/build/broadcaster/prefix_override:/home/nvidia/master_ws/install/broadcaster/lib/python3.8/site-packages:${PYTHONPATH} /usr/bin/python3 -W ignore:setup.py install is deprecated setup.py egg_info --egg-base ../../build/broadcaster build --build-base /home/nvidia/master_ws/build/broadcaster/build install --record /home/nvidia/master_ws/build/broadcaster/install.log --install-scripts $base/lib/broadcaster --single-version-externally-managed install_data
