[5.338s] Invoking command in '/home/nvidia/master_ws/src/xbox': PYTHONPATH=/home/nvidia/master_ws/build/xbox/prefix_override:/home/nvidia/master_ws/install/xbox/lib/python3.8/site-packages:${PYTHONPATH} /usr/bin/python3 -W ignore:setup.py install is deprecated setup.py egg_info --egg-base ../../build/xbox build --build-base /home/nvidia/master_ws/build/xbox/build install --record /home/nvidia/master_ws/build/xbox/install.log --install-scripts $base/lib/xbox --single-version-externally-managed install_data
[6.686s] running egg_info
[6.689s] writing ../../build/xbox/xbox.egg-info/PKG-INFO
[6.691s] writing dependency_links to ../../build/xbox/xbox.egg-info/dependency_links.txt
[6.691s] writing entry points to ../../build/xbox/xbox.egg-info/entry_points.txt
[6.693s] writing requirements to ../../build/xbox/xbox.egg-info/requires.txt
[6.693s] writing top-level names to ../../build/xbox/xbox.egg-info/top_level.txt
[6.883s] reading manifest file '../../build/xbox/xbox.egg-info/SOURCES.txt'
[6.888s] writing manifest file '../../build/xbox/xbox.egg-info/SOURCES.txt'
[6.889s] running build
[6.889s] running build_py
[6.891s] running install
[6.895s] running install_lib
[6.905s] running install_data
[6.906s] running install_egg_info
[6.914s] removing '/home/nvidia/master_ws/install/xbox/lib/python3.8/site-packages/xbox-0.0.0-py3.8.egg-info' (and everything under it)
[6.916s] Copying ../../build/xbox/xbox.egg-info to /home/nvidia/master_ws/install/xbox/lib/python3.8/site-packages/xbox-0.0.0-py3.8.egg-info
[6.923s] running install_scripts
[7.014s] Installing control script to /home/nvidia/master_ws/install/xbox/lib/xbox
[7.017s] writing list of installed files to '/home/nvidia/master_ws/build/xbox/install.log'
[7.126s] Invoked command in '/home/nvidia/master_ws/src/xbox' returned '0': PYTHONPATH=/home/nvidia/master_ws/build/xbox/prefix_override:/home/nvidia/master_ws/install/xbox/lib/python3.8/site-packages:${PYTHONPATH} /usr/bin/python3 -W ignore:setup.py install is deprecated setup.py egg_info --egg-base ../../build/xbox build --build-base /home/nvidia/master_ws/build/xbox/build install --record /home/nvidia/master_ws/build/xbox/install.log --install-scripts $base/lib/xbox --single-version-externally-managed install_data
