[0.117s] Invoking command in '/home/nvidia/master_ws/build/listener': CMAKE_PREFIX_PATH=${CMAKE_PREFIX_PATH}:/home/nvidia/master_ws/install/xbox:/home/nvidia/master_ws/install/lidar_control:/home/nvidia/master_ws/install/launch_car:/home/nvidia/master_ws/install/controller:/home/nvidia/master_ws/install/broadcaster:/home/nvidia/velodyne_drivers/install/broadcast_and_listener:/home/nvidia/velodyne_drivers/install/examples_tf2_py:/home/nvidia/velodyne_drivers/install/broadcaster:/home/nvidia/velodyne_drivers/install/test_converter:/home/nvidia/velodyne_drivers/install/py_launch_example:/home/nvidia/velodyne_drivers/install/example:/opt/ros/foxy /usr/bin/cmake --build /home/nvidia/master_ws/build/listener -- -j4 -l4
[0.798s] [100%] Built target listener
[0.907s] Invoked command in '/home/nvidia/master_ws/build/listener' returned '0': CMAKE_PREFIX_PATH=${CMAKE_PREFIX_PATH}:/home/nvidia/master_ws/install/xbox:/home/nvidia/master_ws/install/lidar_control:/home/nvidia/master_ws/install/launch_car:/home/nvidia/master_ws/install/controller:/home/nvidia/master_ws/install/broadcaster:/home/nvidia/velodyne_drivers/install/broadcast_and_listener:/home/nvidia/velodyne_drivers/install/examples_tf2_py:/home/nvidia/velodyne_drivers/install/broadcaster:/home/nvidia/velodyne_drivers/install/test_converter:/home/nvidia/velodyne_drivers/install/py_launch_example:/home/nvidia/velodyne_drivers/install/example:/opt/ros/foxy /usr/bin/cmake --build /home/nvidia/master_ws/build/listener -- -j4 -l4
[1.101s] Invoking command in '/home/nvidia/master_ws/build/listener': CMAKE_PREFIX_PATH=${CMAKE_PREFIX_PATH}:/home/nvidia/master_ws/install/xbox:/home/nvidia/master_ws/install/lidar_control:/home/nvidia/master_ws/install/launch_car:/home/nvidia/master_ws/install/controller:/home/nvidia/master_ws/install/broadcaster:/home/nvidia/velodyne_drivers/install/broadcast_and_listener:/home/nvidia/velodyne_drivers/install/examples_tf2_py:/home/nvidia/velodyne_drivers/install/broadcaster:/home/nvidia/velodyne_drivers/install/test_converter:/home/nvidia/velodyne_drivers/install/py_launch_example:/home/nvidia/velodyne_drivers/install/example:/opt/ros/foxy /usr/bin/cmake --install /home/nvidia/master_ws/build/listener
[1.164s] -- Install configuration: "Release"
[1.167s] -- Execute custom install script
[1.171s] -- Up-to-date symlink: /home/nvidia/master_ws/install/listener/lib/listener/listener
[1.172s] -- Up-to-date symlink: /home/nvidia/master_ws/install/listener/share/ament_index/resource_index/package_run_dependencies/listener
[1.173s] -- Up-to-date symlink: /home/nvidia/master_ws/install/listener/share/ament_index/resource_index/parent_prefix_path/listener
[1.176s] -- Up-to-date symlink: /home/nvidia/master_ws/install/listener/share/listener/environment/ament_prefix_path.sh
[1.176s] -- Up-to-date symlink: /home/nvidia/master_ws/install/listener/share/listener/environment/ament_prefix_path.dsv
[1.178s] -- Up-to-date symlink: /home/nvidia/master_ws/install/listener/share/listener/environment/path.sh
[1.179s] -- Up-to-date symlink: /home/nvidia/master_ws/install/listener/share/listener/environment/path.dsv
[1.181s] -- Up-to-date symlink: /home/nvidia/master_ws/install/listener/share/listener/local_setup.bash
[1.184s] -- Up-to-date symlink: /home/nvidia/master_ws/install/listener/share/listener/local_setup.sh
[1.184s] -- Up-to-date symlink: /home/nvidia/master_ws/install/listener/share/listener/local_setup.zsh
[1.185s] -- Up-to-date symlink: /home/nvidia/master_ws/install/listener/share/listener/local_setup.dsv
[1.187s] -- Symlinking: /home/nvidia/master_ws/install/listener/share/listener/package.dsv
[1.251s] -- Up-to-date symlink: /home/nvidia/master_ws/install/listener/share/ament_index/resource_index/packages/listener
[1.252s] -- Up-to-date symlink: /home/nvidia/master_ws/install/listener/share/listener/cmake/listenerConfig.cmake
[1.253s] -- Up-to-date symlink: /home/nvidia/master_ws/install/listener/share/listener/cmake/listenerConfig-version.cmake
[1.254s] -- Up-to-date symlink: /home/nvidia/master_ws/install/listener/share/listener/package.xml
[2.443s] Invoked command in '/home/nvidia/master_ws/build/listener' returned '0': CMAKE_PREFIX_PATH=${CMAKE_PREFIX_PATH}:/home/nvidia/master_ws/install/xbox:/home/nvidia/master_ws/install/lidar_control:/home/nvidia/master_ws/install/launch_car:/home/nvidia/master_ws/install/controller:/home/nvidia/master_ws/install/broadcaster:/home/nvidia/velodyne_drivers/install/broadcast_and_listener:/home/nvidia/velodyne_drivers/install/examples_tf2_py:/home/nvidia/velodyne_drivers/install/broadcaster:/home/nvidia/velodyne_drivers/install/test_converter:/home/nvidia/velodyne_drivers/install/py_launch_example:/home/nvidia/velodyne_drivers/install/example:/opt/ros/foxy /usr/bin/cmake --install /home/nvidia/master_ws/build/listener
