[3.688s] Invoking command in '/home/nvidia/master_ws/src/xbox': PYTHONPATH=/home/nvidia/master_ws/build/xbox/prefix_override:/home/nvidia/master_ws/install/xbox/lib/python3.8/site-packages:${PYTHONPATH} /usr/bin/python3 -W ignore:setup.py install is deprecated setup.py egg_info --egg-base ../../build/xbox build --build-base /home/nvidia/master_ws/build/xbox/build install --record /home/nvidia/master_ws/build/xbox/install.log --install-scripts $base/lib/xbox --single-version-externally-managed install_data
[5.029s] running egg_info
[5.031s] writing ../../build/xbox/xbox.egg-info/PKG-INFO
[5.032s] writing dependency_links to ../../build/xbox/xbox.egg-info/dependency_links.txt
[5.034s] writing entry points to ../../build/xbox/xbox.egg-info/entry_points.txt
[5.034s] writing requirements to ../../build/xbox/xbox.egg-info/requires.txt
[5.035s] writing top-level names to ../../build/xbox/xbox.egg-info/top_level.txt
[5.214s] reading manifest file '../../build/xbox/xbox.egg-info/SOURCES.txt'
[5.218s] writing manifest file '../../build/xbox/xbox.egg-info/SOURCES.txt'
[5.219s] running build
[5.219s] running build_py
[5.220s] copying xbox/new_control.py -> /home/nvidia/master_ws/build/xbox/build/lib/xbox
[5.222s] running install
[5.226s] running install_lib
[5.231s] copying /home/nvidia/master_ws/build/xbox/build/lib/xbox/new_control.py -> /home/nvidia/master_ws/install/xbox/lib/python3.8/site-packages/xbox
[5.235s] byte-compiling /home/nvidia/master_ws/install/xbox/lib/python3.8/site-packages/xbox/new_control.py to new_control.cpython-38.pyc
[5.249s] running install_data
[5.250s] running install_egg_info
[5.257s] removing '/home/nvidia/master_ws/install/xbox/lib/python3.8/site-packages/xbox-0.0.0-py3.8.egg-info' (and everything under it)
[5.259s] Copying ../../build/xbox/xbox.egg-info to /home/nvidia/master_ws/install/xbox/lib/python3.8/site-packages/xbox-0.0.0-py3.8.egg-info
[5.265s] running install_scripts
[5.349s] Installing control script to /home/nvidia/master_ws/install/xbox/lib/xbox
[5.350s] Installing new_control script to /home/nvidia/master_ws/install/xbox/lib/xbox
[5.351s] writing list of installed files to '/home/nvidia/master_ws/build/xbox/install.log'
[5.453s] Invoked command in '/home/nvidia/master_ws/src/xbox' returned '0': PYTHONPATH=/home/nvidia/master_ws/build/xbox/prefix_override:/home/nvidia/master_ws/install/xbox/lib/python3.8/site-packages:${PYTHONPATH} /usr/bin/python3 -W ignore:setup.py install is deprecated setup.py egg_info --egg-base ../../build/xbox build --build-base /home/nvidia/master_ws/build/xbox/build install --record /home/nvidia/master_ws/build/xbox/install.log --install-scripts $base/lib/xbox --single-version-externally-managed install_data
