[6.111s] Invoking command in '/home/nvidia/master_ws/src/xbox': PYTHONPATH=/home/nvidia/master_ws/build/xbox/prefix_override:/home/nvidia/master_ws/install/xbox/lib/python3.8/site-packages:${PYTHONPATH} /usr/bin/python3 -W ignore:setup.py install is deprecated setup.py egg_info --egg-base ../../build/xbox build --build-base /home/nvidia/master_ws/build/xbox/build install --record /home/nvidia/master_ws/build/xbox/install.log --install-scripts $base/lib/xbox --single-version-externally-managed install_data
[7.445s] running egg_info
[7.447s] writing ../../build/xbox/xbox.egg-info/PKG-INFO
[7.450s] writing dependency_links to ../../build/xbox/xbox.egg-info/dependency_links.txt
[7.451s] writing entry points to ../../build/xbox/xbox.egg-info/entry_points.txt
[7.452s] writing requirements to ../../build/xbox/xbox.egg-info/requires.txt
[7.452s] writing top-level names to ../../build/xbox/xbox.egg-info/top_level.txt
[7.630s] reading manifest file '../../build/xbox/xbox.egg-info/SOURCES.txt'
[7.634s] writing manifest file '../../build/xbox/xbox.egg-info/SOURCES.txt'
[7.635s] running build
[7.635s] running build_py
[7.637s] running install
[7.641s] running install_lib
[7.650s] running install_data
[7.652s] running install_egg_info
[7.658s] removing '/home/nvidia/master_ws/install/xbox/lib/python3.8/site-packages/xbox-0.0.0-py3.8.egg-info' (and everything under it)
[7.660s] Copying ../../build/xbox/xbox.egg-info to /home/nvidia/master_ws/install/xbox/lib/python3.8/site-packages/xbox-0.0.0-py3.8.egg-info
[7.666s] running install_scripts
[7.749s] Installing control script to /home/nvidia/master_ws/install/xbox/lib/xbox
[7.751s] writing list of installed files to '/home/nvidia/master_ws/build/xbox/install.log'
[7.858s] Invoked command in '/home/nvidia/master_ws/src/xbox' returned '0': PYTHONPATH=/home/nvidia/master_ws/build/xbox/prefix_override:/home/nvidia/master_ws/install/xbox/lib/python3.8/site-packages:${PYTHONPATH} /usr/bin/python3 -W ignore:setup.py install is deprecated setup.py egg_info --egg-base ../../build/xbox build --build-base /home/nvidia/master_ws/build/xbox/build install --record /home/nvidia/master_ws/build/xbox/install.log --install-scripts $base/lib/xbox --single-version-externally-managed install_data
