[5.431s] Invoking command in '/home/nvidia/master_ws/src/launch_ws/src/launch_car': PYTHONPATH=/home/nvidia/master_ws/build/launch_car/prefix_override:/home/nvidia/master_ws/install/launch_car/lib/python3.8/site-packages:${PYTHONPATH} /usr/bin/python3 -W ignore:setup.py install is deprecated setup.py egg_info --egg-base ../../../../build/launch_car build --build-base /home/nvidia/master_ws/build/launch_car/build install --record /home/nvidia/master_ws/build/launch_car/install.log --install-scripts $base/lib/launch_car --single-version-externally-managed install_data
[6.890s] running egg_info
[6.893s] writing ../../../../build/launch_car/launch_car.egg-info/PKG-INFO
[6.895s] writing dependency_links to ../../../../build/launch_car/launch_car.egg-info/dependency_links.txt
[6.896s] writing entry points to ../../../../build/launch_car/launch_car.egg-info/entry_points.txt
[6.897s] writing requirements to ../../../../build/launch_car/launch_car.egg-info/requires.txt
[6.897s] writing top-level names to ../../../../build/launch_car/launch_car.egg-info/top_level.txt
[7.044s] reading manifest file '../../../../build/launch_car/launch_car.egg-info/SOURCES.txt'
[7.048s] writing manifest file '../../../../build/launch_car/launch_car.egg-info/SOURCES.txt'
[7.050s] running build
[7.050s] running build_py
[7.051s] running install
[7.053s] running install_lib
[7.060s] running install_data
[7.061s] running install_egg_info
[7.068s] removing '/home/nvidia/master_ws/install/launch_car/lib/python3.8/site-packages/launch_car-0.0.0-py3.8.egg-info' (and everything under it)
[7.069s] Copying ../../../../build/launch_car/launch_car.egg-info to /home/nvidia/master_ws/install/launch_car/lib/python3.8/site-packages/launch_car-0.0.0-py3.8.egg-info
[7.082s] running install_scripts
[7.153s] writing list of installed files to '/home/nvidia/master_ws/build/launch_car/install.log'
[7.769s] Invoked command in '/home/nvidia/master_ws/src/launch_ws/src/launch_car' returned '0': PYTHONPATH=/home/nvidia/master_ws/build/launch_car/prefix_override:/home/nvidia/master_ws/install/launch_car/lib/python3.8/site-packages:${PYTHONPATH} /usr/bin/python3 -W ignore:setup.py install is deprecated setup.py egg_info --egg-base ../../../../build/launch_car build --build-base /home/nvidia/master_ws/build/launch_car/build install --record /home/nvidia/master_ws/build/launch_car/install.log --install-scripts $base/lib/launch_car --single-version-externally-managed install_data
