[4.882s] Invoking command in '/home/nvidia/master_ws/build/broadcaster': PYTHONPATH=/home/nvidia/master_ws/build/broadcaster/prefix_override:/home/nvidia/master_ws/install/broadcaster/lib/python3.8/site-packages:${PYTHONPATH} /usr/bin/python3 -W ignore:setup.py install is deprecated setup.py develop --uninstall --editable --build-directory /home/nvidia/master_ws/build/broadcaster/build
[6.278s] running develop
[6.985s] Removing /home/nvidia/master_ws/install/broadcaster/lib/python3.8/site-packages/broadcaster.egg-link (link to .)
[7.431s] Invoked command in '/home/nvidia/master_ws/build/broadcaster' returned '0': PYTHONPATH=/home/nvidia/master_ws/build/broadcaster/prefix_override:/home/nvidia/master_ws/install/broadcaster/lib/python3.8/site-packages:${PYTHONPATH} /usr/bin/python3 -W ignore:setup.py install is deprecated setup.py develop --uninstall --editable --build-directory /home/nvidia/master_ws/build/broadcaster/build
[7.438s] Invoking command in '/home/nvidia/master_ws/src/broadcaster': PYTHONPATH=/home/nvidia/master_ws/build/broadcaster/prefix_override:/home/nvidia/master_ws/install/broadcaster/lib/python3.8/site-packages:${PYTHONPATH} /usr/bin/python3 -W ignore:setup.py install is deprecated setup.py egg_info --egg-base ../../build/broadcaster build --build-base /home/nvidia/master_ws/build/broadcaster/build install --record /home/nvidia/master_ws/build/broadcaster/install.log --install-scripts $base/lib/broadcaster --single-version-externally-managed install_data --force
[8.987s] running egg_info
[8.989s] writing ../../build/broadcaster/broadcaster.egg-info/PKG-INFO
[8.990s] writing dependency_links to ../../build/broadcaster/broadcaster.egg-info/dependency_links.txt
[8.991s] writing entry points to ../../build/broadcaster/broadcaster.egg-info/entry_points.txt
[8.992s] writing requirements to ../../build/broadcaster/broadcaster.egg-info/requires.txt
[9.005s] writing top-level names to ../../build/broadcaster/broadcaster.egg-info/top_level.txt
[9.191s] reading manifest file '../../build/broadcaster/broadcaster.egg-info/SOURCES.txt'
[9.196s] writing manifest file '../../build/broadcaster/broadcaster.egg-info/SOURCES.txt'
[9.196s] running build
[9.197s] running build_py
[9.199s] running install
[9.204s] running install_lib
[9.209s] creating /home/nvidia/master_ws/install/broadcaster/lib/python3.8/site-packages/broadcaster
[9.210s] copying /home/nvidia/master_ws/build/broadcaster/build/lib/broadcaster/lidar.py -> /home/nvidia/master_ws/install/broadcaster/lib/python3.8/site-packages/broadcaster
[9.212s] copying /home/nvidia/master_ws/build/broadcaster/build/lib/broadcaster/__init__.py -> /home/nvidia/master_ws/install/broadcaster/lib/python3.8/site-packages/broadcaster
[9.226s] byte-compiling /home/nvidia/master_ws/install/broadcaster/lib/python3.8/site-packages/broadcaster/lidar.py to lidar.cpython-38.pyc
[9.233s] byte-compiling /home/nvidia/master_ws/install/broadcaster/lib/python3.8/site-packages/broadcaster/__init__.py to __init__.cpython-38.pyc
[9.233s] running install_data
[9.233s] copying resource/broadcaster -> /home/nvidia/master_ws/install/broadcaster/share/ament_index/resource_index/packages
[9.234s] copying package.xml -> /home/nvidia/master_ws/install/broadcaster/share/broadcaster
[9.234s] running install_egg_info
[9.242s] Copying ../../build/broadcaster/broadcaster.egg-info to /home/nvidia/master_ws/install/broadcaster/lib/python3.8/site-packages/broadcaster-0.0.0-py3.8.egg-info
[9.242s] running install_scripts
[9.317s] Installing lidar script to /home/nvidia/master_ws/install/broadcaster/lib/broadcaster
[9.318s] writing list of installed files to '/home/nvidia/master_ws/build/broadcaster/install.log'
[9.522s] Invoked command in '/home/nvidia/master_ws/src/broadcaster' returned '0': PYTHONPATH=/home/nvidia/master_ws/build/broadcaster/prefix_override:/home/nvidia/master_ws/install/broadcaster/lib/python3.8/site-packages:${PYTHONPATH} /usr/bin/python3 -W ignore:setup.py install is deprecated setup.py egg_info --egg-base ../../build/broadcaster build --build-base /home/nvidia/master_ws/build/broadcaster/build install --record /home/nvidia/master_ws/build/broadcaster/install.log --install-scripts $base/lib/broadcaster --single-version-externally-managed install_data --force
