[4.061s] Invoking command in '/home/nvidia/master_ws/src/xbox': PYTHONPATH=/home/nvidia/master_ws/build/xbox/prefix_override:/home/nvidia/master_ws/install/xbox/lib/python3.8/site-packages:${PYTHONPATH} /usr/bin/python3 -W ignore:setup.py install is deprecated setup.py egg_info --egg-base ../../build/xbox build --build-base /home/nvidia/master_ws/build/xbox/build install --record /home/nvidia/master_ws/build/xbox/install.log --install-scripts $base/lib/xbox --single-version-externally-managed install_data
[5.399s] running egg_info
[5.402s] writing ../../build/xbox/xbox.egg-info/PKG-INFO
[5.404s] writing dependency_links to ../../build/xbox/xbox.egg-info/dependency_links.txt
[5.405s] writing entry points to ../../build/xbox/xbox.egg-info/entry_points.txt
[5.406s] writing requirements to ../../build/xbox/xbox.egg-info/requires.txt
[5.407s] writing top-level names to ../../build/xbox/xbox.egg-info/top_level.txt
[5.595s] reading manifest file '../../build/xbox/xbox.egg-info/SOURCES.txt'
[5.600s] writing manifest file '../../build/xbox/xbox.egg-info/SOURCES.txt'
[5.602s] running build
[5.602s] running build_py
[5.604s] copying xbox/control.py -> /home/nvidia/master_ws/build/xbox/build/lib/xbox
[5.605s] running install
[5.609s] running install_lib
[5.615s] copying /home/nvidia/master_ws/build/xbox/build/lib/xbox/control.py -> /home/nvidia/master_ws/install/xbox/lib/python3.8/site-packages/xbox
[5.618s] byte-compiling /home/nvidia/master_ws/install/xbox/lib/python3.8/site-packages/xbox/control.py to control.cpython-38.pyc
[5.629s] running install_data
[5.629s] running install_egg_info
[5.637s] removing '/home/nvidia/master_ws/install/xbox/lib/python3.8/site-packages/xbox-0.0.0-py3.8.egg-info' (and everything under it)
[5.639s] Copying ../../build/xbox/xbox.egg-info to /home/nvidia/master_ws/install/xbox/lib/python3.8/site-packages/xbox-0.0.0-py3.8.egg-info
[5.646s] running install_scripts
[5.733s] Installing control script to /home/nvidia/master_ws/install/xbox/lib/xbox
[5.734s] writing list of installed files to '/home/nvidia/master_ws/build/xbox/install.log'
[5.841s] Invoked command in '/home/nvidia/master_ws/src/xbox' returned '0': PYTHONPATH=/home/nvidia/master_ws/build/xbox/prefix_override:/home/nvidia/master_ws/install/xbox/lib/python3.8/site-packages:${PYTHONPATH} /usr/bin/python3 -W ignore:setup.py install is deprecated setup.py egg_info --egg-base ../../build/xbox build --build-base /home/nvidia/master_ws/build/xbox/build install --record /home/nvidia/master_ws/build/xbox/install.log --install-scripts $base/lib/xbox --single-version-externally-managed install_data
