[0.148s] Invoking command in '/home/nvidia/master_ws/build/velodyne_driver': CMAKE_PREFIX_PATH=/home/nvidia/master_ws/install/velodyne_msgs:/home/nvidia/master_ws/install/velodyne:/home/nvidia/master_ws/install/velodyne_pointcloud:/home/nvidia/master_ws/install/velodyne_driver:/home/nvidia/master_ws/install/velodyne_laserscan:/home/nvidia/master_ws/install/realsense_control:/home/nvidia/master_ws/install/listener:/home/nvidia/master_ws/install/xbox:/home/nvidia/master_ws/install/lidar_control:/home/nvidia/master_ws/install/launch_car:/home/nvidia/master_ws/install/broadcaster:/opt/ros/foxy LD_LIBRARY_PATH=/home/nvidia/master_ws/install/velodyne_msgs/lib:/home/nvidia/master_ws/install/velodyne_pointcloud/lib:/home/nvidia/master_ws/install/velodyne_driver/lib:/home/nvidia/master_ws/install/velodyne_laserscan/lib:/opt/ros/foxy/opt/yaml_cpp_vendor/lib:/opt/ros/foxy/opt/rviz_ogre_vendor/lib:/opt/ros/foxy/lib/aarch64-linux-gnu:/opt/ros/foxy/lib:/usr/local/cuda-11.4/lib64 PYTHONPATH=/home/nvidia/master_ws/install/velodyne_msgs/lib/python3.8/site-packages:/home/nvidia/master_ws/install/xbox/lib/python3.8/site-packages:/home/nvidia/master_ws/install/lidar_control/lib/python3.8/site-packages:/home/nvidia/master_ws/install/launch_car/lib/python3.8/site-packages:/home/nvidia/master_ws/install/broadcaster/lib/python3.8/site-packages:/opt/ros/foxy/lib/python3.8/site-packages /usr/bin/cmake /home/nvidia/master_ws/src/velodyne/velodyne_driver -DCMAKE_INSTALL_PREFIX=/home/nvidia/master_ws/install/velodyne_driver
[0.613s] -- The C compiler identification is GNU 9.4.0
[0.998s] -- The CXX compiler identification is GNU 9.4.0
[1.032s] -- Check for working C compiler: /usr/bin/cc
[1.555s] -- Check for working C compiler: /usr/bin/cc -- works
[1.557s] -- Detecting C compiler ABI info
[2.135s] -- Detecting C compiler ABI info - done
[2.247s] -- Detecting C compile features
[2.248s] -- Detecting C compile features - done
[2.267s] -- Check for working CXX compiler: /usr/bin/c++
[2.820s] -- Check for working CXX compiler: /usr/bin/c++ -- works
[2.828s] -- Detecting CXX compiler ABI info
[3.357s] -- Detecting CXX compiler ABI info - done
[3.431s] -- Detecting CXX compile features
[3.435s] -- Detecting CXX compile features - done
[3.452s] -- Found ament_cmake_ros: 0.9.2 (/opt/ros/foxy/share/ament_cmake_ros/cmake)
[3.679s] -- Found PythonInterp: /usr/bin/python3 (found suitable version "3.8.10", minimum required is "3") 
[3.680s] -- Using PYTHON_EXECUTABLE: /usr/bin/python3
[5.113s] -- Found diagnostic_msgs: 2.0.5 (/opt/ros/foxy/share/diagnostic_msgs/cmake)
[5.346s] -- Using all available rosidl_typesupport_c: rosidl_typesupport_fastrtps_c;rosidl_typesupport_introspection_c
[5.401s] -- Found rosidl_adapter: 1.3.1 (/opt/ros/foxy/share/rosidl_adapter/cmake)
[6.051s] -- Found OpenSSL: /usr/lib/aarch64-linux-gnu/libcrypto.so (found version "1.1.1f")  
[6.229s] -- Found FastRTPS: /opt/ros/foxy/include  
[6.762s] -- Using all available rosidl_typesupport_cpp: rosidl_typesupport_fastrtps_cpp;rosidl_typesupport_introspection_cpp
[7.314s] -- Found diagnostic_updater: 3.1.2 (/opt/ros/foxy/share/diagnostic_updater/cmake)
[7.719s] -- Found rmw_implementation_cmake: 1.0.4 (/opt/ros/foxy/share/rmw_implementation_cmake/cmake)
[7.732s] -- Using RMW implementation 'rmw_fastrtps_cpp' as default
[7.740s] -- Looking for pthread.h
[8.250s] -- Looking for pthread.h - found
[8.252s] -- Performing Test CMAKE_HAVE_LIBC_PTHREAD
[8.773s] -- Performing Test CMAKE_HAVE_LIBC_PTHREAD - Failed
[8.780s] -- Looking for pthread_create in pthreads
[9.221s] -- Looking for pthread_create in pthreads - not found
[9.223s] -- Looking for pthread_create in pthread
[9.718s] -- Looking for pthread_create in pthread - found
[9.729s] -- Found Threads: TRUE  
[10.656s] -- Found rclcpp_components: 2.4.3 (/opt/ros/foxy/share/rclcpp_components/cmake)
[11.014s] -- Found tf2_ros: 0.13.14 (/opt/ros/foxy/share/tf2_ros/cmake)
[12.701s] -- Found velodyne_msgs: 2.4.0 (/home/nvidia/master_ws/install/velodyne_msgs/share/velodyne_msgs/cmake)
[12.936s] -- Found ament_lint_auto: 0.9.8 (/opt/ros/foxy/share/ament_lint_auto/cmake)
[13.458s] -- Found gtest sources under '/opt/ros/foxy/src/gtest_vendor': C++ tests using 'Google Test' will be built
[13.480s] -- Check if compiler accepts -pthread
[13.996s] -- Check if compiler accepts -pthread - yes
[14.027s] -- Added test 'copyright' to check source files copyright and LICENSE
[14.048s] -- Added test 'cppcheck' to perform static code analysis on C / C++ code
[14.051s] -- Configured cppcheck include dirs: /home/nvidia/master_ws/src/velodyne/velodyne_driver/include
[14.053s] -- Configured cppcheck exclude dirs and/or files: 
[14.068s] -- Added test 'cpplint' to check C / C++ code against the Google style
[14.069s] -- Configured cpplint exclude dirs and/or files: 
[14.075s] -- Added test 'flake8' to check Python code syntax and style conventions
[14.083s] -- Added test 'lint_cmake' to check CMake code style
[14.090s] -- Added test 'pep257' to check Python code against some of the style conventions in PEP 257
[14.107s] -- Added test 'uncrustify' to check C / C++ code style
[14.108s] -- Configured uncrustify additional arguments: 
[14.113s] -- Added test 'xmllint' to check XML markup files
[14.153s] -- Configuring done
[14.374s] -- Generating done
[14.391s] -- Build files have been written to: /home/nvidia/master_ws/build/velodyne_driver
[14.460s] Invoked command in '/home/nvidia/master_ws/build/velodyne_driver' returned '0': CMAKE_PREFIX_PATH=/home/nvidia/master_ws/install/velodyne_msgs:/home/nvidia/master_ws/install/velodyne:/home/nvidia/master_ws/install/velodyne_pointcloud:/home/nvidia/master_ws/install/velodyne_driver:/home/nvidia/master_ws/install/velodyne_laserscan:/home/nvidia/master_ws/install/realsense_control:/home/nvidia/master_ws/install/listener:/home/nvidia/master_ws/install/xbox:/home/nvidia/master_ws/install/lidar_control:/home/nvidia/master_ws/install/launch_car:/home/nvidia/master_ws/install/broadcaster:/opt/ros/foxy LD_LIBRARY_PATH=/home/nvidia/master_ws/install/velodyne_msgs/lib:/home/nvidia/master_ws/install/velodyne_pointcloud/lib:/home/nvidia/master_ws/install/velodyne_driver/lib:/home/nvidia/master_ws/install/velodyne_laserscan/lib:/opt/ros/foxy/opt/yaml_cpp_vendor/lib:/opt/ros/foxy/opt/rviz_ogre_vendor/lib:/opt/ros/foxy/lib/aarch64-linux-gnu:/opt/ros/foxy/lib:/usr/local/cuda-11.4/lib64 PYTHONPATH=/home/nvidia/master_ws/install/velodyne_msgs/lib/python3.8/site-packages:/home/nvidia/master_ws/install/xbox/lib/python3.8/site-packages:/home/nvidia/master_ws/install/lidar_control/lib/python3.8/site-packages:/home/nvidia/master_ws/install/launch_car/lib/python3.8/site-packages:/home/nvidia/master_ws/install/broadcaster/lib/python3.8/site-packages:/opt/ros/foxy/lib/python3.8/site-packages /usr/bin/cmake /home/nvidia/master_ws/src/velodyne/velodyne_driver -DCMAKE_INSTALL_PREFIX=/home/nvidia/master_ws/install/velodyne_driver
[14.468s] Invoking command in '/home/nvidia/master_ws/build/velodyne_driver': CMAKE_PREFIX_PATH=/home/nvidia/master_ws/install/velodyne_msgs:/home/nvidia/master_ws/install/velodyne:/home/nvidia/master_ws/install/velodyne_pointcloud:/home/nvidia/master_ws/install/velodyne_driver:/home/nvidia/master_ws/install/velodyne_laserscan:/home/nvidia/master_ws/install/realsense_control:/home/nvidia/master_ws/install/listener:/home/nvidia/master_ws/install/xbox:/home/nvidia/master_ws/install/lidar_control:/home/nvidia/master_ws/install/launch_car:/home/nvidia/master_ws/install/broadcaster:/opt/ros/foxy LD_LIBRARY_PATH=/home/nvidia/master_ws/install/velodyne_msgs/lib:/home/nvidia/master_ws/install/velodyne_pointcloud/lib:/home/nvidia/master_ws/install/velodyne_driver/lib:/home/nvidia/master_ws/install/velodyne_laserscan/lib:/opt/ros/foxy/opt/yaml_cpp_vendor/lib:/opt/ros/foxy/opt/rviz_ogre_vendor/lib:/opt/ros/foxy/lib/aarch64-linux-gnu:/opt/ros/foxy/lib:/usr/local/cuda-11.4/lib64 PYTHONPATH=/home/nvidia/master_ws/install/velodyne_msgs/lib/python3.8/site-packages:/home/nvidia/master_ws/install/xbox/lib/python3.8/site-packages:/home/nvidia/master_ws/install/lidar_control/lib/python3.8/site-packages:/home/nvidia/master_ws/install/launch_car/lib/python3.8/site-packages:/home/nvidia/master_ws/install/broadcaster/lib/python3.8/site-packages:/opt/ros/foxy/lib/python3.8/site-packages /usr/bin/cmake --build /home/nvidia/master_ws/build/velodyne_driver -- -j6 -l6
[14.755s] [35m[1mScanning dependencies of target velodyne_input[0m
[14.756s] [35m[1mScanning dependencies of target gtest_main[0m
[14.761s] [35m[1mScanning dependencies of target gtest[0m
[14.914s] [  8%] [32mBuilding CXX object gtest/CMakeFiles/gtest_main.dir/src/gtest_main.cc.o[0m
[14.947s] [ 16%] [32mBuilding CXX object gtest/CMakeFiles/gtest.dir/src/gtest-all.cc.o[0m
[15.243s] [ 25%] [32mBuilding CXX object src/lib/CMakeFiles/velodyne_input.dir/input.cpp.o[0m
[20.901s] [ 33%] [32m[1mLinking CXX static library libgtest_main.a[0m
[21.330s] [ 33%] Built target gtest_main
[33.036s] [ 41%] [32m[1mLinking CXX shared library libvelodyne_input.so[0m
[34.014s] [ 41%] Built target velodyne_input
[34.153s] [35m[1mScanning dependencies of target velodyne_driver[0m
[35.026s] [ 50%] [32mBuilding CXX object CMakeFiles/velodyne_driver.dir/src/driver/driver.cpp.o[0m
[41.978s] [ 58%] [32m[1mLinking CXX static library libgtest.a[0m
[42.474s] [ 58%] Built target gtest
[42.548s] [35m[1mScanning dependencies of target time_test[0m
[42.960s] [ 66%] [32mBuilding CXX object CMakeFiles/time_test.dir/tests/timeconversiontest.cpp.o[0m
[54.447s] [ 75%] [32m[1mLinking CXX executable time_test[0m
[55.360s] [ 75%] Built target time_test
[61.718s] [ 83%] [32m[1mLinking CXX shared library libvelodyne_driver.so[0m
[62.951s] [ 83%] Built target velodyne_driver
[63.012s] [35m[1mScanning dependencies of target velodyne_driver_node[0m
[63.286s] [ 91%] [32mBuilding CXX object CMakeFiles/velodyne_driver_node.dir/src/driver/velodyne_node.cpp.o[0m
[74.827s] [100%] [32m[1mLinking CXX executable velodyne_driver_node[0m
[75.567s] [100%] Built target velodyne_driver_node
[75.631s] Invoked command in '/home/nvidia/master_ws/build/velodyne_driver' returned '0': CMAKE_PREFIX_PATH=/home/nvidia/master_ws/install/velodyne_msgs:/home/nvidia/master_ws/install/velodyne:/home/nvidia/master_ws/install/velodyne_pointcloud:/home/nvidia/master_ws/install/velodyne_driver:/home/nvidia/master_ws/install/velodyne_laserscan:/home/nvidia/master_ws/install/realsense_control:/home/nvidia/master_ws/install/listener:/home/nvidia/master_ws/install/xbox:/home/nvidia/master_ws/install/lidar_control:/home/nvidia/master_ws/install/launch_car:/home/nvidia/master_ws/install/broadcaster:/opt/ros/foxy LD_LIBRARY_PATH=/home/nvidia/master_ws/install/velodyne_msgs/lib:/home/nvidia/master_ws/install/velodyne_pointcloud/lib:/home/nvidia/master_ws/install/velodyne_driver/lib:/home/nvidia/master_ws/install/velodyne_laserscan/lib:/opt/ros/foxy/opt/yaml_cpp_vendor/lib:/opt/ros/foxy/opt/rviz_ogre_vendor/lib:/opt/ros/foxy/lib/aarch64-linux-gnu:/opt/ros/foxy/lib:/usr/local/cuda-11.4/lib64 PYTHONPATH=/home/nvidia/master_ws/install/velodyne_msgs/lib/python3.8/site-packages:/home/nvidia/master_ws/install/xbox/lib/python3.8/site-packages:/home/nvidia/master_ws/install/lidar_control/lib/python3.8/site-packages:/home/nvidia/master_ws/install/launch_car/lib/python3.8/site-packages:/home/nvidia/master_ws/install/broadcaster/lib/python3.8/site-packages:/opt/ros/foxy/lib/python3.8/site-packages /usr/bin/cmake --build /home/nvidia/master_ws/build/velodyne_driver -- -j6 -l6
[75.862s] Invoking command in '/home/nvidia/master_ws/build/velodyne_driver': CMAKE_PREFIX_PATH=/home/nvidia/master_ws/install/velodyne_msgs:/home/nvidia/master_ws/install/velodyne:/home/nvidia/master_ws/install/velodyne_pointcloud:/home/nvidia/master_ws/install/velodyne_driver:/home/nvidia/master_ws/install/velodyne_laserscan:/home/nvidia/master_ws/install/realsense_control:/home/nvidia/master_ws/install/listener:/home/nvidia/master_ws/install/xbox:/home/nvidia/master_ws/install/lidar_control:/home/nvidia/master_ws/install/launch_car:/home/nvidia/master_ws/install/broadcaster:/opt/ros/foxy LD_LIBRARY_PATH=/home/nvidia/master_ws/install/velodyne_msgs/lib:/home/nvidia/master_ws/install/velodyne_pointcloud/lib:/home/nvidia/master_ws/install/velodyne_driver/lib:/home/nvidia/master_ws/install/velodyne_laserscan/lib:/opt/ros/foxy/opt/yaml_cpp_vendor/lib:/opt/ros/foxy/opt/rviz_ogre_vendor/lib:/opt/ros/foxy/lib/aarch64-linux-gnu:/opt/ros/foxy/lib:/usr/local/cuda-11.4/lib64 PYTHONPATH=/home/nvidia/master_ws/install/velodyne_msgs/lib/python3.8/site-packages:/home/nvidia/master_ws/install/xbox/lib/python3.8/site-packages:/home/nvidia/master_ws/install/lidar_control/lib/python3.8/site-packages:/home/nvidia/master_ws/install/launch_car/lib/python3.8/site-packages:/home/nvidia/master_ws/install/broadcaster/lib/python3.8/site-packages:/opt/ros/foxy/lib/python3.8/site-packages /usr/bin/cmake --install /home/nvidia/master_ws/build/velodyne_driver
[75.908s] -- Install configuration: ""
[75.910s] -- Installing: /home/nvidia/master_ws/install/velodyne_driver/lib/libvelodyne_driver.so
[75.940s] -- Set runtime path of "/home/nvidia/master_ws/install/velodyne_driver/lib/libvelodyne_driver.so" to ""
[75.941s] -- Installing: /home/nvidia/master_ws/install/velodyne_driver/lib/velodyne_driver/velodyne_driver_node
[75.946s] -- Set runtime path of "/home/nvidia/master_ws/install/velodyne_driver/lib/velodyne_driver/velodyne_driver_node" to ""
[75.947s] -- Installing: /home/nvidia/master_ws/install/velodyne_driver/include/velodyne_driver
[75.948s] -- Installing: /home/nvidia/master_ws/install/velodyne_driver/include/velodyne_driver/driver.hpp
[75.948s] -- Installing: /home/nvidia/master_ws/install/velodyne_driver/include/velodyne_driver/time_conversion.hpp
[75.949s] -- Installing: /home/nvidia/master_ws/install/velodyne_driver/include/velodyne_driver/input.hpp
[75.950s] -- Installing: /home/nvidia/master_ws/install/velodyne_driver/share/velodyne_driver/config
[75.951s] -- Installing: /home/nvidia/master_ws/install/velodyne_driver/share/velodyne_driver/config/VLP32C-velodyne_driver_node-params.yaml
[75.952s] -- Installing: /home/nvidia/master_ws/install/velodyne_driver/share/velodyne_driver/config/VLS128-velodyne_driver_node-params.yaml
[75.953s] -- Installing: /home/nvidia/master_ws/install/velodyne_driver/share/velodyne_driver/config/VLP16-velodyne_driver_node-params.yaml
[75.954s] -- Installing: /home/nvidia/master_ws/install/velodyne_driver/share/velodyne_driver/launch
[75.955s] -- Installing: /home/nvidia/master_ws/install/velodyne_driver/share/velodyne_driver/launch/velodyne_driver_node-VLP32C-composed-launch.py
[75.955s] -- Installing: /home/nvidia/master_ws/install/velodyne_driver/share/velodyne_driver/launch/velodyne_driver_node-VLP32C-launch.py
[75.957s] -- Installing: /home/nvidia/master_ws/install/velodyne_driver/share/velodyne_driver/launch/velodyne_driver_node-VLP16-launch.py
[75.957s] -- Installing: /home/nvidia/master_ws/install/velodyne_driver/share/velodyne_driver/launch/velodyne_driver_node-VLS128-composed-launch.py
[75.958s] -- Installing: /home/nvidia/master_ws/install/velodyne_driver/share/velodyne_driver/launch/velodyne_driver_node-VLS128-launch.py
[75.959s] -- Installing: /home/nvidia/master_ws/install/velodyne_driver/share/velodyne_driver/launch/velodyne_driver_node-VLP16-composed-launch.py
[75.961s] -- Installing: /home/nvidia/master_ws/install/velodyne_driver/lib/velodyne_driver/vdump
[75.963s] -- Installing: /home/nvidia/master_ws/install/velodyne_driver/share/ament_index/resource_index/package_run_dependencies/velodyne_driver
[75.964s] -- Installing: /home/nvidia/master_ws/install/velodyne_driver/share/ament_index/resource_index/parent_prefix_path/velodyne_driver
[75.966s] -- Installing: /home/nvidia/master_ws/install/velodyne_driver/share/velodyne_driver/environment/ament_prefix_path.sh
[75.967s] -- Installing: /home/nvidia/master_ws/install/velodyne_driver/share/velodyne_driver/environment/ament_prefix_path.dsv
[75.968s] -- Installing: /home/nvidia/master_ws/install/velodyne_driver/share/velodyne_driver/environment/path.sh
[75.969s] -- Installing: /home/nvidia/master_ws/install/velodyne_driver/share/velodyne_driver/environment/path.dsv
[75.970s] -- Installing: /home/nvidia/master_ws/install/velodyne_driver/share/velodyne_driver/local_setup.bash
[75.971s] -- Installing: /home/nvidia/master_ws/install/velodyne_driver/share/velodyne_driver/local_setup.sh
[75.973s] -- Installing: /home/nvidia/master_ws/install/velodyne_driver/share/velodyne_driver/local_setup.zsh
[75.973s] -- Installing: /home/nvidia/master_ws/install/velodyne_driver/share/velodyne_driver/local_setup.dsv
[75.975s] -- Installing: /home/nvidia/master_ws/install/velodyne_driver/share/velodyne_driver/package.dsv
[75.976s] -- Installing: /home/nvidia/master_ws/install/velodyne_driver/share/ament_index/resource_index/packages/velodyne_driver
[75.977s] -- Installing: /home/nvidia/master_ws/install/velodyne_driver/share/ament_index/resource_index/rclcpp_components/velodyne_driver
[75.979s] -- Installing: /home/nvidia/master_ws/install/velodyne_driver/share/velodyne_driver/cmake/velodyne_driverConfig.cmake
[75.979s] -- Installing: /home/nvidia/master_ws/install/velodyne_driver/share/velodyne_driver/cmake/velodyne_driverConfig-version.cmake
[75.980s] -- Installing: /home/nvidia/master_ws/install/velodyne_driver/share/velodyne_driver/package.xml
[75.983s] -- Installing: /home/nvidia/master_ws/install/velodyne_driver/lib/libvelodyne_input.so
[75.987s] -- Set runtime path of "/home/nvidia/master_ws/install/velodyne_driver/lib/libvelodyne_input.so" to ""
[76.003s] Invoked command in '/home/nvidia/master_ws/build/velodyne_driver' returned '0': CMAKE_PREFIX_PATH=/home/nvidia/master_ws/install/velodyne_msgs:/home/nvidia/master_ws/install/velodyne:/home/nvidia/master_ws/install/velodyne_pointcloud:/home/nvidia/master_ws/install/velodyne_driver:/home/nvidia/master_ws/install/velodyne_laserscan:/home/nvidia/master_ws/install/realsense_control:/home/nvidia/master_ws/install/listener:/home/nvidia/master_ws/install/xbox:/home/nvidia/master_ws/install/lidar_control:/home/nvidia/master_ws/install/launch_car:/home/nvidia/master_ws/install/broadcaster:/opt/ros/foxy LD_LIBRARY_PATH=/home/nvidia/master_ws/install/velodyne_msgs/lib:/home/nvidia/master_ws/install/velodyne_pointcloud/lib:/home/nvidia/master_ws/install/velodyne_driver/lib:/home/nvidia/master_ws/install/velodyne_laserscan/lib:/opt/ros/foxy/opt/yaml_cpp_vendor/lib:/opt/ros/foxy/opt/rviz_ogre_vendor/lib:/opt/ros/foxy/lib/aarch64-linux-gnu:/opt/ros/foxy/lib:/usr/local/cuda-11.4/lib64 PYTHONPATH=/home/nvidia/master_ws/install/velodyne_msgs/lib/python3.8/site-packages:/home/nvidia/master_ws/install/xbox/lib/python3.8/site-packages:/home/nvidia/master_ws/install/lidar_control/lib/python3.8/site-packages:/home/nvidia/master_ws/install/launch_car/lib/python3.8/site-packages:/home/nvidia/master_ws/install/broadcaster/lib/python3.8/site-packages:/opt/ros/foxy/lib/python3.8/site-packages /usr/bin/cmake --install /home/nvidia/master_ws/build/velodyne_driver
