[0.075s] Invoking command in '/home/nvidia/master_ws/build/listener': CMAKE_PREFIX_PATH=${CMAKE_PREFIX_PATH}:/home/nvidia/master_ws/install/xbox:/home/nvidia/master_ws/install/lidar_control:/home/nvidia/master_ws/install/launch_car:/home/nvidia/master_ws/install/broadcaster:/opt/ros/foxy /usr/bin/cmake --build /home/nvidia/master_ws/build/listener -- -j4 -l4
[0.660s] [100%] Built target listener
[0.755s] Invoked command in '/home/nvidia/master_ws/build/listener' returned '0': CMAKE_PREFIX_PATH=${CMAKE_PREFIX_PATH}:/home/nvidia/master_ws/install/xbox:/home/nvidia/master_ws/install/lidar_control:/home/nvidia/master_ws/install/launch_car:/home/nvidia/master_ws/install/broadcaster:/opt/ros/foxy /usr/bin/cmake --build /home/nvidia/master_ws/build/listener -- -j4 -l4
[2.089s] Invoking command in '/home/nvidia/master_ws/build/listener': CMAKE_PREFIX_PATH=${CMAKE_PREFIX_PATH}:/home/nvidia/master_ws/install/xbox:/home/nvidia/master_ws/install/lidar_control:/home/nvidia/master_ws/install/launch_car:/home/nvidia/master_ws/install/broadcaster:/opt/ros/foxy /usr/bin/cmake --install /home/nvidia/master_ws/build/listener
[2.140s] -- Install configuration: ""
[2.144s] -- Up-to-date: /home/nvidia/master_ws/install/listener/lib/listener/listener
[2.146s] -- Up-to-date: /home/nvidia/master_ws/install/listener/share/ament_index/resource_index/package_run_dependencies/listener
[2.147s] -- Up-to-date: /home/nvidia/master_ws/install/listener/share/ament_index/resource_index/parent_prefix_path/listener
[2.148s] -- Up-to-date: /home/nvidia/master_ws/install/listener/share/listener/environment/ament_prefix_path.sh
[2.149s] -- Up-to-date: /home/nvidia/master_ws/install/listener/share/listener/environment/ament_prefix_path.dsv
[2.150s] -- Up-to-date: /home/nvidia/master_ws/install/listener/share/listener/environment/path.sh
[2.150s] -- Up-to-date: /home/nvidia/master_ws/install/listener/share/listener/environment/path.dsv
[2.150s] -- Up-to-date: /home/nvidia/master_ws/install/listener/share/listener/local_setup.bash
[2.151s] -- Up-to-date: /home/nvidia/master_ws/install/listener/share/listener/local_setup.sh
[2.152s] -- Up-to-date: /home/nvidia/master_ws/install/listener/share/listener/local_setup.zsh
[2.153s] -- Up-to-date: /home/nvidia/master_ws/install/listener/share/listener/local_setup.dsv
[2.153s] -- Installing: /home/nvidia/master_ws/install/listener/share/listener/package.dsv
[2.153s] -- Up-to-date: /home/nvidia/master_ws/install/listener/share/ament_index/resource_index/packages/listener
[2.154s] -- Up-to-date: /home/nvidia/master_ws/install/listener/share/listener/cmake/listenerConfig.cmake
[2.154s] -- Up-to-date: /home/nvidia/master_ws/install/listener/share/listener/cmake/listenerConfig-version.cmake
[2.155s] -- Up-to-date: /home/nvidia/master_ws/install/listener/share/listener/package.xml
[2.168s] Invoked command in '/home/nvidia/master_ws/build/listener' returned '0': CMAKE_PREFIX_PATH=${CMAKE_PREFIX_PATH}:/home/nvidia/master_ws/install/xbox:/home/nvidia/master_ws/install/lidar_control:/home/nvidia/master_ws/install/launch_car:/home/nvidia/master_ws/install/broadcaster:/opt/ros/foxy /usr/bin/cmake --install /home/nvidia/master_ws/build/listener
