-- Found ament_cmake: 0.9.12 (/opt/ros/foxy/share/ament_cmake/cmake)
-- Using PYTHON_EXECUTABLE: /usr/bin/python3
-- Override CMake install command with custom implementation using symlinks instead of copying resources
-- Found rclcpp: 2.4.3 (/opt/ros/foxy/share/rclcpp/cmake)
-- Using all available rosidl_typesupport_c: rosidl_typesupport_fastrtps_c;rosidl_typesupport_introspection_c
-- Found rosidl_adapter: 1.3.1 (/opt/ros/foxy/share/rosidl_adapter/cmake)
-- Using all available rosidl_typesupport_cpp: rosidl_typesupport_fastrtps_cpp;rosidl_typesupport_introspection_cpp
-- Found rmw_implementation_cmake: 1.0.4 (/opt/ros/foxy/share/rmw_implementation_cmake/cmake)
-- Using RMW implementation 'rmw_fastrtps_cpp' as default
-- Found tf2_ros: 0.13.14 (/home/nvidia/velodyne_drivers/install/tf2_ros/share/tf2_ros/cmake)
-- Found sensor_msgs: 2.0.5 (/opt/ros/foxy/share/sensor_msgs/cmake)
-- Found tf2_sensor_msgs: 0.13.14 (/home/nvidia/velodyne_drivers/install/tf2_sensor_msgs/share/tf2_sensor_msgs/cmake)
-- Found ament_lint_auto: 0.9.8 (/opt/ros/foxy/share/ament_lint_auto/cmake)
-- Added test 'copyright' to check source files copyright and LICENSE
-- Added test 'cppcheck' to perform static code analysis on C / C++ code
-- Configured cppcheck include dirs: 
-- Configured cppcheck exclude dirs and/or files: 
-- Added test 'cpplint' to check C / C++ code against the Google style
-- Configured cpplint exclude dirs and/or files: 
-- Added test 'lint_cmake' to check CMake code style
-- Added test 'uncrustify' to check C / C++ code style
-- Configured uncrustify additional arguments: 
-- Added test 'xmllint' to check XML markup files
-- Configuring done
-- Generating done
-- Build files have been written to: /home/nvidia/master_ws/build/listener
[ 50%] [32mBuilding CXX object CMakeFiles/listener.dir/src/listener.cpp.o[0m
[100%] [32m[1mLinking CXX executable listener[0m
[100%] Built target listener
-- Install configuration: "Release"
-- Execute custom install script
-- Symlinking: /home/nvidia/master_ws/install/listener/lib/listener/listener
-- Symlinking: /home/nvidia/master_ws/install/listener/share/ament_index/resource_index/package_run_dependencies/listener
-- Symlinking: /home/nvidia/master_ws/install/listener/share/ament_index/resource_index/parent_prefix_path/listener
-- Symlinking: /home/nvidia/master_ws/install/listener/share/listener/environment/ament_prefix_path.sh
-- Symlinking: /home/nvidia/master_ws/install/listener/share/listener/environment/ament_prefix_path.dsv
-- Symlinking: /home/nvidia/master_ws/install/listener/share/listener/environment/path.sh
-- Symlinking: /home/nvidia/master_ws/install/listener/share/listener/environment/path.dsv
-- Symlinking: /home/nvidia/master_ws/install/listener/share/listener/local_setup.bash
-- Symlinking: /home/nvidia/master_ws/install/listener/share/listener/local_setup.sh
-- Symlinking: /home/nvidia/master_ws/install/listener/share/listener/local_setup.zsh
-- Symlinking: /home/nvidia/master_ws/install/listener/share/listener/local_setup.dsv
-- Symlinking: /home/nvidia/master_ws/install/listener/share/listener/package.dsv
-- Symlinking: /home/nvidia/master_ws/install/listener/share/ament_index/resource_index/packages/listener
-- Symlinking: /home/nvidia/master_ws/install/listener/share/listener/cmake/listenerConfig.cmake
-- Symlinking: /home/nvidia/master_ws/install/listener/share/listener/cmake/listenerConfig-version.cmake
-- Symlinking: /home/nvidia/master_ws/install/listener/share/listener/package.xml
