[3.616s] Invoking command in '/home/nvidia/master_ws/build/xbox': PYTHONPATH=/home/nvidia/master_ws/build/xbox/prefix_override:/home/nvidia/master_ws/install/xbox/lib/python3.8/site-packages:${PYTHONPATH} /usr/bin/python3 -W ignore:setup.py install is deprecated setup.py develop --uninstall --editable --build-directory /home/nvidia/master_ws/build/xbox/build
[5.028s] running develop
[5.853s] Removing /home/nvidia/master_ws/install/xbox/lib/python3.8/site-packages/xbox.egg-link (link to .)
[6.030s] Invoked command in '/home/nvidia/master_ws/build/xbox' returned '0': PYTHONPATH=/home/nvidia/master_ws/build/xbox/prefix_override:/home/nvidia/master_ws/install/xbox/lib/python3.8/site-packages:${PYTHONPATH} /usr/bin/python3 -W ignore:setup.py install is deprecated setup.py develop --uninstall --editable --build-directory /home/nvidia/master_ws/build/xbox/build
[6.068s] Invoking command in '/home/nvidia/master_ws/src/xbox': PYTHONPATH=/home/nvidia/master_ws/build/xbox/prefix_override:/home/nvidia/master_ws/install/xbox/lib/python3.8/site-packages:${PYTHONPATH} /usr/bin/python3 -W ignore:setup.py install is deprecated setup.py egg_info --egg-base ../../build/xbox build --build-base /home/nvidia/master_ws/build/xbox/build install --record /home/nvidia/master_ws/build/xbox/install.log --install-scripts $base/lib/xbox --single-version-externally-managed install_data --force
[7.416s] running egg_info
[7.419s] writing ../../build/xbox/xbox.egg-info/PKG-INFO
[7.421s] writing dependency_links to ../../build/xbox/xbox.egg-info/dependency_links.txt
[7.423s] writing entry points to ../../build/xbox/xbox.egg-info/entry_points.txt
[7.424s] writing requirements to ../../build/xbox/xbox.egg-info/requires.txt
[7.425s] writing top-level names to ../../build/xbox/xbox.egg-info/top_level.txt
[7.574s] reading manifest file '../../build/xbox/xbox.egg-info/SOURCES.txt'
[7.579s] writing manifest file '../../build/xbox/xbox.egg-info/SOURCES.txt'
[7.581s] running build
[7.581s] running build_py
[7.583s] copying xbox/xbox.py -> /home/nvidia/master_ws/build/xbox/build/lib/xbox
[7.585s] running install
[7.590s] running install_lib
[7.595s] creating /home/nvidia/master_ws/install/xbox/lib/python3.8/site-packages/xbox
[7.596s] copying /home/nvidia/master_ws/build/xbox/build/lib/xbox/xbox.py -> /home/nvidia/master_ws/install/xbox/lib/python3.8/site-packages/xbox
[7.597s] copying /home/nvidia/master_ws/build/xbox/build/lib/xbox/__init__.py -> /home/nvidia/master_ws/install/xbox/lib/python3.8/site-packages/xbox
[7.601s] byte-compiling /home/nvidia/master_ws/install/xbox/lib/python3.8/site-packages/xbox/xbox.py to xbox.cpython-38.pyc
[7.610s] byte-compiling /home/nvidia/master_ws/install/xbox/lib/python3.8/site-packages/xbox/__init__.py to __init__.cpython-38.pyc
[7.612s] running install_data
[7.613s] copying resource/xbox -> /home/nvidia/master_ws/install/xbox/share/ament_index/resource_index/packages
[7.614s] copying package.xml -> /home/nvidia/master_ws/install/xbox/share/xbox
[7.616s] running install_egg_info
[7.623s] Copying ../../build/xbox/xbox.egg-info to /home/nvidia/master_ws/install/xbox/lib/python3.8/site-packages/xbox-0.0.0-py3.8.egg-info
[7.629s] running install_scripts
[7.703s] Installing xbox script to /home/nvidia/master_ws/install/xbox/lib/xbox
[7.704s] writing list of installed files to '/home/nvidia/master_ws/build/xbox/install.log'
[7.795s] Invoked command in '/home/nvidia/master_ws/src/xbox' returned '0': PYTHONPATH=/home/nvidia/master_ws/build/xbox/prefix_override:/home/nvidia/master_ws/install/xbox/lib/python3.8/site-packages:${PYTHONPATH} /usr/bin/python3 -W ignore:setup.py install is deprecated setup.py egg_info --egg-base ../../build/xbox build --build-base /home/nvidia/master_ws/build/xbox/build install --record /home/nvidia/master_ws/build/xbox/install.log --install-scripts $base/lib/xbox --single-version-externally-managed install_data --force
