running egg_info
writing ../../build/broadcaster/broadcaster.egg-info/PKG-INFO
writing dependency_links to ../../build/broadcaster/broadcaster.egg-info/dependency_links.txt
writing entry points to ../../build/broadcaster/broadcaster.egg-info/entry_points.txt
writing requirements to ../../build/broadcaster/broadcaster.egg-info/requires.txt
writing top-level names to ../../build/broadcaster/broadcaster.egg-info/top_level.txt
reading manifest file '../../build/broadcaster/broadcaster.egg-info/SOURCES.txt'
writing manifest file '../../build/broadcaster/broadcaster.egg-info/SOURCES.txt'
running build
running build_py
copying broadcaster/lidar.py -> /home/nvidia/master_ws/build/broadcaster/build/lib/broadcaster
copying broadcaster/realsense.py -> /home/nvidia/master_ws/build/broadcaster/build/lib/broadcaster
running install
running install_lib
copying /home/nvidia/master_ws/build/broadcaster/build/lib/broadcaster/lidar.py -> /home/nvidia/master_ws/install/broadcaster/lib/python3.8/site-packages/broadcaster
copying /home/nvidia/master_ws/build/broadcaster/build/lib/broadcaster/realsense.py -> /home/nvidia/master_ws/install/broadcaster/lib/python3.8/site-packages/broadcaster
byte-compiling /home/nvidia/master_ws/install/broadcaster/lib/python3.8/site-packages/broadcaster/lidar.py to lidar.cpython-38.pyc
byte-compiling /home/nvidia/master_ws/install/broadcaster/lib/python3.8/site-packages/broadcaster/realsense.py to realsense.cpython-38.pyc
running install_data
running install_egg_info
removing '/home/nvidia/master_ws/install/broadcaster/lib/python3.8/site-packages/broadcaster-0.0.0-py3.8.egg-info' (and everything under it)
Copying ../../build/broadcaster/broadcaster.egg-info to /home/nvidia/master_ws/install/broadcaster/lib/python3.8/site-packages/broadcaster-0.0.0-py3.8.egg-info
running install_scripts
Installing lidar script to /home/nvidia/master_ws/install/broadcaster/lib/broadcaster
Installing realsense script to /home/nvidia/master_ws/install/broadcaster/lib/broadcaster
writing list of installed files to '/home/nvidia/master_ws/build/broadcaster/install.log'
