[8.384s] Invoking command in '/home/nvidia/master_ws/src/xbox': PYTHONPATH=/home/nvidia/master_ws/build/xbox/prefix_override:/home/nvidia/master_ws/install/xbox/lib/python3.8/site-packages:${PYTHONPATH} /usr/bin/python3 -W ignore:setup.py install is deprecated setup.py egg_info --egg-base ../../build/xbox build --build-base /home/nvidia/master_ws/build/xbox/build install --record /home/nvidia/master_ws/build/xbox/install.log --install-scripts $base/lib/xbox --single-version-externally-managed install_data
[14.776s] running egg_info
[14.781s] creating ../../build/xbox/xbox.egg-info
[14.781s] writing ../../build/xbox/xbox.egg-info/PKG-INFO
[14.782s] writing dependency_links to ../../build/xbox/xbox.egg-info/dependency_links.txt
[14.783s] writing entry points to ../../build/xbox/xbox.egg-info/entry_points.txt
[14.783s] writing requirements to ../../build/xbox/xbox.egg-info/requires.txt
[14.783s] writing top-level names to ../../build/xbox/xbox.egg-info/top_level.txt
[14.784s] writing manifest file '../../build/xbox/xbox.egg-info/SOURCES.txt'
[14.784s] reading manifest file '../../build/xbox/xbox.egg-info/SOURCES.txt'
[14.785s] writing manifest file '../../build/xbox/xbox.egg-info/SOURCES.txt'
[14.785s] running build
[14.792s] running build_py
[14.793s] creating /home/nvidia/master_ws/build/xbox/build
[14.794s] creating /home/nvidia/master_ws/build/xbox/build/lib
[14.794s] creating /home/nvidia/master_ws/build/xbox/build/lib/xbox
[14.795s] copying xbox/new_control.py -> /home/nvidia/master_ws/build/xbox/build/lib/xbox
[14.802s] copying xbox/xbox.py -> /home/nvidia/master_ws/build/xbox/build/lib/xbox
[14.829s] copying xbox/control.py -> /home/nvidia/master_ws/build/xbox/build/lib/xbox
[14.830s] copying xbox/__init__.py -> /home/nvidia/master_ws/build/xbox/build/lib/xbox
[14.830s] running install
[14.831s] running install_lib
[14.831s] creating /home/nvidia/master_ws/install/xbox/lib/python3.8/site-packages/xbox
[14.832s] copying /home/nvidia/master_ws/build/xbox/build/lib/xbox/new_control.py -> /home/nvidia/master_ws/install/xbox/lib/python3.8/site-packages/xbox
[14.832s] copying /home/nvidia/master_ws/build/xbox/build/lib/xbox/xbox.py -> /home/nvidia/master_ws/install/xbox/lib/python3.8/site-packages/xbox
[14.833s] copying /home/nvidia/master_ws/build/xbox/build/lib/xbox/control.py -> /home/nvidia/master_ws/install/xbox/lib/python3.8/site-packages/xbox
[14.833s] copying /home/nvidia/master_ws/build/xbox/build/lib/xbox/__init__.py -> /home/nvidia/master_ws/install/xbox/lib/python3.8/site-packages/xbox
[14.834s] byte-compiling /home/nvidia/master_ws/install/xbox/lib/python3.8/site-packages/xbox/new_control.py to new_control.cpython-38.pyc
[14.834s] byte-compiling /home/nvidia/master_ws/install/xbox/lib/python3.8/site-packages/xbox/xbox.py to xbox.cpython-38.pyc
[14.835s] byte-compiling /home/nvidia/master_ws/install/xbox/lib/python3.8/site-packages/xbox/control.py to control.cpython-38.pyc
[14.835s] byte-compiling /home/nvidia/master_ws/install/xbox/lib/python3.8/site-packages/xbox/__init__.py to __init__.cpython-38.pyc
[14.836s] running install_data
[14.836s] creating /home/nvidia/master_ws/install/xbox/share/ament_index
[14.836s] creating /home/nvidia/master_ws/install/xbox/share/ament_index/resource_index
[14.837s] creating /home/nvidia/master_ws/install/xbox/share/ament_index/resource_index/packages
[14.837s] copying resource/xbox -> /home/nvidia/master_ws/install/xbox/share/ament_index/resource_index/packages
[14.855s] copying package.xml -> /home/nvidia/master_ws/install/xbox/share/xbox
[14.856s] running install_egg_info
[14.856s] Copying ../../build/xbox/xbox.egg-info to /home/nvidia/master_ws/install/xbox/lib/python3.8/site-packages/xbox-0.0.0-py3.8.egg-info
[14.857s] running install_scripts
[14.857s] Installing control script to /home/nvidia/master_ws/install/xbox/lib/xbox
[14.857s] Installing new_control script to /home/nvidia/master_ws/install/xbox/lib/xbox
[14.858s] writing list of installed files to '/home/nvidia/master_ws/build/xbox/install.log'
[14.861s] Invoked command in '/home/nvidia/master_ws/src/xbox' returned '0': PYTHONPATH=/home/nvidia/master_ws/build/xbox/prefix_override:/home/nvidia/master_ws/install/xbox/lib/python3.8/site-packages:${PYTHONPATH} /usr/bin/python3 -W ignore:setup.py install is deprecated setup.py egg_info --egg-base ../../build/xbox build --build-base /home/nvidia/master_ws/build/xbox/build install --record /home/nvidia/master_ws/build/xbox/install.log --install-scripts $base/lib/xbox --single-version-externally-managed install_data
