[2.712s] Invoking command in '/home/nvidia/master_ws/src/xbox': PYTHONPATH=/home/nvidia/master_ws/build/xbox/prefix_override:/home/nvidia/master_ws/install/xbox/lib/python3.8/site-packages:${PYTHONPATH} /usr/bin/python3 -W ignore:setup.py install is deprecated setup.py egg_info --egg-base ../../build/xbox build --build-base /home/nvidia/master_ws/build/xbox/build install --record /home/nvidia/master_ws/build/xbox/install.log --install-scripts $base/lib/xbox --single-version-externally-managed install_data
[3.703s] running egg_info
[3.705s] writing ../../build/xbox/xbox.egg-info/PKG-INFO
[3.706s] writing dependency_links to ../../build/xbox/xbox.egg-info/dependency_links.txt
[3.707s] writing entry points to ../../build/xbox/xbox.egg-info/entry_points.txt
[3.707s] writing requirements to ../../build/xbox/xbox.egg-info/requires.txt
[3.707s] writing top-level names to ../../build/xbox/xbox.egg-info/top_level.txt
[3.842s] reading manifest file '../../build/xbox/xbox.egg-info/SOURCES.txt'
[3.845s] writing manifest file '../../build/xbox/xbox.egg-info/SOURCES.txt'
[3.846s] running build
[3.847s] running build_py
[3.847s] copying xbox/control.py -> /home/nvidia/master_ws/build/xbox/build/lib/xbox
[3.848s] running install
[3.851s] running install_lib
[3.855s] copying /home/nvidia/master_ws/build/xbox/build/lib/xbox/control.py -> /home/nvidia/master_ws/install/xbox/lib/python3.8/site-packages/xbox
[3.858s] byte-compiling /home/nvidia/master_ws/install/xbox/lib/python3.8/site-packages/xbox/control.py to control.cpython-38.pyc
[3.866s] running install_data
[3.867s] running install_egg_info
[3.872s] removing '/home/nvidia/master_ws/install/xbox/lib/python3.8/site-packages/xbox-0.0.0-py3.8.egg-info' (and everything under it)
[3.874s] Copying ../../build/xbox/xbox.egg-info to /home/nvidia/master_ws/install/xbox/lib/python3.8/site-packages/xbox-0.0.0-py3.8.egg-info
[3.879s] running install_scripts
[3.941s] Installing control script to /home/nvidia/master_ws/install/xbox/lib/xbox
[3.942s] writing list of installed files to '/home/nvidia/master_ws/build/xbox/install.log'
[4.023s] Invoked command in '/home/nvidia/master_ws/src/xbox' returned '0': PYTHONPATH=/home/nvidia/master_ws/build/xbox/prefix_override:/home/nvidia/master_ws/install/xbox/lib/python3.8/site-packages:${PYTHONPATH} /usr/bin/python3 -W ignore:setup.py install is deprecated setup.py egg_info --egg-base ../../build/xbox build --build-base /home/nvidia/master_ws/build/xbox/build install --record /home/nvidia/master_ws/build/xbox/install.log --install-scripts $base/lib/xbox --single-version-externally-managed install_data
