[6.385s] Invoking command in '/home/nvidia/master_ws/src/lidar_control': PYTHONPATH=/home/nvidia/master_ws/build/lidar_control/prefix_override:/home/nvidia/master_ws/install/lidar_control/lib/python3.8/site-packages:${PYTHONPATH} /usr/bin/python3 -W ignore:setup.py install is deprecated setup.py egg_info --egg-base ../../build/lidar_control build --build-base /home/nvidia/master_ws/build/lidar_control/build install --record /home/nvidia/master_ws/build/lidar_control/install.log --install-scripts $base/lib/lidar_control --single-version-externally-managed install_data
[9.082s] running egg_info
[9.085s] writing ../../build/lidar_control/lidar_control.egg-info/PKG-INFO
[9.090s] writing dependency_links to ../../build/lidar_control/lidar_control.egg-info/dependency_links.txt
[9.090s] writing entry points to ../../build/lidar_control/lidar_control.egg-info/entry_points.txt
[9.091s] writing requirements to ../../build/lidar_control/lidar_control.egg-info/requires.txt
[9.091s] writing top-level names to ../../build/lidar_control/lidar_control.egg-info/top_level.txt
[9.257s] reading manifest file '../../build/lidar_control/lidar_control.egg-info/SOURCES.txt'
[9.264s] writing manifest file '../../build/lidar_control/lidar_control.egg-info/SOURCES.txt'
[9.265s] running build
[9.265s] running build_py
[9.265s] running install
[9.269s] running install_lib
[9.275s] running install_data
[9.276s] running install_egg_info
[9.283s] removing '/home/nvidia/master_ws/install/lidar_control/lib/python3.8/site-packages/lidar_control-0.0.0-py3.8.egg-info' (and everything under it)
[9.288s] Copying ../../build/lidar_control/lidar_control.egg-info to /home/nvidia/master_ws/install/lidar_control/lib/python3.8/site-packages/lidar_control-0.0.0-py3.8.egg-info
[9.292s] running install_scripts
[9.373s] Installing lidar_control script to /home/nvidia/master_ws/install/lidar_control/lib/lidar_control
[9.377s] writing list of installed files to '/home/nvidia/master_ws/build/lidar_control/install.log'
[9.957s] Invoked command in '/home/nvidia/master_ws/src/lidar_control' returned '0': PYTHONPATH=/home/nvidia/master_ws/build/lidar_control/prefix_override:/home/nvidia/master_ws/install/lidar_control/lib/python3.8/site-packages:${PYTHONPATH} /usr/bin/python3 -W ignore:setup.py install is deprecated setup.py egg_info --egg-base ../../build/lidar_control build --build-base /home/nvidia/master_ws/build/lidar_control/build install --record /home/nvidia/master_ws/build/lidar_control/install.log --install-scripts $base/lib/lidar_control --single-version-externally-managed install_data
