[0.208s] Invoking command in '/home/nvidia/master_ws/build/listener': CMAKE_PREFIX_PATH=${CMAKE_PREFIX_PATH}:/home/nvidia/master_ws/install/broadcaster:/home/nvidia/velodyne_drivers/install/example:/home/nvidia/velodyne_drivers/install/broadcast_and_listener:/home/nvidia/velodyne_drivers/install/examples_tf2_py:/home/nvidia/velodyne_drivers/install/broadcaster:/home/nvidia/velodyne_drivers/install/test_converter:/home/nvidia/velodyne_drivers/install/py_launch_example:/opt/ros/foxy /usr/bin/cmake /home/nvidia/master_ws/src/listener -DCMAKE_INSTALL_PREFIX=/home/nvidia/master_ws/install/listener
[0.316s] -- Found ament_cmake: 0.9.12 (/opt/ros/foxy/share/ament_cmake/cmake)
[0.503s] -- Using PYTHON_EXECUTABLE: /usr/bin/python3
[1.803s] -- Found rclcpp: 2.4.3 (/opt/ros/foxy/share/rclcpp/cmake)
[2.100s] -- Using all available rosidl_typesupport_c: rosidl_typesupport_fastrtps_c;rosidl_typesupport_introspection_c
[2.139s] -- Found rosidl_adapter: 1.3.1 (/opt/ros/foxy/share/rosidl_adapter/cmake)
[3.240s] -- Using all available rosidl_typesupport_cpp: rosidl_typesupport_fastrtps_cpp;rosidl_typesupport_introspection_cpp
[3.673s] -- Found rmw_implementation_cmake: 1.0.4 (/opt/ros/foxy/share/rmw_implementation_cmake/cmake)
[3.684s] -- Using RMW implementation 'rmw_fastrtps_cpp' as default
[4.594s] -- Found tf2_ros: 0.13.14 (/home/nvidia/velodyne_drivers/install/tf2_ros/share/tf2_ros/cmake)
[6.288s] -- Found sensor_msgs: 2.0.5 (/opt/ros/foxy/share/sensor_msgs/cmake)
[6.553s] -- Found tf2_sensor_msgs: 0.13.14 (/home/nvidia/velodyne_drivers/install/tf2_sensor_msgs/share/tf2_sensor_msgs/cmake)
[6.687s] -- Found ament_lint_auto: 0.9.8 (/opt/ros/foxy/share/ament_lint_auto/cmake)
[7.105s] -- Added test 'copyright' to check source files copyright and LICENSE
[7.113s] -- Added test 'cppcheck' to perform static code analysis on C / C++ code
[7.114s] -- Configured cppcheck include dirs: 
[7.115s] -- Configured cppcheck exclude dirs and/or files: 
[7.118s] -- Added test 'cpplint' to check C / C++ code against the Google style
[7.118s] -- Configured cpplint exclude dirs and/or files: 
[7.122s] -- Added test 'lint_cmake' to check CMake code style
[7.128s] -- Added test 'uncrustify' to check C / C++ code style
[7.129s] -- Configured uncrustify additional arguments: 
[7.129s] -- Added test 'xmllint' to check XML markup files
[7.149s] -- Configuring done
[7.156s] CMake Error at CMakeLists.txt:27 (add_executable):
[7.157s]   Cannot find source file:
[7.157s] 
[7.158s]     src/transformerNode.cpp
[7.159s] 
[7.159s]   Tried extensions .c .C .c++ .cc .cpp .cxx .cu .m .M .mm .h .hh .h++ .hm
[7.160s]   .hpp .hxx .in .txx
[7.161s] 
[7.161s] 
[7.165s] CMake Error at CMakeLists.txt:27 (add_executable):
[7.165s]   No SOURCES given to target: listener
[7.166s] 
[7.166s] 
[7.167s] CMake Generate step failed.  Build files cannot be regenerated correctly.
