[1.149s] DEBUG:colcon:Command line arguments: ['/usr/bin/colcon', 'build', '--packages-select', 'xbox']
[1.150s] DEBUG:colcon:Parsed command line arguments: Namespace(allow_overriding=[], ament_cmake_args=None, base_paths=['.'], build_base='build', catkin_cmake_args=None, catkin_skip_building_tests=False, cmake_args=None, cmake_clean_cache=False, cmake_clean_first=False, cmake_force_configure=False, cmake_target=None, cmake_target_skip_unavailable=False, continue_on_error=False, event_handlers=None, executor='parallel', ignore_user_meta=False, install_base='install', log_base=None, log_level=None, main=<bound method BuildVerb.main of <colcon_core.verb.build.BuildVerb object at 0xffffafe66940>>, merge_install=False, metas=['./colcon.meta'], packages_above=None, packages_above_and_dependencies=None, packages_above_depth=None, packages_end=None, packages_ignore=None, packages_ignore_regex=None, packages_select=['xbox'], packages_select_build_failed=False, packages_select_by_dep=None, packages_select_regex=None, packages_select_test_failures=False, packages_skip=None, packages_skip_build_finished=False, packages_skip_by_dep=None, packages_skip_regex=None, packages_skip_test_passed=False, packages_skip_up_to=None, packages_start=None, packages_up_to=None, packages_up_to_regex=None, parallel_workers=6, paths=None, symlink_install=False, test_result_base=None, verb_extension=<colcon_core.verb.build.BuildVerb object at 0xffffafe66940>, verb_name='build', verb_parser=<colcon_defaults.argument_parser.defaults.DefaultArgumentsDecorator object at 0xffffafe77040>)
[2.082s] Level 1:colcon.colcon_core.package_discovery:discover_packages(colcon_meta) check parameters
[2.083s] Level 1:colcon.colcon_core.package_discovery:discover_packages(recursive) check parameters
[2.083s] Level 1:colcon.colcon_core.package_discovery:discover_packages(ignore) check parameters
[2.083s] Level 1:colcon.colcon_core.package_discovery:discover_packages(path) check parameters
[2.083s] Level 1:colcon.colcon_core.package_discovery:discover_packages(colcon_meta) discover
[2.084s] Level 1:colcon.colcon_core.package_discovery:discover_packages(recursive) discover
[2.084s] INFO:colcon.colcon_core.package_discovery:Crawling recursively for packages in '/home/nvidia/master_ws'
[2.085s] Level 1:colcon.colcon_core.package_identification:_identify(.) by extensions ['ignore', 'ignore_ament_install']
[2.086s] Level 1:colcon.colcon_core.package_identification:_identify(.) by extension 'ignore'
[2.086s] Level 1:colcon.colcon_core.package_identification:_identify(.) by extension 'ignore_ament_install'
[2.086s] Level 1:colcon.colcon_core.package_identification:_identify(.) by extensions ['colcon_pkg']
[2.086s] Level 1:colcon.colcon_core.package_identification:_identify(.) by extension 'colcon_pkg'
[2.087s] Level 1:colcon.colcon_core.package_identification:_identify(.) by extensions ['colcon_meta']
[2.087s] Level 1:colcon.colcon_core.package_identification:_identify(.) by extension 'colcon_meta'
[2.087s] Level 1:colcon.colcon_core.package_identification:_identify(.) by extensions ['ros']
[2.087s] Level 1:colcon.colcon_core.package_identification:_identify(.) by extension 'ros'
[2.144s] Level 1:colcon.colcon_core.package_identification:_identify(.) by extensions ['cmake', 'python']
[2.145s] Level 1:colcon.colcon_core.package_identification:_identify(.) by extension 'cmake'
[2.145s] Level 1:colcon.colcon_core.package_identification:_identify(.) by extension 'python'
[2.145s] Level 1:colcon.colcon_core.package_identification:_identify(.) by extensions ['python_setup_py']
[2.145s] Level 1:colcon.colcon_core.package_identification:_identify(.) by extension 'python_setup_py'
[2.146s] Level 1:colcon.colcon_core.package_identification:_identify(build) by extensions ['ignore', 'ignore_ament_install']
[2.147s] Level 1:colcon.colcon_core.package_identification:_identify(build) by extension 'ignore'
[2.147s] Level 1:colcon.colcon_core.package_identification:_identify(build) ignored
[2.147s] Level 1:colcon.colcon_core.package_identification:_identify(install) by extensions ['ignore', 'ignore_ament_install']
[2.148s] Level 1:colcon.colcon_core.package_identification:_identify(install) by extension 'ignore'
[2.148s] Level 1:colcon.colcon_core.package_identification:_identify(install) ignored
[2.149s] Level 1:colcon.colcon_core.package_identification:_identify(log) by extensions ['ignore', 'ignore_ament_install']
[2.150s] Level 1:colcon.colcon_core.package_identification:_identify(log) by extension 'ignore'
[2.150s] Level 1:colcon.colcon_core.package_identification:_identify(log) ignored
[2.150s] Level 1:colcon.colcon_core.package_identification:_identify(src) by extensions ['ignore', 'ignore_ament_install']
[2.151s] Level 1:colcon.colcon_core.package_identification:_identify(src) by extension 'ignore'
[2.151s] Level 1:colcon.colcon_core.package_identification:_identify(src) by extension 'ignore_ament_install'
[2.151s] Level 1:colcon.colcon_core.package_identification:_identify(src) by extensions ['colcon_pkg']
[2.151s] Level 1:colcon.colcon_core.package_identification:_identify(src) by extension 'colcon_pkg'
[2.152s] Level 1:colcon.colcon_core.package_identification:_identify(src) by extensions ['colcon_meta']
[2.152s] Level 1:colcon.colcon_core.package_identification:_identify(src) by extension 'colcon_meta'
[2.152s] Level 1:colcon.colcon_core.package_identification:_identify(src) by extensions ['ros']
[2.152s] Level 1:colcon.colcon_core.package_identification:_identify(src) by extension 'ros'
[2.153s] Level 1:colcon.colcon_core.package_identification:_identify(src) by extensions ['cmake', 'python']
[2.153s] Level 1:colcon.colcon_core.package_identification:_identify(src) by extension 'cmake'
[2.153s] Level 1:colcon.colcon_core.package_identification:_identify(src) by extension 'python'
[2.153s] Level 1:colcon.colcon_core.package_identification:_identify(src) by extensions ['python_setup_py']
[2.154s] Level 1:colcon.colcon_core.package_identification:_identify(src) by extension 'python_setup_py'
[2.154s] Level 1:colcon.colcon_core.package_identification:_identify(src/broadcaster) by extensions ['ignore', 'ignore_ament_install']
[2.155s] Level 1:colcon.colcon_core.package_identification:_identify(src/broadcaster) by extension 'ignore'
[2.155s] Level 1:colcon.colcon_core.package_identification:_identify(src/broadcaster) by extension 'ignore_ament_install'
[2.155s] Level 1:colcon.colcon_core.package_identification:_identify(src/broadcaster) by extensions ['colcon_pkg']
[2.155s] Level 1:colcon.colcon_core.package_identification:_identify(src/broadcaster) by extension 'colcon_pkg'
[2.156s] Level 1:colcon.colcon_core.package_identification:_identify(src/broadcaster) by extensions ['colcon_meta']
[2.156s] Level 1:colcon.colcon_core.package_identification:_identify(src/broadcaster) by extension 'colcon_meta'
[2.156s] Level 1:colcon.colcon_core.package_identification:_identify(src/broadcaster) by extensions ['ros']
[2.156s] Level 1:colcon.colcon_core.package_identification:_identify(src/broadcaster) by extension 'ros'
[2.169s] DEBUG:colcon.colcon_core.package_identification:Package 'src/broadcaster' with type 'ros.ament_python' and name 'broadcaster'
[2.170s] Level 1:colcon.colcon_core.package_identification:_identify(src/launch_ws) by extensions ['ignore', 'ignore_ament_install']
[2.170s] Level 1:colcon.colcon_core.package_identification:_identify(src/launch_ws) by extension 'ignore'
[2.171s] Level 1:colcon.colcon_core.package_identification:_identify(src/launch_ws) by extension 'ignore_ament_install'
[2.171s] Level 1:colcon.colcon_core.package_identification:_identify(src/launch_ws) by extensions ['colcon_pkg']
[2.171s] Level 1:colcon.colcon_core.package_identification:_identify(src/launch_ws) by extension 'colcon_pkg'
[2.171s] Level 1:colcon.colcon_core.package_identification:_identify(src/launch_ws) by extensions ['colcon_meta']
[2.171s] Level 1:colcon.colcon_core.package_identification:_identify(src/launch_ws) by extension 'colcon_meta'
[2.172s] Level 1:colcon.colcon_core.package_identification:_identify(src/launch_ws) by extensions ['ros']
[2.172s] Level 1:colcon.colcon_core.package_identification:_identify(src/launch_ws) by extension 'ros'
[2.172s] Level 1:colcon.colcon_core.package_identification:_identify(src/launch_ws) by extensions ['cmake', 'python']
[2.173s] Level 1:colcon.colcon_core.package_identification:_identify(src/launch_ws) by extension 'cmake'
[2.173s] Level 1:colcon.colcon_core.package_identification:_identify(src/launch_ws) by extension 'python'
[2.173s] Level 1:colcon.colcon_core.package_identification:_identify(src/launch_ws) by extensions ['python_setup_py']
[2.173s] Level 1:colcon.colcon_core.package_identification:_identify(src/launch_ws) by extension 'python_setup_py'
[2.174s] Level 1:colcon.colcon_core.package_identification:_identify(src/launch_ws/src) by extensions ['ignore', 'ignore_ament_install']
[2.174s] Level 1:colcon.colcon_core.package_identification:_identify(src/launch_ws/src) by extension 'ignore'
[2.175s] Level 1:colcon.colcon_core.package_identification:_identify(src/launch_ws/src) by extension 'ignore_ament_install'
[2.175s] Level 1:colcon.colcon_core.package_identification:_identify(src/launch_ws/src) by extensions ['colcon_pkg']
[2.175s] Level 1:colcon.colcon_core.package_identification:_identify(src/launch_ws/src) by extension 'colcon_pkg'
[2.175s] Level 1:colcon.colcon_core.package_identification:_identify(src/launch_ws/src) by extensions ['colcon_meta']
[2.176s] Level 1:colcon.colcon_core.package_identification:_identify(src/launch_ws/src) by extension 'colcon_meta'
[2.176s] Level 1:colcon.colcon_core.package_identification:_identify(src/launch_ws/src) by extensions ['ros']
[2.176s] Level 1:colcon.colcon_core.package_identification:_identify(src/launch_ws/src) by extension 'ros'
[2.176s] Level 1:colcon.colcon_core.package_identification:_identify(src/launch_ws/src) by extensions ['cmake', 'python']
[2.177s] Level 1:colcon.colcon_core.package_identification:_identify(src/launch_ws/src) by extension 'cmake'
[2.177s] Level 1:colcon.colcon_core.package_identification:_identify(src/launch_ws/src) by extension 'python'
[2.177s] Level 1:colcon.colcon_core.package_identification:_identify(src/launch_ws/src) by extensions ['python_setup_py']
[2.177s] Level 1:colcon.colcon_core.package_identification:_identify(src/launch_ws/src) by extension 'python_setup_py'
[2.178s] Level 1:colcon.colcon_core.package_identification:_identify(src/launch_ws/src/launch_car) by extensions ['ignore', 'ignore_ament_install']
[2.178s] Level 1:colcon.colcon_core.package_identification:_identify(src/launch_ws/src/launch_car) by extension 'ignore'
[2.179s] Level 1:colcon.colcon_core.package_identification:_identify(src/launch_ws/src/launch_car) by extension 'ignore_ament_install'
[2.179s] Level 1:colcon.colcon_core.package_identification:_identify(src/launch_ws/src/launch_car) by extensions ['colcon_pkg']
[2.179s] Level 1:colcon.colcon_core.package_identification:_identify(src/launch_ws/src/launch_car) by extension 'colcon_pkg'
[2.179s] Level 1:colcon.colcon_core.package_identification:_identify(src/launch_ws/src/launch_car) by extensions ['colcon_meta']
[2.179s] Level 1:colcon.colcon_core.package_identification:_identify(src/launch_ws/src/launch_car) by extension 'colcon_meta'
[2.180s] Level 1:colcon.colcon_core.package_identification:_identify(src/launch_ws/src/launch_car) by extensions ['ros']
[2.180s] Level 1:colcon.colcon_core.package_identification:_identify(src/launch_ws/src/launch_car) by extension 'ros'
[2.182s] DEBUG:colcon.colcon_core.package_identification:Package 'src/launch_ws/src/launch_car' with type 'ros.ament_python' and name 'launch_car'
[2.183s] Level 1:colcon.colcon_core.package_identification:_identify(src/lidar) by extensions ['ignore', 'ignore_ament_install']
[2.183s] Level 1:colcon.colcon_core.package_identification:_identify(src/lidar) by extension 'ignore'
[2.183s] Level 1:colcon.colcon_core.package_identification:_identify(src/lidar) by extension 'ignore_ament_install'
[2.184s] Level 1:colcon.colcon_core.package_identification:_identify(src/lidar) by extensions ['colcon_pkg']
[2.184s] Level 1:colcon.colcon_core.package_identification:_identify(src/lidar) by extension 'colcon_pkg'
[2.184s] Level 1:colcon.colcon_core.package_identification:_identify(src/lidar) by extensions ['colcon_meta']
[2.184s] Level 1:colcon.colcon_core.package_identification:_identify(src/lidar) by extension 'colcon_meta'
[2.185s] Level 1:colcon.colcon_core.package_identification:_identify(src/lidar) by extensions ['ros']
[2.185s] Level 1:colcon.colcon_core.package_identification:_identify(src/lidar) by extension 'ros'
[2.188s] DEBUG:colcon.colcon_core.package_identification:Package 'src/lidar' with type 'ros.ament_cmake' and name 'lidar'
[2.189s] Level 1:colcon.colcon_core.package_identification:_identify(src/lidar_control) by extensions ['ignore', 'ignore_ament_install']
[2.190s] Level 1:colcon.colcon_core.package_identification:_identify(src/lidar_control) by extension 'ignore'
[2.190s] Level 1:colcon.colcon_core.package_identification:_identify(src/lidar_control) by extension 'ignore_ament_install'
[2.191s] Level 1:colcon.colcon_core.package_identification:_identify(src/lidar_control) by extensions ['colcon_pkg']
[2.191s] Level 1:colcon.colcon_core.package_identification:_identify(src/lidar_control) by extension 'colcon_pkg'
[2.191s] Level 1:colcon.colcon_core.package_identification:_identify(src/lidar_control) by extensions ['colcon_meta']
[2.191s] Level 1:colcon.colcon_core.package_identification:_identify(src/lidar_control) by extension 'colcon_meta'
[2.191s] Level 1:colcon.colcon_core.package_identification:_identify(src/lidar_control) by extensions ['ros']
[2.192s] Level 1:colcon.colcon_core.package_identification:_identify(src/lidar_control) by extension 'ros'
[2.197s] DEBUG:colcon.colcon_core.package_identification:Package 'src/lidar_control' with type 'ros.ament_python' and name 'lidar_control'
[2.198s] Level 1:colcon.colcon_core.package_identification:_identify(src/listener) by extensions ['ignore', 'ignore_ament_install']
[2.198s] Level 1:colcon.colcon_core.package_identification:_identify(src/listener) by extension 'ignore'
[2.198s] Level 1:colcon.colcon_core.package_identification:_identify(src/listener) by extension 'ignore_ament_install'
[2.199s] Level 1:colcon.colcon_core.package_identification:_identify(src/listener) by extensions ['colcon_pkg']
[2.199s] Level 1:colcon.colcon_core.package_identification:_identify(src/listener) by extension 'colcon_pkg'
[2.199s] Level 1:colcon.colcon_core.package_identification:_identify(src/listener) by extensions ['colcon_meta']
[2.199s] Level 1:colcon.colcon_core.package_identification:_identify(src/listener) by extension 'colcon_meta'
[2.200s] Level 1:colcon.colcon_core.package_identification:_identify(src/listener) by extensions ['ros']
[2.200s] Level 1:colcon.colcon_core.package_identification:_identify(src/listener) by extension 'ros'
[2.204s] DEBUG:colcon.colcon_core.package_identification:Package 'src/listener' with type 'ros.ament_cmake' and name 'listener'
[2.205s] Level 1:colcon.colcon_core.package_identification:_identify(src/plane_fitter) by extensions ['ignore', 'ignore_ament_install']
[2.205s] Level 1:colcon.colcon_core.package_identification:_identify(src/plane_fitter) by extension 'ignore'
[2.206s] Level 1:colcon.colcon_core.package_identification:_identify(src/plane_fitter) by extension 'ignore_ament_install'
[2.206s] Level 1:colcon.colcon_core.package_identification:_identify(src/plane_fitter) by extensions ['colcon_pkg']
[2.206s] Level 1:colcon.colcon_core.package_identification:_identify(src/plane_fitter) by extension 'colcon_pkg'
[2.207s] Level 1:colcon.colcon_core.package_identification:_identify(src/plane_fitter) by extensions ['colcon_meta']
[2.207s] Level 1:colcon.colcon_core.package_identification:_identify(src/plane_fitter) by extension 'colcon_meta'
[2.207s] Level 1:colcon.colcon_core.package_identification:_identify(src/plane_fitter) by extensions ['ros']
[2.207s] Level 1:colcon.colcon_core.package_identification:_identify(src/plane_fitter) by extension 'ros'
[2.211s] DEBUG:colcon.colcon_core.package_identification:Package 'src/plane_fitter' with type 'ros.ament_cmake' and name 'plane_fitter'
[2.212s] Level 1:colcon.colcon_core.package_identification:_identify(src/realsense_control) by extensions ['ignore', 'ignore_ament_install']
[2.212s] Level 1:colcon.colcon_core.package_identification:_identify(src/realsense_control) by extension 'ignore'
[2.213s] Level 1:colcon.colcon_core.package_identification:_identify(src/realsense_control) by extension 'ignore_ament_install'
[2.213s] Level 1:colcon.colcon_core.package_identification:_identify(src/realsense_control) by extensions ['colcon_pkg']
[2.213s] Level 1:colcon.colcon_core.package_identification:_identify(src/realsense_control) by extension 'colcon_pkg'
[2.213s] Level 1:colcon.colcon_core.package_identification:_identify(src/realsense_control) by extensions ['colcon_meta']
[2.214s] Level 1:colcon.colcon_core.package_identification:_identify(src/realsense_control) by extension 'colcon_meta'
[2.214s] Level 1:colcon.colcon_core.package_identification:_identify(src/realsense_control) by extensions ['ros']
[2.214s] Level 1:colcon.colcon_core.package_identification:_identify(src/realsense_control) by extension 'ros'
[2.217s] DEBUG:colcon.colcon_core.package_identification:Package 'src/realsense_control' with type 'ros.ament_cmake' and name 'realsense_control'
[2.217s] Level 1:colcon.colcon_core.package_identification:_identify(src/velodyne) by extensions ['ignore', 'ignore_ament_install']
[2.218s] Level 1:colcon.colcon_core.package_identification:_identify(src/velodyne) by extension 'ignore'
[2.218s] Level 1:colcon.colcon_core.package_identification:_identify(src/velodyne) by extension 'ignore_ament_install'
[2.218s] Level 1:colcon.colcon_core.package_identification:_identify(src/velodyne) by extensions ['colcon_pkg']
[2.219s] Level 1:colcon.colcon_core.package_identification:_identify(src/velodyne) by extension 'colcon_pkg'
[2.219s] Level 1:colcon.colcon_core.package_identification:_identify(src/velodyne) by extensions ['colcon_meta']
[2.219s] Level 1:colcon.colcon_core.package_identification:_identify(src/velodyne) by extension 'colcon_meta'
[2.219s] Level 1:colcon.colcon_core.package_identification:_identify(src/velodyne) by extensions ['ros']
[2.219s] Level 1:colcon.colcon_core.package_identification:_identify(src/velodyne) by extension 'ros'
[2.220s] Level 1:colcon.colcon_core.package_identification:_identify(src/velodyne) by extensions ['cmake', 'python']
[2.220s] Level 1:colcon.colcon_core.package_identification:_identify(src/velodyne) by extension 'cmake'
[2.220s] Level 1:colcon.colcon_core.package_identification:_identify(src/velodyne) by extension 'python'
[2.221s] Level 1:colcon.colcon_core.package_identification:_identify(src/velodyne) by extensions ['python_setup_py']
[2.221s] Level 1:colcon.colcon_core.package_identification:_identify(src/velodyne) by extension 'python_setup_py'
[2.221s] Level 1:colcon.colcon_core.package_identification:_identify(src/velodyne/velodyne) by extensions ['ignore', 'ignore_ament_install']
[2.222s] Level 1:colcon.colcon_core.package_identification:_identify(src/velodyne/velodyne) by extension 'ignore'
[2.222s] Level 1:colcon.colcon_core.package_identification:_identify(src/velodyne/velodyne) by extension 'ignore_ament_install'
[2.222s] Level 1:colcon.colcon_core.package_identification:_identify(src/velodyne/velodyne) by extensions ['colcon_pkg']
[2.222s] Level 1:colcon.colcon_core.package_identification:_identify(src/velodyne/velodyne) by extension 'colcon_pkg'
[2.223s] Level 1:colcon.colcon_core.package_identification:_identify(src/velodyne/velodyne) by extensions ['colcon_meta']
[2.223s] Level 1:colcon.colcon_core.package_identification:_identify(src/velodyne/velodyne) by extension 'colcon_meta'
[2.223s] Level 1:colcon.colcon_core.package_identification:_identify(src/velodyne/velodyne) by extensions ['ros']
[2.223s] Level 1:colcon.colcon_core.package_identification:_identify(src/velodyne/velodyne) by extension 'ros'
[2.226s] DEBUG:colcon.colcon_core.package_identification:Package 'src/velodyne/velodyne' with type 'ros.ament_cmake' and name 'velodyne'
[2.226s] Level 1:colcon.colcon_core.package_identification:_identify(src/velodyne/velodyne_driver) by extensions ['ignore', 'ignore_ament_install']
[2.227s] Level 1:colcon.colcon_core.package_identification:_identify(src/velodyne/velodyne_driver) by extension 'ignore'
[2.227s] Level 1:colcon.colcon_core.package_identification:_identify(src/velodyne/velodyne_driver) by extension 'ignore_ament_install'
[2.227s] Level 1:colcon.colcon_core.package_identification:_identify(src/velodyne/velodyne_driver) by extensions ['colcon_pkg']
[2.228s] Level 1:colcon.colcon_core.package_identification:_identify(src/velodyne/velodyne_driver) by extension 'colcon_pkg'
[2.228s] Level 1:colcon.colcon_core.package_identification:_identify(src/velodyne/velodyne_driver) by extensions ['colcon_meta']
[2.228s] Level 1:colcon.colcon_core.package_identification:_identify(src/velodyne/velodyne_driver) by extension 'colcon_meta'
[2.228s] Level 1:colcon.colcon_core.package_identification:_identify(src/velodyne/velodyne_driver) by extensions ['ros']
[2.228s] Level 1:colcon.colcon_core.package_identification:_identify(src/velodyne/velodyne_driver) by extension 'ros'
[2.234s] DEBUG:colcon.colcon_core.package_identification:Package 'src/velodyne/velodyne_driver' with type 'ros.ament_cmake' and name 'velodyne_driver'
[2.234s] Level 1:colcon.colcon_core.package_identification:_identify(src/velodyne/velodyne_laserscan) by extensions ['ignore', 'ignore_ament_install']
[2.235s] Level 1:colcon.colcon_core.package_identification:_identify(src/velodyne/velodyne_laserscan) by extension 'ignore'
[2.235s] Level 1:colcon.colcon_core.package_identification:_identify(src/velodyne/velodyne_laserscan) by extension 'ignore_ament_install'
[2.235s] Level 1:colcon.colcon_core.package_identification:_identify(src/velodyne/velodyne_laserscan) by extensions ['colcon_pkg']
[2.236s] Level 1:colcon.colcon_core.package_identification:_identify(src/velodyne/velodyne_laserscan) by extension 'colcon_pkg'
[2.236s] Level 1:colcon.colcon_core.package_identification:_identify(src/velodyne/velodyne_laserscan) by extensions ['colcon_meta']
[2.236s] Level 1:colcon.colcon_core.package_identification:_identify(src/velodyne/velodyne_laserscan) by extension 'colcon_meta'
[2.236s] Level 1:colcon.colcon_core.package_identification:_identify(src/velodyne/velodyne_laserscan) by extensions ['ros']
[2.236s] Level 1:colcon.colcon_core.package_identification:_identify(src/velodyne/velodyne_laserscan) by extension 'ros'
[2.240s] DEBUG:colcon.colcon_core.package_identification:Package 'src/velodyne/velodyne_laserscan' with type 'ros.ament_cmake' and name 'velodyne_laserscan'
[2.240s] Level 1:colcon.colcon_core.package_identification:_identify(src/velodyne/velodyne_msgs) by extensions ['ignore', 'ignore_ament_install']
[2.241s] Level 1:colcon.colcon_core.package_identification:_identify(src/velodyne/velodyne_msgs) by extension 'ignore'
[2.241s] Level 1:colcon.colcon_core.package_identification:_identify(src/velodyne/velodyne_msgs) by extension 'ignore_ament_install'
[2.241s] Level 1:colcon.colcon_core.package_identification:_identify(src/velodyne/velodyne_msgs) by extensions ['colcon_pkg']
[2.241s] Level 1:colcon.colcon_core.package_identification:_identify(src/velodyne/velodyne_msgs) by extension 'colcon_pkg'
[2.242s] Level 1:colcon.colcon_core.package_identification:_identify(src/velodyne/velodyne_msgs) by extensions ['colcon_meta']
[2.242s] Level 1:colcon.colcon_core.package_identification:_identify(src/velodyne/velodyne_msgs) by extension 'colcon_meta'
[2.242s] Level 1:colcon.colcon_core.package_identification:_identify(src/velodyne/velodyne_msgs) by extensions ['ros']
[2.242s] Level 1:colcon.colcon_core.package_identification:_identify(src/velodyne/velodyne_msgs) by extension 'ros'
[2.245s] DEBUG:colcon.colcon_core.package_identification:Package 'src/velodyne/velodyne_msgs' with type 'ros.ament_cmake' and name 'velodyne_msgs'
[2.246s] Level 1:colcon.colcon_core.package_identification:_identify(src/velodyne/velodyne_pointcloud) by extensions ['ignore', 'ignore_ament_install']
[2.246s] Level 1:colcon.colcon_core.package_identification:_identify(src/velodyne/velodyne_pointcloud) by extension 'ignore'
[2.247s] Level 1:colcon.colcon_core.package_identification:_identify(src/velodyne/velodyne_pointcloud) by extension 'ignore_ament_install'
[2.247s] Level 1:colcon.colcon_core.package_identification:_identify(src/velodyne/velodyne_pointcloud) by extensions ['colcon_pkg']
[2.247s] Level 1:colcon.colcon_core.package_identification:_identify(src/velodyne/velodyne_pointcloud) by extension 'colcon_pkg'
[2.247s] Level 1:colcon.colcon_core.package_identification:_identify(src/velodyne/velodyne_pointcloud) by extensions ['colcon_meta']
[2.248s] Level 1:colcon.colcon_core.package_identification:_identify(src/velodyne/velodyne_pointcloud) by extension 'colcon_meta'
[2.248s] Level 1:colcon.colcon_core.package_identification:_identify(src/velodyne/velodyne_pointcloud) by extensions ['ros']
[2.248s] Level 1:colcon.colcon_core.package_identification:_identify(src/velodyne/velodyne_pointcloud) by extension 'ros'
[2.255s] DEBUG:colcon.colcon_core.package_identification:Package 'src/velodyne/velodyne_pointcloud' with type 'ros.ament_cmake' and name 'velodyne_pointcloud'
[2.256s] Level 1:colcon.colcon_core.package_identification:_identify(src/xbox) by extensions ['ignore', 'ignore_ament_install']
[2.256s] Level 1:colcon.colcon_core.package_identification:_identify(src/xbox) by extension 'ignore'
[2.256s] Level 1:colcon.colcon_core.package_identification:_identify(src/xbox) by extension 'ignore_ament_install'
[2.257s] Level 1:colcon.colcon_core.package_identification:_identify(src/xbox) by extensions ['colcon_pkg']
[2.257s] Level 1:colcon.colcon_core.package_identification:_identify(src/xbox) by extension 'colcon_pkg'
[2.257s] Level 1:colcon.colcon_core.package_identification:_identify(src/xbox) by extensions ['colcon_meta']
[2.257s] Level 1:colcon.colcon_core.package_identification:_identify(src/xbox) by extension 'colcon_meta'
[2.258s] Level 1:colcon.colcon_core.package_identification:_identify(src/xbox) by extensions ['ros']
[2.258s] Level 1:colcon.colcon_core.package_identification:_identify(src/xbox) by extension 'ros'
[2.263s] DEBUG:colcon.colcon_core.package_identification:Package 'src/xbox' with type 'ros.ament_python' and name 'xbox'
[2.263s] Level 1:colcon.colcon_core.package_discovery:discover_packages(recursive) using defaults
[2.263s] Level 1:colcon.colcon_core.package_discovery:discover_packages(ignore) discover
[2.264s] Level 1:colcon.colcon_core.package_discovery:discover_packages(ignore) using defaults
[2.264s] Level 1:colcon.colcon_core.package_discovery:discover_packages(path) discover
[2.264s] Level 1:colcon.colcon_core.package_discovery:discover_packages(path) using defaults
[2.392s] INFO:colcon.colcon_core.package_selection:Skipping not selected package 'broadcaster' in 'src/broadcaster'
[2.392s] INFO:colcon.colcon_core.package_selection:Skipping not selected package 'launch_car' in 'src/launch_ws/src/launch_car'
[2.392s] INFO:colcon.colcon_core.package_selection:Skipping not selected package 'lidar' in 'src/lidar'
[2.392s] INFO:colcon.colcon_core.package_selection:Skipping not selected package 'lidar_control' in 'src/lidar_control'
[2.393s] INFO:colcon.colcon_core.package_selection:Skipping not selected package 'listener' in 'src/listener'
[2.393s] INFO:colcon.colcon_core.package_selection:Skipping not selected package 'plane_fitter' in 'src/plane_fitter'
[2.393s] INFO:colcon.colcon_core.package_selection:Skipping not selected package 'realsense_control' in 'src/realsense_control'
[2.393s] INFO:colcon.colcon_core.package_selection:Skipping not selected package 'velodyne_laserscan' in 'src/velodyne/velodyne_laserscan'
[2.393s] INFO:colcon.colcon_core.package_selection:Skipping not selected package 'velodyne_msgs' in 'src/velodyne/velodyne_msgs'
[2.394s] INFO:colcon.colcon_core.package_selection:Skipping not selected package 'velodyne_driver' in 'src/velodyne/velodyne_driver'
[2.394s] INFO:colcon.colcon_core.package_selection:Skipping not selected package 'velodyne_pointcloud' in 'src/velodyne/velodyne_pointcloud'
[2.394s] INFO:colcon.colcon_core.package_selection:Skipping not selected package 'velodyne' in 'src/velodyne/velodyne'
[2.396s] Level 1:colcon.colcon_core.package_discovery:discover_packages(prefix_path) check parameters
[2.397s] Level 1:colcon.colcon_core.package_discovery:discover_packages(prefix_path) discover
[2.413s] DEBUG:colcon.colcon_installed_package_information.package_discovery:Found 13 installed packages in /home/nvidia/master_ws/install
[2.416s] DEBUG:colcon.colcon_installed_package_information.package_discovery:Found 1 installed packages in /home/nvidia/install
[2.427s] DEBUG:colcon.colcon_installed_package_information.package_discovery:Found 349 installed packages in /opt/ros/foxy
[2.440s] Level 1:colcon.colcon_core.package_discovery:discover_packages(prefix_path) using defaults
[2.852s] Level 5:colcon.colcon_core.verb:set package 'xbox' build argument 'cmake_args' from command line to 'None'
[2.852s] Level 5:colcon.colcon_core.verb:set package 'xbox' build argument 'cmake_target' from command line to 'None'
[2.853s] Level 5:colcon.colcon_core.verb:set package 'xbox' build argument 'cmake_target_skip_unavailable' from command line to 'False'
[2.853s] Level 5:colcon.colcon_core.verb:set package 'xbox' build argument 'cmake_clean_cache' from command line to 'False'
[2.853s] Level 5:colcon.colcon_core.verb:set package 'xbox' build argument 'cmake_clean_first' from command line to 'False'
[2.853s] Level 5:colcon.colcon_core.verb:set package 'xbox' build argument 'cmake_force_configure' from command line to 'False'
[2.853s] Level 5:colcon.colcon_core.verb:set package 'xbox' build argument 'ament_cmake_args' from command line to 'None'
[2.854s] Level 5:colcon.colcon_core.verb:set package 'xbox' build argument 'catkin_cmake_args' from command line to 'None'
[2.854s] Level 5:colcon.colcon_core.verb:set package 'xbox' build argument 'catkin_skip_building_tests' from command line to 'False'
[2.854s] DEBUG:colcon.colcon_core.verb:Building package 'xbox' with the following arguments: {'ament_cmake_args': None, 'build_base': '/home/nvidia/master_ws/build/xbox', 'catkin_cmake_args': None, 'catkin_skip_building_tests': False, 'cmake_args': None, 'cmake_clean_cache': False, 'cmake_clean_first': False, 'cmake_force_configure': False, 'cmake_target': None, 'cmake_target_skip_unavailable': False, 'install_base': '/home/nvidia/master_ws/install/xbox', 'merge_install': False, 'path': '/home/nvidia/master_ws/src/xbox', 'symlink_install': False, 'test_result_base': None}
[2.855s] INFO:colcon.colcon_core.executor:Executing jobs using 'parallel' executor
[2.860s] DEBUG:colcon.colcon_parallel_executor.executor.parallel:run_until_complete
[2.862s] INFO:colcon.colcon_ros.task.ament_python.build:Building ROS package in '/home/nvidia/master_ws/src/xbox' with build type 'ament_python'
[2.862s] Level 1:colcon.colcon_core.shell:create_environment_hook('xbox', 'ament_prefix_path')
[2.875s] INFO:colcon.colcon_core.plugin_system:Skipping extension 'colcon_core.shell.bat': Not used on non-Windows systems
[2.876s] INFO:colcon.colcon_core.shell:Creating environment hook '/home/nvidia/master_ws/install/xbox/share/xbox/hook/ament_prefix_path.ps1'
[2.878s] INFO:colcon.colcon_core.shell:Creating environment descriptor '/home/nvidia/master_ws/install/xbox/share/xbox/hook/ament_prefix_path.dsv'
[2.880s] INFO:colcon.colcon_core.shell:Creating environment hook '/home/nvidia/master_ws/install/xbox/share/xbox/hook/ament_prefix_path.sh'
[2.884s] INFO:colcon.colcon_core.shell:Skip shell extension 'powershell' for command environment: Not usable outside of PowerShell
[2.884s] DEBUG:colcon.colcon_core.shell:Skip shell extension 'dsv' for command environment
[4.300s] INFO:colcon.colcon_core.task.python.build:Building Python package in '/home/nvidia/master_ws/src/xbox'
[4.304s] INFO:colcon.colcon_core.shell:Skip shell extension 'powershell' for command environment: Not usable outside of PowerShell
[4.305s] DEBUG:colcon.colcon_core.shell:Skip shell extension 'dsv' for command environment
[6.502s] DEBUG:colcon.colcon_core.event_handler.log_command:Invoking command in '/home/nvidia/master_ws/src/xbox': PYTHONPATH=/home/nvidia/master_ws/build/xbox/prefix_override:/home/nvidia/master_ws/install/xbox/lib/python3.8/site-packages:${PYTHONPATH} /usr/bin/python3 -W ignore:setup.py install is deprecated setup.py egg_info --egg-base ../../build/xbox build --build-base /home/nvidia/master_ws/build/xbox/build install --record /home/nvidia/master_ws/build/xbox/install.log --install-scripts $base/lib/xbox --single-version-externally-managed install_data
[8.250s] DEBUG:colcon.colcon_core.event_handler.log_command:Invoked command in '/home/nvidia/master_ws/src/xbox' returned '0': PYTHONPATH=/home/nvidia/master_ws/build/xbox/prefix_override:/home/nvidia/master_ws/install/xbox/lib/python3.8/site-packages:${PYTHONPATH} /usr/bin/python3 -W ignore:setup.py install is deprecated setup.py egg_info --egg-base ../../build/xbox build --build-base /home/nvidia/master_ws/build/xbox/build install --record /home/nvidia/master_ws/build/xbox/install.log --install-scripts $base/lib/xbox --single-version-externally-managed install_data
[8.267s] Level 1:colcon.colcon_core.environment:checking '/home/nvidia/master_ws/install/xbox' for CMake module files
[8.270s] Level 1:colcon.colcon_core.environment:checking '/home/nvidia/master_ws/install/xbox' for CMake config files
[8.275s] Level 1:colcon.colcon_core.environment:checking '/home/nvidia/master_ws/install/xbox/lib'
[8.276s] Level 1:colcon.colcon_core.environment:checking '/home/nvidia/master_ws/install/xbox/bin'
[8.277s] Level 1:colcon.colcon_core.environment:checking '/home/nvidia/master_ws/install/xbox/lib/pkgconfig/xbox.pc'
[8.278s] Level 1:colcon.colcon_core.environment:checking '/home/nvidia/master_ws/install/xbox/lib/python3.8/site-packages'
[8.278s] Level 1:colcon.colcon_core.shell:create_environment_hook('xbox', 'pythonpath')
[8.280s] INFO:colcon.colcon_core.shell:Creating environment hook '/home/nvidia/master_ws/install/xbox/share/xbox/hook/pythonpath.ps1'
[8.283s] INFO:colcon.colcon_core.shell:Creating environment descriptor '/home/nvidia/master_ws/install/xbox/share/xbox/hook/pythonpath.dsv'
[8.285s] INFO:colcon.colcon_core.shell:Creating environment hook '/home/nvidia/master_ws/install/xbox/share/xbox/hook/pythonpath.sh'
[8.288s] Level 1:colcon.colcon_core.environment:checking '/home/nvidia/master_ws/install/xbox/bin'
[8.288s] Level 1:colcon.colcon_core.environment:create_environment_scripts_only(xbox)
[8.290s] INFO:colcon.colcon_core.shell:Creating package script '/home/nvidia/master_ws/install/xbox/share/xbox/package.ps1'
[8.295s] INFO:colcon.colcon_core.shell:Creating package descriptor '/home/nvidia/master_ws/install/xbox/share/xbox/package.dsv'
[8.298s] INFO:colcon.colcon_core.shell:Creating package script '/home/nvidia/master_ws/install/xbox/share/xbox/package.sh'
[8.302s] INFO:colcon.colcon_core.shell:Creating package script '/home/nvidia/master_ws/install/xbox/share/xbox/package.bash'
[8.306s] INFO:colcon.colcon_core.shell:Creating package script '/home/nvidia/master_ws/install/xbox/share/xbox/package.zsh'
[8.309s] Level 1:colcon.colcon_core.environment:create_file_with_runtime_dependencies(/home/nvidia/master_ws/install/xbox/share/colcon-core/packages/xbox)
[8.312s] DEBUG:colcon.colcon_parallel_executor.executor.parallel:closing loop
[8.313s] DEBUG:colcon.colcon_parallel_executor.executor.parallel:loop closed
[8.315s] DEBUG:colcon.colcon_parallel_executor.executor.parallel:run_until_complete finished with '0'
[8.315s] DEBUG:colcon.colcon_core.event_reactor:joining thread
[8.348s] INFO:colcon.colcon_core.plugin_system:Skipping extension 'colcon_notification.desktop_notification.terminal_notifier': Not used on non-Darwin systems
[8.348s] INFO:colcon.colcon_core.plugin_system:Skipping extension 'colcon_notification.desktop_notification.win32': Not used on non-Windows systems
[8.349s] INFO:colcon.colcon_notification.desktop_notification:Sending desktop notification using 'notify2'
[8.421s] DEBUG:colcon.colcon_core.event_reactor:joined thread
[8.423s] INFO:colcon.colcon_core.shell:Creating prefix script '/home/nvidia/master_ws/install/local_setup.ps1'
[8.428s] INFO:colcon.colcon_core.shell:Creating prefix util module '/home/nvidia/master_ws/install/_local_setup_util_ps1.py'
[8.435s] INFO:colcon.colcon_core.shell:Creating prefix chain script '/home/nvidia/master_ws/install/setup.ps1'
[8.445s] INFO:colcon.colcon_core.shell:Creating prefix script '/home/nvidia/master_ws/install/local_setup.sh'
[8.448s] INFO:colcon.colcon_core.shell:Creating prefix util module '/home/nvidia/master_ws/install/_local_setup_util_sh.py'
[8.451s] INFO:colcon.colcon_core.shell:Creating prefix chain script '/home/nvidia/master_ws/install/setup.sh'
[8.462s] INFO:colcon.colcon_core.shell:Creating prefix script '/home/nvidia/master_ws/install/local_setup.bash'
[8.465s] INFO:colcon.colcon_core.shell:Creating prefix chain script '/home/nvidia/master_ws/install/setup.bash'
[8.475s] INFO:colcon.colcon_core.shell:Creating prefix script '/home/nvidia/master_ws/install/local_setup.zsh'
[8.478s] INFO:colcon.colcon_core.shell:Creating prefix chain script '/home/nvidia/master_ws/install/setup.zsh'
