[5.492s] Invoking command in '/home/nvidia/master_ws/src/xbox': PYTHONPATH=/home/nvidia/master_ws/build/xbox/prefix_override:/home/nvidia/master_ws/install/xbox/lib/python3.8/site-packages:${PYTHONPATH} /usr/bin/python3 -W ignore:setup.py install is deprecated setup.py egg_info --egg-base ../../build/xbox build --build-base /home/nvidia/master_ws/build/xbox/build install --record /home/nvidia/master_ws/build/xbox/install.log --install-scripts $base/lib/xbox --single-version-externally-managed install_data
[6.946s] running egg_info
[6.950s] writing ../../build/xbox/xbox.egg-info/PKG-INFO
[6.951s] writing dependency_links to ../../build/xbox/xbox.egg-info/dependency_links.txt
[6.952s] writing entry points to ../../build/xbox/xbox.egg-info/entry_points.txt
[6.953s] writing requirements to ../../build/xbox/xbox.egg-info/requires.txt
[6.954s] writing top-level names to ../../build/xbox/xbox.egg-info/top_level.txt
[7.150s] reading manifest file '../../build/xbox/xbox.egg-info/SOURCES.txt'
[7.157s] writing manifest file '../../build/xbox/xbox.egg-info/SOURCES.txt'
[7.158s] running build
[7.158s] running build_py
[7.159s] copying xbox/control.py -> /home/nvidia/master_ws/build/xbox/build/lib/xbox
[7.164s] running install
[7.167s] running install_lib
[7.174s] copying /home/nvidia/master_ws/build/xbox/build/lib/xbox/control.py -> /home/nvidia/master_ws/install/xbox/lib/python3.8/site-packages/xbox
[7.178s] byte-compiling /home/nvidia/master_ws/install/xbox/lib/python3.8/site-packages/xbox/control.py to control.cpython-38.pyc
[7.190s] running install_data
[7.192s] running install_egg_info
[7.201s] removing '/home/nvidia/master_ws/install/xbox/lib/python3.8/site-packages/xbox-0.0.0-py3.8.egg-info' (and everything under it)
[7.203s] Copying ../../build/xbox/xbox.egg-info to /home/nvidia/master_ws/install/xbox/lib/python3.8/site-packages/xbox-0.0.0-py3.8.egg-info
[7.211s] running install_scripts
[7.311s] Installing control script to /home/nvidia/master_ws/install/xbox/lib/xbox
[7.314s] writing list of installed files to '/home/nvidia/master_ws/build/xbox/install.log'
[7.439s] Invoked command in '/home/nvidia/master_ws/src/xbox' returned '0': PYTHONPATH=/home/nvidia/master_ws/build/xbox/prefix_override:/home/nvidia/master_ws/install/xbox/lib/python3.8/site-packages:${PYTHONPATH} /usr/bin/python3 -W ignore:setup.py install is deprecated setup.py egg_info --egg-base ../../build/xbox build --build-base /home/nvidia/master_ws/build/xbox/build install --record /home/nvidia/master_ws/build/xbox/install.log --install-scripts $base/lib/xbox --single-version-externally-managed install_data
