[0.165s] Invoking command in '/home/nvidia/master_ws/build/velodyne_pointcloud': CMAKE_PREFIX_PATH=/home/nvidia/master_ws/install/velodyne_msgs:/home/nvidia/master_ws/install/velodyne:/home/nvidia/master_ws/install/velodyne_pointcloud:/home/nvidia/master_ws/install/velodyne_driver:/home/nvidia/master_ws/install/velodyne_laserscan:/home/nvidia/master_ws/install/realsense_control:/home/nvidia/master_ws/install/plane_fitter:/home/nvidia/master_ws/install/listener:/home/nvidia/master_ws/install/lidar:/home/nvidia/master_ws/install/xbox:/home/nvidia/master_ws/install/lidar_control:/home/nvidia/master_ws/install/launch_car:/home/nvidia/master_ws/install/broadcaster:/home/nvidia/install/xbox:/opt/ros/foxy LD_LIBRARY_PATH=/home/nvidia/master_ws/install/velodyne_msgs/lib:/home/nvidia/master_ws/install/velodyne_pointcloud/lib:/home/nvidia/master_ws/install/velodyne_driver/lib:/home/nvidia/master_ws/install/velodyne_laserscan/lib:/opt/ros/foxy/opt/yaml_cpp_vendor/lib:/opt/ros/foxy/opt/rviz_ogre_vendor/lib:/opt/ros/foxy/lib/aarch64-linux-gnu:/opt/ros/foxy/lib:/usr/local/cuda-11.4/lib64 PYTHONPATH=/home/nvidia/master_ws/install/velodyne_msgs/lib/python3.8/site-packages:/home/nvidia/master_ws/install/xbox/lib/python3.8/site-packages:/home/nvidia/master_ws/install/lidar_control/lib/python3.8/site-packages:/home/nvidia/master_ws/install/launch_car/lib/python3.8/site-packages:/home/nvidia/master_ws/install/broadcaster/lib/python3.8/site-packages:/home/nvidia/install/xbox/lib/python3.8/site-packages:/opt/ros/foxy/lib/python3.8/site-packages /usr/bin/cmake --build /home/nvidia/master_ws/build/velodyne_pointcloud -- -j6 -l6
[0.760s] [ 11%] Built target gtest_main
[0.770s] [ 22%] Built target gtest
[0.898s] [ 38%] Built target velodyne_rawdata
[0.988s] [ 55%] Built target velodyne_cloud_types
[1.283s] [ 66%] Built target test_calibration
[1.383s] [ 77%] Built target test_row_step
[1.405s] [ 88%] Built target transform
[1.724s] [100%] Built target velodyne_transform_node
[1.860s] Invoked command in '/home/nvidia/master_ws/build/velodyne_pointcloud' returned '0': CMAKE_PREFIX_PATH=/home/nvidia/master_ws/install/velodyne_msgs:/home/nvidia/master_ws/install/velodyne:/home/nvidia/master_ws/install/velodyne_pointcloud:/home/nvidia/master_ws/install/velodyne_driver:/home/nvidia/master_ws/install/velodyne_laserscan:/home/nvidia/master_ws/install/realsense_control:/home/nvidia/master_ws/install/plane_fitter:/home/nvidia/master_ws/install/listener:/home/nvidia/master_ws/install/lidar:/home/nvidia/master_ws/install/xbox:/home/nvidia/master_ws/install/lidar_control:/home/nvidia/master_ws/install/launch_car:/home/nvidia/master_ws/install/broadcaster:/home/nvidia/install/xbox:/opt/ros/foxy LD_LIBRARY_PATH=/home/nvidia/master_ws/install/velodyne_msgs/lib:/home/nvidia/master_ws/install/velodyne_pointcloud/lib:/home/nvidia/master_ws/install/velodyne_driver/lib:/home/nvidia/master_ws/install/velodyne_laserscan/lib:/opt/ros/foxy/opt/yaml_cpp_vendor/lib:/opt/ros/foxy/opt/rviz_ogre_vendor/lib:/opt/ros/foxy/lib/aarch64-linux-gnu:/opt/ros/foxy/lib:/usr/local/cuda-11.4/lib64 PYTHONPATH=/home/nvidia/master_ws/install/velodyne_msgs/lib/python3.8/site-packages:/home/nvidia/master_ws/install/xbox/lib/python3.8/site-packages:/home/nvidia/master_ws/install/lidar_control/lib/python3.8/site-packages:/home/nvidia/master_ws/install/launch_car/lib/python3.8/site-packages:/home/nvidia/master_ws/install/broadcaster/lib/python3.8/site-packages:/home/nvidia/install/xbox/lib/python3.8/site-packages:/opt/ros/foxy/lib/python3.8/site-packages /usr/bin/cmake --build /home/nvidia/master_ws/build/velodyne_pointcloud -- -j6 -l6
[3.723s] Invoking command in '/home/nvidia/master_ws/build/velodyne_pointcloud': CMAKE_PREFIX_PATH=/home/nvidia/master_ws/install/velodyne_msgs:/home/nvidia/master_ws/install/velodyne:/home/nvidia/master_ws/install/velodyne_pointcloud:/home/nvidia/master_ws/install/velodyne_driver:/home/nvidia/master_ws/install/velodyne_laserscan:/home/nvidia/master_ws/install/realsense_control:/home/nvidia/master_ws/install/plane_fitter:/home/nvidia/master_ws/install/listener:/home/nvidia/master_ws/install/lidar:/home/nvidia/master_ws/install/xbox:/home/nvidia/master_ws/install/lidar_control:/home/nvidia/master_ws/install/launch_car:/home/nvidia/master_ws/install/broadcaster:/home/nvidia/install/xbox:/opt/ros/foxy LD_LIBRARY_PATH=/home/nvidia/master_ws/install/velodyne_msgs/lib:/home/nvidia/master_ws/install/velodyne_pointcloud/lib:/home/nvidia/master_ws/install/velodyne_driver/lib:/home/nvidia/master_ws/install/velodyne_laserscan/lib:/opt/ros/foxy/opt/yaml_cpp_vendor/lib:/opt/ros/foxy/opt/rviz_ogre_vendor/lib:/opt/ros/foxy/lib/aarch64-linux-gnu:/opt/ros/foxy/lib:/usr/local/cuda-11.4/lib64 PYTHONPATH=/home/nvidia/master_ws/install/velodyne_msgs/lib/python3.8/site-packages:/home/nvidia/master_ws/install/xbox/lib/python3.8/site-packages:/home/nvidia/master_ws/install/lidar_control/lib/python3.8/site-packages:/home/nvidia/master_ws/install/launch_car/lib/python3.8/site-packages:/home/nvidia/master_ws/install/broadcaster/lib/python3.8/site-packages:/home/nvidia/install/xbox/lib/python3.8/site-packages:/opt/ros/foxy/lib/python3.8/site-packages /usr/bin/cmake --install /home/nvidia/master_ws/build/velodyne_pointcloud
[3.800s] -- Install configuration: ""
[3.801s] -- Up-to-date: /home/nvidia/master_ws/install/velodyne_pointcloud/lib/libtransform.so
[3.802s] -- Up-to-date: /home/nvidia/master_ws/install/velodyne_pointcloud/lib/velodyne_pointcloud/velodyne_transform_node
[3.803s] -- Up-to-date: /home/nvidia/master_ws/install/velodyne_pointcloud/include/velodyne_pointcloud
[3.804s] -- Up-to-date: /home/nvidia/master_ws/install/velodyne_pointcloud/include/velodyne_pointcloud/datacontainerbase.hpp
[3.805s] -- Up-to-date: /home/nvidia/master_ws/install/velodyne_pointcloud/include/velodyne_pointcloud/pointcloudXYZIRT.hpp
[3.805s] -- Up-to-date: /home/nvidia/master_ws/install/velodyne_pointcloud/include/velodyne_pointcloud/organized_cloudXYZIRT.hpp
[3.806s] -- Up-to-date: /home/nvidia/master_ws/install/velodyne_pointcloud/include/velodyne_pointcloud/calibration.hpp
[3.807s] -- Up-to-date: /home/nvidia/master_ws/install/velodyne_pointcloud/include/velodyne_pointcloud/rawdata.hpp
[3.808s] -- Up-to-date: /home/nvidia/master_ws/install/velodyne_pointcloud/include/velodyne_pointcloud/transform.hpp
[3.808s] -- Up-to-date: /home/nvidia/master_ws/install/velodyne_pointcloud/share/velodyne_pointcloud/config
[3.809s] -- Up-to-date: /home/nvidia/master_ws/install/velodyne_pointcloud/share/velodyne_pointcloud/config/VLS128-velodyne_transform_node-params.yaml
[3.810s] -- Up-to-date: /home/nvidia/master_ws/install/velodyne_pointcloud/share/velodyne_pointcloud/config/VLP16-velodyne_transform_node-params.yaml
[3.811s] -- Up-to-date: /home/nvidia/master_ws/install/velodyne_pointcloud/share/velodyne_pointcloud/config/VLP32C-velodyne_transform_node-params.yaml
[3.811s] -- Up-to-date: /home/nvidia/master_ws/install/velodyne_pointcloud/share/velodyne_pointcloud/launch
[3.812s] -- Up-to-date: /home/nvidia/master_ws/install/velodyne_pointcloud/share/velodyne_pointcloud/launch/velodyne_transform_node-VLP32C-launch.py
[3.813s] -- Up-to-date: /home/nvidia/master_ws/install/velodyne_pointcloud/share/velodyne_pointcloud/launch/velodyne_transform_node-VLP16-launch.py
[3.814s] -- Up-to-date: /home/nvidia/master_ws/install/velodyne_pointcloud/share/velodyne_pointcloud/launch/velodyne_transform_node-VLS128-composed-launch.py
[3.814s] -- Up-to-date: /home/nvidia/master_ws/install/velodyne_pointcloud/share/velodyne_pointcloud/launch/velodyne_transform_node-VLP16-composed-launch.py
[3.815s] -- Up-to-date: /home/nvidia/master_ws/install/velodyne_pointcloud/share/velodyne_pointcloud/launch/velodyne_transform_node-VLP32C-composed-launch.py
[3.816s] -- Up-to-date: /home/nvidia/master_ws/install/velodyne_pointcloud/share/velodyne_pointcloud/launch/velodyne_transform_node-VLS128-launch.py
[3.816s] -- Up-to-date: /home/nvidia/master_ws/install/velodyne_pointcloud/share/velodyne_pointcloud/params
[3.819s] -- Up-to-date: /home/nvidia/master_ws/install/velodyne_pointcloud/share/velodyne_pointcloud/params/rviz_points.vcg
[3.820s] -- Up-to-date: /home/nvidia/master_ws/install/velodyne_pointcloud/share/velodyne_pointcloud/params/32db.yaml
[3.821s] -- Up-to-date: /home/nvidia/master_ws/install/velodyne_pointcloud/share/velodyne_pointcloud/params/VeloView-VLP-32C.yaml
[3.822s] -- Up-to-date: /home/nvidia/master_ws/install/velodyne_pointcloud/share/velodyne_pointcloud/params/VLP16db.yaml
[3.822s] -- Up-to-date: /home/nvidia/master_ws/install/velodyne_pointcloud/share/velodyne_pointcloud/params/VLP16_hires_db.yaml
[3.823s] -- Up-to-date: /home/nvidia/master_ws/install/velodyne_pointcloud/share/velodyne_pointcloud/params/64e_s3-xiesc.yaml
[3.824s] -- Up-to-date: /home/nvidia/master_ws/install/velodyne_pointcloud/share/velodyne_pointcloud/params/64e_s2.1-sztaki.yaml
[3.826s] -- Up-to-date: /home/nvidia/master_ws/install/velodyne_pointcloud/share/velodyne_pointcloud/params/64e_utexas.yaml
[3.826s] -- Up-to-date: /home/nvidia/master_ws/install/velodyne_pointcloud/share/velodyne_pointcloud/params/issue_84_float_intensities.yaml
[3.827s] -- Up-to-date: /home/nvidia/master_ws/install/velodyne_pointcloud/share/velodyne_pointcloud/params/VLS128.yaml
[3.829s] -- Up-to-date: /home/nvidia/master_ws/install/velodyne_pointcloud/share/ament_index/resource_index/package_run_dependencies/velodyne_pointcloud
[3.829s] -- Up-to-date: /home/nvidia/master_ws/install/velodyne_pointcloud/share/ament_index/resource_index/parent_prefix_path/velodyne_pointcloud
[3.831s] -- Up-to-date: /home/nvidia/master_ws/install/velodyne_pointcloud/share/velodyne_pointcloud/environment/ament_prefix_path.sh
[3.831s] -- Up-to-date: /home/nvidia/master_ws/install/velodyne_pointcloud/share/velodyne_pointcloud/environment/ament_prefix_path.dsv
[3.832s] -- Up-to-date: /home/nvidia/master_ws/install/velodyne_pointcloud/share/velodyne_pointcloud/environment/path.sh
[3.832s] -- Up-to-date: /home/nvidia/master_ws/install/velodyne_pointcloud/share/velodyne_pointcloud/environment/path.dsv
[3.834s] -- Up-to-date: /home/nvidia/master_ws/install/velodyne_pointcloud/share/velodyne_pointcloud/local_setup.bash
[3.835s] -- Up-to-date: /home/nvidia/master_ws/install/velodyne_pointcloud/share/velodyne_pointcloud/local_setup.sh
[3.836s] -- Up-to-date: /home/nvidia/master_ws/install/velodyne_pointcloud/share/velodyne_pointcloud/local_setup.zsh
[3.838s] -- Up-to-date: /home/nvidia/master_ws/install/velodyne_pointcloud/share/velodyne_pointcloud/local_setup.dsv
[3.841s] -- Installing: /home/nvidia/master_ws/install/velodyne_pointcloud/share/velodyne_pointcloud/package.dsv
[3.842s] -- Up-to-date: /home/nvidia/master_ws/install/velodyne_pointcloud/share/ament_index/resource_index/packages/velodyne_pointcloud
[3.844s] -- Up-to-date: /home/nvidia/master_ws/install/velodyne_pointcloud/share/ament_index/resource_index/rclcpp_components/velodyne_pointcloud
[3.845s] -- Up-to-date: /home/nvidia/master_ws/install/velodyne_pointcloud/share/velodyne_pointcloud/cmake/velodyne_pointcloudConfig.cmake
[3.845s] -- Up-to-date: /home/nvidia/master_ws/install/velodyne_pointcloud/share/velodyne_pointcloud/cmake/velodyne_pointcloudConfig-version.cmake
[3.847s] -- Up-to-date: /home/nvidia/master_ws/install/velodyne_pointcloud/share/velodyne_pointcloud/package.xml
[3.848s] -- Up-to-date: /home/nvidia/master_ws/install/velodyne_pointcloud/lib/libvelodyne_cloud_types.so
[3.850s] -- Up-to-date: /home/nvidia/master_ws/install/velodyne_pointcloud/lib/libvelodyne_rawdata.so
[3.899s] Invoked command in '/home/nvidia/master_ws/build/velodyne_pointcloud' returned '0': CMAKE_PREFIX_PATH=/home/nvidia/master_ws/install/velodyne_msgs:/home/nvidia/master_ws/install/velodyne:/home/nvidia/master_ws/install/velodyne_pointcloud:/home/nvidia/master_ws/install/velodyne_driver:/home/nvidia/master_ws/install/velodyne_laserscan:/home/nvidia/master_ws/install/realsense_control:/home/nvidia/master_ws/install/plane_fitter:/home/nvidia/master_ws/install/listener:/home/nvidia/master_ws/install/lidar:/home/nvidia/master_ws/install/xbox:/home/nvidia/master_ws/install/lidar_control:/home/nvidia/master_ws/install/launch_car:/home/nvidia/master_ws/install/broadcaster:/home/nvidia/install/xbox:/opt/ros/foxy LD_LIBRARY_PATH=/home/nvidia/master_ws/install/velodyne_msgs/lib:/home/nvidia/master_ws/install/velodyne_pointcloud/lib:/home/nvidia/master_ws/install/velodyne_driver/lib:/home/nvidia/master_ws/install/velodyne_laserscan/lib:/opt/ros/foxy/opt/yaml_cpp_vendor/lib:/opt/ros/foxy/opt/rviz_ogre_vendor/lib:/opt/ros/foxy/lib/aarch64-linux-gnu:/opt/ros/foxy/lib:/usr/local/cuda-11.4/lib64 PYTHONPATH=/home/nvidia/master_ws/install/velodyne_msgs/lib/python3.8/site-packages:/home/nvidia/master_ws/install/xbox/lib/python3.8/site-packages:/home/nvidia/master_ws/install/lidar_control/lib/python3.8/site-packages:/home/nvidia/master_ws/install/launch_car/lib/python3.8/site-packages:/home/nvidia/master_ws/install/broadcaster/lib/python3.8/site-packages:/home/nvidia/install/xbox/lib/python3.8/site-packages:/opt/ros/foxy/lib/python3.8/site-packages /usr/bin/cmake --install /home/nvidia/master_ws/build/velodyne_pointcloud
