[5.687s] Invoking command in '/home/nvidia/master_ws/src/broadcaster': PYTHONPATH=/home/nvidia/master_ws/build/broadcaster/prefix_override:/home/nvidia/master_ws/install/broadcaster/lib/python3.8/site-packages:${PYTHONPATH} /usr/bin/python3 -W ignore:setup.py install is deprecated setup.py egg_info --egg-base ../../build/broadcaster build --build-base /home/nvidia/master_ws/build/broadcaster/build install --record /home/nvidia/master_ws/build/broadcaster/install.log --install-scripts $base/lib/broadcaster --single-version-externally-managed install_data
[7.901s] running egg_info
[7.904s] writing ../../build/broadcaster/broadcaster.egg-info/PKG-INFO
[7.906s] writing dependency_links to ../../build/broadcaster/broadcaster.egg-info/dependency_links.txt
[7.908s] writing entry points to ../../build/broadcaster/broadcaster.egg-info/entry_points.txt
[7.909s] writing requirements to ../../build/broadcaster/broadcaster.egg-info/requires.txt
[7.911s] writing top-level names to ../../build/broadcaster/broadcaster.egg-info/top_level.txt
[8.151s] reading manifest file '../../build/broadcaster/broadcaster.egg-info/SOURCES.txt'
[8.161s] writing manifest file '../../build/broadcaster/broadcaster.egg-info/SOURCES.txt'
[8.168s] running build
[8.168s] running build_py
[8.171s] running install
[8.177s] running install_lib
[8.192s] running install_data
[8.201s] running install_egg_info
[8.209s] removing '/home/nvidia/master_ws/install/broadcaster/lib/python3.8/site-packages/broadcaster-0.0.0-py3.8.egg-info' (and everything under it)
[8.220s] Copying ../../build/broadcaster/broadcaster.egg-info to /home/nvidia/master_ws/install/broadcaster/lib/python3.8/site-packages/broadcaster-0.0.0-py3.8.egg-info
[8.234s] running install_scripts
[8.427s] Installing lidar script to /home/nvidia/master_ws/install/broadcaster/lib/broadcaster
[8.436s] Installing realsense script to /home/nvidia/master_ws/install/broadcaster/lib/broadcaster
[8.457s] writing list of installed files to '/home/nvidia/master_ws/build/broadcaster/install.log'
[8.737s] Invoked command in '/home/nvidia/master_ws/src/broadcaster' returned '0': PYTHONPATH=/home/nvidia/master_ws/build/broadcaster/prefix_override:/home/nvidia/master_ws/install/broadcaster/lib/python3.8/site-packages:${PYTHONPATH} /usr/bin/python3 -W ignore:setup.py install is deprecated setup.py egg_info --egg-base ../../build/broadcaster build --build-base /home/nvidia/master_ws/build/broadcaster/build install --record /home/nvidia/master_ws/build/broadcaster/install.log --install-scripts $base/lib/broadcaster --single-version-externally-managed install_data
