[0.200s] Invoking command in '/home/nvidia/master_ws/build/lidar': CMAKE_PREFIX_PATH=${CMAKE_PREFIX_PATH}:/home/nvidia/master_ws/install/xbox:/home/nvidia/master_ws/install/lidar_control:/home/nvidia/master_ws/install/launch_car:/home/nvidia/master_ws/install/broadcaster:/home/nvidia/install/xbox:/opt/ros/foxy /usr/bin/cmake --build /home/nvidia/master_ws/build/lidar -- -j6 -l6
[0.703s] [100%] Built target lidar
[1.803s] Invoked command in '/home/nvidia/master_ws/build/lidar' returned '0': CMAKE_PREFIX_PATH=${CMAKE_PREFIX_PATH}:/home/nvidia/master_ws/install/xbox:/home/nvidia/master_ws/install/lidar_control:/home/nvidia/master_ws/install/launch_car:/home/nvidia/master_ws/install/broadcaster:/home/nvidia/install/xbox:/opt/ros/foxy /usr/bin/cmake --build /home/nvidia/master_ws/build/lidar -- -j6 -l6
[2.079s] Invoking command in '/home/nvidia/master_ws/build/lidar': CMAKE_PREFIX_PATH=${CMAKE_PREFIX_PATH}:/home/nvidia/master_ws/install/xbox:/home/nvidia/master_ws/install/lidar_control:/home/nvidia/master_ws/install/launch_car:/home/nvidia/master_ws/install/broadcaster:/home/nvidia/install/xbox:/opt/ros/foxy /usr/bin/cmake --install /home/nvidia/master_ws/build/lidar
[2.130s] -- Install configuration: ""
[2.132s] -- Up-to-date: /home/nvidia/master_ws/install/lidar/lib/lidar/lidar
[2.134s] -- Up-to-date: /home/nvidia/master_ws/install/lidar/share/ament_index/resource_index/package_run_dependencies/lidar
[2.136s] -- Up-to-date: /home/nvidia/master_ws/install/lidar/share/ament_index/resource_index/parent_prefix_path/lidar
[2.136s] -- Up-to-date: /home/nvidia/master_ws/install/lidar/share/lidar/environment/ament_prefix_path.sh
[2.139s] -- Up-to-date: /home/nvidia/master_ws/install/lidar/share/lidar/environment/ament_prefix_path.dsv
[2.140s] -- Up-to-date: /home/nvidia/master_ws/install/lidar/share/lidar/environment/path.sh
[2.140s] -- Up-to-date: /home/nvidia/master_ws/install/lidar/share/lidar/environment/path.dsv
[2.141s] -- Up-to-date: /home/nvidia/master_ws/install/lidar/share/lidar/local_setup.bash
[2.141s] -- Up-to-date: /home/nvidia/master_ws/install/lidar/share/lidar/local_setup.sh
[2.142s] -- Up-to-date: /home/nvidia/master_ws/install/lidar/share/lidar/local_setup.zsh
[2.144s] -- Up-to-date: /home/nvidia/master_ws/install/lidar/share/lidar/local_setup.dsv
[2.145s] -- Installing: /home/nvidia/master_ws/install/lidar/share/lidar/package.dsv
[2.145s] -- Up-to-date: /home/nvidia/master_ws/install/lidar/share/ament_index/resource_index/packages/lidar
[2.146s] -- Up-to-date: /home/nvidia/master_ws/install/lidar/share/lidar/cmake/lidarConfig.cmake
[2.146s] -- Up-to-date: /home/nvidia/master_ws/install/lidar/share/lidar/cmake/lidarConfig-version.cmake
[2.148s] -- Up-to-date: /home/nvidia/master_ws/install/lidar/share/lidar/package.xml
[2.157s] Invoked command in '/home/nvidia/master_ws/build/lidar' returned '0': CMAKE_PREFIX_PATH=${CMAKE_PREFIX_PATH}:/home/nvidia/master_ws/install/xbox:/home/nvidia/master_ws/install/lidar_control:/home/nvidia/master_ws/install/launch_car:/home/nvidia/master_ws/install/broadcaster:/home/nvidia/install/xbox:/opt/ros/foxy /usr/bin/cmake --install /home/nvidia/master_ws/build/lidar
