[7.272s] Invoking command in '/home/nvidia/master_ws/src/launch_ws/src/launch_car': PYTHONPATH=/home/nvidia/master_ws/build/launch_car/prefix_override:/home/nvidia/master_ws/install/launch_car/lib/python3.8/site-packages:${PYTHONPATH} /usr/bin/python3 -W ignore:setup.py install is deprecated setup.py egg_info --egg-base ../../../../build/launch_car build --build-base /home/nvidia/master_ws/build/launch_car/build install --record /home/nvidia/master_ws/build/launch_car/install.log --install-scripts $base/lib/launch_car --single-version-externally-managed install_data
[8.938s] running egg_info
[8.939s] creating ../../../../build/launch_car/launch_car.egg-info
[8.940s] writing ../../../../build/launch_car/launch_car.egg-info/PKG-INFO
[8.940s] writing dependency_links to ../../../../build/launch_car/launch_car.egg-info/dependency_links.txt
[8.943s] writing entry points to ../../../../build/launch_car/launch_car.egg-info/entry_points.txt
[8.945s] writing requirements to ../../../../build/launch_car/launch_car.egg-info/requires.txt
[8.945s] writing top-level names to ../../../../build/launch_car/launch_car.egg-info/top_level.txt
[8.952s] writing manifest file '../../../../build/launch_car/launch_car.egg-info/SOURCES.txt'
[8.956s] reading manifest file '../../../../build/launch_car/launch_car.egg-info/SOURCES.txt'
[8.963s] writing manifest file '../../../../build/launch_car/launch_car.egg-info/SOURCES.txt'
[8.963s] running build
[8.964s] running build_py
[8.965s] creating /home/nvidia/master_ws/build/launch_car/build
[8.965s] creating /home/nvidia/master_ws/build/launch_car/build/lib
[8.973s] creating /home/nvidia/master_ws/build/launch_car/build/lib/launch_car
[8.990s] copying launch_car/__init__.py -> /home/nvidia/master_ws/build/launch_car/build/lib/launch_car
[8.991s] running install
[8.992s] running install_lib
[8.993s] creating /home/nvidia/master_ws/install/launch_car/lib/python3.8/site-packages/launch_car
[8.993s] copying /home/nvidia/master_ws/build/launch_car/build/lib/launch_car/__init__.py -> /home/nvidia/master_ws/install/launch_car/lib/python3.8/site-packages/launch_car
[8.993s] byte-compiling /home/nvidia/master_ws/install/launch_car/lib/python3.8/site-packages/launch_car/__init__.py to __init__.cpython-38.pyc
[8.996s] running install_data
[8.996s] creating /home/nvidia/master_ws/install/launch_car/share/ament_index
[8.997s] creating /home/nvidia/master_ws/install/launch_car/share/ament_index/resource_index
[8.997s] creating /home/nvidia/master_ws/install/launch_car/share/ament_index/resource_index/packages
[8.998s] copying resource/launch_car -> /home/nvidia/master_ws/install/launch_car/share/ament_index/resource_index/packages
[8.998s] copying package.xml -> /home/nvidia/master_ws/install/launch_car/share/launch_car
[8.999s] creating /home/nvidia/master_ws/install/launch_car/share/launch_car/launch
[8.999s] copying launch/all_launch.py -> /home/nvidia/master_ws/install/launch_car/share/launch_car/launch
[8.999s] copying launch/control_launch.py -> /home/nvidia/master_ws/install/launch_car/share/launch_car/launch
[9.000s] copying launch/car_launch.py -> /home/nvidia/master_ws/install/launch_car/share/launch_car/launch
[9.000s] copying launch/raw_to_PC2_launch.py -> /home/nvidia/master_ws/install/launch_car/share/launch_car/launch
[9.001s] copying launch/realsense_launch.py -> /home/nvidia/master_ws/install/launch_car/share/launch_car/launch
[9.002s] running install_egg_info
[9.003s] Copying ../../../../build/launch_car/launch_car.egg-info to /home/nvidia/master_ws/install/launch_car/lib/python3.8/site-packages/launch_car-0.0.0-py3.8.egg-info
[9.003s] running install_scripts
[9.097s] writing list of installed files to '/home/nvidia/master_ws/build/launch_car/install.log'
[9.327s] Invoked command in '/home/nvidia/master_ws/src/launch_ws/src/launch_car' returned '0': PYTHONPATH=/home/nvidia/master_ws/build/launch_car/prefix_override:/home/nvidia/master_ws/install/launch_car/lib/python3.8/site-packages:${PYTHONPATH} /usr/bin/python3 -W ignore:setup.py install is deprecated setup.py egg_info --egg-base ../../../../build/launch_car build --build-base /home/nvidia/master_ws/build/launch_car/build install --record /home/nvidia/master_ws/build/launch_car/install.log --install-scripts $base/lib/launch_car --single-version-externally-managed install_data
