[4.104s] Invoking command in '/home/nvidia/master_ws/src/xbox': PYTHONPATH=/home/nvidia/master_ws/build/xbox/prefix_override:/home/nvidia/master_ws/install/xbox/lib/python3.8/site-packages:${PYTHONPATH} /usr/bin/python3 -W ignore:setup.py install is deprecated setup.py egg_info --egg-base ../../build/xbox build --build-base /home/nvidia/master_ws/build/xbox/build install --record /home/nvidia/master_ws/build/xbox/install.log --install-scripts $base/lib/xbox --single-version-externally-managed install_data
[5.166s] running egg_info
[5.168s] writing ../../build/xbox/xbox.egg-info/PKG-INFO
[5.169s] writing dependency_links to ../../build/xbox/xbox.egg-info/dependency_links.txt
[5.170s] writing entry points to ../../build/xbox/xbox.egg-info/entry_points.txt
[5.171s] writing requirements to ../../build/xbox/xbox.egg-info/requires.txt
[5.172s] writing top-level names to ../../build/xbox/xbox.egg-info/top_level.txt
[5.316s] reading manifest file '../../build/xbox/xbox.egg-info/SOURCES.txt'
[5.319s] writing manifest file '../../build/xbox/xbox.egg-info/SOURCES.txt'
[5.320s] running build
[5.320s] running build_py
[5.321s] running install
[5.324s] running install_lib
[5.331s] running install_data
[5.332s] running install_egg_info
[5.339s] removing '/home/nvidia/master_ws/install/xbox/lib/python3.8/site-packages/xbox-0.0.0-py3.8.egg-info' (and everything under it)
[5.341s] Copying ../../build/xbox/xbox.egg-info to /home/nvidia/master_ws/install/xbox/lib/python3.8/site-packages/xbox-0.0.0-py3.8.egg-info
[5.346s] running install_scripts
[5.416s] Installing control script to /home/nvidia/master_ws/install/xbox/lib/xbox
[5.418s] writing list of installed files to '/home/nvidia/master_ws/build/xbox/install.log'
[5.510s] Invoked command in '/home/nvidia/master_ws/src/xbox' returned '0': PYTHONPATH=/home/nvidia/master_ws/build/xbox/prefix_override:/home/nvidia/master_ws/install/xbox/lib/python3.8/site-packages:${PYTHONPATH} /usr/bin/python3 -W ignore:setup.py install is deprecated setup.py egg_info --egg-base ../../build/xbox build --build-base /home/nvidia/master_ws/build/xbox/build install --record /home/nvidia/master_ws/build/xbox/install.log --install-scripts $base/lib/xbox --single-version-externally-managed install_data
