[3.813s] Invoking command in '/home/nvidia/master_ws/src/xbox': PYTHONPATH=/home/nvidia/master_ws/build/xbox/prefix_override:/home/nvidia/master_ws/install/xbox/lib/python3.8/site-packages:${PYTHONPATH} /usr/bin/python3 -W ignore:setup.py install is deprecated setup.py egg_info --egg-base ../../build/xbox build --build-base /home/nvidia/master_ws/build/xbox/build install --record /home/nvidia/master_ws/build/xbox/install.log --install-scripts $base/lib/xbox --single-version-externally-managed install_data
[4.772s] running egg_info
[4.774s] writing ../../build/xbox/xbox.egg-info/PKG-INFO
[4.775s] writing dependency_links to ../../build/xbox/xbox.egg-info/dependency_links.txt
[4.776s] writing entry points to ../../build/xbox/xbox.egg-info/entry_points.txt
[4.777s] writing requirements to ../../build/xbox/xbox.egg-info/requires.txt
[4.777s] writing top-level names to ../../build/xbox/xbox.egg-info/top_level.txt
[4.907s] reading manifest file '../../build/xbox/xbox.egg-info/SOURCES.txt'
[4.911s] writing manifest file '../../build/xbox/xbox.egg-info/SOURCES.txt'
[4.911s] running build
[4.912s] running build_py
[4.912s] copying xbox/xbox.py -> /home/nvidia/master_ws/build/xbox/build/lib/xbox
[4.913s] running install
[4.917s] running install_lib
[4.921s] copying /home/nvidia/master_ws/build/xbox/build/lib/xbox/xbox.py -> /home/nvidia/master_ws/install/xbox/lib/python3.8/site-packages/xbox
[4.923s] byte-compiling /home/nvidia/master_ws/install/xbox/lib/python3.8/site-packages/xbox/xbox.py to xbox.cpython-38.pyc
[4.933s] running install_data
[4.934s] running install_egg_info
[4.940s] removing '/home/nvidia/master_ws/install/xbox/lib/python3.8/site-packages/xbox-0.0.0-py3.8.egg-info' (and everything under it)
[4.941s] Copying ../../build/xbox/xbox.egg-info to /home/nvidia/master_ws/install/xbox/lib/python3.8/site-packages/xbox-0.0.0-py3.8.egg-info
[4.946s] running install_scripts
[5.014s] Installing xbox script to /home/nvidia/master_ws/install/xbox/lib/xbox
[5.016s] writing list of installed files to '/home/nvidia/master_ws/build/xbox/install.log'
[5.106s] Invoked command in '/home/nvidia/master_ws/src/xbox' returned '0': PYTHONPATH=/home/nvidia/master_ws/build/xbox/prefix_override:/home/nvidia/master_ws/install/xbox/lib/python3.8/site-packages:${PYTHONPATH} /usr/bin/python3 -W ignore:setup.py install is deprecated setup.py egg_info --egg-base ../../build/xbox build --build-base /home/nvidia/master_ws/build/xbox/build install --record /home/nvidia/master_ws/build/xbox/install.log --install-scripts $base/lib/xbox --single-version-externally-managed install_data
