[1.556s] Invoking command in '/home/nvidia/master_ws/build/listener': CMAKE_PREFIX_PATH=${CMAKE_PREFIX_PATH}:/home/nvidia/master_ws/install/broadcaster:/home/nvidia/velodyne_drivers/install/example:/home/nvidia/velodyne_drivers/install/broadcast_and_listener:/home/nvidia/velodyne_drivers/install/examples_tf2_py:/home/nvidia/velodyne_drivers/install/broadcaster:/home/nvidia/velodyne_drivers/install/test_converter:/home/nvidia/velodyne_drivers/install/py_launch_example:/opt/ros/foxy /usr/bin/cmake /home/nvidia/master_ws/src/listener -DCMAKE_INSTALL_PREFIX=/home/nvidia/master_ws/install/listener
[1.654s] -- Found ament_cmake: 0.9.12 (/opt/ros/foxy/share/ament_cmake/cmake)
[1.858s] -- Using PYTHON_EXECUTABLE: /usr/bin/python3
[3.119s] -- Found rclcpp: 2.4.3 (/opt/ros/foxy/share/rclcpp/cmake)
[3.292s] -- Using all available rosidl_typesupport_c: rosidl_typesupport_fastrtps_c;rosidl_typesupport_introspection_c
[3.310s] -- Found rosidl_adapter: 1.3.1 (/opt/ros/foxy/share/rosidl_adapter/cmake)
[4.251s] -- Using all available rosidl_typesupport_cpp: rosidl_typesupport_fastrtps_cpp;rosidl_typesupport_introspection_cpp
[4.711s] -- Found rmw_implementation_cmake: 1.0.4 (/opt/ros/foxy/share/rmw_implementation_cmake/cmake)
[4.739s] -- Using RMW implementation 'rmw_fastrtps_cpp' as default
[6.025s] -- Found tf2_ros: 0.13.14 (/home/nvidia/velodyne_drivers/install/tf2_ros/share/tf2_ros/cmake)
[8.106s] -- Found sensor_msgs: 2.0.5 (/opt/ros/foxy/share/sensor_msgs/cmake)
[8.531s] -- Found tf2_sensor_msgs: 0.13.14 (/home/nvidia/velodyne_drivers/install/tf2_sensor_msgs/share/tf2_sensor_msgs/cmake)
[8.749s] -- Found ament_lint_auto: 0.9.8 (/opt/ros/foxy/share/ament_lint_auto/cmake)
[9.199s] -- Added test 'copyright' to check source files copyright and LICENSE
[9.206s] -- Added test 'cppcheck' to perform static code analysis on C / C++ code
[9.208s] -- Configured cppcheck include dirs: 
[9.209s] -- Configured cppcheck exclude dirs and/or files: 
[9.215s] -- Added test 'cpplint' to check C / C++ code against the Google style
[9.216s] -- Configured cpplint exclude dirs and/or files: 
[9.222s] -- Added test 'lint_cmake' to check CMake code style
[9.228s] -- Added test 'uncrustify' to check C / C++ code style
[9.230s] -- Configured uncrustify additional arguments: 
[9.233s] -- Added test 'xmllint' to check XML markup files
[9.254s] -- Configuring done
[9.380s] -- Generating done
[9.400s] -- Build files have been written to: /home/nvidia/master_ws/build/listener
[9.456s] Invoked command in '/home/nvidia/master_ws/build/listener' returned '0': CMAKE_PREFIX_PATH=${CMAKE_PREFIX_PATH}:/home/nvidia/master_ws/install/broadcaster:/home/nvidia/velodyne_drivers/install/example:/home/nvidia/velodyne_drivers/install/broadcast_and_listener:/home/nvidia/velodyne_drivers/install/examples_tf2_py:/home/nvidia/velodyne_drivers/install/broadcaster:/home/nvidia/velodyne_drivers/install/test_converter:/home/nvidia/velodyne_drivers/install/py_launch_example:/opt/ros/foxy /usr/bin/cmake /home/nvidia/master_ws/src/listener -DCMAKE_INSTALL_PREFIX=/home/nvidia/master_ws/install/listener
[9.464s] Invoking command in '/home/nvidia/master_ws/build/listener': CMAKE_PREFIX_PATH=${CMAKE_PREFIX_PATH}:/home/nvidia/master_ws/install/broadcaster:/home/nvidia/velodyne_drivers/install/example:/home/nvidia/velodyne_drivers/install/broadcast_and_listener:/home/nvidia/velodyne_drivers/install/examples_tf2_py:/home/nvidia/velodyne_drivers/install/broadcaster:/home/nvidia/velodyne_drivers/install/test_converter:/home/nvidia/velodyne_drivers/install/py_launch_example:/opt/ros/foxy /usr/bin/cmake --build /home/nvidia/master_ws/build/listener -- -j4 -l4
[9.976s] [35m[1mScanning dependencies of target listener[0m
[10.900s] [ 50%] [32mBuilding CXX object CMakeFiles/listener.dir/src/listener.cpp.o[0m
[50.511s] [100%] [32m[1mLinking CXX executable listener[0m
[51.972s] [100%] Built target listener
[52.040s] Invoked command in '/home/nvidia/master_ws/build/listener' returned '0': CMAKE_PREFIX_PATH=${CMAKE_PREFIX_PATH}:/home/nvidia/master_ws/install/broadcaster:/home/nvidia/velodyne_drivers/install/example:/home/nvidia/velodyne_drivers/install/broadcast_and_listener:/home/nvidia/velodyne_drivers/install/examples_tf2_py:/home/nvidia/velodyne_drivers/install/broadcaster:/home/nvidia/velodyne_drivers/install/test_converter:/home/nvidia/velodyne_drivers/install/py_launch_example:/opt/ros/foxy /usr/bin/cmake --build /home/nvidia/master_ws/build/listener -- -j4 -l4
[52.209s] Invoking command in '/home/nvidia/master_ws/build/listener': CMAKE_PREFIX_PATH=${CMAKE_PREFIX_PATH}:/home/nvidia/master_ws/install/broadcaster:/home/nvidia/velodyne_drivers/install/example:/home/nvidia/velodyne_drivers/install/broadcast_and_listener:/home/nvidia/velodyne_drivers/install/examples_tf2_py:/home/nvidia/velodyne_drivers/install/broadcaster:/home/nvidia/velodyne_drivers/install/test_converter:/home/nvidia/velodyne_drivers/install/py_launch_example:/opt/ros/foxy /usr/bin/cmake --install /home/nvidia/master_ws/build/listener
[52.269s] -- Install configuration: ""
[52.270s] -- Installing: /home/nvidia/master_ws/install/listener/lib/listener/listener
[52.294s] -- Set runtime path of "/home/nvidia/master_ws/install/listener/lib/listener/listener" to ""
[52.296s] -- Installing: /home/nvidia/master_ws/install/listener/share/ament_index/resource_index/package_run_dependencies/listener
[52.297s] -- Installing: /home/nvidia/master_ws/install/listener/share/ament_index/resource_index/parent_prefix_path/listener
[52.297s] -- Installing: /home/nvidia/master_ws/install/listener/share/listener/environment/ament_prefix_path.sh
[52.298s] -- Installing: /home/nvidia/master_ws/install/listener/share/listener/environment/ament_prefix_path.dsv
[52.299s] -- Installing: /home/nvidia/master_ws/install/listener/share/listener/environment/path.sh
[52.300s] -- Installing: /home/nvidia/master_ws/install/listener/share/listener/environment/path.dsv
[52.301s] -- Installing: /home/nvidia/master_ws/install/listener/share/listener/local_setup.bash
[52.302s] -- Installing: /home/nvidia/master_ws/install/listener/share/listener/local_setup.sh
[52.303s] -- Installing: /home/nvidia/master_ws/install/listener/share/listener/local_setup.zsh
[52.306s] -- Installing: /home/nvidia/master_ws/install/listener/share/listener/local_setup.dsv
[52.307s] -- Installing: /home/nvidia/master_ws/install/listener/share/listener/package.dsv
[52.308s] -- Installing: /home/nvidia/master_ws/install/listener/share/ament_index/resource_index/packages/listener
[52.309s] -- Installing: /home/nvidia/master_ws/install/listener/share/listener/cmake/listenerConfig.cmake
[52.310s] -- Installing: /home/nvidia/master_ws/install/listener/share/listener/cmake/listenerConfig-version.cmake
[52.311s] -- Installing: /home/nvidia/master_ws/install/listener/share/listener/package.xml
[52.325s] Invoked command in '/home/nvidia/master_ws/build/listener' returned '0': CMAKE_PREFIX_PATH=${CMAKE_PREFIX_PATH}:/home/nvidia/master_ws/install/broadcaster:/home/nvidia/velodyne_drivers/install/example:/home/nvidia/velodyne_drivers/install/broadcast_and_listener:/home/nvidia/velodyne_drivers/install/examples_tf2_py:/home/nvidia/velodyne_drivers/install/broadcaster:/home/nvidia/velodyne_drivers/install/test_converter:/home/nvidia/velodyne_drivers/install/py_launch_example:/opt/ros/foxy /usr/bin/cmake --install /home/nvidia/master_ws/build/listener
