[7.378s] Invoking command in '/home/nvidia/master_ws/src/lidar_control': PYTHONPATH=/home/nvidia/master_ws/build/lidar_control/prefix_override:/home/nvidia/master_ws/install/lidar_control/lib/python3.8/site-packages:${PYTHONPATH} /usr/bin/python3 -W ignore:setup.py install is deprecated setup.py egg_info --egg-base ../../build/lidar_control build --build-base /home/nvidia/master_ws/build/lidar_control/build install --record /home/nvidia/master_ws/build/lidar_control/install.log --install-scripts $base/lib/lidar_control --single-version-externally-managed install_data
[8.998s] running egg_info
[9.002s] creating ../../build/lidar_control/lidar_control.egg-info
[9.003s] writing ../../build/lidar_control/lidar_control.egg-info/PKG-INFO
[9.006s] writing dependency_links to ../../build/lidar_control/lidar_control.egg-info/dependency_links.txt
[9.006s] writing entry points to ../../build/lidar_control/lidar_control.egg-info/entry_points.txt
[9.008s] writing requirements to ../../build/lidar_control/lidar_control.egg-info/requires.txt
[9.008s] writing top-level names to ../../build/lidar_control/lidar_control.egg-info/top_level.txt
[9.016s] writing manifest file '../../build/lidar_control/lidar_control.egg-info/SOURCES.txt'
[9.214s] reading manifest file '../../build/lidar_control/lidar_control.egg-info/SOURCES.txt'
[9.219s] writing manifest file '../../build/lidar_control/lidar_control.egg-info/SOURCES.txt'
[9.223s] running build
[9.224s] running build_py
[9.225s] creating /home/nvidia/master_ws/build/lidar_control/build
[9.226s] creating /home/nvidia/master_ws/build/lidar_control/build/lib
[9.226s] creating /home/nvidia/master_ws/build/lidar_control/build/lib/lidar_control
[9.227s] copying lidar_control/lidar_control.py -> /home/nvidia/master_ws/build/lidar_control/build/lib/lidar_control
[9.228s] copying lidar_control/__init__.py -> /home/nvidia/master_ws/build/lidar_control/build/lib/lidar_control
[9.228s] running install
[9.232s] running install_lib
[9.238s] creating /home/nvidia/master_ws/install/lidar_control/lib/python3.8/site-packages/lidar_control
[9.239s] copying /home/nvidia/master_ws/build/lidar_control/build/lib/lidar_control/lidar_control.py -> /home/nvidia/master_ws/install/lidar_control/lib/python3.8/site-packages/lidar_control
[9.240s] copying /home/nvidia/master_ws/build/lidar_control/build/lib/lidar_control/__init__.py -> /home/nvidia/master_ws/install/lidar_control/lib/python3.8/site-packages/lidar_control
[9.243s] byte-compiling /home/nvidia/master_ws/install/lidar_control/lib/python3.8/site-packages/lidar_control/lidar_control.py to lidar_control.cpython-38.pyc
[9.256s] byte-compiling /home/nvidia/master_ws/install/lidar_control/lib/python3.8/site-packages/lidar_control/__init__.py to __init__.cpython-38.pyc
[9.257s] running install_data
[9.258s] creating /home/nvidia/master_ws/install/lidar_control/share/ament_index
[9.259s] creating /home/nvidia/master_ws/install/lidar_control/share/ament_index/resource_index
[9.260s] creating /home/nvidia/master_ws/install/lidar_control/share/ament_index/resource_index/packages
[9.261s] copying resource/lidar_control -> /home/nvidia/master_ws/install/lidar_control/share/ament_index/resource_index/packages
[9.262s] copying package.xml -> /home/nvidia/master_ws/install/lidar_control/share/lidar_control
[9.263s] running install_egg_info
[9.273s] Copying ../../build/lidar_control/lidar_control.egg-info to /home/nvidia/master_ws/install/lidar_control/lib/python3.8/site-packages/lidar_control-0.0.0-py3.8.egg-info
[9.282s] running install_scripts
[9.383s] Installing lidar_control script to /home/nvidia/master_ws/install/lidar_control/lib/lidar_control
[9.386s] writing list of installed files to '/home/nvidia/master_ws/build/lidar_control/install.log'
[9.636s] Invoked command in '/home/nvidia/master_ws/src/lidar_control' returned '0': PYTHONPATH=/home/nvidia/master_ws/build/lidar_control/prefix_override:/home/nvidia/master_ws/install/lidar_control/lib/python3.8/site-packages:${PYTHONPATH} /usr/bin/python3 -W ignore:setup.py install is deprecated setup.py egg_info --egg-base ../../build/lidar_control build --build-base /home/nvidia/master_ws/build/lidar_control/build install --record /home/nvidia/master_ws/build/lidar_control/install.log --install-scripts $base/lib/lidar_control --single-version-externally-managed install_data
