[4.887s] Invoking command in '/home/nvidia/master_ws/src/launch_ws/src/launch_car': PYTHONPATH=/home/nvidia/master_ws/build/launch_car/prefix_override:/home/nvidia/master_ws/install/launch_car/lib/python3.8/site-packages:${PYTHONPATH} /usr/bin/python3 -W ignore:setup.py install is deprecated setup.py egg_info --egg-base ../../../../build/launch_car build --build-base /home/nvidia/master_ws/build/launch_car/build install --record /home/nvidia/master_ws/build/launch_car/install.log --install-scripts $base/lib/launch_car --single-version-externally-managed install_data
[6.820s] running egg_info
[6.825s] writing ../../../../build/launch_car/launch_car.egg-info/PKG-INFO
[6.828s] writing dependency_links to ../../../../build/launch_car/launch_car.egg-info/dependency_links.txt
[6.829s] writing entry points to ../../../../build/launch_car/launch_car.egg-info/entry_points.txt
[6.830s] writing requirements to ../../../../build/launch_car/launch_car.egg-info/requires.txt
[6.830s] writing top-level names to ../../../../build/launch_car/launch_car.egg-info/top_level.txt
[7.076s] reading manifest file '../../../../build/launch_car/launch_car.egg-info/SOURCES.txt'
[7.079s] writing manifest file '../../../../build/launch_car/launch_car.egg-info/SOURCES.txt'
[7.080s] running build
[7.081s] running build_py
[7.085s] running install
[7.088s] running install_lib
[7.097s] running install_data
[7.098s] running install_egg_info
[7.105s] removing '/home/nvidia/master_ws/install/launch_car/lib/python3.8/site-packages/launch_car-0.0.0-py3.8.egg-info' (and everything under it)
[7.107s] Copying ../../../../build/launch_car/launch_car.egg-info to /home/nvidia/master_ws/install/launch_car/lib/python3.8/site-packages/launch_car-0.0.0-py3.8.egg-info
[7.113s] running install_scripts
[7.200s] writing list of installed files to '/home/nvidia/master_ws/build/launch_car/install.log'
[7.316s] Invoked command in '/home/nvidia/master_ws/src/launch_ws/src/launch_car' returned '0': PYTHONPATH=/home/nvidia/master_ws/build/launch_car/prefix_override:/home/nvidia/master_ws/install/launch_car/lib/python3.8/site-packages:${PYTHONPATH} /usr/bin/python3 -W ignore:setup.py install is deprecated setup.py egg_info --egg-base ../../../../build/launch_car build --build-base /home/nvidia/master_ws/build/launch_car/build install --record /home/nvidia/master_ws/build/launch_car/install.log --install-scripts $base/lib/launch_car --single-version-externally-managed install_data
