[0.156s] Invoking command in '/home/nvidia/master_ws/build/plane_fitter': CMAKE_PREFIX_PATH=${CMAKE_PREFIX_PATH}:/home/nvidia/master_ws/install/xbox:/home/nvidia/master_ws/install/lidar_control:/home/nvidia/master_ws/install/launch_car:/home/nvidia/master_ws/install/broadcaster:/home/nvidia/install/xbox:/opt/ros/foxy /usr/bin/cmake --build /home/nvidia/master_ws/build/plane_fitter -- -j6 -l6
[0.642s] [100%] Built target plane_fitter
[1.673s] Invoked command in '/home/nvidia/master_ws/build/plane_fitter' returned '0': CMAKE_PREFIX_PATH=${CMAKE_PREFIX_PATH}:/home/nvidia/master_ws/install/xbox:/home/nvidia/master_ws/install/lidar_control:/home/nvidia/master_ws/install/launch_car:/home/nvidia/master_ws/install/broadcaster:/home/nvidia/install/xbox:/opt/ros/foxy /usr/bin/cmake --build /home/nvidia/master_ws/build/plane_fitter -- -j6 -l6
[1.949s] Invoking command in '/home/nvidia/master_ws/build/plane_fitter': CMAKE_PREFIX_PATH=${CMAKE_PREFIX_PATH}:/home/nvidia/master_ws/install/xbox:/home/nvidia/master_ws/install/lidar_control:/home/nvidia/master_ws/install/launch_car:/home/nvidia/master_ws/install/broadcaster:/home/nvidia/install/xbox:/opt/ros/foxy /usr/bin/cmake --install /home/nvidia/master_ws/build/plane_fitter
[1.999s] -- Install configuration: ""
[2.002s] -- Up-to-date: /home/nvidia/master_ws/install/plane_fitter/lib/plane_fitter/plane_fitter
[2.005s] -- Up-to-date: /home/nvidia/master_ws/install/plane_fitter/share/ament_index/resource_index/package_run_dependencies/plane_fitter
[2.006s] -- Up-to-date: /home/nvidia/master_ws/install/plane_fitter/share/ament_index/resource_index/parent_prefix_path/plane_fitter
[2.007s] -- Up-to-date: /home/nvidia/master_ws/install/plane_fitter/share/plane_fitter/environment/ament_prefix_path.sh
[2.008s] -- Up-to-date: /home/nvidia/master_ws/install/plane_fitter/share/plane_fitter/environment/ament_prefix_path.dsv
[2.009s] -- Up-to-date: /home/nvidia/master_ws/install/plane_fitter/share/plane_fitter/environment/path.sh
[2.010s] -- Up-to-date: /home/nvidia/master_ws/install/plane_fitter/share/plane_fitter/environment/path.dsv
[2.010s] -- Up-to-date: /home/nvidia/master_ws/install/plane_fitter/share/plane_fitter/local_setup.bash
[2.011s] -- Up-to-date: /home/nvidia/master_ws/install/plane_fitter/share/plane_fitter/local_setup.sh
[2.012s] -- Up-to-date: /home/nvidia/master_ws/install/plane_fitter/share/plane_fitter/local_setup.zsh
[2.013s] -- Up-to-date: /home/nvidia/master_ws/install/plane_fitter/share/plane_fitter/local_setup.dsv
[2.013s] -- Installing: /home/nvidia/master_ws/install/plane_fitter/share/plane_fitter/package.dsv
[2.014s] -- Up-to-date: /home/nvidia/master_ws/install/plane_fitter/share/ament_index/resource_index/packages/plane_fitter
[2.015s] -- Up-to-date: /home/nvidia/master_ws/install/plane_fitter/share/plane_fitter/cmake/plane_fitterConfig.cmake
[2.015s] -- Up-to-date: /home/nvidia/master_ws/install/plane_fitter/share/plane_fitter/cmake/plane_fitterConfig-version.cmake
[2.016s] -- Up-to-date: /home/nvidia/master_ws/install/plane_fitter/share/plane_fitter/package.xml
[2.025s] Invoked command in '/home/nvidia/master_ws/build/plane_fitter' returned '0': CMAKE_PREFIX_PATH=${CMAKE_PREFIX_PATH}:/home/nvidia/master_ws/install/xbox:/home/nvidia/master_ws/install/lidar_control:/home/nvidia/master_ws/install/launch_car:/home/nvidia/master_ws/install/broadcaster:/home/nvidia/install/xbox:/opt/ros/foxy /usr/bin/cmake --install /home/nvidia/master_ws/build/plane_fitter
