[4.441s] Invoking command in '/home/nvidia/master_ws/src/lidar_control': PYTHONPATH=/home/nvidia/master_ws/build/lidar_control/prefix_override:/home/nvidia/master_ws/install/lidar_control/lib/python3.8/site-packages:${PYTHONPATH} /usr/bin/python3 -W ignore:setup.py install is deprecated setup.py egg_info --egg-base ../../build/lidar_control build --build-base /home/nvidia/master_ws/build/lidar_control/build install --record /home/nvidia/master_ws/build/lidar_control/install.log --install-scripts $base/lib/lidar_control --single-version-externally-managed install_data
[5.643s] running egg_info
[5.646s] writing ../../build/lidar_control/lidar_control.egg-info/PKG-INFO
[5.647s] writing dependency_links to ../../build/lidar_control/lidar_control.egg-info/dependency_links.txt
[5.648s] writing entry points to ../../build/lidar_control/lidar_control.egg-info/entry_points.txt
[5.649s] writing requirements to ../../build/lidar_control/lidar_control.egg-info/requires.txt
[5.650s] writing top-level names to ../../build/lidar_control/lidar_control.egg-info/top_level.txt
[5.825s] reading manifest file '../../build/lidar_control/lidar_control.egg-info/SOURCES.txt'
[5.829s] writing manifest file '../../build/lidar_control/lidar_control.egg-info/SOURCES.txt'
[5.830s] running build
[5.831s] running build_py
[5.832s] copying lidar_control/lidar_control.py -> /home/nvidia/master_ws/build/lidar_control/build/lib/lidar_control
[5.833s] running install
[5.837s] running install_lib
[5.843s] copying /home/nvidia/master_ws/build/lidar_control/build/lib/lidar_control/lidar_control.py -> /home/nvidia/master_ws/install/lidar_control/lib/python3.8/site-packages/lidar_control
[5.844s] byte-compiling /home/nvidia/master_ws/install/lidar_control/lib/python3.8/site-packages/lidar_control/lidar_control.py to lidar_control.cpython-38.pyc
[5.851s] running install_data
[5.857s] running install_egg_info
[5.861s] removing '/home/nvidia/master_ws/install/lidar_control/lib/python3.8/site-packages/lidar_control-0.0.0-py3.8.egg-info' (and everything under it)
[5.863s] Copying ../../build/lidar_control/lidar_control.egg-info to /home/nvidia/master_ws/install/lidar_control/lib/python3.8/site-packages/lidar_control-0.0.0-py3.8.egg-info
[5.876s] running install_scripts
[5.947s] Installing lidar_control script to /home/nvidia/master_ws/install/lidar_control/lib/lidar_control
[5.949s] writing list of installed files to '/home/nvidia/master_ws/build/lidar_control/install.log'
[6.045s] Invoked command in '/home/nvidia/master_ws/src/lidar_control' returned '0': PYTHONPATH=/home/nvidia/master_ws/build/lidar_control/prefix_override:/home/nvidia/master_ws/install/lidar_control/lib/python3.8/site-packages:${PYTHONPATH} /usr/bin/python3 -W ignore:setup.py install is deprecated setup.py egg_info --egg-base ../../build/lidar_control build --build-base /home/nvidia/master_ws/build/lidar_control/build install --record /home/nvidia/master_ws/build/lidar_control/install.log --install-scripts $base/lib/lidar_control --single-version-externally-managed install_data
