[1.115s] DEBUG:colcon:Command line arguments: ['/usr/bin/colcon', 'build', '--packages-select', 'launch_car']
[1.116s] DEBUG:colcon:Parsed command line arguments: Namespace(allow_overriding=[], ament_cmake_args=None, base_paths=['.'], build_base='build', catkin_cmake_args=None, catkin_skip_building_tests=False, cmake_args=None, cmake_clean_cache=False, cmake_clean_first=False, cmake_force_configure=False, cmake_target=None, cmake_target_skip_unavailable=False, continue_on_error=False, event_handlers=None, executor='parallel', ignore_user_meta=False, install_base='install', log_base=None, log_level=None, main=<bound method BuildVerb.main of <colcon_core.verb.build.BuildVerb object at 0xffffa5ab9880>>, merge_install=False, metas=['./colcon.meta'], packages_above=None, packages_above_and_dependencies=None, packages_above_depth=None, packages_end=None, packages_ignore=None, packages_ignore_regex=None, packages_select=['launch_car'], packages_select_build_failed=False, packages_select_by_dep=None, packages_select_regex=None, packages_select_test_failures=False, packages_skip=None, packages_skip_build_finished=False, packages_skip_by_dep=None, packages_skip_regex=None, packages_skip_test_passed=False, packages_skip_up_to=None, packages_start=None, packages_up_to=None, packages_up_to_regex=None, parallel_workers=6, paths=None, symlink_install=False, test_result_base=None, verb_extension=<colcon_core.verb.build.BuildVerb object at 0xffffa5ab9880>, verb_name='build', verb_parser=<colcon_defaults.argument_parser.defaults.DefaultArgumentsDecorator object at 0xffffa5ab9f40>)
[2.031s] Level 1:colcon.colcon_core.package_discovery:discover_packages(colcon_meta) check parameters
[2.032s] Level 1:colcon.colcon_core.package_discovery:discover_packages(recursive) check parameters
[2.033s] Level 1:colcon.colcon_core.package_discovery:discover_packages(ignore) check parameters
[2.033s] Level 1:colcon.colcon_core.package_discovery:discover_packages(path) check parameters
[2.033s] Level 1:colcon.colcon_core.package_discovery:discover_packages(colcon_meta) discover
[2.034s] Level 1:colcon.colcon_core.package_discovery:discover_packages(recursive) discover
[2.035s] INFO:colcon.colcon_core.package_discovery:Crawling recursively for packages in '/home/nvidia/master_ws'
[2.035s] Level 1:colcon.colcon_core.package_identification:_identify(.) by extensions ['ignore', 'ignore_ament_install']
[2.036s] Level 1:colcon.colcon_core.package_identification:_identify(.) by extension 'ignore'
[2.036s] Level 1:colcon.colcon_core.package_identification:_identify(.) by extension 'ignore_ament_install'
[2.036s] Level 1:colcon.colcon_core.package_identification:_identify(.) by extensions ['colcon_pkg']
[2.037s] Level 1:colcon.colcon_core.package_identification:_identify(.) by extension 'colcon_pkg'
[2.037s] Level 1:colcon.colcon_core.package_identification:_identify(.) by extensions ['colcon_meta']
[2.037s] Level 1:colcon.colcon_core.package_identification:_identify(.) by extension 'colcon_meta'
[2.037s] Level 1:colcon.colcon_core.package_identification:_identify(.) by extensions ['ros']
[2.037s] Level 1:colcon.colcon_core.package_identification:_identify(.) by extension 'ros'
[2.096s] Level 1:colcon.colcon_core.package_identification:_identify(.) by extensions ['cmake', 'python']
[2.096s] Level 1:colcon.colcon_core.package_identification:_identify(.) by extension 'cmake'
[2.097s] Level 1:colcon.colcon_core.package_identification:_identify(.) by extension 'python'
[2.097s] Level 1:colcon.colcon_core.package_identification:_identify(.) by extensions ['python_setup_py']
[2.097s] Level 1:colcon.colcon_core.package_identification:_identify(.) by extension 'python_setup_py'
[2.098s] Level 1:colcon.colcon_core.package_identification:_identify(build) by extensions ['ignore', 'ignore_ament_install']
[2.099s] Level 1:colcon.colcon_core.package_identification:_identify(build) by extension 'ignore'
[2.099s] Level 1:colcon.colcon_core.package_identification:_identify(build) ignored
[2.100s] Level 1:colcon.colcon_core.package_identification:_identify(install) by extensions ['ignore', 'ignore_ament_install']
[2.100s] Level 1:colcon.colcon_core.package_identification:_identify(install) by extension 'ignore'
[2.100s] Level 1:colcon.colcon_core.package_identification:_identify(install) ignored
[2.101s] Level 1:colcon.colcon_core.package_identification:_identify(log) by extensions ['ignore', 'ignore_ament_install']
[2.101s] Level 1:colcon.colcon_core.package_identification:_identify(log) by extension 'ignore'
[2.102s] Level 1:colcon.colcon_core.package_identification:_identify(log) ignored
[2.102s] Level 1:colcon.colcon_core.package_identification:_identify(src) by extensions ['ignore', 'ignore_ament_install']
[2.102s] Level 1:colcon.colcon_core.package_identification:_identify(src) by extension 'ignore'
[2.103s] Level 1:colcon.colcon_core.package_identification:_identify(src) by extension 'ignore_ament_install'
[2.103s] Level 1:colcon.colcon_core.package_identification:_identify(src) by extensions ['colcon_pkg']
[2.103s] Level 1:colcon.colcon_core.package_identification:_identify(src) by extension 'colcon_pkg'
[2.103s] Level 1:colcon.colcon_core.package_identification:_identify(src) by extensions ['colcon_meta']
[2.104s] Level 1:colcon.colcon_core.package_identification:_identify(src) by extension 'colcon_meta'
[2.104s] Level 1:colcon.colcon_core.package_identification:_identify(src) by extensions ['ros']
[2.104s] Level 1:colcon.colcon_core.package_identification:_identify(src) by extension 'ros'
[2.105s] Level 1:colcon.colcon_core.package_identification:_identify(src) by extensions ['cmake', 'python']
[2.105s] Level 1:colcon.colcon_core.package_identification:_identify(src) by extension 'cmake'
[2.105s] Level 1:colcon.colcon_core.package_identification:_identify(src) by extension 'python'
[2.105s] Level 1:colcon.colcon_core.package_identification:_identify(src) by extensions ['python_setup_py']
[2.105s] Level 1:colcon.colcon_core.package_identification:_identify(src) by extension 'python_setup_py'
[2.106s] Level 1:colcon.colcon_core.package_identification:_identify(src/broadcaster) by extensions ['ignore', 'ignore_ament_install']
[2.106s] Level 1:colcon.colcon_core.package_identification:_identify(src/broadcaster) by extension 'ignore'
[2.107s] Level 1:colcon.colcon_core.package_identification:_identify(src/broadcaster) by extension 'ignore_ament_install'
[2.107s] Level 1:colcon.colcon_core.package_identification:_identify(src/broadcaster) by extensions ['colcon_pkg']
[2.107s] Level 1:colcon.colcon_core.package_identification:_identify(src/broadcaster) by extension 'colcon_pkg'
[2.107s] Level 1:colcon.colcon_core.package_identification:_identify(src/broadcaster) by extensions ['colcon_meta']
[2.107s] Level 1:colcon.colcon_core.package_identification:_identify(src/broadcaster) by extension 'colcon_meta'
[2.108s] Level 1:colcon.colcon_core.package_identification:_identify(src/broadcaster) by extensions ['ros']
[2.108s] Level 1:colcon.colcon_core.package_identification:_identify(src/broadcaster) by extension 'ros'
[2.121s] DEBUG:colcon.colcon_core.package_identification:Package 'src/broadcaster' with type 'ros.ament_python' and name 'broadcaster'
[2.121s] Level 1:colcon.colcon_core.package_identification:_identify(src/launch_ws) by extensions ['ignore', 'ignore_ament_install']
[2.122s] Level 1:colcon.colcon_core.package_identification:_identify(src/launch_ws) by extension 'ignore'
[2.122s] Level 1:colcon.colcon_core.package_identification:_identify(src/launch_ws) by extension 'ignore_ament_install'
[2.122s] Level 1:colcon.colcon_core.package_identification:_identify(src/launch_ws) by extensions ['colcon_pkg']
[2.123s] Level 1:colcon.colcon_core.package_identification:_identify(src/launch_ws) by extension 'colcon_pkg'
[2.123s] Level 1:colcon.colcon_core.package_identification:_identify(src/launch_ws) by extensions ['colcon_meta']
[2.123s] Level 1:colcon.colcon_core.package_identification:_identify(src/launch_ws) by extension 'colcon_meta'
[2.123s] Level 1:colcon.colcon_core.package_identification:_identify(src/launch_ws) by extensions ['ros']
[2.123s] Level 1:colcon.colcon_core.package_identification:_identify(src/launch_ws) by extension 'ros'
[2.124s] Level 1:colcon.colcon_core.package_identification:_identify(src/launch_ws) by extensions ['cmake', 'python']
[2.124s] Level 1:colcon.colcon_core.package_identification:_identify(src/launch_ws) by extension 'cmake'
[2.124s] Level 1:colcon.colcon_core.package_identification:_identify(src/launch_ws) by extension 'python'
[2.125s] Level 1:colcon.colcon_core.package_identification:_identify(src/launch_ws) by extensions ['python_setup_py']
[2.125s] Level 1:colcon.colcon_core.package_identification:_identify(src/launch_ws) by extension 'python_setup_py'
[2.125s] Level 1:colcon.colcon_core.package_identification:_identify(src/launch_ws/src) by extensions ['ignore', 'ignore_ament_install']
[2.126s] Level 1:colcon.colcon_core.package_identification:_identify(src/launch_ws/src) by extension 'ignore'
[2.126s] Level 1:colcon.colcon_core.package_identification:_identify(src/launch_ws/src) by extension 'ignore_ament_install'
[2.126s] Level 1:colcon.colcon_core.package_identification:_identify(src/launch_ws/src) by extensions ['colcon_pkg']
[2.126s] Level 1:colcon.colcon_core.package_identification:_identify(src/launch_ws/src) by extension 'colcon_pkg'
[2.127s] Level 1:colcon.colcon_core.package_identification:_identify(src/launch_ws/src) by extensions ['colcon_meta']
[2.127s] Level 1:colcon.colcon_core.package_identification:_identify(src/launch_ws/src) by extension 'colcon_meta'
[2.127s] Level 1:colcon.colcon_core.package_identification:_identify(src/launch_ws/src) by extensions ['ros']
[2.127s] Level 1:colcon.colcon_core.package_identification:_identify(src/launch_ws/src) by extension 'ros'
[2.128s] Level 1:colcon.colcon_core.package_identification:_identify(src/launch_ws/src) by extensions ['cmake', 'python']
[2.128s] Level 1:colcon.colcon_core.package_identification:_identify(src/launch_ws/src) by extension 'cmake'
[2.128s] Level 1:colcon.colcon_core.package_identification:_identify(src/launch_ws/src) by extension 'python'
[2.129s] Level 1:colcon.colcon_core.package_identification:_identify(src/launch_ws/src) by extensions ['python_setup_py']
[2.129s] Level 1:colcon.colcon_core.package_identification:_identify(src/launch_ws/src) by extension 'python_setup_py'
[2.129s] Level 1:colcon.colcon_core.package_identification:_identify(src/launch_ws/src/launch_car) by extensions ['ignore', 'ignore_ament_install']
[2.130s] Level 1:colcon.colcon_core.package_identification:_identify(src/launch_ws/src/launch_car) by extension 'ignore'
[2.130s] Level 1:colcon.colcon_core.package_identification:_identify(src/launch_ws/src/launch_car) by extension 'ignore_ament_install'
[2.130s] Level 1:colcon.colcon_core.package_identification:_identify(src/launch_ws/src/launch_car) by extensions ['colcon_pkg']
[2.131s] Level 1:colcon.colcon_core.package_identification:_identify(src/launch_ws/src/launch_car) by extension 'colcon_pkg'
[2.131s] Level 1:colcon.colcon_core.package_identification:_identify(src/launch_ws/src/launch_car) by extensions ['colcon_meta']
[2.131s] Level 1:colcon.colcon_core.package_identification:_identify(src/launch_ws/src/launch_car) by extension 'colcon_meta'
[2.131s] Level 1:colcon.colcon_core.package_identification:_identify(src/launch_ws/src/launch_car) by extensions ['ros']
[2.131s] Level 1:colcon.colcon_core.package_identification:_identify(src/launch_ws/src/launch_car) by extension 'ros'
[2.134s] DEBUG:colcon.colcon_core.package_identification:Package 'src/launch_ws/src/launch_car' with type 'ros.ament_python' and name 'launch_car'
[2.135s] Level 1:colcon.colcon_core.package_identification:_identify(src/lidar_control) by extensions ['ignore', 'ignore_ament_install']
[2.135s] Level 1:colcon.colcon_core.package_identification:_identify(src/lidar_control) by extension 'ignore'
[2.136s] Level 1:colcon.colcon_core.package_identification:_identify(src/lidar_control) by extension 'ignore_ament_install'
[2.136s] Level 1:colcon.colcon_core.package_identification:_identify(src/lidar_control) by extensions ['colcon_pkg']
[2.136s] Level 1:colcon.colcon_core.package_identification:_identify(src/lidar_control) by extension 'colcon_pkg'
[2.137s] Level 1:colcon.colcon_core.package_identification:_identify(src/lidar_control) by extensions ['colcon_meta']
[2.137s] Level 1:colcon.colcon_core.package_identification:_identify(src/lidar_control) by extension 'colcon_meta'
[2.137s] Level 1:colcon.colcon_core.package_identification:_identify(src/lidar_control) by extensions ['ros']
[2.137s] Level 1:colcon.colcon_core.package_identification:_identify(src/lidar_control) by extension 'ros'
[2.142s] DEBUG:colcon.colcon_core.package_identification:Package 'src/lidar_control' with type 'ros.ament_python' and name 'lidar_control'
[2.142s] Level 1:colcon.colcon_core.package_identification:_identify(src/listener) by extensions ['ignore', 'ignore_ament_install']
[2.143s] Level 1:colcon.colcon_core.package_identification:_identify(src/listener) by extension 'ignore'
[2.143s] Level 1:colcon.colcon_core.package_identification:_identify(src/listener) by extension 'ignore_ament_install'
[2.143s] Level 1:colcon.colcon_core.package_identification:_identify(src/listener) by extensions ['colcon_pkg']
[2.143s] Level 1:colcon.colcon_core.package_identification:_identify(src/listener) by extension 'colcon_pkg'
[2.144s] Level 1:colcon.colcon_core.package_identification:_identify(src/listener) by extensions ['colcon_meta']
[2.144s] Level 1:colcon.colcon_core.package_identification:_identify(src/listener) by extension 'colcon_meta'
[2.144s] Level 1:colcon.colcon_core.package_identification:_identify(src/listener) by extensions ['ros']
[2.144s] Level 1:colcon.colcon_core.package_identification:_identify(src/listener) by extension 'ros'
[2.149s] DEBUG:colcon.colcon_core.package_identification:Package 'src/listener' with type 'ros.ament_cmake' and name 'listener'
[2.149s] Level 1:colcon.colcon_core.package_identification:_identify(src/realsense_control) by extensions ['ignore', 'ignore_ament_install']
[2.150s] Level 1:colcon.colcon_core.package_identification:_identify(src/realsense_control) by extension 'ignore'
[2.150s] Level 1:colcon.colcon_core.package_identification:_identify(src/realsense_control) by extension 'ignore_ament_install'
[2.150s] Level 1:colcon.colcon_core.package_identification:_identify(src/realsense_control) by extensions ['colcon_pkg']
[2.151s] Level 1:colcon.colcon_core.package_identification:_identify(src/realsense_control) by extension 'colcon_pkg'
[2.151s] Level 1:colcon.colcon_core.package_identification:_identify(src/realsense_control) by extensions ['colcon_meta']
[2.151s] Level 1:colcon.colcon_core.package_identification:_identify(src/realsense_control) by extension 'colcon_meta'
[2.151s] Level 1:colcon.colcon_core.package_identification:_identify(src/realsense_control) by extensions ['ros']
[2.152s] Level 1:colcon.colcon_core.package_identification:_identify(src/realsense_control) by extension 'ros'
[2.154s] DEBUG:colcon.colcon_core.package_identification:Package 'src/realsense_control' with type 'ros.ament_cmake' and name 'realsense_control'
[2.155s] Level 1:colcon.colcon_core.package_identification:_identify(src/velodyne) by extensions ['ignore', 'ignore_ament_install']
[2.155s] Level 1:colcon.colcon_core.package_identification:_identify(src/velodyne) by extension 'ignore'
[2.155s] Level 1:colcon.colcon_core.package_identification:_identify(src/velodyne) by extension 'ignore_ament_install'
[2.156s] Level 1:colcon.colcon_core.package_identification:_identify(src/velodyne) by extensions ['colcon_pkg']
[2.156s] Level 1:colcon.colcon_core.package_identification:_identify(src/velodyne) by extension 'colcon_pkg'
[2.156s] Level 1:colcon.colcon_core.package_identification:_identify(src/velodyne) by extensions ['colcon_meta']
[2.156s] Level 1:colcon.colcon_core.package_identification:_identify(src/velodyne) by extension 'colcon_meta'
[2.157s] Level 1:colcon.colcon_core.package_identification:_identify(src/velodyne) by extensions ['ros']
[2.157s] Level 1:colcon.colcon_core.package_identification:_identify(src/velodyne) by extension 'ros'
[2.157s] Level 1:colcon.colcon_core.package_identification:_identify(src/velodyne) by extensions ['cmake', 'python']
[2.157s] Level 1:colcon.colcon_core.package_identification:_identify(src/velodyne) by extension 'cmake'
[2.158s] Level 1:colcon.colcon_core.package_identification:_identify(src/velodyne) by extension 'python'
[2.158s] Level 1:colcon.colcon_core.package_identification:_identify(src/velodyne) by extensions ['python_setup_py']
[2.158s] Level 1:colcon.colcon_core.package_identification:_identify(src/velodyne) by extension 'python_setup_py'
[2.159s] Level 1:colcon.colcon_core.package_identification:_identify(src/velodyne/velodyne) by extensions ['ignore', 'ignore_ament_install']
[2.159s] Level 1:colcon.colcon_core.package_identification:_identify(src/velodyne/velodyne) by extension 'ignore'
[2.159s] Level 1:colcon.colcon_core.package_identification:_identify(src/velodyne/velodyne) by extension 'ignore_ament_install'
[2.160s] Level 1:colcon.colcon_core.package_identification:_identify(src/velodyne/velodyne) by extensions ['colcon_pkg']
[2.160s] Level 1:colcon.colcon_core.package_identification:_identify(src/velodyne/velodyne) by extension 'colcon_pkg'
[2.160s] Level 1:colcon.colcon_core.package_identification:_identify(src/velodyne/velodyne) by extensions ['colcon_meta']
[2.160s] Level 1:colcon.colcon_core.package_identification:_identify(src/velodyne/velodyne) by extension 'colcon_meta'
[2.161s] Level 1:colcon.colcon_core.package_identification:_identify(src/velodyne/velodyne) by extensions ['ros']
[2.161s] Level 1:colcon.colcon_core.package_identification:_identify(src/velodyne/velodyne) by extension 'ros'
[2.163s] DEBUG:colcon.colcon_core.package_identification:Package 'src/velodyne/velodyne' with type 'ros.ament_cmake' and name 'velodyne'
[2.164s] Level 1:colcon.colcon_core.package_identification:_identify(src/velodyne/velodyne_driver) by extensions ['ignore', 'ignore_ament_install']
[2.164s] Level 1:colcon.colcon_core.package_identification:_identify(src/velodyne/velodyne_driver) by extension 'ignore'
[2.165s] Level 1:colcon.colcon_core.package_identification:_identify(src/velodyne/velodyne_driver) by extension 'ignore_ament_install'
[2.165s] Level 1:colcon.colcon_core.package_identification:_identify(src/velodyne/velodyne_driver) by extensions ['colcon_pkg']
[2.165s] Level 1:colcon.colcon_core.package_identification:_identify(src/velodyne/velodyne_driver) by extension 'colcon_pkg'
[2.165s] Level 1:colcon.colcon_core.package_identification:_identify(src/velodyne/velodyne_driver) by extensions ['colcon_meta']
[2.166s] Level 1:colcon.colcon_core.package_identification:_identify(src/velodyne/velodyne_driver) by extension 'colcon_meta'
[2.166s] Level 1:colcon.colcon_core.package_identification:_identify(src/velodyne/velodyne_driver) by extensions ['ros']
[2.166s] Level 1:colcon.colcon_core.package_identification:_identify(src/velodyne/velodyne_driver) by extension 'ros'
[2.171s] DEBUG:colcon.colcon_core.package_identification:Package 'src/velodyne/velodyne_driver' with type 'ros.ament_cmake' and name 'velodyne_driver'
[2.172s] Level 1:colcon.colcon_core.package_identification:_identify(src/velodyne/velodyne_laserscan) by extensions ['ignore', 'ignore_ament_install']
[2.172s] Level 1:colcon.colcon_core.package_identification:_identify(src/velodyne/velodyne_laserscan) by extension 'ignore'
[2.173s] Level 1:colcon.colcon_core.package_identification:_identify(src/velodyne/velodyne_laserscan) by extension 'ignore_ament_install'
[2.173s] Level 1:colcon.colcon_core.package_identification:_identify(src/velodyne/velodyne_laserscan) by extensions ['colcon_pkg']
[2.173s] Level 1:colcon.colcon_core.package_identification:_identify(src/velodyne/velodyne_laserscan) by extension 'colcon_pkg'
[2.173s] Level 1:colcon.colcon_core.package_identification:_identify(src/velodyne/velodyne_laserscan) by extensions ['colcon_meta']
[2.173s] Level 1:colcon.colcon_core.package_identification:_identify(src/velodyne/velodyne_laserscan) by extension 'colcon_meta'
[2.174s] Level 1:colcon.colcon_core.package_identification:_identify(src/velodyne/velodyne_laserscan) by extensions ['ros']
[2.174s] Level 1:colcon.colcon_core.package_identification:_identify(src/velodyne/velodyne_laserscan) by extension 'ros'
[2.178s] DEBUG:colcon.colcon_core.package_identification:Package 'src/velodyne/velodyne_laserscan' with type 'ros.ament_cmake' and name 'velodyne_laserscan'
[2.178s] Level 1:colcon.colcon_core.package_identification:_identify(src/velodyne/velodyne_msgs) by extensions ['ignore', 'ignore_ament_install']
[2.179s] Level 1:colcon.colcon_core.package_identification:_identify(src/velodyne/velodyne_msgs) by extension 'ignore'
[2.179s] Level 1:colcon.colcon_core.package_identification:_identify(src/velodyne/velodyne_msgs) by extension 'ignore_ament_install'
[2.179s] Level 1:colcon.colcon_core.package_identification:_identify(src/velodyne/velodyne_msgs) by extensions ['colcon_pkg']
[2.180s] Level 1:colcon.colcon_core.package_identification:_identify(src/velodyne/velodyne_msgs) by extension 'colcon_pkg'
[2.180s] Level 1:colcon.colcon_core.package_identification:_identify(src/velodyne/velodyne_msgs) by extensions ['colcon_meta']
[2.180s] Level 1:colcon.colcon_core.package_identification:_identify(src/velodyne/velodyne_msgs) by extension 'colcon_meta'
[2.180s] Level 1:colcon.colcon_core.package_identification:_identify(src/velodyne/velodyne_msgs) by extensions ['ros']
[2.181s] Level 1:colcon.colcon_core.package_identification:_identify(src/velodyne/velodyne_msgs) by extension 'ros'
[2.183s] DEBUG:colcon.colcon_core.package_identification:Package 'src/velodyne/velodyne_msgs' with type 'ros.ament_cmake' and name 'velodyne_msgs'
[2.184s] Level 1:colcon.colcon_core.package_identification:_identify(src/velodyne/velodyne_pointcloud) by extensions ['ignore', 'ignore_ament_install']
[2.184s] Level 1:colcon.colcon_core.package_identification:_identify(src/velodyne/velodyne_pointcloud) by extension 'ignore'
[2.185s] Level 1:colcon.colcon_core.package_identification:_identify(src/velodyne/velodyne_pointcloud) by extension 'ignore_ament_install'
[2.185s] Level 1:colcon.colcon_core.package_identification:_identify(src/velodyne/velodyne_pointcloud) by extensions ['colcon_pkg']
[2.185s] Level 1:colcon.colcon_core.package_identification:_identify(src/velodyne/velodyne_pointcloud) by extension 'colcon_pkg'
[2.185s] Level 1:colcon.colcon_core.package_identification:_identify(src/velodyne/velodyne_pointcloud) by extensions ['colcon_meta']
[2.186s] Level 1:colcon.colcon_core.package_identification:_identify(src/velodyne/velodyne_pointcloud) by extension 'colcon_meta'
[2.186s] Level 1:colcon.colcon_core.package_identification:_identify(src/velodyne/velodyne_pointcloud) by extensions ['ros']
[2.186s] Level 1:colcon.colcon_core.package_identification:_identify(src/velodyne/velodyne_pointcloud) by extension 'ros'
[2.193s] DEBUG:colcon.colcon_core.package_identification:Package 'src/velodyne/velodyne_pointcloud' with type 'ros.ament_cmake' and name 'velodyne_pointcloud'
[2.193s] Level 1:colcon.colcon_core.package_identification:_identify(src/xbox) by extensions ['ignore', 'ignore_ament_install']
[2.194s] Level 1:colcon.colcon_core.package_identification:_identify(src/xbox) by extension 'ignore'
[2.194s] Level 1:colcon.colcon_core.package_identification:_identify(src/xbox) by extension 'ignore_ament_install'
[2.194s] Level 1:colcon.colcon_core.package_identification:_identify(src/xbox) by extensions ['colcon_pkg']
[2.195s] Level 1:colcon.colcon_core.package_identification:_identify(src/xbox) by extension 'colcon_pkg'
[2.195s] Level 1:colcon.colcon_core.package_identification:_identify(src/xbox) by extensions ['colcon_meta']
[2.195s] Level 1:colcon.colcon_core.package_identification:_identify(src/xbox) by extension 'colcon_meta'
[2.195s] Level 1:colcon.colcon_core.package_identification:_identify(src/xbox) by extensions ['ros']
[2.196s] Level 1:colcon.colcon_core.package_identification:_identify(src/xbox) by extension 'ros'
[2.201s] DEBUG:colcon.colcon_core.package_identification:Package 'src/xbox' with type 'ros.ament_python' and name 'xbox'
[2.201s] Level 1:colcon.colcon_core.package_discovery:discover_packages(recursive) using defaults
[2.201s] Level 1:colcon.colcon_core.package_discovery:discover_packages(ignore) discover
[2.202s] Level 1:colcon.colcon_core.package_discovery:discover_packages(ignore) using defaults
[2.202s] Level 1:colcon.colcon_core.package_discovery:discover_packages(path) discover
[2.202s] Level 1:colcon.colcon_core.package_discovery:discover_packages(path) using defaults
[2.330s] INFO:colcon.colcon_core.package_selection:Skipping not selected package 'broadcaster' in 'src/broadcaster'
[2.330s] INFO:colcon.colcon_core.package_selection:Skipping not selected package 'lidar_control' in 'src/lidar_control'
[2.330s] INFO:colcon.colcon_core.package_selection:Skipping not selected package 'listener' in 'src/listener'
[2.331s] INFO:colcon.colcon_core.package_selection:Skipping not selected package 'realsense_control' in 'src/realsense_control'
[2.331s] INFO:colcon.colcon_core.package_selection:Skipping not selected package 'velodyne_laserscan' in 'src/velodyne/velodyne_laserscan'
[2.331s] INFO:colcon.colcon_core.package_selection:Skipping not selected package 'velodyne_msgs' in 'src/velodyne/velodyne_msgs'
[2.331s] INFO:colcon.colcon_core.package_selection:Skipping not selected package 'xbox' in 'src/xbox'
[2.331s] INFO:colcon.colcon_core.package_selection:Skipping not selected package 'velodyne_driver' in 'src/velodyne/velodyne_driver'
[2.331s] INFO:colcon.colcon_core.package_selection:Skipping not selected package 'velodyne_pointcloud' in 'src/velodyne/velodyne_pointcloud'
[2.332s] INFO:colcon.colcon_core.package_selection:Skipping not selected package 'velodyne' in 'src/velodyne/velodyne'
[2.334s] Level 1:colcon.colcon_core.package_discovery:discover_packages(prefix_path) check parameters
[2.334s] Level 1:colcon.colcon_core.package_discovery:discover_packages(prefix_path) discover
[2.348s] DEBUG:colcon.colcon_installed_package_information.package_discovery:Found 11 installed packages in /home/nvidia/master_ws/install
[2.360s] DEBUG:colcon.colcon_installed_package_information.package_discovery:Found 349 installed packages in /opt/ros/foxy
[2.373s] Level 1:colcon.colcon_core.package_discovery:discover_packages(prefix_path) using defaults
[2.774s] Level 5:colcon.colcon_core.verb:set package 'launch_car' build argument 'cmake_args' from command line to 'None'
[2.774s] Level 5:colcon.colcon_core.verb:set package 'launch_car' build argument 'cmake_target' from command line to 'None'
[2.775s] Level 5:colcon.colcon_core.verb:set package 'launch_car' build argument 'cmake_target_skip_unavailable' from command line to 'False'
[2.775s] Level 5:colcon.colcon_core.verb:set package 'launch_car' build argument 'cmake_clean_cache' from command line to 'False'
[2.775s] Level 5:colcon.colcon_core.verb:set package 'launch_car' build argument 'cmake_clean_first' from command line to 'False'
[2.775s] Level 5:colcon.colcon_core.verb:set package 'launch_car' build argument 'cmake_force_configure' from command line to 'False'
[2.775s] Level 5:colcon.colcon_core.verb:set package 'launch_car' build argument 'ament_cmake_args' from command line to 'None'
[2.776s] Level 5:colcon.colcon_core.verb:set package 'launch_car' build argument 'catkin_cmake_args' from command line to 'None'
[2.776s] Level 5:colcon.colcon_core.verb:set package 'launch_car' build argument 'catkin_skip_building_tests' from command line to 'False'
[2.776s] DEBUG:colcon.colcon_core.verb:Building package 'launch_car' with the following arguments: {'ament_cmake_args': None, 'build_base': '/home/nvidia/master_ws/build/launch_car', 'catkin_cmake_args': None, 'catkin_skip_building_tests': False, 'cmake_args': None, 'cmake_clean_cache': False, 'cmake_clean_first': False, 'cmake_force_configure': False, 'cmake_target': None, 'cmake_target_skip_unavailable': False, 'install_base': '/home/nvidia/master_ws/install/launch_car', 'merge_install': False, 'path': '/home/nvidia/master_ws/src/launch_ws/src/launch_car', 'symlink_install': False, 'test_result_base': None}
[2.777s] INFO:colcon.colcon_core.executor:Executing jobs using 'parallel' executor
[2.781s] DEBUG:colcon.colcon_parallel_executor.executor.parallel:run_until_complete
[2.783s] INFO:colcon.colcon_ros.task.ament_python.build:Building ROS package in '/home/nvidia/master_ws/src/launch_ws/src/launch_car' with build type 'ament_python'
[2.784s] Level 1:colcon.colcon_core.shell:create_environment_hook('launch_car', 'ament_prefix_path')
[2.796s] INFO:colcon.colcon_core.plugin_system:Skipping extension 'colcon_core.shell.bat': Not used on non-Windows systems
[2.797s] INFO:colcon.colcon_core.shell:Creating environment hook '/home/nvidia/master_ws/install/launch_car/share/launch_car/hook/ament_prefix_path.ps1'
[2.800s] INFO:colcon.colcon_core.shell:Creating environment descriptor '/home/nvidia/master_ws/install/launch_car/share/launch_car/hook/ament_prefix_path.dsv'
[2.802s] INFO:colcon.colcon_core.shell:Creating environment hook '/home/nvidia/master_ws/install/launch_car/share/launch_car/hook/ament_prefix_path.sh'
[2.807s] INFO:colcon.colcon_core.shell:Skip shell extension 'powershell' for command environment: Not usable outside of PowerShell
[2.807s] DEBUG:colcon.colcon_core.shell:Skip shell extension 'dsv' for command environment
[4.255s] INFO:colcon.colcon_core.task.python.build:Building Python package in '/home/nvidia/master_ws/src/launch_ws/src/launch_car'
[4.260s] INFO:colcon.colcon_core.shell:Skip shell extension 'powershell' for command environment: Not usable outside of PowerShell
[4.260s] DEBUG:colcon.colcon_core.shell:Skip shell extension 'dsv' for command environment
[6.468s] DEBUG:colcon.colcon_core.event_handler.log_command:Invoking command in '/home/nvidia/master_ws/src/launch_ws/src/launch_car': PYTHONPATH=/home/nvidia/master_ws/build/launch_car/prefix_override:/home/nvidia/master_ws/install/launch_car/lib/python3.8/site-packages:${PYTHONPATH} /usr/bin/python3 -W ignore:setup.py install is deprecated setup.py egg_info --egg-base ../../../../build/launch_car build --build-base /home/nvidia/master_ws/build/launch_car/build install --record /home/nvidia/master_ws/build/launch_car/install.log --install-scripts $base/lib/launch_car --single-version-externally-managed install_data
[8.136s] DEBUG:colcon.colcon_core.event_handler.log_command:Invoked command in '/home/nvidia/master_ws/src/launch_ws/src/launch_car' returned '0': PYTHONPATH=/home/nvidia/master_ws/build/launch_car/prefix_override:/home/nvidia/master_ws/install/launch_car/lib/python3.8/site-packages:${PYTHONPATH} /usr/bin/python3 -W ignore:setup.py install is deprecated setup.py egg_info --egg-base ../../../../build/launch_car build --build-base /home/nvidia/master_ws/build/launch_car/build install --record /home/nvidia/master_ws/build/launch_car/install.log --install-scripts $base/lib/launch_car --single-version-externally-managed install_data
[8.156s] Level 1:colcon.colcon_core.environment:checking '/home/nvidia/master_ws/install/launch_car' for CMake module files
[8.159s] Level 1:colcon.colcon_core.environment:checking '/home/nvidia/master_ws/install/launch_car' for CMake config files
[8.165s] Level 1:colcon.colcon_core.environment:checking '/home/nvidia/master_ws/install/launch_car/lib'
[8.166s] Level 1:colcon.colcon_core.environment:checking '/home/nvidia/master_ws/install/launch_car/bin'
[8.166s] Level 1:colcon.colcon_core.environment:checking '/home/nvidia/master_ws/install/launch_car/lib/pkgconfig/launch_car.pc'
[8.168s] Level 1:colcon.colcon_core.environment:checking '/home/nvidia/master_ws/install/launch_car/lib/python3.8/site-packages'
[8.168s] Level 1:colcon.colcon_core.shell:create_environment_hook('launch_car', 'pythonpath')
[8.169s] INFO:colcon.colcon_core.shell:Creating environment hook '/home/nvidia/master_ws/install/launch_car/share/launch_car/hook/pythonpath.ps1'
[8.173s] INFO:colcon.colcon_core.shell:Creating environment descriptor '/home/nvidia/master_ws/install/launch_car/share/launch_car/hook/pythonpath.dsv'
[8.174s] INFO:colcon.colcon_core.shell:Creating environment hook '/home/nvidia/master_ws/install/launch_car/share/launch_car/hook/pythonpath.sh'
[8.177s] Level 1:colcon.colcon_core.environment:checking '/home/nvidia/master_ws/install/launch_car/bin'
[8.177s] Level 1:colcon.colcon_core.environment:create_environment_scripts_only(launch_car)
[8.179s] INFO:colcon.colcon_core.shell:Creating package script '/home/nvidia/master_ws/install/launch_car/share/launch_car/package.ps1'
[8.183s] INFO:colcon.colcon_core.shell:Creating package descriptor '/home/nvidia/master_ws/install/launch_car/share/launch_car/package.dsv'
[8.186s] INFO:colcon.colcon_core.shell:Creating package script '/home/nvidia/master_ws/install/launch_car/share/launch_car/package.sh'
[8.190s] INFO:colcon.colcon_core.shell:Creating package script '/home/nvidia/master_ws/install/launch_car/share/launch_car/package.bash'
[8.193s] INFO:colcon.colcon_core.shell:Creating package script '/home/nvidia/master_ws/install/launch_car/share/launch_car/package.zsh'
[8.196s] Level 1:colcon.colcon_core.environment:create_file_with_runtime_dependencies(/home/nvidia/master_ws/install/launch_car/share/colcon-core/packages/launch_car)
[8.199s] DEBUG:colcon.colcon_parallel_executor.executor.parallel:closing loop
[8.201s] DEBUG:colcon.colcon_parallel_executor.executor.parallel:loop closed
[8.202s] DEBUG:colcon.colcon_parallel_executor.executor.parallel:run_until_complete finished with '0'
[8.202s] DEBUG:colcon.colcon_core.event_reactor:joining thread
[8.236s] INFO:colcon.colcon_core.plugin_system:Skipping extension 'colcon_notification.desktop_notification.terminal_notifier': Not used on non-Darwin systems
[8.237s] INFO:colcon.colcon_core.plugin_system:Skipping extension 'colcon_notification.desktop_notification.win32': Not used on non-Windows systems
[8.237s] INFO:colcon.colcon_notification.desktop_notification:Sending desktop notification using 'notify2'
[8.341s] DEBUG:colcon.colcon_core.event_reactor:joined thread
[8.343s] INFO:colcon.colcon_core.shell:Creating prefix script '/home/nvidia/master_ws/install/local_setup.ps1'
[8.349s] INFO:colcon.colcon_core.shell:Creating prefix util module '/home/nvidia/master_ws/install/_local_setup_util_ps1.py'
[8.358s] INFO:colcon.colcon_core.shell:Creating prefix chain script '/home/nvidia/master_ws/install/setup.ps1'
[8.369s] INFO:colcon.colcon_core.shell:Creating prefix script '/home/nvidia/master_ws/install/local_setup.sh'
[8.372s] INFO:colcon.colcon_core.shell:Creating prefix util module '/home/nvidia/master_ws/install/_local_setup_util_sh.py'
[8.376s] INFO:colcon.colcon_core.shell:Creating prefix chain script '/home/nvidia/master_ws/install/setup.sh'
[8.387s] INFO:colcon.colcon_core.shell:Creating prefix script '/home/nvidia/master_ws/install/local_setup.bash'
[8.390s] INFO:colcon.colcon_core.shell:Creating prefix chain script '/home/nvidia/master_ws/install/setup.bash'
[8.400s] INFO:colcon.colcon_core.shell:Creating prefix script '/home/nvidia/master_ws/install/local_setup.zsh'
[8.404s] INFO:colcon.colcon_core.shell:Creating prefix chain script '/home/nvidia/master_ws/install/setup.zsh'
