[4.830s] Invoking command in '/home/nvidia/master_ws/src/broadcaster': PYTHONPATH=/home/nvidia/master_ws/build/broadcaster/prefix_override:/home/nvidia/master_ws/install/broadcaster/lib/python3.8/site-packages:${PYTHONPATH} /usr/bin/python3 -W ignore:setup.py install is deprecated setup.py egg_info --egg-base ../../build/broadcaster build --build-base /home/nvidia/master_ws/build/broadcaster/build install --record /home/nvidia/master_ws/build/broadcaster/install.log --install-scripts $base/lib/broadcaster --single-version-externally-managed install_data
[6.427s] running egg_info
[6.430s] writing ../../build/broadcaster/broadcaster.egg-info/PKG-INFO
[6.430s] writing dependency_links to ../../build/broadcaster/broadcaster.egg-info/dependency_links.txt
[6.431s] writing entry points to ../../build/broadcaster/broadcaster.egg-info/entry_points.txt
[6.432s] writing requirements to ../../build/broadcaster/broadcaster.egg-info/requires.txt
[6.432s] writing top-level names to ../../build/broadcaster/broadcaster.egg-info/top_level.txt
[6.584s] reading manifest file '../../build/broadcaster/broadcaster.egg-info/SOURCES.txt'
[6.589s] writing manifest file '../../build/broadcaster/broadcaster.egg-info/SOURCES.txt'
[6.589s] running build
[6.590s] running build_py
[6.590s] running install
[6.594s] running install_lib
[6.601s] running install_data
[6.602s] running install_egg_info
[6.610s] removing '/home/nvidia/master_ws/install/broadcaster/lib/python3.8/site-packages/broadcaster-0.0.0-py3.8.egg-info' (and everything under it)
[6.612s] Copying ../../build/broadcaster/broadcaster.egg-info to /home/nvidia/master_ws/install/broadcaster/lib/python3.8/site-packages/broadcaster-0.0.0-py3.8.egg-info
[6.624s] running install_scripts
[6.698s] Installing lidar script to /home/nvidia/master_ws/install/broadcaster/lib/broadcaster
[6.700s] writing list of installed files to '/home/nvidia/master_ws/build/broadcaster/install.log'
[8.015s] Invoked command in '/home/nvidia/master_ws/src/broadcaster' returned '0': PYTHONPATH=/home/nvidia/master_ws/build/broadcaster/prefix_override:/home/nvidia/master_ws/install/broadcaster/lib/python3.8/site-packages:${PYTHONPATH} /usr/bin/python3 -W ignore:setup.py install is deprecated setup.py egg_info --egg-base ../../build/broadcaster build --build-base /home/nvidia/master_ws/build/broadcaster/build install --record /home/nvidia/master_ws/build/broadcaster/install.log --install-scripts $base/lib/broadcaster --single-version-externally-managed install_data
