[3.182s] Invoking command in '/home/nvidia/master_ws/src/lidar_control': PYTHONPATH=/home/nvidia/master_ws/build/lidar_control/prefix_override:/home/nvidia/master_ws/install/lidar_control/lib/python3.8/site-packages:${PYTHONPATH} /usr/bin/python3 -W ignore:setup.py install is deprecated setup.py egg_info --egg-base ../../build/lidar_control build --build-base /home/nvidia/master_ws/build/lidar_control/build install --record /home/nvidia/master_ws/build/lidar_control/install.log --install-scripts $base/lib/lidar_control --single-version-externally-managed install_data
[4.399s] running egg_info
[4.402s] writing ../../build/lidar_control/lidar_control.egg-info/PKG-INFO
[4.404s] writing dependency_links to ../../build/lidar_control/lidar_control.egg-info/dependency_links.txt
[4.406s] writing entry points to ../../build/lidar_control/lidar_control.egg-info/entry_points.txt
[4.407s] writing requirements to ../../build/lidar_control/lidar_control.egg-info/requires.txt
[4.408s] writing top-level names to ../../build/lidar_control/lidar_control.egg-info/top_level.txt
[4.553s] reading manifest file '../../build/lidar_control/lidar_control.egg-info/SOURCES.txt'
[4.557s] writing manifest file '../../build/lidar_control/lidar_control.egg-info/SOURCES.txt'
[4.557s] running build
[4.558s] running build_py
[4.559s] copying lidar_control/lidar_control.py -> /home/nvidia/master_ws/build/lidar_control/build/lib/lidar_control
[4.559s] running install
[4.564s] running install_lib
[4.568s] copying /home/nvidia/master_ws/build/lidar_control/build/lib/lidar_control/lidar_control.py -> /home/nvidia/master_ws/install/lidar_control/lib/python3.8/site-packages/lidar_control
[4.572s] byte-compiling /home/nvidia/master_ws/install/lidar_control/lib/python3.8/site-packages/lidar_control/lidar_control.py to lidar_control.cpython-38.pyc
[4.580s] running install_data
[4.581s] running install_egg_info
[4.588s] removing '/home/nvidia/master_ws/install/lidar_control/lib/python3.8/site-packages/lidar_control-0.0.0-py3.8.egg-info' (and everything under it)
[4.590s] Copying ../../build/lidar_control/lidar_control.egg-info to /home/nvidia/master_ws/install/lidar_control/lib/python3.8/site-packages/lidar_control-0.0.0-py3.8.egg-info
[4.595s] running install_scripts
[4.670s] Installing lidar_control script to /home/nvidia/master_ws/install/lidar_control/lib/lidar_control
[4.672s] writing list of installed files to '/home/nvidia/master_ws/build/lidar_control/install.log'
[4.762s] Invoked command in '/home/nvidia/master_ws/src/lidar_control' returned '0': PYTHONPATH=/home/nvidia/master_ws/build/lidar_control/prefix_override:/home/nvidia/master_ws/install/lidar_control/lib/python3.8/site-packages:${PYTHONPATH} /usr/bin/python3 -W ignore:setup.py install is deprecated setup.py egg_info --egg-base ../../build/lidar_control build --build-base /home/nvidia/master_ws/build/lidar_control/build install --record /home/nvidia/master_ws/build/lidar_control/install.log --install-scripts $base/lib/lidar_control --single-version-externally-managed install_data
