[4.903s] Invoking command in '/home/nvidia/master_ws/src/controller': PYTHONPATH=/home/nvidia/master_ws/build/controller/prefix_override:/home/nvidia/master_ws/install/controller/lib/python3.8/site-packages:${PYTHONPATH} /usr/bin/python3 -W ignore:setup.py install is deprecated setup.py egg_info --egg-base ../../build/controller build --build-base /home/nvidia/master_ws/build/controller/build install --record /home/nvidia/master_ws/build/controller/install.log --install-scripts $base/lib/controller --single-version-externally-managed install_data
[6.211s] running egg_info
[6.215s] writing ../../build/controller/controller.egg-info/PKG-INFO
[6.216s] writing dependency_links to ../../build/controller/controller.egg-info/dependency_links.txt
[6.217s] writing entry points to ../../build/controller/controller.egg-info/entry_points.txt
[6.219s] writing requirements to ../../build/controller/controller.egg-info/requires.txt
[6.220s] writing top-level names to ../../build/controller/controller.egg-info/top_level.txt
[6.379s] reading manifest file '../../build/controller/controller.egg-info/SOURCES.txt'
[6.407s] writing manifest file '../../build/controller/controller.egg-info/SOURCES.txt'
[6.408s] running build
[6.409s] running build_py
[6.409s] running install
[6.439s] running install_lib
[6.452s] running install_data
[6.452s] running install_egg_info
[6.476s] removing '/home/nvidia/master_ws/install/controller/lib/python3.8/site-packages/controller-0.0.0-py3.8.egg-info' (and everything under it)
[6.478s] Copying ../../build/controller/controller.egg-info to /home/nvidia/master_ws/install/controller/lib/python3.8/site-packages/controller-0.0.0-py3.8.egg-info
[6.483s] running install_scripts
[6.595s] Installing controller script to /home/nvidia/master_ws/install/controller/lib/controller
[6.597s] writing list of installed files to '/home/nvidia/master_ws/build/controller/install.log'
[6.709s] Invoked command in '/home/nvidia/master_ws/src/controller' returned '0': PYTHONPATH=/home/nvidia/master_ws/build/controller/prefix_override:/home/nvidia/master_ws/install/controller/lib/python3.8/site-packages:${PYTHONPATH} /usr/bin/python3 -W ignore:setup.py install is deprecated setup.py egg_info --egg-base ../../build/controller build --build-base /home/nvidia/master_ws/build/controller/build install --record /home/nvidia/master_ws/build/controller/install.log --install-scripts $base/lib/controller --single-version-externally-managed install_data
