[0.161s] Invoking command in '/home/nvidia/master_ws/build/velodyne_msgs': CMAKE_PREFIX_PATH=${CMAKE_PREFIX_PATH}:/home/nvidia/master_ws/install/xbox:/home/nvidia/master_ws/install/lidar_control:/home/nvidia/master_ws/install/launch_car:/home/nvidia/master_ws/install/broadcaster:/opt/ros/foxy /usr/bin/cmake /home/nvidia/master_ws/src/velodyne/velodyne_msgs -DCMAKE_INSTALL_PREFIX=/home/nvidia/master_ws/install/velodyne_msgs
[1.406s] -- The C compiler identification is GNU 9.4.0
[1.407s] -- The CXX compiler identification is GNU 9.4.0
[1.407s] -- Check for working C compiler: /usr/bin/cc
[1.488s] -- Check for working C compiler: /usr/bin/cc -- works
[1.493s] -- Detecting C compiler ABI info
[1.881s] -- Detecting C compiler ABI info - done
[1.943s] -- Detecting C compile features
[1.945s] -- Detecting C compile features - done
[1.961s] -- Check for working CXX compiler: /usr/bin/c++
[2.387s] -- Check for working CXX compiler: /usr/bin/c++ -- works
[2.393s] -- Detecting CXX compiler ABI info
[2.852s] -- Detecting CXX compiler ABI info - done
[2.915s] -- Detecting CXX compile features
[2.918s] -- Detecting CXX compile features - done
[2.934s] -- Found ament_cmake: 0.9.12 (/opt/ros/foxy/share/ament_cmake/cmake)
[3.077s] -- Found PythonInterp: /usr/bin/python3 (found suitable version "3.8.10", minimum required is "3") 
[3.078s] -- Using PYTHON_EXECUTABLE: /usr/bin/python3
[4.172s] -- Found builtin_interfaces: 1.0.0 (/opt/ros/foxy/share/builtin_interfaces/cmake)
[4.316s] -- Using all available rosidl_typesupport_c: rosidl_typesupport_fastrtps_c;rosidl_typesupport_introspection_c
[4.355s] -- Found rosidl_adapter: 1.3.1 (/opt/ros/foxy/share/rosidl_adapter/cmake)
[4.912s] -- Found OpenSSL: /usr/lib/aarch64-linux-gnu/libcrypto.so (found version "1.1.1f")  
[5.082s] -- Found FastRTPS: /opt/ros/foxy/include  
[5.547s] -- Using all available rosidl_typesupport_cpp: rosidl_typesupport_fastrtps_cpp;rosidl_typesupport_introspection_cpp
[5.766s] -- Found rosidl_default_generators: 1.0.1 (/opt/ros/foxy/share/rosidl_default_generators/cmake)
[5.850s] -- Found std_msgs: 2.0.5 (/opt/ros/foxy/share/std_msgs/cmake)
[6.095s] -- Found PythonInterp: /usr/bin/python3 (found version "3.8.10") 
[6.967s] -- Found ament_cmake_cppcheck: 0.9.8 (/opt/ros/foxy/share/ament_cmake_cppcheck/cmake)
[6.981s] -- Found ament_cmake_cpplint: 0.9.8 (/opt/ros/foxy/share/ament_cmake_cpplint/cmake)
[6.995s] -- Found ament_cmake_uncrustify: 0.9.8 (/opt/ros/foxy/share/ament_cmake_uncrustify/cmake)
[7.008s] -- Found ament_cmake_ros: 0.9.2 (/opt/ros/foxy/share/ament_cmake_ros/cmake)
[8.025s] -- Using all available rosidl_typesupport_c: rosidl_typesupport_fastrtps_c;rosidl_typesupport_introspection_c
[8.439s] -- Using all available rosidl_typesupport_cpp: rosidl_typesupport_fastrtps_cpp;rosidl_typesupport_introspection_cpp
[8.585s] -- Found PythonInterp: /usr/bin/python3 (found suitable version "3.8.10", minimum required is "3.5") 
[8.593s] -- Found python_cmake_module: 0.8.1 (/opt/ros/foxy/share/python_cmake_module/cmake)
[8.736s] -- Found PythonLibs: /usr/lib/aarch64-linux-gnu/libpython3.8.so (found suitable version "3.8.10", minimum required is "3.5") 
[8.737s] -- Using PYTHON_EXECUTABLE: /usr/bin/python3
[8.737s] -- Using PYTHON_INCLUDE_DIRS: /usr/include/python3.8
[8.737s] -- Using PYTHON_LIBRARIES: /usr/lib/aarch64-linux-gnu/libpython3.8.so
[8.848s] -- Found PythonExtra: .so  
[9.225s] -- Found ament_cmake_flake8: 0.9.8 (/opt/ros/foxy/share/ament_cmake_flake8/cmake)
[9.241s] -- Found ament_cmake_pep257: 0.9.8 (/opt/ros/foxy/share/ament_cmake_pep257/cmake)
[9.259s] -- Found ament_lint_auto: 0.9.8 (/opt/ros/foxy/share/ament_lint_auto/cmake)
[9.364s] -- Added test 'copyright' to check source files copyright and LICENSE
[9.371s] -- Added test 'lint_cmake' to check CMake code style
[9.377s] -- Added test 'xmllint' to check XML markup files
[9.424s] -- Configuring done
[9.730s] -- Generating done
[9.746s] -- Build files have been written to: /home/nvidia/master_ws/build/velodyne_msgs
[9.799s] Invoked command in '/home/nvidia/master_ws/build/velodyne_msgs' returned '0': CMAKE_PREFIX_PATH=${CMAKE_PREFIX_PATH}:/home/nvidia/master_ws/install/xbox:/home/nvidia/master_ws/install/lidar_control:/home/nvidia/master_ws/install/launch_car:/home/nvidia/master_ws/install/broadcaster:/opt/ros/foxy /usr/bin/cmake /home/nvidia/master_ws/src/velodyne/velodyne_msgs -DCMAKE_INSTALL_PREFIX=/home/nvidia/master_ws/install/velodyne_msgs
[9.802s] Invoking command in '/home/nvidia/master_ws/build/velodyne_msgs': CMAKE_PREFIX_PATH=${CMAKE_PREFIX_PATH}:/home/nvidia/master_ws/install/xbox:/home/nvidia/master_ws/install/lidar_control:/home/nvidia/master_ws/install/launch_car:/home/nvidia/master_ws/install/broadcaster:/opt/ros/foxy /usr/bin/cmake --build /home/nvidia/master_ws/build/velodyne_msgs -- -j4 -l4
[10.089s] [35m[1mScanning dependencies of target velodyne_msgs__cpp[0m
[10.171s] [  2%] [34m[1mGenerating C code for ROS interfaces[0m
[10.225s] [  5%] [34m[1mGenerating C++ code for ROS interfaces[0m
[12.012s] [  5%] Built target velodyne_msgs__cpp
[12.126s] [  7%] [34m[1mGenerating C++ type support for eProsima Fast-RTPS[0m
[12.146s] [ 10%] [34m[1mGenerating C++ type support dispatch for ROS interfaces[0m
[12.176s] [ 12%] [34m[1mGenerating C++ introspection for ROS interfaces[0m
[12.771s] [35m[1mScanning dependencies of target velodyne_msgs__rosidl_generator_c[0m
[12.961s] [ 15%] [32mBuilding C object CMakeFiles/velodyne_msgs__rosidl_generator_c.dir/rosidl_generator_c/velodyne_msgs/msg/detail/velodyne_packet__functions.c.o[0m
[13.587s] [ 17%] [32mBuilding C object CMakeFiles/velodyne_msgs__rosidl_generator_c.dir/rosidl_generator_c/velodyne_msgs/msg/detail/velodyne_scan__functions.c.o[0m
[14.184s] [ 20%] [32m[1mLinking C shared library libvelodyne_msgs__rosidl_generator_c.so[0m
[14.430s] [35m[1mScanning dependencies of target velodyne_msgs__rosidl_typesupport_cpp[0m
[14.539s] [35m[1mScanning dependencies of target velodyne_msgs__rosidl_typesupport_fastrtps_cpp[0m
[14.584s] [ 23%] [32mBuilding CXX object CMakeFiles/velodyne_msgs__rosidl_typesupport_cpp.dir/rosidl_typesupport_cpp/velodyne_msgs/msg/velodyne_packet__type_support.cpp.o[0m
[14.675s] [ 23%] Built target velodyne_msgs__rosidl_generator_c
[14.725s] [35m[1mScanning dependencies of target velodyne_msgs__rosidl_typesupport_introspection_cpp[0m
[14.757s] [ 25%] [32mBuilding CXX object CMakeFiles/velodyne_msgs__rosidl_typesupport_fastrtps_cpp.dir/rosidl_typesupport_fastrtps_cpp/velodyne_msgs/msg/detail/dds_fastrtps/velodyne_packet__type_support.cpp.o[0m
[14.824s] [ 28%] [34m[1mGenerating C type support dispatch for ROS interfaces[0m
[14.830s] [ 30%] [32mBuilding CXX object CMakeFiles/velodyne_msgs__rosidl_typesupport_introspection_cpp.dir/rosidl_typesupport_introspection_cpp/velodyne_msgs/msg/detail/velodyne_packet__type_support.cpp.o[0m
[17.165s] [ 33%] [32mBuilding CXX object CMakeFiles/velodyne_msgs__rosidl_typesupport_introspection_cpp.dir/rosidl_typesupport_introspection_cpp/velodyne_msgs/msg/detail/velodyne_scan__type_support.cpp.o[0m
[17.170s] [35m[1mScanning dependencies of target velodyne_msgs__rosidl_typesupport_c[0m
[17.190s] [ 35%] [32mBuilding CXX object CMakeFiles/velodyne_msgs__rosidl_typesupport_cpp.dir/rosidl_typesupport_cpp/velodyne_msgs/msg/velodyne_scan__type_support.cpp.o[0m
[17.347s] [ 38%] [32mBuilding CXX object CMakeFiles/velodyne_msgs__rosidl_typesupport_c.dir/rosidl_typesupport_c/velodyne_msgs/msg/velodyne_packet__type_support.cpp.o[0m
[17.623s] [ 41%] [32mBuilding CXX object CMakeFiles/velodyne_msgs__rosidl_typesupport_c.dir/rosidl_typesupport_c/velodyne_msgs/msg/velodyne_scan__type_support.cpp.o[0m
[17.893s] [ 43%] [32m[1mLinking CXX shared library libvelodyne_msgs__rosidl_typesupport_c.so[0m
[18.129s] [ 46%] [32mBuilding CXX object CMakeFiles/velodyne_msgs__rosidl_typesupport_fastrtps_cpp.dir/rosidl_typesupport_fastrtps_cpp/velodyne_msgs/msg/detail/dds_fastrtps/velodyne_scan__type_support.cpp.o[0m
[18.326s] [ 46%] Built target velodyne_msgs__rosidl_typesupport_c
[18.465s] [ 48%] [34m[1mGenerating C introspection for ROS interfaces[0m
[20.026s] [ 51%] [32m[1mLinking CXX shared library libvelodyne_msgs__rosidl_typesupport_cpp.so[0m
[20.335s] [ 51%] Built target velodyne_msgs__rosidl_typesupport_cpp
[20.343s] [ 53%] [32m[1mLinking CXX shared library libvelodyne_msgs__rosidl_typesupport_introspection_cpp.so[0m
[20.754s] [35m[1mScanning dependencies of target velodyne_msgs__rosidl_typesupport_introspection_c[0m
[20.843s] [ 53%] Built target velodyne_msgs__rosidl_typesupport_introspection_cpp
[20.898s] [ 56%] [32mBuilding C object CMakeFiles/velodyne_msgs__rosidl_typesupport_introspection_c.dir/rosidl_typesupport_introspection_c/velodyne_msgs/msg/detail/velodyne_scan__type_support.c.o[0m
[20.941s] [ 58%] [32mBuilding C object CMakeFiles/velodyne_msgs__rosidl_typesupport_introspection_c.dir/rosidl_typesupport_introspection_c/velodyne_msgs/msg/detail/velodyne_packet__type_support.c.o[0m
[21.235s] [ 61%] [32m[1mLinking C shared library libvelodyne_msgs__rosidl_typesupport_introspection_c.so[0m
[21.264s] [ 64%] [32m[1mLinking CXX shared library libvelodyne_msgs__rosidl_typesupport_fastrtps_cpp.so[0m
[21.434s] [ 64%] Built target velodyne_msgs__rosidl_typesupport_introspection_c
[21.682s] [ 64%] Built target velodyne_msgs__rosidl_typesupport_fastrtps_cpp
[21.739s] [ 66%] [34m[1mGenerating C type support for eProsima Fast-RTPS[0m
[23.072s] [35m[1mScanning dependencies of target velodyne_msgs__rosidl_typesupport_fastrtps_c[0m
[23.168s] [ 69%] [32mBuilding CXX object CMakeFiles/velodyne_msgs__rosidl_typesupport_fastrtps_c.dir/rosidl_typesupport_fastrtps_c/velodyne_msgs/msg/detail/velodyne_packet__type_support_c.cpp.o[0m
[23.182s] [ 71%] [32mBuilding CXX object CMakeFiles/velodyne_msgs__rosidl_typesupport_fastrtps_c.dir/rosidl_typesupport_fastrtps_c/velodyne_msgs/msg/detail/velodyne_scan__type_support_c.cpp.o[0m
[24.955s] [ 74%] [32m[1mLinking CXX shared library libvelodyne_msgs__rosidl_typesupport_fastrtps_c.so[0m
[25.365s] [ 74%] Built target velodyne_msgs__rosidl_typesupport_fastrtps_c
[25.421s] [35m[1mScanning dependencies of target velodyne_msgs[0m
[25.482s] [ 74%] Built target velodyne_msgs
[25.539s] [35m[1mScanning dependencies of target velodyne_msgs__py[0m
[25.601s] [ 76%] [34m[1mGenerating Python code for ROS interfaces[0m
[28.209s] [ 76%] Built target velodyne_msgs__py
[28.268s] [35m[1mScanning dependencies of target velodyne_msgs__python[0m
[28.432s] [ 79%] [32mBuilding C object CMakeFiles/velodyne_msgs__python.dir/rosidl_generator_py/velodyne_msgs/msg/_velodyne_packet_s.c.o[0m
[28.452s] [ 82%] [32mBuilding C object CMakeFiles/velodyne_msgs__python.dir/rosidl_generator_py/velodyne_msgs/msg/_velodyne_scan_s.c.o[0m
[29.054s] [ 84%] [32m[1mLinking C shared library rosidl_generator_py/velodyne_msgs/libvelodyne_msgs__python.so[0m
[29.287s] [ 84%] Built target velodyne_msgs__python
[29.349s] [35m[1mScanning dependencies of target velodyne_msgs__rosidl_typesupport_c__pyext[0m
[29.360s] [35m[1mScanning dependencies of target velodyne_msgs__rosidl_typesupport_fastrtps_c__pyext[0m
[29.418s] [35m[1mScanning dependencies of target velodyne_msgs__rosidl_typesupport_introspection_c__pyext[0m
[29.533s] [ 87%] [32mBuilding C object CMakeFiles/velodyne_msgs__rosidl_typesupport_c__pyext.dir/rosidl_generator_py/velodyne_msgs/_velodyne_msgs_s.ep.rosidl_typesupport_c.c.o[0m
[29.563s] [ 89%] [32mBuilding C object CMakeFiles/velodyne_msgs__rosidl_typesupport_fastrtps_c__pyext.dir/rosidl_generator_py/velodyne_msgs/_velodyne_msgs_s.ep.rosidl_typesupport_fastrtps_c.c.o[0m
[29.570s] [ 92%] [32mBuilding C object CMakeFiles/velodyne_msgs__rosidl_typesupport_introspection_c__pyext.dir/rosidl_generator_py/velodyne_msgs/_velodyne_msgs_s.ep.rosidl_typesupport_introspection_c.c.o[0m
[30.133s] [ 94%] [32m[1mLinking C shared library rosidl_generator_py/velodyne_msgs/velodyne_msgs_s__rosidl_typesupport_c.cpython-38-aarch64-linux-gnu.so[0m
[30.202s] [ 97%] [32m[1mLinking C shared library rosidl_generator_py/velodyne_msgs/velodyne_msgs_s__rosidl_typesupport_introspection_c.cpython-38-aarch64-linux-gnu.so[0m
[30.304s] [100%] [32m[1mLinking CXX shared library rosidl_generator_py/velodyne_msgs/velodyne_msgs_s__rosidl_typesupport_fastrtps_c.cpython-38-aarch64-linux-gnu.so[0m
[30.403s] [100%] Built target velodyne_msgs__rosidl_typesupport_c__pyext
[30.479s] [100%] Built target velodyne_msgs__rosidl_typesupport_introspection_c__pyext
[30.703s] [100%] Built target velodyne_msgs__rosidl_typesupport_fastrtps_c__pyext
[30.769s] Invoked command in '/home/nvidia/master_ws/build/velodyne_msgs' returned '0': CMAKE_PREFIX_PATH=${CMAKE_PREFIX_PATH}:/home/nvidia/master_ws/install/xbox:/home/nvidia/master_ws/install/lidar_control:/home/nvidia/master_ws/install/launch_car:/home/nvidia/master_ws/install/broadcaster:/opt/ros/foxy /usr/bin/cmake --build /home/nvidia/master_ws/build/velodyne_msgs -- -j4 -l4
[31.304s] Invoking command in '/home/nvidia/master_ws/build/velodyne_msgs': CMAKE_PREFIX_PATH=${CMAKE_PREFIX_PATH}:/home/nvidia/master_ws/install/xbox:/home/nvidia/master_ws/install/lidar_control:/home/nvidia/master_ws/install/launch_car:/home/nvidia/master_ws/install/broadcaster:/opt/ros/foxy /usr/bin/cmake --install /home/nvidia/master_ws/build/velodyne_msgs
[31.357s] -- Install configuration: ""
[31.359s] -- Installing: /home/nvidia/master_ws/install/velodyne_msgs/share/ament_index/resource_index/rosidl_interfaces/velodyne_msgs
[31.362s] -- Installing: /home/nvidia/master_ws/install/velodyne_msgs/include/velodyne_msgs
[31.363s] -- Installing: /home/nvidia/master_ws/install/velodyne_msgs/include/velodyne_msgs/msg
[31.365s] -- Installing: /home/nvidia/master_ws/install/velodyne_msgs/include/velodyne_msgs/msg/velodyne_scan.h
[31.366s] -- Installing: /home/nvidia/master_ws/install/velodyne_msgs/include/velodyne_msgs/msg/rosidl_generator_c__visibility_control.h
[31.368s] -- Installing: /home/nvidia/master_ws/install/velodyne_msgs/include/velodyne_msgs/msg/velodyne_packet.h
[31.369s] -- Installing: /home/nvidia/master_ws/install/velodyne_msgs/include/velodyne_msgs/msg/detail
[31.371s] -- Installing: /home/nvidia/master_ws/install/velodyne_msgs/include/velodyne_msgs/msg/detail/velodyne_packet__functions.c
[31.372s] -- Installing: /home/nvidia/master_ws/install/velodyne_msgs/include/velodyne_msgs/msg/detail/velodyne_packet__struct.h
[31.374s] -- Installing: /home/nvidia/master_ws/install/velodyne_msgs/include/velodyne_msgs/msg/detail/velodyne_packet__type_support.h
[31.375s] -- Installing: /home/nvidia/master_ws/install/velodyne_msgs/include/velodyne_msgs/msg/detail/velodyne_packet__functions.h
[31.376s] -- Installing: /home/nvidia/master_ws/install/velodyne_msgs/include/velodyne_msgs/msg/detail/velodyne_scan__functions.c
[31.378s] -- Installing: /home/nvidia/master_ws/install/velodyne_msgs/include/velodyne_msgs/msg/detail/velodyne_scan__struct.h
[31.380s] -- Installing: /home/nvidia/master_ws/install/velodyne_msgs/include/velodyne_msgs/msg/detail/velodyne_scan__type_support.h
[31.381s] -- Installing: /home/nvidia/master_ws/install/velodyne_msgs/include/velodyne_msgs/msg/detail/velodyne_scan__functions.h
[31.382s] -- Installing: /home/nvidia/master_ws/install/velodyne_msgs/share/velodyne_msgs/environment/library_path.sh
[31.384s] -- Installing: /home/nvidia/master_ws/install/velodyne_msgs/share/velodyne_msgs/environment/library_path.dsv
[31.386s] -- Installing: /home/nvidia/master_ws/install/velodyne_msgs/lib/libvelodyne_msgs__rosidl_generator_c.so
[31.389s] -- Set runtime path of "/home/nvidia/master_ws/install/velodyne_msgs/lib/libvelodyne_msgs__rosidl_generator_c.so" to ""
[31.390s] -- Up-to-date: /home/nvidia/master_ws/install/velodyne_msgs/include/velodyne_msgs
[31.391s] -- Up-to-date: /home/nvidia/master_ws/install/velodyne_msgs/include/velodyne_msgs/msg
[31.391s] -- Installing: /home/nvidia/master_ws/install/velodyne_msgs/include/velodyne_msgs/msg/rosidl_typesupport_fastrtps_c__visibility_control.h
[31.392s] -- Up-to-date: /home/nvidia/master_ws/install/velodyne_msgs/include/velodyne_msgs/msg/detail
[31.393s] -- Installing: /home/nvidia/master_ws/install/velodyne_msgs/include/velodyne_msgs/msg/detail/velodyne_scan__rosidl_typesupport_fastrtps_c.h
[31.394s] -- Installing: /home/nvidia/master_ws/install/velodyne_msgs/include/velodyne_msgs/msg/detail/velodyne_packet__rosidl_typesupport_fastrtps_c.h
[31.396s] -- Installing: /home/nvidia/master_ws/install/velodyne_msgs/lib/libvelodyne_msgs__rosidl_typesupport_fastrtps_c.so
[31.399s] -- Set runtime path of "/home/nvidia/master_ws/install/velodyne_msgs/lib/libvelodyne_msgs__rosidl_typesupport_fastrtps_c.so" to ""
[31.401s] -- Up-to-date: /home/nvidia/master_ws/install/velodyne_msgs/include/velodyne_msgs
[31.401s] -- Up-to-date: /home/nvidia/master_ws/install/velodyne_msgs/include/velodyne_msgs/msg
[31.402s] -- Up-to-date: /home/nvidia/master_ws/install/velodyne_msgs/include/velodyne_msgs/msg/detail
[31.403s] -- Installing: /home/nvidia/master_ws/install/velodyne_msgs/include/velodyne_msgs/msg/detail/velodyne_packet__rosidl_typesupport_fastrtps_cpp.hpp
[31.404s] -- Installing: /home/nvidia/master_ws/install/velodyne_msgs/include/velodyne_msgs/msg/detail/velodyne_scan__rosidl_typesupport_fastrtps_cpp.hpp
[31.405s] -- Installing: /home/nvidia/master_ws/install/velodyne_msgs/include/velodyne_msgs/msg/detail/dds_fastrtps
[31.406s] -- Installing: /home/nvidia/master_ws/install/velodyne_msgs/include/velodyne_msgs/msg/rosidl_typesupport_fastrtps_cpp__visibility_control.h
[31.407s] -- Installing: /home/nvidia/master_ws/install/velodyne_msgs/lib/libvelodyne_msgs__rosidl_typesupport_fastrtps_cpp.so
[31.411s] -- Set runtime path of "/home/nvidia/master_ws/install/velodyne_msgs/lib/libvelodyne_msgs__rosidl_typesupport_fastrtps_cpp.so" to ""
[31.412s] -- Up-to-date: /home/nvidia/master_ws/install/velodyne_msgs/include/velodyne_msgs
[31.413s] -- Up-to-date: /home/nvidia/master_ws/install/velodyne_msgs/include/velodyne_msgs/msg
[31.414s] -- Up-to-date: /home/nvidia/master_ws/install/velodyne_msgs/include/velodyne_msgs/msg/detail
[31.415s] -- Installing: /home/nvidia/master_ws/install/velodyne_msgs/include/velodyne_msgs/msg/detail/velodyne_packet__type_support.c
[31.416s] -- Installing: /home/nvidia/master_ws/install/velodyne_msgs/include/velodyne_msgs/msg/detail/velodyne_scan__rosidl_typesupport_introspection_c.h
[31.417s] -- Installing: /home/nvidia/master_ws/install/velodyne_msgs/include/velodyne_msgs/msg/detail/velodyne_packet__rosidl_typesupport_introspection_c.h
[31.418s] -- Installing: /home/nvidia/master_ws/install/velodyne_msgs/include/velodyne_msgs/msg/detail/velodyne_scan__type_support.c
[31.419s] -- Installing: /home/nvidia/master_ws/install/velodyne_msgs/include/velodyne_msgs/msg/rosidl_typesupport_introspection_c__visibility_control.h
[31.420s] -- Installing: /home/nvidia/master_ws/install/velodyne_msgs/lib/libvelodyne_msgs__rosidl_typesupport_introspection_c.so
[31.423s] -- Set runtime path of "/home/nvidia/master_ws/install/velodyne_msgs/lib/libvelodyne_msgs__rosidl_typesupport_introspection_c.so" to ""
[31.423s] -- Installing: /home/nvidia/master_ws/install/velodyne_msgs/lib/libvelodyne_msgs__rosidl_typesupport_c.so
[31.426s] -- Set runtime path of "/home/nvidia/master_ws/install/velodyne_msgs/lib/libvelodyne_msgs__rosidl_typesupport_c.so" to ""
[31.426s] -- Up-to-date: /home/nvidia/master_ws/install/velodyne_msgs/include/velodyne_msgs
[31.427s] -- Up-to-date: /home/nvidia/master_ws/install/velodyne_msgs/include/velodyne_msgs/msg
[31.427s] -- Installing: /home/nvidia/master_ws/install/velodyne_msgs/include/velodyne_msgs/msg/velodyne_scan.hpp
[31.428s] -- Installing: /home/nvidia/master_ws/install/velodyne_msgs/include/velodyne_msgs/msg/velodyne_packet.hpp
[31.429s] -- Installing: /home/nvidia/master_ws/install/velodyne_msgs/include/velodyne_msgs/msg/rosidl_generator_cpp__visibility_control.hpp
[31.430s] -- Up-to-date: /home/nvidia/master_ws/install/velodyne_msgs/include/velodyne_msgs/msg/detail
[31.431s] -- Installing: /home/nvidia/master_ws/install/velodyne_msgs/include/velodyne_msgs/msg/detail/velodyne_scan__type_support.hpp
[31.431s] -- Installing: /home/nvidia/master_ws/install/velodyne_msgs/include/velodyne_msgs/msg/detail/velodyne_packet__traits.hpp
[31.432s] -- Installing: /home/nvidia/master_ws/install/velodyne_msgs/include/velodyne_msgs/msg/detail/velodyne_scan__traits.hpp
[31.433s] -- Installing: /home/nvidia/master_ws/install/velodyne_msgs/include/velodyne_msgs/msg/detail/velodyne_scan__struct.hpp
[31.433s] -- Installing: /home/nvidia/master_ws/install/velodyne_msgs/include/velodyne_msgs/msg/detail/velodyne_scan__builder.hpp
[31.434s] -- Installing: /home/nvidia/master_ws/install/velodyne_msgs/include/velodyne_msgs/msg/detail/velodyne_packet__builder.hpp
[31.435s] -- Installing: /home/nvidia/master_ws/install/velodyne_msgs/include/velodyne_msgs/msg/detail/velodyne_packet__type_support.hpp
[31.435s] -- Installing: /home/nvidia/master_ws/install/velodyne_msgs/include/velodyne_msgs/msg/detail/velodyne_packet__struct.hpp
[31.437s] -- Up-to-date: /home/nvidia/master_ws/install/velodyne_msgs/include/velodyne_msgs
[31.438s] -- Up-to-date: /home/nvidia/master_ws/install/velodyne_msgs/include/velodyne_msgs/msg
[31.438s] -- Up-to-date: /home/nvidia/master_ws/install/velodyne_msgs/include/velodyne_msgs/msg/detail
[31.439s] -- Installing: /home/nvidia/master_ws/install/velodyne_msgs/include/velodyne_msgs/msg/detail/velodyne_packet__type_support.cpp
[31.439s] -- Installing: /home/nvidia/master_ws/install/velodyne_msgs/include/velodyne_msgs/msg/detail/velodyne_packet__rosidl_typesupport_introspection_cpp.hpp
[31.440s] -- Installing: /home/nvidia/master_ws/install/velodyne_msgs/include/velodyne_msgs/msg/detail/velodyne_scan__type_support.cpp
[31.440s] -- Installing: /home/nvidia/master_ws/install/velodyne_msgs/include/velodyne_msgs/msg/detail/velodyne_scan__rosidl_typesupport_introspection_cpp.hpp
[31.441s] -- Installing: /home/nvidia/master_ws/install/velodyne_msgs/lib/libvelodyne_msgs__rosidl_typesupport_introspection_cpp.so
[31.446s] -- Set runtime path of "/home/nvidia/master_ws/install/velodyne_msgs/lib/libvelodyne_msgs__rosidl_typesupport_introspection_cpp.so" to ""
[31.447s] -- Installing: /home/nvidia/master_ws/install/velodyne_msgs/lib/libvelodyne_msgs__rosidl_typesupport_cpp.so
[31.449s] -- Set runtime path of "/home/nvidia/master_ws/install/velodyne_msgs/lib/libvelodyne_msgs__rosidl_typesupport_cpp.so" to ""
[31.450s] -- Installing: /home/nvidia/master_ws/install/velodyne_msgs/share/velodyne_msgs/environment/pythonpath.sh
[31.451s] -- Installing: /home/nvidia/master_ws/install/velodyne_msgs/share/velodyne_msgs/environment/pythonpath.dsv
[31.453s] -- Installing: /home/nvidia/master_ws/install/velodyne_msgs/lib/python3.8/site-packages/velodyne_msgs/__init__.py
[31.642s] Compiling '/home/nvidia/master_ws/install/velodyne_msgs/lib/python3.8/site-packages/velodyne_msgs/__init__.py'...
[31.661s] -- Installing: /home/nvidia/master_ws/install/velodyne_msgs/lib/python3.8/site-packages/velodyne_msgs/msg
[31.661s] -- Installing: /home/nvidia/master_ws/install/velodyne_msgs/lib/python3.8/site-packages/velodyne_msgs/msg/_velodyne_scan_s.c
[31.662s] -- Installing: /home/nvidia/master_ws/install/velodyne_msgs/lib/python3.8/site-packages/velodyne_msgs/msg/_velodyne_packet_s.c
[31.663s] -- Installing: /home/nvidia/master_ws/install/velodyne_msgs/lib/python3.8/site-packages/velodyne_msgs/msg/_velodyne_scan.py
[31.664s] -- Installing: /home/nvidia/master_ws/install/velodyne_msgs/lib/python3.8/site-packages/velodyne_msgs/msg/_velodyne_packet.py
[31.665s] -- Installing: /home/nvidia/master_ws/install/velodyne_msgs/lib/python3.8/site-packages/velodyne_msgs/msg/__init__.py
[31.667s] -- Installing: /home/nvidia/master_ws/install/velodyne_msgs/lib/python3.8/site-packages/velodyne_msgs/velodyne_msgs_s__rosidl_typesupport_fastrtps_c.cpython-38-aarch64-linux-gnu.so
[31.670s] -- Set runtime path of "/home/nvidia/master_ws/install/velodyne_msgs/lib/python3.8/site-packages/velodyne_msgs/velodyne_msgs_s__rosidl_typesupport_fastrtps_c.cpython-38-aarch64-linux-gnu.so" to ""
[31.672s] -- Installing: /home/nvidia/master_ws/install/velodyne_msgs/lib/python3.8/site-packages/velodyne_msgs/velodyne_msgs_s__rosidl_typesupport_introspection_c.cpython-38-aarch64-linux-gnu.so
[31.675s] -- Set runtime path of "/home/nvidia/master_ws/install/velodyne_msgs/lib/python3.8/site-packages/velodyne_msgs/velodyne_msgs_s__rosidl_typesupport_introspection_c.cpython-38-aarch64-linux-gnu.so" to ""
[31.676s] -- Installing: /home/nvidia/master_ws/install/velodyne_msgs/lib/python3.8/site-packages/velodyne_msgs/velodyne_msgs_s__rosidl_typesupport_c.cpython-38-aarch64-linux-gnu.so
[31.679s] -- Set runtime path of "/home/nvidia/master_ws/install/velodyne_msgs/lib/python3.8/site-packages/velodyne_msgs/velodyne_msgs_s__rosidl_typesupport_c.cpython-38-aarch64-linux-gnu.so" to ""
[31.680s] -- Installing: /home/nvidia/master_ws/install/velodyne_msgs/lib/libvelodyne_msgs__python.so
[31.683s] -- Set runtime path of "/home/nvidia/master_ws/install/velodyne_msgs/lib/libvelodyne_msgs__python.so" to ""
[31.684s] -- Installing: /home/nvidia/master_ws/install/velodyne_msgs/share/velodyne_msgs/msg/VelodynePacket.idl
[31.685s] -- Installing: /home/nvidia/master_ws/install/velodyne_msgs/share/velodyne_msgs/msg/VelodyneScan.idl
[31.687s] -- Installing: /home/nvidia/master_ws/install/velodyne_msgs/share/velodyne_msgs/msg/VelodynePacket.msg
[31.688s] -- Installing: /home/nvidia/master_ws/install/velodyne_msgs/share/velodyne_msgs/msg/VelodyneScan.msg
[31.689s] -- Installing: /home/nvidia/master_ws/install/velodyne_msgs/share/ament_index/resource_index/package_run_dependencies/velodyne_msgs
[31.690s] -- Installing: /home/nvidia/master_ws/install/velodyne_msgs/share/ament_index/resource_index/parent_prefix_path/velodyne_msgs
[31.691s] -- Installing: /home/nvidia/master_ws/install/velodyne_msgs/share/velodyne_msgs/environment/ament_prefix_path.sh
[31.692s] -- Installing: /home/nvidia/master_ws/install/velodyne_msgs/share/velodyne_msgs/environment/ament_prefix_path.dsv
[31.693s] -- Installing: /home/nvidia/master_ws/install/velodyne_msgs/share/velodyne_msgs/environment/path.sh
[31.694s] -- Installing: /home/nvidia/master_ws/install/velodyne_msgs/share/velodyne_msgs/environment/path.dsv
[31.695s] -- Installing: /home/nvidia/master_ws/install/velodyne_msgs/share/velodyne_msgs/local_setup.bash
[31.697s] -- Installing: /home/nvidia/master_ws/install/velodyne_msgs/share/velodyne_msgs/local_setup.sh
[31.698s] -- Installing: /home/nvidia/master_ws/install/velodyne_msgs/share/velodyne_msgs/local_setup.zsh
[31.699s] -- Installing: /home/nvidia/master_ws/install/velodyne_msgs/share/velodyne_msgs/local_setup.dsv
[31.700s] -- Installing: /home/nvidia/master_ws/install/velodyne_msgs/share/velodyne_msgs/package.dsv
[31.701s] -- Installing: /home/nvidia/master_ws/install/velodyne_msgs/share/ament_index/resource_index/packages/velodyne_msgs
[31.703s] -- Installing: /home/nvidia/master_ws/install/velodyne_msgs/share/velodyne_msgs/cmake/velodyne_msgs__rosidl_generator_cExport.cmake
[31.704s] -- Installing: /home/nvidia/master_ws/install/velodyne_msgs/share/velodyne_msgs/cmake/velodyne_msgs__rosidl_generator_cExport-noconfig.cmake
[31.705s] -- Installing: /home/nvidia/master_ws/install/velodyne_msgs/share/velodyne_msgs/cmake/velodyne_msgs__rosidl_typesupport_introspection_cExport.cmake
[31.707s] -- Installing: /home/nvidia/master_ws/install/velodyne_msgs/share/velodyne_msgs/cmake/velodyne_msgs__rosidl_typesupport_introspection_cExport-noconfig.cmake
[31.708s] -- Installing: /home/nvidia/master_ws/install/velodyne_msgs/share/velodyne_msgs/cmake/velodyne_msgs__rosidl_typesupport_cExport.cmake
[31.709s] -- Installing: /home/nvidia/master_ws/install/velodyne_msgs/share/velodyne_msgs/cmake/velodyne_msgs__rosidl_typesupport_cExport-noconfig.cmake
[31.711s] -- Installing: /home/nvidia/master_ws/install/velodyne_msgs/share/velodyne_msgs/cmake/velodyne_msgs__rosidl_generator_cppExport.cmake
[31.713s] -- Installing: /home/nvidia/master_ws/install/velodyne_msgs/share/velodyne_msgs/cmake/velodyne_msgs__rosidl_typesupport_introspection_cppExport.cmake
[31.714s] -- Installing: /home/nvidia/master_ws/install/velodyne_msgs/share/velodyne_msgs/cmake/velodyne_msgs__rosidl_typesupport_introspection_cppExport-noconfig.cmake
[31.716s] -- Installing: /home/nvidia/master_ws/install/velodyne_msgs/share/velodyne_msgs/cmake/velodyne_msgs__rosidl_typesupport_cppExport.cmake
[31.718s] -- Installing: /home/nvidia/master_ws/install/velodyne_msgs/share/velodyne_msgs/cmake/velodyne_msgs__rosidl_typesupport_cppExport-noconfig.cmake
[31.719s] -- Installing: /home/nvidia/master_ws/install/velodyne_msgs/share/velodyne_msgs/cmake/rosidl_cmake-extras.cmake
[31.720s] -- Installing: /home/nvidia/master_ws/install/velodyne_msgs/share/velodyne_msgs/cmake/ament_cmake_export_dependencies-extras.cmake
[31.722s] -- Installing: /home/nvidia/master_ws/install/velodyne_msgs/share/velodyne_msgs/cmake/ament_cmake_export_libraries-extras.cmake
[31.724s] -- Installing: /home/nvidia/master_ws/install/velodyne_msgs/share/velodyne_msgs/cmake/ament_cmake_export_targets-extras.cmake
[31.726s] -- Installing: /home/nvidia/master_ws/install/velodyne_msgs/share/velodyne_msgs/cmake/ament_cmake_export_include_directories-extras.cmake
[31.727s] -- Installing: /home/nvidia/master_ws/install/velodyne_msgs/share/velodyne_msgs/cmake/rosidl_cmake_export_typesupport_libraries-extras.cmake
[31.728s] -- Installing: /home/nvidia/master_ws/install/velodyne_msgs/share/velodyne_msgs/cmake/rosidl_cmake_export_typesupport_targets-extras.cmake
[31.730s] -- Installing: /home/nvidia/master_ws/install/velodyne_msgs/share/velodyne_msgs/cmake/velodyne_msgsConfig.cmake
[31.731s] -- Installing: /home/nvidia/master_ws/install/velodyne_msgs/share/velodyne_msgs/cmake/velodyne_msgsConfig-version.cmake
[31.732s] -- Installing: /home/nvidia/master_ws/install/velodyne_msgs/share/velodyne_msgs/package.xml
[31.750s] Invoked command in '/home/nvidia/master_ws/build/velodyne_msgs' returned '0': CMAKE_PREFIX_PATH=${CMAKE_PREFIX_PATH}:/home/nvidia/master_ws/install/xbox:/home/nvidia/master_ws/install/lidar_control:/home/nvidia/master_ws/install/launch_car:/home/nvidia/master_ws/install/broadcaster:/opt/ros/foxy /usr/bin/cmake --install /home/nvidia/master_ws/build/velodyne_msgs
