[2.679s] Invoking command in '/home/nvidia/master_ws/src/xbox': PYTHONPATH=/home/nvidia/master_ws/build/xbox/prefix_override:/home/nvidia/master_ws/install/xbox/lib/python3.8/site-packages:${PYTHONPATH} /usr/bin/python3 -W ignore:setup.py install is deprecated setup.py egg_info --egg-base ../../build/xbox build --build-base /home/nvidia/master_ws/build/xbox/build install --record /home/nvidia/master_ws/build/xbox/install.log --install-scripts $base/lib/xbox --single-version-externally-managed install_data
[3.583s] running egg_info
[3.585s] writing ../../build/xbox/xbox.egg-info/PKG-INFO
[3.586s] writing dependency_links to ../../build/xbox/xbox.egg-info/dependency_links.txt
[3.587s] writing entry points to ../../build/xbox/xbox.egg-info/entry_points.txt
[3.588s] writing requirements to ../../build/xbox/xbox.egg-info/requires.txt
[3.588s] writing top-level names to ../../build/xbox/xbox.egg-info/top_level.txt
[3.715s] reading manifest file '../../build/xbox/xbox.egg-info/SOURCES.txt'
[3.718s] writing manifest file '../../build/xbox/xbox.egg-info/SOURCES.txt'
[3.719s] running build
[3.719s] running build_py
[3.720s] copying xbox/control.py -> /home/nvidia/master_ws/build/xbox/build/lib/xbox
[3.721s] running install
[3.724s] running install_lib
[3.728s] copying /home/nvidia/master_ws/build/xbox/build/lib/xbox/control.py -> /home/nvidia/master_ws/install/xbox/lib/python3.8/site-packages/xbox
[3.730s] byte-compiling /home/nvidia/master_ws/install/xbox/lib/python3.8/site-packages/xbox/control.py to control.cpython-38.pyc
[3.737s] running install_data
[3.738s] running install_egg_info
[3.744s] removing '/home/nvidia/master_ws/install/xbox/lib/python3.8/site-packages/xbox-0.0.0-py3.8.egg-info' (and everything under it)
[3.745s] Copying ../../build/xbox/xbox.egg-info to /home/nvidia/master_ws/install/xbox/lib/python3.8/site-packages/xbox-0.0.0-py3.8.egg-info
[3.750s] running install_scripts
[3.812s] Installing control script to /home/nvidia/master_ws/install/xbox/lib/xbox
[3.814s] writing list of installed files to '/home/nvidia/master_ws/build/xbox/install.log'
[3.897s] Invoked command in '/home/nvidia/master_ws/src/xbox' returned '0': PYTHONPATH=/home/nvidia/master_ws/build/xbox/prefix_override:/home/nvidia/master_ws/install/xbox/lib/python3.8/site-packages:${PYTHONPATH} /usr/bin/python3 -W ignore:setup.py install is deprecated setup.py egg_info --egg-base ../../build/xbox build --build-base /home/nvidia/master_ws/build/xbox/build install --record /home/nvidia/master_ws/build/xbox/install.log --install-scripts $base/lib/xbox --single-version-externally-managed install_data
