[0.210s] Invoking command in '/home/nvidia/master_ws/build/velodyne_laserscan': CMAKE_PREFIX_PATH=${CMAKE_PREFIX_PATH}:/home/nvidia/master_ws/install/xbox:/home/nvidia/master_ws/install/lidar_control:/home/nvidia/master_ws/install/launch_car:/home/nvidia/master_ws/install/controller:/home/nvidia/master_ws/install/broadcaster:/home/nvidia/velodyne_drivers/install/broadcast_and_listener:/home/nvidia/velodyne_drivers/install/examples_tf2_py:/home/nvidia/velodyne_drivers/install/broadcaster:/home/nvidia/velodyne_drivers/install/test_converter:/home/nvidia/velodyne_drivers/install/py_launch_example:/home/nvidia/velodyne_drivers/install/example:/opt/ros/foxy /usr/bin/cmake --build /home/nvidia/master_ws/build/velodyne_laserscan -- -j4 -l4
[1.628s] [ 50%] Built target velodyne_laserscan
[1.628s] [100%] Built target velodyne_laserscan_node
[1.635s] make: Warning: File 'Makefile' has modification time 3648230 s in the future
[1.635s] make[1]: Warning: File 'CMakeFiles/Makefile2' has modification time 3648229 s in the future
[1.635s] make[2]: Warning: File 'CMakeFiles/velodyne_laserscan.dir/flags.make' has modification time 3648229 s in the future
[1.636s] make[2]: warning:  Clock skew detected.  Your build may be incomplete.
[1.636s] make[2]: Warning: File 'CMakeFiles/velodyne_laserscan.dir/flags.make' has modification time 3648229 s in the future
[1.636s] make[2]: warning:  Clock skew detected.  Your build may be incomplete.
[1.636s] make[2]: Warning: File 'CMakeFiles/velodyne_laserscan_node.dir/flags.make' has modification time 3648229 s in the future
[1.637s] make[2]: warning:  Clock skew detected.  Your build may be incomplete.
[1.637s] make[2]: Warning: File 'CMakeFiles/velodyne_laserscan_node.dir/flags.make' has modification time 3648229 s in the future
[1.637s] make[2]: warning:  Clock skew detected.  Your build may be incomplete.
[1.638s] make[1]: warning:  Clock skew detected.  Your build may be incomplete.
[1.638s] make: warning:  Clock skew detected.  Your build may be incomplete.
[2.765s] Invoked command in '/home/nvidia/master_ws/build/velodyne_laserscan' returned '0': CMAKE_PREFIX_PATH=${CMAKE_PREFIX_PATH}:/home/nvidia/master_ws/install/xbox:/home/nvidia/master_ws/install/lidar_control:/home/nvidia/master_ws/install/launch_car:/home/nvidia/master_ws/install/controller:/home/nvidia/master_ws/install/broadcaster:/home/nvidia/velodyne_drivers/install/broadcast_and_listener:/home/nvidia/velodyne_drivers/install/examples_tf2_py:/home/nvidia/velodyne_drivers/install/broadcaster:/home/nvidia/velodyne_drivers/install/test_converter:/home/nvidia/velodyne_drivers/install/py_launch_example:/home/nvidia/velodyne_drivers/install/example:/opt/ros/foxy /usr/bin/cmake --build /home/nvidia/master_ws/build/velodyne_laserscan -- -j4 -l4
[3.057s] Invoking command in '/home/nvidia/master_ws/build/velodyne_laserscan': CMAKE_PREFIX_PATH=${CMAKE_PREFIX_PATH}:/home/nvidia/master_ws/install/xbox:/home/nvidia/master_ws/install/lidar_control:/home/nvidia/master_ws/install/launch_car:/home/nvidia/master_ws/install/controller:/home/nvidia/master_ws/install/broadcaster:/home/nvidia/velodyne_drivers/install/broadcast_and_listener:/home/nvidia/velodyne_drivers/install/examples_tf2_py:/home/nvidia/velodyne_drivers/install/broadcaster:/home/nvidia/velodyne_drivers/install/test_converter:/home/nvidia/velodyne_drivers/install/py_launch_example:/home/nvidia/velodyne_drivers/install/example:/opt/ros/foxy /usr/bin/cmake --install /home/nvidia/master_ws/build/velodyne_laserscan
[3.115s] -- Install configuration: ""
[3.116s] -- Up-to-date: /home/nvidia/master_ws/install/velodyne_laserscan/lib/libvelodyne_laserscan.so
[3.120s] -- Up-to-date: /home/nvidia/master_ws/install/velodyne_laserscan/lib/velodyne_laserscan/velodyne_laserscan_node
[3.122s] -- Up-to-date: /home/nvidia/master_ws/install/velodyne_laserscan/include/velodyne_laserscan
[3.124s] -- Up-to-date: /home/nvidia/master_ws/install/velodyne_laserscan/include/velodyne_laserscan/velodyne_laserscan.hpp
[3.126s] -- Up-to-date: /home/nvidia/master_ws/install/velodyne_laserscan/share/velodyne_laserscan/config
[3.127s] -- Up-to-date: /home/nvidia/master_ws/install/velodyne_laserscan/share/velodyne_laserscan/config/default-velodyne_laserscan_node-params.yaml
[3.128s] -- Up-to-date: /home/nvidia/master_ws/install/velodyne_laserscan/share/velodyne_laserscan/launch
[3.128s] -- Up-to-date: /home/nvidia/master_ws/install/velodyne_laserscan/share/velodyne_laserscan/launch/velodyne_laserscan_node-launch.py
[3.129s] -- Up-to-date: /home/nvidia/master_ws/install/velodyne_laserscan/share/velodyne_laserscan/launch/velodyne_laserscan_node-composed-launch.py
[3.130s] -- Up-to-date: /home/nvidia/master_ws/install/velodyne_laserscan/share/ament_index/resource_index/package_run_dependencies/velodyne_laserscan
[3.130s] -- Up-to-date: /home/nvidia/master_ws/install/velodyne_laserscan/share/ament_index/resource_index/parent_prefix_path/velodyne_laserscan
[3.131s] -- Up-to-date: /home/nvidia/master_ws/install/velodyne_laserscan/share/velodyne_laserscan/environment/ament_prefix_path.sh
[3.131s] -- Up-to-date: /home/nvidia/master_ws/install/velodyne_laserscan/share/velodyne_laserscan/environment/ament_prefix_path.dsv
[3.132s] -- Up-to-date: /home/nvidia/master_ws/install/velodyne_laserscan/share/velodyne_laserscan/environment/path.sh
[3.132s] -- Up-to-date: /home/nvidia/master_ws/install/velodyne_laserscan/share/velodyne_laserscan/environment/path.dsv
[3.133s] -- Up-to-date: /home/nvidia/master_ws/install/velodyne_laserscan/share/velodyne_laserscan/local_setup.bash
[3.133s] -- Up-to-date: /home/nvidia/master_ws/install/velodyne_laserscan/share/velodyne_laserscan/local_setup.sh
[3.134s] -- Up-to-date: /home/nvidia/master_ws/install/velodyne_laserscan/share/velodyne_laserscan/local_setup.zsh
[3.153s] -- Up-to-date: /home/nvidia/master_ws/install/velodyne_laserscan/share/velodyne_laserscan/local_setup.dsv
[3.153s] -- Installing: /home/nvidia/master_ws/install/velodyne_laserscan/share/velodyne_laserscan/package.dsv
[3.154s] -- Up-to-date: /home/nvidia/master_ws/install/velodyne_laserscan/share/ament_index/resource_index/packages/velodyne_laserscan
[3.154s] -- Up-to-date: /home/nvidia/master_ws/install/velodyne_laserscan/share/ament_index/resource_index/rclcpp_components/velodyne_laserscan
[3.154s] -- Up-to-date: /home/nvidia/master_ws/install/velodyne_laserscan/share/velodyne_laserscan/cmake/velodyne_laserscanConfig.cmake
[3.155s] -- Up-to-date: /home/nvidia/master_ws/install/velodyne_laserscan/share/velodyne_laserscan/cmake/velodyne_laserscanConfig-version.cmake
[3.155s] -- Up-to-date: /home/nvidia/master_ws/install/velodyne_laserscan/share/velodyne_laserscan/package.xml
[3.156s] Invoked command in '/home/nvidia/master_ws/build/velodyne_laserscan' returned '0': CMAKE_PREFIX_PATH=${CMAKE_PREFIX_PATH}:/home/nvidia/master_ws/install/xbox:/home/nvidia/master_ws/install/lidar_control:/home/nvidia/master_ws/install/launch_car:/home/nvidia/master_ws/install/controller:/home/nvidia/master_ws/install/broadcaster:/home/nvidia/velodyne_drivers/install/broadcast_and_listener:/home/nvidia/velodyne_drivers/install/examples_tf2_py:/home/nvidia/velodyne_drivers/install/broadcaster:/home/nvidia/velodyne_drivers/install/test_converter:/home/nvidia/velodyne_drivers/install/py_launch_example:/home/nvidia/velodyne_drivers/install/example:/opt/ros/foxy /usr/bin/cmake --install /home/nvidia/master_ws/build/velodyne_laserscan
