[0.268s] Invoking command in '/home/nvidia/master_ws/build/listener': CMAKE_PREFIX_PATH=${CMAKE_PREFIX_PATH}:/home/nvidia/master_ws/install/xbox:/home/nvidia/master_ws/install/lidar_control:/home/nvidia/master_ws/install/launch_car:/home/nvidia/master_ws/install/controller:/home/nvidia/master_ws/install/broadcaster:/home/nvidia/velodyne_drivers/install/broadcast_and_listener:/home/nvidia/velodyne_drivers/install/examples_tf2_py:/home/nvidia/velodyne_drivers/install/broadcaster:/home/nvidia/velodyne_drivers/install/test_converter:/home/nvidia/velodyne_drivers/install/py_launch_example:/home/nvidia/velodyne_drivers/install/example:/opt/ros/foxy /usr/bin/cmake /home/nvidia/master_ws/src/listener -DCMAKE_BUILD_TYPE=Release -DAMENT_CMAKE_SYMLINK_INSTALL=1 -DCMAKE_INSTALL_PREFIX=/home/nvidia/master_ws/install/listener
[0.429s] -- Found ament_cmake: 0.9.12 (/opt/ros/foxy/share/ament_cmake/cmake)
[0.681s] -- Using PYTHON_EXECUTABLE: /usr/bin/python3
[1.785s] -- Override CMake install command with custom implementation using symlinks instead of copying resources
[1.819s] -- Found rclcpp: 2.4.3 (/opt/ros/foxy/share/rclcpp/cmake)
[1.998s] -- Using all available rosidl_typesupport_c: rosidl_typesupport_fastrtps_c;rosidl_typesupport_introspection_c
[2.015s] -- Found rosidl_adapter: 1.3.1 (/opt/ros/foxy/share/rosidl_adapter/cmake)
[2.653s] -- Using all available rosidl_typesupport_cpp: rosidl_typesupport_fastrtps_cpp;rosidl_typesupport_introspection_cpp
[2.889s] -- Found rmw_implementation_cmake: 1.0.4 (/opt/ros/foxy/share/rmw_implementation_cmake/cmake)
[2.901s] -- Using RMW implementation 'rmw_fastrtps_cpp' as default
[3.480s] -- Found tf2_ros: 0.13.14 (/home/nvidia/velodyne_drivers/install/tf2_ros/share/tf2_ros/cmake)
[4.845s] -- Found sensor_msgs: 2.0.5 (/opt/ros/foxy/share/sensor_msgs/cmake)
[5.097s] -- Found tf2_sensor_msgs: 0.13.14 (/home/nvidia/velodyne_drivers/install/tf2_sensor_msgs/share/tf2_sensor_msgs/cmake)
[5.238s] -- Found ament_lint_auto: 0.9.8 (/opt/ros/foxy/share/ament_lint_auto/cmake)
[5.640s] -- Added test 'copyright' to check source files copyright and LICENSE
[5.644s] -- Added test 'cppcheck' to perform static code analysis on C / C++ code
[5.645s] -- Configured cppcheck include dirs: 
[5.646s] -- Configured cppcheck exclude dirs and/or files: 
[5.650s] -- Added test 'cpplint' to check C / C++ code against the Google style
[5.651s] -- Configured cpplint exclude dirs and/or files: 
[5.653s] -- Added test 'lint_cmake' to check CMake code style
[5.659s] -- Added test 'uncrustify' to check C / C++ code style
[5.659s] -- Configured uncrustify additional arguments: 
[5.660s] -- Added test 'xmllint' to check XML markup files
[5.682s] -- Configuring done
[5.765s] -- Generating done
[5.773s] -- Build files have been written to: /home/nvidia/master_ws/build/listener
[5.812s] Invoked command in '/home/nvidia/master_ws/build/listener' returned '0': CMAKE_PREFIX_PATH=${CMAKE_PREFIX_PATH}:/home/nvidia/master_ws/install/xbox:/home/nvidia/master_ws/install/lidar_control:/home/nvidia/master_ws/install/launch_car:/home/nvidia/master_ws/install/controller:/home/nvidia/master_ws/install/broadcaster:/home/nvidia/velodyne_drivers/install/broadcast_and_listener:/home/nvidia/velodyne_drivers/install/examples_tf2_py:/home/nvidia/velodyne_drivers/install/broadcaster:/home/nvidia/velodyne_drivers/install/test_converter:/home/nvidia/velodyne_drivers/install/py_launch_example:/home/nvidia/velodyne_drivers/install/example:/opt/ros/foxy /usr/bin/cmake /home/nvidia/master_ws/src/listener -DCMAKE_BUILD_TYPE=Release -DAMENT_CMAKE_SYMLINK_INSTALL=1 -DCMAKE_INSTALL_PREFIX=/home/nvidia/master_ws/install/listener
[5.836s] Invoking command in '/home/nvidia/master_ws/build/listener': CMAKE_PREFIX_PATH=${CMAKE_PREFIX_PATH}:/home/nvidia/master_ws/install/xbox:/home/nvidia/master_ws/install/lidar_control:/home/nvidia/master_ws/install/launch_car:/home/nvidia/master_ws/install/controller:/home/nvidia/master_ws/install/broadcaster:/home/nvidia/velodyne_drivers/install/broadcast_and_listener:/home/nvidia/velodyne_drivers/install/examples_tf2_py:/home/nvidia/velodyne_drivers/install/broadcaster:/home/nvidia/velodyne_drivers/install/test_converter:/home/nvidia/velodyne_drivers/install/py_launch_example:/home/nvidia/velodyne_drivers/install/example:/opt/ros/foxy /usr/bin/cmake --build /home/nvidia/master_ws/build/listener -- -j4 -l4
[6.269s] [100%] Built target listener
[6.346s] Invoked command in '/home/nvidia/master_ws/build/listener' returned '0': CMAKE_PREFIX_PATH=${CMAKE_PREFIX_PATH}:/home/nvidia/master_ws/install/xbox:/home/nvidia/master_ws/install/lidar_control:/home/nvidia/master_ws/install/launch_car:/home/nvidia/master_ws/install/controller:/home/nvidia/master_ws/install/broadcaster:/home/nvidia/velodyne_drivers/install/broadcast_and_listener:/home/nvidia/velodyne_drivers/install/examples_tf2_py:/home/nvidia/velodyne_drivers/install/broadcaster:/home/nvidia/velodyne_drivers/install/test_converter:/home/nvidia/velodyne_drivers/install/py_launch_example:/home/nvidia/velodyne_drivers/install/example:/opt/ros/foxy /usr/bin/cmake --build /home/nvidia/master_ws/build/listener -- -j4 -l4
[6.542s] Invoking command in '/home/nvidia/master_ws/build/listener': CMAKE_PREFIX_PATH=${CMAKE_PREFIX_PATH}:/home/nvidia/master_ws/install/xbox:/home/nvidia/master_ws/install/lidar_control:/home/nvidia/master_ws/install/launch_car:/home/nvidia/master_ws/install/controller:/home/nvidia/master_ws/install/broadcaster:/home/nvidia/velodyne_drivers/install/broadcast_and_listener:/home/nvidia/velodyne_drivers/install/examples_tf2_py:/home/nvidia/velodyne_drivers/install/broadcaster:/home/nvidia/velodyne_drivers/install/test_converter:/home/nvidia/velodyne_drivers/install/py_launch_example:/home/nvidia/velodyne_drivers/install/example:/opt/ros/foxy /usr/bin/cmake --install /home/nvidia/master_ws/build/listener
[6.613s] -- Install configuration: "Release"
[6.618s] -- Execute custom install script
[6.622s] -- Up-to-date symlink: /home/nvidia/master_ws/install/listener/lib/listener/listener
[6.625s] -- Up-to-date symlink: /home/nvidia/master_ws/install/listener/share/ament_index/resource_index/package_run_dependencies/listener
[6.628s] -- Up-to-date symlink: /home/nvidia/master_ws/install/listener/share/ament_index/resource_index/parent_prefix_path/listener
[6.630s] -- Up-to-date symlink: /home/nvidia/master_ws/install/listener/share/listener/environment/ament_prefix_path.sh
[6.632s] -- Up-to-date symlink: /home/nvidia/master_ws/install/listener/share/listener/environment/ament_prefix_path.dsv
[6.635s] -- Up-to-date symlink: /home/nvidia/master_ws/install/listener/share/listener/environment/path.sh
[6.637s] -- Up-to-date symlink: /home/nvidia/master_ws/install/listener/share/listener/environment/path.dsv
[6.639s] -- Up-to-date symlink: /home/nvidia/master_ws/install/listener/share/listener/local_setup.bash
[6.641s] -- Up-to-date symlink: /home/nvidia/master_ws/install/listener/share/listener/local_setup.sh
[6.644s] -- Up-to-date symlink: /home/nvidia/master_ws/install/listener/share/listener/local_setup.zsh
[6.647s] -- Up-to-date symlink: /home/nvidia/master_ws/install/listener/share/listener/local_setup.dsv
[6.649s] -- Symlinking: /home/nvidia/master_ws/install/listener/share/listener/package.dsv
[6.717s] -- Up-to-date symlink: /home/nvidia/master_ws/install/listener/share/ament_index/resource_index/packages/listener
[6.718s] -- Up-to-date symlink: /home/nvidia/master_ws/install/listener/share/listener/cmake/listenerConfig.cmake
[6.719s] -- Up-to-date symlink: /home/nvidia/master_ws/install/listener/share/listener/cmake/listenerConfig-version.cmake
[6.720s] -- Up-to-date symlink: /home/nvidia/master_ws/install/listener/share/listener/package.xml
[6.762s] Invoked command in '/home/nvidia/master_ws/build/listener' returned '0': CMAKE_PREFIX_PATH=${CMAKE_PREFIX_PATH}:/home/nvidia/master_ws/install/xbox:/home/nvidia/master_ws/install/lidar_control:/home/nvidia/master_ws/install/launch_car:/home/nvidia/master_ws/install/controller:/home/nvidia/master_ws/install/broadcaster:/home/nvidia/velodyne_drivers/install/broadcast_and_listener:/home/nvidia/velodyne_drivers/install/examples_tf2_py:/home/nvidia/velodyne_drivers/install/broadcaster:/home/nvidia/velodyne_drivers/install/test_converter:/home/nvidia/velodyne_drivers/install/py_launch_example:/home/nvidia/velodyne_drivers/install/example:/opt/ros/foxy /usr/bin/cmake --install /home/nvidia/master_ws/build/listener
