[3.852s] Invoking command in '/home/nvidia/master_ws/src/xbox': PYTHONPATH=/home/nvidia/master_ws/build/xbox/prefix_override:/home/nvidia/master_ws/install/xbox/lib/python3.8/site-packages:${PYTHONPATH} /usr/bin/python3 -W ignore:setup.py install is deprecated setup.py egg_info --egg-base ../../build/xbox build --build-base /home/nvidia/master_ws/build/xbox/build install --record /home/nvidia/master_ws/build/xbox/install.log --install-scripts $base/lib/xbox --single-version-externally-managed install_data
[5.092s] running egg_info
[5.095s] writing ../../build/xbox/xbox.egg-info/PKG-INFO
[5.096s] writing dependency_links to ../../build/xbox/xbox.egg-info/dependency_links.txt
[5.099s] writing entry points to ../../build/xbox/xbox.egg-info/entry_points.txt
[5.099s] writing requirements to ../../build/xbox/xbox.egg-info/requires.txt
[5.100s] writing top-level names to ../../build/xbox/xbox.egg-info/top_level.txt
[5.276s] reading manifest file '../../build/xbox/xbox.egg-info/SOURCES.txt'
[5.281s] writing manifest file '../../build/xbox/xbox.egg-info/SOURCES.txt'
[5.282s] running build
[5.283s] running build_py
[5.284s] copying xbox/new_control.py -> /home/nvidia/master_ws/build/xbox/build/lib/xbox
[5.286s] running install
[5.291s] running install_lib
[5.295s] copying /home/nvidia/master_ws/build/xbox/build/lib/xbox/new_control.py -> /home/nvidia/master_ws/install/xbox/lib/python3.8/site-packages/xbox
[5.299s] byte-compiling /home/nvidia/master_ws/install/xbox/lib/python3.8/site-packages/xbox/new_control.py to new_control.cpython-38.pyc
[5.314s] running install_data
[5.314s] running install_egg_info
[5.322s] removing '/home/nvidia/master_ws/install/xbox/lib/python3.8/site-packages/xbox-0.0.0-py3.8.egg-info' (and everything under it)
[5.324s] Copying ../../build/xbox/xbox.egg-info to /home/nvidia/master_ws/install/xbox/lib/python3.8/site-packages/xbox-0.0.0-py3.8.egg-info
[5.331s] running install_scripts
[5.410s] Installing control script to /home/nvidia/master_ws/install/xbox/lib/xbox
[5.411s] Installing new_control script to /home/nvidia/master_ws/install/xbox/lib/xbox
[5.413s] writing list of installed files to '/home/nvidia/master_ws/build/xbox/install.log'
[5.515s] Invoked command in '/home/nvidia/master_ws/src/xbox' returned '0': PYTHONPATH=/home/nvidia/master_ws/build/xbox/prefix_override:/home/nvidia/master_ws/install/xbox/lib/python3.8/site-packages:${PYTHONPATH} /usr/bin/python3 -W ignore:setup.py install is deprecated setup.py egg_info --egg-base ../../build/xbox build --build-base /home/nvidia/master_ws/build/xbox/build install --record /home/nvidia/master_ws/build/xbox/install.log --install-scripts $base/lib/xbox --single-version-externally-managed install_data
