[1.590s] Invoking command in '/home/nvidia/master_ws/build/realsense_control': CMAKE_PREFIX_PATH=${CMAKE_PREFIX_PATH}:/home/nvidia/master_ws/install/xbox:/home/nvidia/master_ws/install/lidar_control:/home/nvidia/master_ws/install/launch_car:/home/nvidia/master_ws/install/broadcaster:/opt/ros/foxy /usr/bin/cmake --build /home/nvidia/master_ws/build/realsense_control -- -j6 -l6
[2.050s] [100%] Built target realsense_control
[2.124s] Invoked command in '/home/nvidia/master_ws/build/realsense_control' returned '0': CMAKE_PREFIX_PATH=${CMAKE_PREFIX_PATH}:/home/nvidia/master_ws/install/xbox:/home/nvidia/master_ws/install/lidar_control:/home/nvidia/master_ws/install/launch_car:/home/nvidia/master_ws/install/broadcaster:/opt/ros/foxy /usr/bin/cmake --build /home/nvidia/master_ws/build/realsense_control -- -j6 -l6
[2.391s] Invoking command in '/home/nvidia/master_ws/build/realsense_control': CMAKE_PREFIX_PATH=${CMAKE_PREFIX_PATH}:/home/nvidia/master_ws/install/xbox:/home/nvidia/master_ws/install/lidar_control:/home/nvidia/master_ws/install/launch_car:/home/nvidia/master_ws/install/broadcaster:/opt/ros/foxy /usr/bin/cmake --install /home/nvidia/master_ws/build/realsense_control
[2.442s] -- Install configuration: ""
[2.443s] -- Up-to-date: /home/nvidia/master_ws/install/realsense_control/lib/realsense_control/realsense_control
[2.445s] -- Up-to-date: /home/nvidia/master_ws/install/realsense_control/share/ament_index/resource_index/package_run_dependencies/realsense_control
[2.446s] -- Up-to-date: /home/nvidia/master_ws/install/realsense_control/share/ament_index/resource_index/parent_prefix_path/realsense_control
[2.447s] -- Up-to-date: /home/nvidia/master_ws/install/realsense_control/share/realsense_control/environment/ament_prefix_path.sh
[2.448s] -- Up-to-date: /home/nvidia/master_ws/install/realsense_control/share/realsense_control/environment/ament_prefix_path.dsv
[2.449s] -- Up-to-date: /home/nvidia/master_ws/install/realsense_control/share/realsense_control/environment/path.sh
[2.450s] -- Up-to-date: /home/nvidia/master_ws/install/realsense_control/share/realsense_control/environment/path.dsv
[2.450s] -- Up-to-date: /home/nvidia/master_ws/install/realsense_control/share/realsense_control/local_setup.bash
[2.452s] -- Up-to-date: /home/nvidia/master_ws/install/realsense_control/share/realsense_control/local_setup.sh
[2.453s] -- Up-to-date: /home/nvidia/master_ws/install/realsense_control/share/realsense_control/local_setup.zsh
[2.453s] -- Up-to-date: /home/nvidia/master_ws/install/realsense_control/share/realsense_control/local_setup.dsv
[2.454s] -- Installing: /home/nvidia/master_ws/install/realsense_control/share/realsense_control/package.dsv
[2.454s] -- Up-to-date: /home/nvidia/master_ws/install/realsense_control/share/ament_index/resource_index/packages/realsense_control
[2.455s] -- Up-to-date: /home/nvidia/master_ws/install/realsense_control/share/realsense_control/cmake/realsense_controlConfig.cmake
[2.455s] -- Up-to-date: /home/nvidia/master_ws/install/realsense_control/share/realsense_control/cmake/realsense_controlConfig-version.cmake
[2.455s] -- Up-to-date: /home/nvidia/master_ws/install/realsense_control/share/realsense_control/package.xml
[2.467s] Invoked command in '/home/nvidia/master_ws/build/realsense_control' returned '0': CMAKE_PREFIX_PATH=${CMAKE_PREFIX_PATH}:/home/nvidia/master_ws/install/xbox:/home/nvidia/master_ws/install/lidar_control:/home/nvidia/master_ws/install/launch_car:/home/nvidia/master_ws/install/broadcaster:/opt/ros/foxy /usr/bin/cmake --install /home/nvidia/master_ws/build/realsense_control
