[4.440s] Invoking command in '/home/nvidia/master_ws/src/lidar_control': PYTHONPATH=/home/nvidia/master_ws/build/lidar_control/prefix_override:/home/nvidia/master_ws/install/lidar_control/lib/python3.8/site-packages:${PYTHONPATH} /usr/bin/python3 -W ignore:setup.py install is deprecated setup.py egg_info --egg-base ../../build/lidar_control build --build-base /home/nvidia/master_ws/build/lidar_control/build install --record /home/nvidia/master_ws/build/lidar_control/install.log --install-scripts $base/lib/lidar_control --single-version-externally-managed install_data
[5.600s] running egg_info
[5.603s] writing ../../build/lidar_control/lidar_control.egg-info/PKG-INFO
[5.604s] writing dependency_links to ../../build/lidar_control/lidar_control.egg-info/dependency_links.txt
[5.604s] writing entry points to ../../build/lidar_control/lidar_control.egg-info/entry_points.txt
[5.605s] writing requirements to ../../build/lidar_control/lidar_control.egg-info/requires.txt
[5.606s] writing top-level names to ../../build/lidar_control/lidar_control.egg-info/top_level.txt
[5.761s] reading manifest file '../../build/lidar_control/lidar_control.egg-info/SOURCES.txt'
[5.766s] writing manifest file '../../build/lidar_control/lidar_control.egg-info/SOURCES.txt'
[5.766s] running build
[5.767s] running build_py
[5.770s] copying lidar_control/lidar_control.py -> /home/nvidia/master_ws/build/lidar_control/build/lib/lidar_control
[5.772s] running install
[5.775s] running install_lib
[5.780s] copying /home/nvidia/master_ws/build/lidar_control/build/lib/lidar_control/lidar_control.py -> /home/nvidia/master_ws/install/lidar_control/lib/python3.8/site-packages/lidar_control
[5.783s] byte-compiling /home/nvidia/master_ws/install/lidar_control/lib/python3.8/site-packages/lidar_control/lidar_control.py to lidar_control.cpython-38.pyc
[5.791s] running install_data
[5.791s] running install_egg_info
[5.800s] removing '/home/nvidia/master_ws/install/lidar_control/lib/python3.8/site-packages/lidar_control-0.0.0-py3.8.egg-info' (and everything under it)
[5.801s] Copying ../../build/lidar_control/lidar_control.egg-info to /home/nvidia/master_ws/install/lidar_control/lib/python3.8/site-packages/lidar_control-0.0.0-py3.8.egg-info
[5.808s] running install_scripts
[5.883s] Installing lidar_control script to /home/nvidia/master_ws/install/lidar_control/lib/lidar_control
[5.885s] writing list of installed files to '/home/nvidia/master_ws/build/lidar_control/install.log'
[6.040s] Invoked command in '/home/nvidia/master_ws/src/lidar_control' returned '0': PYTHONPATH=/home/nvidia/master_ws/build/lidar_control/prefix_override:/home/nvidia/master_ws/install/lidar_control/lib/python3.8/site-packages:${PYTHONPATH} /usr/bin/python3 -W ignore:setup.py install is deprecated setup.py egg_info --egg-base ../../build/lidar_control build --build-base /home/nvidia/master_ws/build/lidar_control/build install --record /home/nvidia/master_ws/build/lidar_control/install.log --install-scripts $base/lib/lidar_control --single-version-externally-managed install_data
