[0.252s] Invoking command in '/home/nvidia/master_ws/build/velodyne_msgs': CMAKE_PREFIX_PATH=${CMAKE_PREFIX_PATH}:/home/nvidia/master_ws/install/broadcaster:/home/nvidia/velodyne_drivers/install/example:/home/nvidia/velodyne_drivers/install/broadcast_and_listener:/home/nvidia/velodyne_drivers/install/examples_tf2_py:/home/nvidia/velodyne_drivers/install/broadcaster:/home/nvidia/velodyne_drivers/install/test_converter:/home/nvidia/velodyne_drivers/install/py_launch_example:/opt/ros/foxy /usr/bin/cmake --build /home/nvidia/master_ws/build/velodyne_msgs -- -j4 -l4
[1.726s] [  2%] Built target velodyne_msgs__cpp
[1.727s] [ 12%] Built target velodyne_msgs__rosidl_generator_c
[1.728s] [ 23%] Built target velodyne_msgs__rosidl_typesupport_c
[1.731s] [ 33%] Built target velodyne_msgs__rosidl_typesupport_cpp
[1.732s] [ 43%] Built target velodyne_msgs__rosidl_typesupport_introspection_cpp
[1.732s] [ 53%] Built target velodyne_msgs__rosidl_typesupport_fastrtps_cpp
[1.732s] [ 64%] Built target velodyne_msgs__rosidl_typesupport_introspection_c
[1.733s] [ 74%] Built target velodyne_msgs__rosidl_typesupport_fastrtps_c
[1.733s] [ 74%] Built target velodyne_msgs
[1.733s] [ 76%] Built target velodyne_msgs__py
[1.734s] [ 84%] Built target velodyne_msgs__python
[1.798s] [ 89%] Built target velodyne_msgs__rosidl_typesupport_c__pyext
[1.803s] [ 94%] Built target velodyne_msgs__rosidl_typesupport_fastrtps_c__pyext
[1.815s] [100%] Built target velodyne_msgs__rosidl_typesupport_introspection_c__pyext
[3.034s] Invoked command in '/home/nvidia/master_ws/build/velodyne_msgs' returned '0': CMAKE_PREFIX_PATH=${CMAKE_PREFIX_PATH}:/home/nvidia/master_ws/install/broadcaster:/home/nvidia/velodyne_drivers/install/example:/home/nvidia/velodyne_drivers/install/broadcast_and_listener:/home/nvidia/velodyne_drivers/install/examples_tf2_py:/home/nvidia/velodyne_drivers/install/broadcaster:/home/nvidia/velodyne_drivers/install/test_converter:/home/nvidia/velodyne_drivers/install/py_launch_example:/opt/ros/foxy /usr/bin/cmake --build /home/nvidia/master_ws/build/velodyne_msgs -- -j4 -l4
[3.773s] Invoking command in '/home/nvidia/master_ws/build/velodyne_msgs': CMAKE_PREFIX_PATH=${CMAKE_PREFIX_PATH}:/home/nvidia/master_ws/install/broadcaster:/home/nvidia/velodyne_drivers/install/example:/home/nvidia/velodyne_drivers/install/broadcast_and_listener:/home/nvidia/velodyne_drivers/install/examples_tf2_py:/home/nvidia/velodyne_drivers/install/broadcaster:/home/nvidia/velodyne_drivers/install/test_converter:/home/nvidia/velodyne_drivers/install/py_launch_example:/opt/ros/foxy /usr/bin/cmake --install /home/nvidia/master_ws/build/velodyne_msgs
[3.890s] -- Install configuration: ""
[3.890s] -- Up-to-date: /home/nvidia/master_ws/install/velodyne_msgs/share/ament_index/resource_index/rosidl_interfaces/velodyne_msgs
[3.891s] -- Up-to-date: /home/nvidia/master_ws/install/velodyne_msgs/include/velodyne_msgs
[3.891s] -- Up-to-date: /home/nvidia/master_ws/install/velodyne_msgs/include/velodyne_msgs/msg
[3.892s] -- Up-to-date: /home/nvidia/master_ws/install/velodyne_msgs/include/velodyne_msgs/msg/velodyne_scan.h
[3.893s] -- Up-to-date: /home/nvidia/master_ws/install/velodyne_msgs/include/velodyne_msgs/msg/rosidl_generator_c__visibility_control.h
[3.894s] -- Up-to-date: /home/nvidia/master_ws/install/velodyne_msgs/include/velodyne_msgs/msg/velodyne_packet.h
[3.895s] -- Up-to-date: /home/nvidia/master_ws/install/velodyne_msgs/include/velodyne_msgs/msg/detail
[3.896s] -- Up-to-date: /home/nvidia/master_ws/install/velodyne_msgs/include/velodyne_msgs/msg/detail/velodyne_packet__functions.c
[3.897s] -- Up-to-date: /home/nvidia/master_ws/install/velodyne_msgs/include/velodyne_msgs/msg/detail/velodyne_packet__struct.h
[3.898s] -- Up-to-date: /home/nvidia/master_ws/install/velodyne_msgs/include/velodyne_msgs/msg/detail/velodyne_packet__type_support.h
[3.899s] -- Up-to-date: /home/nvidia/master_ws/install/velodyne_msgs/include/velodyne_msgs/msg/detail/velodyne_packet__functions.h
[3.900s] -- Up-to-date: /home/nvidia/master_ws/install/velodyne_msgs/include/velodyne_msgs/msg/detail/velodyne_scan__functions.c
[3.903s] -- Up-to-date: /home/nvidia/master_ws/install/velodyne_msgs/include/velodyne_msgs/msg/detail/velodyne_scan__struct.h
[3.903s] -- Up-to-date: /home/nvidia/master_ws/install/velodyne_msgs/include/velodyne_msgs/msg/detail/velodyne_scan__type_support.h
[3.903s] -- Up-to-date: /home/nvidia/master_ws/install/velodyne_msgs/include/velodyne_msgs/msg/detail/velodyne_scan__functions.h
[3.904s] -- Up-to-date: /home/nvidia/master_ws/install/velodyne_msgs/share/velodyne_msgs/environment/library_path.sh
[3.907s] -- Up-to-date: /home/nvidia/master_ws/install/velodyne_msgs/share/velodyne_msgs/environment/library_path.dsv
[3.909s] -- Up-to-date: /home/nvidia/master_ws/install/velodyne_msgs/lib/libvelodyne_msgs__rosidl_generator_c.so
[3.914s] -- Up-to-date: /home/nvidia/master_ws/install/velodyne_msgs/include/velodyne_msgs
[3.914s] -- Up-to-date: /home/nvidia/master_ws/install/velodyne_msgs/include/velodyne_msgs/msg
[3.915s] -- Up-to-date: /home/nvidia/master_ws/install/velodyne_msgs/include/velodyne_msgs/msg/rosidl_typesupport_fastrtps_c__visibility_control.h
[3.915s] -- Up-to-date: /home/nvidia/master_ws/install/velodyne_msgs/include/velodyne_msgs/msg/detail
[3.921s] -- Up-to-date: /home/nvidia/master_ws/install/velodyne_msgs/include/velodyne_msgs/msg/detail/velodyne_scan__rosidl_typesupport_fastrtps_c.h
[3.921s] -- Up-to-date: /home/nvidia/master_ws/install/velodyne_msgs/include/velodyne_msgs/msg/detail/velodyne_packet__rosidl_typesupport_fastrtps_c.h
[3.921s] -- Up-to-date: /home/nvidia/master_ws/install/velodyne_msgs/lib/libvelodyne_msgs__rosidl_typesupport_fastrtps_c.so
[3.922s] -- Up-to-date: /home/nvidia/master_ws/install/velodyne_msgs/include/velodyne_msgs
[3.940s] -- Up-to-date: /home/nvidia/master_ws/install/velodyne_msgs/include/velodyne_msgs/msg
[3.945s] -- Up-to-date: /home/nvidia/master_ws/install/velodyne_msgs/include/velodyne_msgs/msg/detail
[3.946s] -- Up-to-date: /home/nvidia/master_ws/install/velodyne_msgs/include/velodyne_msgs/msg/detail/velodyne_packet__rosidl_typesupport_fastrtps_cpp.hpp
[3.946s] -- Up-to-date: /home/nvidia/master_ws/install/velodyne_msgs/include/velodyne_msgs/msg/detail/velodyne_scan__rosidl_typesupport_fastrtps_cpp.hpp
[3.948s] -- Up-to-date: /home/nvidia/master_ws/install/velodyne_msgs/include/velodyne_msgs/msg/detail/dds_fastrtps
[3.948s] -- Up-to-date: /home/nvidia/master_ws/install/velodyne_msgs/include/velodyne_msgs/msg/rosidl_typesupport_fastrtps_cpp__visibility_control.h
[3.948s] -- Up-to-date: /home/nvidia/master_ws/install/velodyne_msgs/lib/libvelodyne_msgs__rosidl_typesupport_fastrtps_cpp.so
[3.949s] -- Up-to-date: /home/nvidia/master_ws/install/velodyne_msgs/include/velodyne_msgs
[3.949s] -- Up-to-date: /home/nvidia/master_ws/install/velodyne_msgs/include/velodyne_msgs/msg
[3.950s] -- Up-to-date: /home/nvidia/master_ws/install/velodyne_msgs/include/velodyne_msgs/msg/detail
[3.950s] -- Up-to-date: /home/nvidia/master_ws/install/velodyne_msgs/include/velodyne_msgs/msg/detail/velodyne_packet__type_support.c
[3.952s] -- Up-to-date: /home/nvidia/master_ws/install/velodyne_msgs/include/velodyne_msgs/msg/detail/velodyne_scan__rosidl_typesupport_introspection_c.h
[3.953s] -- Up-to-date: /home/nvidia/master_ws/install/velodyne_msgs/include/velodyne_msgs/msg/detail/velodyne_packet__rosidl_typesupport_introspection_c.h
[3.953s] -- Up-to-date: /home/nvidia/master_ws/install/velodyne_msgs/include/velodyne_msgs/msg/detail/velodyne_scan__type_support.c
[3.956s] -- Up-to-date: /home/nvidia/master_ws/install/velodyne_msgs/include/velodyne_msgs/msg/rosidl_typesupport_introspection_c__visibility_control.h
[3.962s] -- Up-to-date: /home/nvidia/master_ws/install/velodyne_msgs/lib/libvelodyne_msgs__rosidl_typesupport_introspection_c.so
[3.963s] -- Up-to-date: /home/nvidia/master_ws/install/velodyne_msgs/lib/libvelodyne_msgs__rosidl_typesupport_c.so
[3.966s] -- Up-to-date: /home/nvidia/master_ws/install/velodyne_msgs/include/velodyne_msgs
[3.966s] -- Up-to-date: /home/nvidia/master_ws/install/velodyne_msgs/include/velodyne_msgs/msg
[3.967s] -- Up-to-date: /home/nvidia/master_ws/install/velodyne_msgs/include/velodyne_msgs/msg/velodyne_scan.hpp
[3.967s] -- Up-to-date: /home/nvidia/master_ws/install/velodyne_msgs/include/velodyne_msgs/msg/velodyne_packet.hpp
[3.967s] -- Up-to-date: /home/nvidia/master_ws/install/velodyne_msgs/include/velodyne_msgs/msg/rosidl_generator_cpp__visibility_control.hpp
[3.968s] -- Up-to-date: /home/nvidia/master_ws/install/velodyne_msgs/include/velodyne_msgs/msg/detail
[3.969s] -- Up-to-date: /home/nvidia/master_ws/install/velodyne_msgs/include/velodyne_msgs/msg/detail/velodyne_scan__type_support.hpp
[3.969s] -- Up-to-date: /home/nvidia/master_ws/install/velodyne_msgs/include/velodyne_msgs/msg/detail/velodyne_packet__traits.hpp
[3.969s] -- Up-to-date: /home/nvidia/master_ws/install/velodyne_msgs/include/velodyne_msgs/msg/detail/velodyne_scan__traits.hpp
[3.970s] -- Up-to-date: /home/nvidia/master_ws/install/velodyne_msgs/include/velodyne_msgs/msg/detail/velodyne_scan__struct.hpp
[3.970s] -- Up-to-date: /home/nvidia/master_ws/install/velodyne_msgs/include/velodyne_msgs/msg/detail/velodyne_scan__builder.hpp
[3.970s] -- Up-to-date: /home/nvidia/master_ws/install/velodyne_msgs/include/velodyne_msgs/msg/detail/velodyne_packet__builder.hpp
[3.971s] -- Up-to-date: /home/nvidia/master_ws/install/velodyne_msgs/include/velodyne_msgs/msg/detail/velodyne_packet__type_support.hpp
[3.971s] -- Up-to-date: /home/nvidia/master_ws/install/velodyne_msgs/include/velodyne_msgs/msg/detail/velodyne_packet__struct.hpp
[3.972s] -- Up-to-date: /home/nvidia/master_ws/install/velodyne_msgs/include/velodyne_msgs
[3.973s] -- Up-to-date: /home/nvidia/master_ws/install/velodyne_msgs/include/velodyne_msgs/msg
[3.973s] -- Up-to-date: /home/nvidia/master_ws/install/velodyne_msgs/include/velodyne_msgs/msg/detail
[3.973s] -- Up-to-date: /home/nvidia/master_ws/install/velodyne_msgs/include/velodyne_msgs/msg/detail/velodyne_packet__type_support.cpp
[3.974s] -- Up-to-date: /home/nvidia/master_ws/install/velodyne_msgs/include/velodyne_msgs/msg/detail/velodyne_packet__rosidl_typesupport_introspection_cpp.hpp
[3.974s] -- Up-to-date: /home/nvidia/master_ws/install/velodyne_msgs/include/velodyne_msgs/msg/detail/velodyne_scan__type_support.cpp
[3.974s] -- Up-to-date: /home/nvidia/master_ws/install/velodyne_msgs/include/velodyne_msgs/msg/detail/velodyne_scan__rosidl_typesupport_introspection_cpp.hpp
[3.975s] -- Up-to-date: /home/nvidia/master_ws/install/velodyne_msgs/lib/libvelodyne_msgs__rosidl_typesupport_introspection_cpp.so
[3.975s] -- Up-to-date: /home/nvidia/master_ws/install/velodyne_msgs/lib/libvelodyne_msgs__rosidl_typesupport_cpp.so
[4.000s] -- Up-to-date: /home/nvidia/master_ws/install/velodyne_msgs/share/velodyne_msgs/environment/pythonpath.sh
[4.000s] -- Up-to-date: /home/nvidia/master_ws/install/velodyne_msgs/share/velodyne_msgs/environment/pythonpath.dsv
[4.000s] -- Up-to-date: /home/nvidia/master_ws/install/velodyne_msgs/lib/python3.8/site-packages/velodyne_msgs/__init__.py
[4.243s] -- Up-to-date: /home/nvidia/master_ws/install/velodyne_msgs/lib/python3.8/site-packages/velodyne_msgs/msg
[4.244s] -- Up-to-date: /home/nvidia/master_ws/install/velodyne_msgs/lib/python3.8/site-packages/velodyne_msgs/msg/_velodyne_scan_s.c
[4.249s] -- Up-to-date: /home/nvidia/master_ws/install/velodyne_msgs/lib/python3.8/site-packages/velodyne_msgs/msg/_velodyne_packet_s.c
[4.249s] -- Up-to-date: /home/nvidia/master_ws/install/velodyne_msgs/lib/python3.8/site-packages/velodyne_msgs/msg/_velodyne_scan.py
[4.250s] -- Up-to-date: /home/nvidia/master_ws/install/velodyne_msgs/lib/python3.8/site-packages/velodyne_msgs/msg/_velodyne_packet.py
[4.250s] -- Up-to-date: /home/nvidia/master_ws/install/velodyne_msgs/lib/python3.8/site-packages/velodyne_msgs/msg/__init__.py
[4.250s] -- Up-to-date: /home/nvidia/master_ws/install/velodyne_msgs/lib/python3.8/site-packages/velodyne_msgs/velodyne_msgs_s__rosidl_typesupport_fastrtps_c.cpython-38-aarch64-linux-gnu.so
[4.253s] -- Up-to-date: /home/nvidia/master_ws/install/velodyne_msgs/lib/python3.8/site-packages/velodyne_msgs/velodyne_msgs_s__rosidl_typesupport_introspection_c.cpython-38-aarch64-linux-gnu.so
[4.257s] -- Up-to-date: /home/nvidia/master_ws/install/velodyne_msgs/lib/python3.8/site-packages/velodyne_msgs/velodyne_msgs_s__rosidl_typesupport_c.cpython-38-aarch64-linux-gnu.so
[4.261s] -- Up-to-date: /home/nvidia/master_ws/install/velodyne_msgs/lib/libvelodyne_msgs__python.so
[4.264s] -- Up-to-date: /home/nvidia/master_ws/install/velodyne_msgs/share/velodyne_msgs/msg/VelodynePacket.idl
[4.266s] -- Up-to-date: /home/nvidia/master_ws/install/velodyne_msgs/share/velodyne_msgs/msg/VelodyneScan.idl
[4.268s] -- Up-to-date: /home/nvidia/master_ws/install/velodyne_msgs/share/velodyne_msgs/msg/VelodynePacket.msg
[4.269s] -- Up-to-date: /home/nvidia/master_ws/install/velodyne_msgs/share/velodyne_msgs/msg/VelodyneScan.msg
[4.270s] -- Up-to-date: /home/nvidia/master_ws/install/velodyne_msgs/share/ament_index/resource_index/package_run_dependencies/velodyne_msgs
[4.272s] -- Up-to-date: /home/nvidia/master_ws/install/velodyne_msgs/share/ament_index/resource_index/parent_prefix_path/velodyne_msgs
[4.273s] -- Up-to-date: /home/nvidia/master_ws/install/velodyne_msgs/share/velodyne_msgs/environment/ament_prefix_path.sh
[4.274s] -- Up-to-date: /home/nvidia/master_ws/install/velodyne_msgs/share/velodyne_msgs/environment/ament_prefix_path.dsv
[4.275s] -- Up-to-date: /home/nvidia/master_ws/install/velodyne_msgs/share/velodyne_msgs/environment/path.sh
[4.276s] -- Up-to-date: /home/nvidia/master_ws/install/velodyne_msgs/share/velodyne_msgs/environment/path.dsv
[4.278s] -- Up-to-date: /home/nvidia/master_ws/install/velodyne_msgs/share/velodyne_msgs/local_setup.bash
[4.279s] -- Up-to-date: /home/nvidia/master_ws/install/velodyne_msgs/share/velodyne_msgs/local_setup.sh
[4.280s] -- Up-to-date: /home/nvidia/master_ws/install/velodyne_msgs/share/velodyne_msgs/local_setup.zsh
[4.281s] -- Up-to-date: /home/nvidia/master_ws/install/velodyne_msgs/share/velodyne_msgs/local_setup.dsv
[4.283s] -- Installing: /home/nvidia/master_ws/install/velodyne_msgs/share/velodyne_msgs/package.dsv
[4.285s] -- Up-to-date: /home/nvidia/master_ws/install/velodyne_msgs/share/ament_index/resource_index/packages/velodyne_msgs
[4.287s] -- Up-to-date: /home/nvidia/master_ws/install/velodyne_msgs/share/velodyne_msgs/cmake/velodyne_msgs__rosidl_generator_cExport.cmake
[4.289s] -- Up-to-date: /home/nvidia/master_ws/install/velodyne_msgs/share/velodyne_msgs/cmake/velodyne_msgs__rosidl_generator_cExport-noconfig.cmake
[4.290s] -- Up-to-date: /home/nvidia/master_ws/install/velodyne_msgs/share/velodyne_msgs/cmake/velodyne_msgs__rosidl_typesupport_introspection_cExport.cmake
[4.292s] -- Up-to-date: /home/nvidia/master_ws/install/velodyne_msgs/share/velodyne_msgs/cmake/velodyne_msgs__rosidl_typesupport_introspection_cExport-noconfig.cmake
[4.293s] -- Up-to-date: /home/nvidia/master_ws/install/velodyne_msgs/share/velodyne_msgs/cmake/velodyne_msgs__rosidl_typesupport_cExport.cmake
[4.295s] -- Up-to-date: /home/nvidia/master_ws/install/velodyne_msgs/share/velodyne_msgs/cmake/velodyne_msgs__rosidl_typesupport_cExport-noconfig.cmake
[4.296s] -- Up-to-date: /home/nvidia/master_ws/install/velodyne_msgs/share/velodyne_msgs/cmake/velodyne_msgs__rosidl_generator_cppExport.cmake
[4.298s] -- Up-to-date: /home/nvidia/master_ws/install/velodyne_msgs/share/velodyne_msgs/cmake/velodyne_msgs__rosidl_typesupport_introspection_cppExport.cmake
[4.300s] -- Up-to-date: /home/nvidia/master_ws/install/velodyne_msgs/share/velodyne_msgs/cmake/velodyne_msgs__rosidl_typesupport_introspection_cppExport-noconfig.cmake
[4.301s] -- Up-to-date: /home/nvidia/master_ws/install/velodyne_msgs/share/velodyne_msgs/cmake/velodyne_msgs__rosidl_typesupport_cppExport.cmake
[4.303s] -- Up-to-date: /home/nvidia/master_ws/install/velodyne_msgs/share/velodyne_msgs/cmake/velodyne_msgs__rosidl_typesupport_cppExport-noconfig.cmake
[4.305s] -- Up-to-date: /home/nvidia/master_ws/install/velodyne_msgs/share/velodyne_msgs/cmake/rosidl_cmake-extras.cmake
[4.306s] -- Up-to-date: /home/nvidia/master_ws/install/velodyne_msgs/share/velodyne_msgs/cmake/ament_cmake_export_dependencies-extras.cmake
[4.308s] -- Up-to-date: /home/nvidia/master_ws/install/velodyne_msgs/share/velodyne_msgs/cmake/ament_cmake_export_libraries-extras.cmake
[4.309s] -- Up-to-date: /home/nvidia/master_ws/install/velodyne_msgs/share/velodyne_msgs/cmake/ament_cmake_export_targets-extras.cmake
[4.310s] -- Up-to-date: /home/nvidia/master_ws/install/velodyne_msgs/share/velodyne_msgs/cmake/ament_cmake_export_include_directories-extras.cmake
[4.311s] -- Up-to-date: /home/nvidia/master_ws/install/velodyne_msgs/share/velodyne_msgs/cmake/rosidl_cmake_export_typesupport_libraries-extras.cmake
[4.313s] -- Up-to-date: /home/nvidia/master_ws/install/velodyne_msgs/share/velodyne_msgs/cmake/rosidl_cmake_export_typesupport_targets-extras.cmake
[4.314s] -- Up-to-date: /home/nvidia/master_ws/install/velodyne_msgs/share/velodyne_msgs/cmake/velodyne_msgsConfig.cmake
[4.315s] -- Up-to-date: /home/nvidia/master_ws/install/velodyne_msgs/share/velodyne_msgs/cmake/velodyne_msgsConfig-version.cmake
[4.316s] -- Up-to-date: /home/nvidia/master_ws/install/velodyne_msgs/share/velodyne_msgs/package.xml
[4.332s] Invoked command in '/home/nvidia/master_ws/build/velodyne_msgs' returned '0': CMAKE_PREFIX_PATH=${CMAKE_PREFIX_PATH}:/home/nvidia/master_ws/install/broadcaster:/home/nvidia/velodyne_drivers/install/example:/home/nvidia/velodyne_drivers/install/broadcast_and_listener:/home/nvidia/velodyne_drivers/install/examples_tf2_py:/home/nvidia/velodyne_drivers/install/broadcaster:/home/nvidia/velodyne_drivers/install/test_converter:/home/nvidia/velodyne_drivers/install/py_launch_example:/opt/ros/foxy /usr/bin/cmake --install /home/nvidia/master_ws/build/velodyne_msgs
