running egg_info
creating ../../build/broadcaster/broadcaster.egg-info
writing ../../build/broadcaster/broadcaster.egg-info/PKG-INFO
writing dependency_links to ../../build/broadcaster/broadcaster.egg-info/dependency_links.txt
writing entry points to ../../build/broadcaster/broadcaster.egg-info/entry_points.txt
writing requirements to ../../build/broadcaster/broadcaster.egg-info/requires.txt
writing top-level names to ../../build/broadcaster/broadcaster.egg-info/top_level.txt
writing manifest file '../../build/broadcaster/broadcaster.egg-info/SOURCES.txt'
reading manifest file '../../build/broadcaster/broadcaster.egg-info/SOURCES.txt'
writing manifest file '../../build/broadcaster/broadcaster.egg-info/SOURCES.txt'
running build
running build_py
creating /home/nvidia/master_ws/build/broadcaster/build
creating /home/nvidia/master_ws/build/broadcaster/build/lib
creating /home/nvidia/master_ws/build/broadcaster/build/lib/broadcaster
copying broadcaster/lidar.py -> /home/nvidia/master_ws/build/broadcaster/build/lib/broadcaster
copying broadcaster/__init__.py -> /home/nvidia/master_ws/build/broadcaster/build/lib/broadcaster
running install
running install_lib
creating /home/nvidia/master_ws/install/broadcaster/lib/python3.8/site-packages/broadcaster
copying /home/nvidia/master_ws/build/broadcaster/build/lib/broadcaster/lidar.py -> /home/nvidia/master_ws/install/broadcaster/lib/python3.8/site-packages/broadcaster
copying /home/nvidia/master_ws/build/broadcaster/build/lib/broadcaster/__init__.py -> /home/nvidia/master_ws/install/broadcaster/lib/python3.8/site-packages/broadcaster
byte-compiling /home/nvidia/master_ws/install/broadcaster/lib/python3.8/site-packages/broadcaster/lidar.py to lidar.cpython-38.pyc
byte-compiling /home/nvidia/master_ws/install/broadcaster/lib/python3.8/site-packages/broadcaster/__init__.py to __init__.cpython-38.pyc
running install_data
creating /home/nvidia/master_ws/install/broadcaster/share/ament_index
creating /home/nvidia/master_ws/install/broadcaster/share/ament_index/resource_index
creating /home/nvidia/master_ws/install/broadcaster/share/ament_index/resource_index/packages
copying resource/broadcaster -> /home/nvidia/master_ws/install/broadcaster/share/ament_index/resource_index/packages
copying package.xml -> /home/nvidia/master_ws/install/broadcaster/share/broadcaster
running install_egg_info
Copying ../../build/broadcaster/broadcaster.egg-info to /home/nvidia/master_ws/install/broadcaster/lib/python3.8/site-packages/broadcaster-0.0.0-py3.8.egg-info
running install_scripts
Installing lidar script to /home/nvidia/master_ws/install/broadcaster/lib/broadcaster
writing list of installed files to '/home/nvidia/master_ws/build/broadcaster/install.log'
