[4.118s] Invoking command in '/home/nvidia/master_ws/src/launch_ws/src/launch_car': PYTHONPATH=/home/nvidia/master_ws/build/launch_car/prefix_override:/home/nvidia/master_ws/install/launch_car/lib/python3.8/site-packages:${PYTHONPATH} /usr/bin/python3 -W ignore:setup.py install is deprecated setup.py egg_info --egg-base ../../../../build/launch_car build --build-base /home/nvidia/master_ws/build/launch_car/build install --record /home/nvidia/master_ws/build/launch_car/install.log --install-scripts $base/lib/launch_car --single-version-externally-managed install_data
[5.227s] running egg_info
[5.230s] writing ../../../../build/launch_car/launch_car.egg-info/PKG-INFO
[5.231s] writing dependency_links to ../../../../build/launch_car/launch_car.egg-info/dependency_links.txt
[5.232s] writing entry points to ../../../../build/launch_car/launch_car.egg-info/entry_points.txt
[5.233s] writing requirements to ../../../../build/launch_car/launch_car.egg-info/requires.txt
[5.233s] writing top-level names to ../../../../build/launch_car/launch_car.egg-info/top_level.txt
[5.380s] reading manifest file '../../../../build/launch_car/launch_car.egg-info/SOURCES.txt'
[5.384s] writing manifest file '../../../../build/launch_car/launch_car.egg-info/SOURCES.txt'
[5.386s] running build
[5.386s] running build_py
[5.386s] running install
[5.389s] running install_lib
[5.396s] running install_data
[5.399s] running install_egg_info
[5.406s] removing '/home/nvidia/master_ws/install/launch_car/lib/python3.8/site-packages/launch_car-0.0.0-py3.8.egg-info' (and everything under it)
[5.408s] Copying ../../../../build/launch_car/launch_car.egg-info to /home/nvidia/master_ws/install/launch_car/lib/python3.8/site-packages/launch_car-0.0.0-py3.8.egg-info
[5.413s] running install_scripts
[5.490s] writing list of installed files to '/home/nvidia/master_ws/build/launch_car/install.log'
[5.589s] Invoked command in '/home/nvidia/master_ws/src/launch_ws/src/launch_car' returned '0': PYTHONPATH=/home/nvidia/master_ws/build/launch_car/prefix_override:/home/nvidia/master_ws/install/launch_car/lib/python3.8/site-packages:${PYTHONPATH} /usr/bin/python3 -W ignore:setup.py install is deprecated setup.py egg_info --egg-base ../../../../build/launch_car build --build-base /home/nvidia/master_ws/build/launch_car/build install --record /home/nvidia/master_ws/build/launch_car/install.log --install-scripts $base/lib/launch_car --single-version-externally-managed install_data
