[1.697s] Invoking command in '/home/nvidia/master_ws/build/listener': CMAKE_PREFIX_PATH=${CMAKE_PREFIX_PATH}:/home/nvidia/master_ws/install/broadcaster:/home/nvidia/velodyne_drivers/install/example:/home/nvidia/velodyne_drivers/install/broadcast_and_listener:/home/nvidia/velodyne_drivers/install/examples_tf2_py:/home/nvidia/velodyne_drivers/install/broadcaster:/home/nvidia/velodyne_drivers/install/test_converter:/home/nvidia/velodyne_drivers/install/py_launch_example:/opt/ros/foxy /usr/bin/cmake /home/nvidia/master_ws/src/listener -DCMAKE_INSTALL_PREFIX=/home/nvidia/master_ws/install/listener
[1.769s] -- Found ament_cmake: 0.9.12 (/opt/ros/foxy/share/ament_cmake/cmake)
[1.932s] -- Using PYTHON_EXECUTABLE: /usr/bin/python3
[3.050s] -- Found rclcpp: 2.4.3 (/opt/ros/foxy/share/rclcpp/cmake)
[3.217s] -- Using all available rosidl_typesupport_c: rosidl_typesupport_fastrtps_c;rosidl_typesupport_introspection_c
[3.236s] -- Found rosidl_adapter: 1.3.1 (/opt/ros/foxy/share/rosidl_adapter/cmake)
[3.997s] -- Using all available rosidl_typesupport_cpp: rosidl_typesupport_fastrtps_cpp;rosidl_typesupport_introspection_cpp
[4.309s] -- Found rmw_implementation_cmake: 1.0.4 (/opt/ros/foxy/share/rmw_implementation_cmake/cmake)
[4.339s] -- Using RMW implementation 'rmw_fastrtps_cpp' as default
[5.042s] -- Found tf2_ros: 0.13.14 (/home/nvidia/velodyne_drivers/install/tf2_ros/share/tf2_ros/cmake)
[6.446s] -- Found sensor_msgs: 2.0.5 (/opt/ros/foxy/share/sensor_msgs/cmake)
[6.684s] -- Found tf2_sensor_msgs: 0.13.14 (/home/nvidia/velodyne_drivers/install/tf2_sensor_msgs/share/tf2_sensor_msgs/cmake)
[6.803s] -- Found ament_lint_auto: 0.9.8 (/opt/ros/foxy/share/ament_lint_auto/cmake)
[7.145s] -- Added test 'copyright' to check source files copyright and LICENSE
[7.151s] -- Added test 'cppcheck' to perform static code analysis on C / C++ code
[7.151s] -- Configured cppcheck include dirs: 
[7.152s] -- Configured cppcheck exclude dirs and/or files: 
[7.157s] -- Added test 'cpplint' to check C / C++ code against the Google style
[7.158s] -- Configured cpplint exclude dirs and/or files: 
[7.161s] -- Added test 'lint_cmake' to check CMake code style
[7.165s] -- Added test 'uncrustify' to check C / C++ code style
[7.166s] -- Configured uncrustify additional arguments: 
[7.167s] -- Added test 'xmllint' to check XML markup files
[7.186s] -- Configuring done
[7.192s] CMake Error at CMakeLists.txt:27 (add_executable):
[7.193s]   Cannot find source file:
[7.194s] 
[7.194s]     src/transformerNode.cpp
[7.195s] 
[7.195s]   Tried extensions .c .C .c++ .cc .cpp .cxx .cu .m .M .mm .h .hh .h++ .hm
[7.196s]   .hpp .hxx .in .txx
[7.196s] 
[7.196s] 
[7.202s] CMake Error at CMakeLists.txt:27 (add_executable):
[7.203s]   No SOURCES given to target: listener
[7.203s] 
[7.203s] 
[7.204s] CMake Generate step failed.  Build files cannot be regenerated correctly.
[7.243s] Invoked command in '/home/nvidia/master_ws/build/listener' returned '1': CMAKE_PREFIX_PATH=${CMAKE_PREFIX_PATH}:/home/nvidia/master_ws/install/broadcaster:/home/nvidia/velodyne_drivers/install/example:/home/nvidia/velodyne_drivers/install/broadcast_and_listener:/home/nvidia/velodyne_drivers/install/examples_tf2_py:/home/nvidia/velodyne_drivers/install/broadcaster:/home/nvidia/velodyne_drivers/install/test_converter:/home/nvidia/velodyne_drivers/install/py_launch_example:/opt/ros/foxy /usr/bin/cmake /home/nvidia/master_ws/src/listener -DCMAKE_INSTALL_PREFIX=/home/nvidia/master_ws/install/listener
