[1.174s] DEBUG:colcon:Command line arguments: ['/usr/bin/colcon', 'build', '--packages-select', 'launch_car', 'realsense_control']
[1.174s] DEBUG:colcon:Parsed command line arguments: Namespace(allow_overriding=[], ament_cmake_args=None, base_paths=['.'], build_base='build', catkin_cmake_args=None, catkin_skip_building_tests=False, cmake_args=None, cmake_clean_cache=False, cmake_clean_first=False, cmake_force_configure=False, cmake_target=None, cmake_target_skip_unavailable=False, continue_on_error=False, event_handlers=None, executor='parallel', ignore_user_meta=False, install_base='install', log_base=None, log_level=None, main=<bound method BuildVerb.main of <colcon_core.verb.build.BuildVerb object at 0xffff846138b0>>, merge_install=False, metas=['./colcon.meta'], packages_above=None, packages_above_and_dependencies=None, packages_above_depth=None, packages_end=None, packages_ignore=None, packages_ignore_regex=None, packages_select=['launch_car', 'realsense_control'], packages_select_build_failed=False, packages_select_by_dep=None, packages_select_regex=None, packages_select_test_failures=False, packages_skip=None, packages_skip_build_finished=False, packages_skip_by_dep=None, packages_skip_regex=None, packages_skip_test_passed=False, packages_skip_up_to=None, packages_start=None, packages_up_to=None, packages_up_to_regex=None, parallel_workers=6, paths=None, symlink_install=False, test_result_base=None, verb_extension=<colcon_core.verb.build.BuildVerb object at 0xffff846138b0>, verb_name='build', verb_parser=<colcon_defaults.argument_parser.defaults.DefaultArgumentsDecorator object at 0xffff84613f70>)
[2.114s] Level 1:colcon.colcon_core.package_discovery:discover_packages(colcon_meta) check parameters
[2.115s] Level 1:colcon.colcon_core.package_discovery:discover_packages(recursive) check parameters
[2.116s] Level 1:colcon.colcon_core.package_discovery:discover_packages(ignore) check parameters
[2.116s] Level 1:colcon.colcon_core.package_discovery:discover_packages(path) check parameters
[2.116s] Level 1:colcon.colcon_core.package_discovery:discover_packages(colcon_meta) discover
[2.117s] Level 1:colcon.colcon_core.package_discovery:discover_packages(recursive) discover
[2.117s] INFO:colcon.colcon_core.package_discovery:Crawling recursively for packages in '/home/nvidia/master_ws'
[2.118s] Level 1:colcon.colcon_core.package_identification:_identify(.) by extensions ['ignore', 'ignore_ament_install']
[2.118s] Level 1:colcon.colcon_core.package_identification:_identify(.) by extension 'ignore'
[2.119s] Level 1:colcon.colcon_core.package_identification:_identify(.) by extension 'ignore_ament_install'
[2.119s] Level 1:colcon.colcon_core.package_identification:_identify(.) by extensions ['colcon_pkg']
[2.119s] Level 1:colcon.colcon_core.package_identification:_identify(.) by extension 'colcon_pkg'
[2.120s] Level 1:colcon.colcon_core.package_identification:_identify(.) by extensions ['colcon_meta']
[2.120s] Level 1:colcon.colcon_core.package_identification:_identify(.) by extension 'colcon_meta'
[2.120s] Level 1:colcon.colcon_core.package_identification:_identify(.) by extensions ['ros']
[2.120s] Level 1:colcon.colcon_core.package_identification:_identify(.) by extension 'ros'
[2.181s] Level 1:colcon.colcon_core.package_identification:_identify(.) by extensions ['cmake', 'python']
[2.182s] Level 1:colcon.colcon_core.package_identification:_identify(.) by extension 'cmake'
[2.182s] Level 1:colcon.colcon_core.package_identification:_identify(.) by extension 'python'
[2.182s] Level 1:colcon.colcon_core.package_identification:_identify(.) by extensions ['python_setup_py']
[2.182s] Level 1:colcon.colcon_core.package_identification:_identify(.) by extension 'python_setup_py'
[2.183s] Level 1:colcon.colcon_core.package_identification:_identify(build) by extensions ['ignore', 'ignore_ament_install']
[2.184s] Level 1:colcon.colcon_core.package_identification:_identify(build) by extension 'ignore'
[2.184s] Level 1:colcon.colcon_core.package_identification:_identify(build) ignored
[2.185s] Level 1:colcon.colcon_core.package_identification:_identify(install) by extensions ['ignore', 'ignore_ament_install']
[2.185s] Level 1:colcon.colcon_core.package_identification:_identify(install) by extension 'ignore'
[2.185s] Level 1:colcon.colcon_core.package_identification:_identify(install) ignored
[2.186s] Level 1:colcon.colcon_core.package_identification:_identify(log) by extensions ['ignore', 'ignore_ament_install']
[2.186s] Level 1:colcon.colcon_core.package_identification:_identify(log) by extension 'ignore'
[2.187s] Level 1:colcon.colcon_core.package_identification:_identify(log) ignored
[2.187s] Level 1:colcon.colcon_core.package_identification:_identify(src) by extensions ['ignore', 'ignore_ament_install']
[2.187s] Level 1:colcon.colcon_core.package_identification:_identify(src) by extension 'ignore'
[2.188s] Level 1:colcon.colcon_core.package_identification:_identify(src) by extension 'ignore_ament_install'
[2.188s] Level 1:colcon.colcon_core.package_identification:_identify(src) by extensions ['colcon_pkg']
[2.188s] Level 1:colcon.colcon_core.package_identification:_identify(src) by extension 'colcon_pkg'
[2.188s] Level 1:colcon.colcon_core.package_identification:_identify(src) by extensions ['colcon_meta']
[2.189s] Level 1:colcon.colcon_core.package_identification:_identify(src) by extension 'colcon_meta'
[2.189s] Level 1:colcon.colcon_core.package_identification:_identify(src) by extensions ['ros']
[2.189s] Level 1:colcon.colcon_core.package_identification:_identify(src) by extension 'ros'
[2.190s] Level 1:colcon.colcon_core.package_identification:_identify(src) by extensions ['cmake', 'python']
[2.190s] Level 1:colcon.colcon_core.package_identification:_identify(src) by extension 'cmake'
[2.190s] Level 1:colcon.colcon_core.package_identification:_identify(src) by extension 'python'
[2.190s] Level 1:colcon.colcon_core.package_identification:_identify(src) by extensions ['python_setup_py']
[2.190s] Level 1:colcon.colcon_core.package_identification:_identify(src) by extension 'python_setup_py'
[2.191s] Level 1:colcon.colcon_core.package_identification:_identify(src/broadcaster) by extensions ['ignore', 'ignore_ament_install']
[2.191s] Level 1:colcon.colcon_core.package_identification:_identify(src/broadcaster) by extension 'ignore'
[2.192s] Level 1:colcon.colcon_core.package_identification:_identify(src/broadcaster) by extension 'ignore_ament_install'
[2.192s] Level 1:colcon.colcon_core.package_identification:_identify(src/broadcaster) by extensions ['colcon_pkg']
[2.192s] Level 1:colcon.colcon_core.package_identification:_identify(src/broadcaster) by extension 'colcon_pkg'
[2.192s] Level 1:colcon.colcon_core.package_identification:_identify(src/broadcaster) by extensions ['colcon_meta']
[2.192s] Level 1:colcon.colcon_core.package_identification:_identify(src/broadcaster) by extension 'colcon_meta'
[2.193s] Level 1:colcon.colcon_core.package_identification:_identify(src/broadcaster) by extensions ['ros']
[2.193s] Level 1:colcon.colcon_core.package_identification:_identify(src/broadcaster) by extension 'ros'
[2.206s] DEBUG:colcon.colcon_core.package_identification:Package 'src/broadcaster' with type 'ros.ament_python' and name 'broadcaster'
[2.207s] Level 1:colcon.colcon_core.package_identification:_identify(src/launch_ws) by extensions ['ignore', 'ignore_ament_install']
[2.207s] Level 1:colcon.colcon_core.package_identification:_identify(src/launch_ws) by extension 'ignore'
[2.208s] Level 1:colcon.colcon_core.package_identification:_identify(src/launch_ws) by extension 'ignore_ament_install'
[2.208s] Level 1:colcon.colcon_core.package_identification:_identify(src/launch_ws) by extensions ['colcon_pkg']
[2.208s] Level 1:colcon.colcon_core.package_identification:_identify(src/launch_ws) by extension 'colcon_pkg'
[2.208s] Level 1:colcon.colcon_core.package_identification:_identify(src/launch_ws) by extensions ['colcon_meta']
[2.208s] Level 1:colcon.colcon_core.package_identification:_identify(src/launch_ws) by extension 'colcon_meta'
[2.209s] Level 1:colcon.colcon_core.package_identification:_identify(src/launch_ws) by extensions ['ros']
[2.209s] Level 1:colcon.colcon_core.package_identification:_identify(src/launch_ws) by extension 'ros'
[2.209s] Level 1:colcon.colcon_core.package_identification:_identify(src/launch_ws) by extensions ['cmake', 'python']
[2.210s] Level 1:colcon.colcon_core.package_identification:_identify(src/launch_ws) by extension 'cmake'
[2.210s] Level 1:colcon.colcon_core.package_identification:_identify(src/launch_ws) by extension 'python'
[2.210s] Level 1:colcon.colcon_core.package_identification:_identify(src/launch_ws) by extensions ['python_setup_py']
[2.210s] Level 1:colcon.colcon_core.package_identification:_identify(src/launch_ws) by extension 'python_setup_py'
[2.211s] Level 1:colcon.colcon_core.package_identification:_identify(src/launch_ws/src) by extensions ['ignore', 'ignore_ament_install']
[2.211s] Level 1:colcon.colcon_core.package_identification:_identify(src/launch_ws/src) by extension 'ignore'
[2.212s] Level 1:colcon.colcon_core.package_identification:_identify(src/launch_ws/src) by extension 'ignore_ament_install'
[2.212s] Level 1:colcon.colcon_core.package_identification:_identify(src/launch_ws/src) by extensions ['colcon_pkg']
[2.212s] Level 1:colcon.colcon_core.package_identification:_identify(src/launch_ws/src) by extension 'colcon_pkg'
[2.212s] Level 1:colcon.colcon_core.package_identification:_identify(src/launch_ws/src) by extensions ['colcon_meta']
[2.213s] Level 1:colcon.colcon_core.package_identification:_identify(src/launch_ws/src) by extension 'colcon_meta'
[2.213s] Level 1:colcon.colcon_core.package_identification:_identify(src/launch_ws/src) by extensions ['ros']
[2.213s] Level 1:colcon.colcon_core.package_identification:_identify(src/launch_ws/src) by extension 'ros'
[2.213s] Level 1:colcon.colcon_core.package_identification:_identify(src/launch_ws/src) by extensions ['cmake', 'python']
[2.214s] Level 1:colcon.colcon_core.package_identification:_identify(src/launch_ws/src) by extension 'cmake'
[2.214s] Level 1:colcon.colcon_core.package_identification:_identify(src/launch_ws/src) by extension 'python'
[2.214s] Level 1:colcon.colcon_core.package_identification:_identify(src/launch_ws/src) by extensions ['python_setup_py']
[2.214s] Level 1:colcon.colcon_core.package_identification:_identify(src/launch_ws/src) by extension 'python_setup_py'
[2.215s] Level 1:colcon.colcon_core.package_identification:_identify(src/launch_ws/src/launch_car) by extensions ['ignore', 'ignore_ament_install']
[2.215s] Level 1:colcon.colcon_core.package_identification:_identify(src/launch_ws/src/launch_car) by extension 'ignore'
[2.216s] Level 1:colcon.colcon_core.package_identification:_identify(src/launch_ws/src/launch_car) by extension 'ignore_ament_install'
[2.216s] Level 1:colcon.colcon_core.package_identification:_identify(src/launch_ws/src/launch_car) by extensions ['colcon_pkg']
[2.216s] Level 1:colcon.colcon_core.package_identification:_identify(src/launch_ws/src/launch_car) by extension 'colcon_pkg'
[2.216s] Level 1:colcon.colcon_core.package_identification:_identify(src/launch_ws/src/launch_car) by extensions ['colcon_meta']
[2.217s] Level 1:colcon.colcon_core.package_identification:_identify(src/launch_ws/src/launch_car) by extension 'colcon_meta'
[2.217s] Level 1:colcon.colcon_core.package_identification:_identify(src/launch_ws/src/launch_car) by extensions ['ros']
[2.217s] Level 1:colcon.colcon_core.package_identification:_identify(src/launch_ws/src/launch_car) by extension 'ros'
[2.220s] DEBUG:colcon.colcon_core.package_identification:Package 'src/launch_ws/src/launch_car' with type 'ros.ament_python' and name 'launch_car'
[2.220s] Level 1:colcon.colcon_core.package_identification:_identify(src/lidar_control) by extensions ['ignore', 'ignore_ament_install']
[2.221s] Level 1:colcon.colcon_core.package_identification:_identify(src/lidar_control) by extension 'ignore'
[2.221s] Level 1:colcon.colcon_core.package_identification:_identify(src/lidar_control) by extension 'ignore_ament_install'
[2.221s] Level 1:colcon.colcon_core.package_identification:_identify(src/lidar_control) by extensions ['colcon_pkg']
[2.221s] Level 1:colcon.colcon_core.package_identification:_identify(src/lidar_control) by extension 'colcon_pkg'
[2.222s] Level 1:colcon.colcon_core.package_identification:_identify(src/lidar_control) by extensions ['colcon_meta']
[2.222s] Level 1:colcon.colcon_core.package_identification:_identify(src/lidar_control) by extension 'colcon_meta'
[2.222s] Level 1:colcon.colcon_core.package_identification:_identify(src/lidar_control) by extensions ['ros']
[2.222s] Level 1:colcon.colcon_core.package_identification:_identify(src/lidar_control) by extension 'ros'
[2.227s] DEBUG:colcon.colcon_core.package_identification:Package 'src/lidar_control' with type 'ros.ament_python' and name 'lidar_control'
[2.227s] Level 1:colcon.colcon_core.package_identification:_identify(src/listener) by extensions ['ignore', 'ignore_ament_install']
[2.228s] Level 1:colcon.colcon_core.package_identification:_identify(src/listener) by extension 'ignore'
[2.228s] Level 1:colcon.colcon_core.package_identification:_identify(src/listener) by extension 'ignore_ament_install'
[2.228s] Level 1:colcon.colcon_core.package_identification:_identify(src/listener) by extensions ['colcon_pkg']
[2.229s] Level 1:colcon.colcon_core.package_identification:_identify(src/listener) by extension 'colcon_pkg'
[2.229s] Level 1:colcon.colcon_core.package_identification:_identify(src/listener) by extensions ['colcon_meta']
[2.229s] Level 1:colcon.colcon_core.package_identification:_identify(src/listener) by extension 'colcon_meta'
[2.229s] Level 1:colcon.colcon_core.package_identification:_identify(src/listener) by extensions ['ros']
[2.229s] Level 1:colcon.colcon_core.package_identification:_identify(src/listener) by extension 'ros'
[2.234s] DEBUG:colcon.colcon_core.package_identification:Package 'src/listener' with type 'ros.ament_cmake' and name 'listener'
[2.235s] Level 1:colcon.colcon_core.package_identification:_identify(src/realsense_control) by extensions ['ignore', 'ignore_ament_install']
[2.235s] Level 1:colcon.colcon_core.package_identification:_identify(src/realsense_control) by extension 'ignore'
[2.236s] Level 1:colcon.colcon_core.package_identification:_identify(src/realsense_control) by extension 'ignore_ament_install'
[2.236s] Level 1:colcon.colcon_core.package_identification:_identify(src/realsense_control) by extensions ['colcon_pkg']
[2.236s] Level 1:colcon.colcon_core.package_identification:_identify(src/realsense_control) by extension 'colcon_pkg'
[2.236s] Level 1:colcon.colcon_core.package_identification:_identify(src/realsense_control) by extensions ['colcon_meta']
[2.237s] Level 1:colcon.colcon_core.package_identification:_identify(src/realsense_control) by extension 'colcon_meta'
[2.237s] Level 1:colcon.colcon_core.package_identification:_identify(src/realsense_control) by extensions ['ros']
[2.237s] Level 1:colcon.colcon_core.package_identification:_identify(src/realsense_control) by extension 'ros'
[2.240s] DEBUG:colcon.colcon_core.package_identification:Package 'src/realsense_control' with type 'ros.ament_cmake' and name 'realsense_control'
[2.241s] Level 1:colcon.colcon_core.package_identification:_identify(src/velodyne) by extensions ['ignore', 'ignore_ament_install']
[2.241s] Level 1:colcon.colcon_core.package_identification:_identify(src/velodyne) by extension 'ignore'
[2.241s] Level 1:colcon.colcon_core.package_identification:_identify(src/velodyne) by extension 'ignore_ament_install'
[2.242s] Level 1:colcon.colcon_core.package_identification:_identify(src/velodyne) by extensions ['colcon_pkg']
[2.242s] Level 1:colcon.colcon_core.package_identification:_identify(src/velodyne) by extension 'colcon_pkg'
[2.242s] Level 1:colcon.colcon_core.package_identification:_identify(src/velodyne) by extensions ['colcon_meta']
[2.242s] Level 1:colcon.colcon_core.package_identification:_identify(src/velodyne) by extension 'colcon_meta'
[2.242s] Level 1:colcon.colcon_core.package_identification:_identify(src/velodyne) by extensions ['ros']
[2.243s] Level 1:colcon.colcon_core.package_identification:_identify(src/velodyne) by extension 'ros'
[2.243s] Level 1:colcon.colcon_core.package_identification:_identify(src/velodyne) by extensions ['cmake', 'python']
[2.243s] Level 1:colcon.colcon_core.package_identification:_identify(src/velodyne) by extension 'cmake'
[2.244s] Level 1:colcon.colcon_core.package_identification:_identify(src/velodyne) by extension 'python'
[2.244s] Level 1:colcon.colcon_core.package_identification:_identify(src/velodyne) by extensions ['python_setup_py']
[2.244s] Level 1:colcon.colcon_core.package_identification:_identify(src/velodyne) by extension 'python_setup_py'
[2.245s] Level 1:colcon.colcon_core.package_identification:_identify(src/velodyne/velodyne) by extensions ['ignore', 'ignore_ament_install']
[2.245s] Level 1:colcon.colcon_core.package_identification:_identify(src/velodyne/velodyne) by extension 'ignore'
[2.245s] Level 1:colcon.colcon_core.package_identification:_identify(src/velodyne/velodyne) by extension 'ignore_ament_install'
[2.246s] Level 1:colcon.colcon_core.package_identification:_identify(src/velodyne/velodyne) by extensions ['colcon_pkg']
[2.246s] Level 1:colcon.colcon_core.package_identification:_identify(src/velodyne/velodyne) by extension 'colcon_pkg'
[2.246s] Level 1:colcon.colcon_core.package_identification:_identify(src/velodyne/velodyne) by extensions ['colcon_meta']
[2.246s] Level 1:colcon.colcon_core.package_identification:_identify(src/velodyne/velodyne) by extension 'colcon_meta'
[2.246s] Level 1:colcon.colcon_core.package_identification:_identify(src/velodyne/velodyne) by extensions ['ros']
[2.247s] Level 1:colcon.colcon_core.package_identification:_identify(src/velodyne/velodyne) by extension 'ros'
[2.249s] DEBUG:colcon.colcon_core.package_identification:Package 'src/velodyne/velodyne' with type 'ros.ament_cmake' and name 'velodyne'
[2.250s] Level 1:colcon.colcon_core.package_identification:_identify(src/velodyne/velodyne_driver) by extensions ['ignore', 'ignore_ament_install']
[2.250s] Level 1:colcon.colcon_core.package_identification:_identify(src/velodyne/velodyne_driver) by extension 'ignore'
[2.251s] Level 1:colcon.colcon_core.package_identification:_identify(src/velodyne/velodyne_driver) by extension 'ignore_ament_install'
[2.251s] Level 1:colcon.colcon_core.package_identification:_identify(src/velodyne/velodyne_driver) by extensions ['colcon_pkg']
[2.251s] Level 1:colcon.colcon_core.package_identification:_identify(src/velodyne/velodyne_driver) by extension 'colcon_pkg'
[2.252s] Level 1:colcon.colcon_core.package_identification:_identify(src/velodyne/velodyne_driver) by extensions ['colcon_meta']
[2.252s] Level 1:colcon.colcon_core.package_identification:_identify(src/velodyne/velodyne_driver) by extension 'colcon_meta'
[2.252s] Level 1:colcon.colcon_core.package_identification:_identify(src/velodyne/velodyne_driver) by extensions ['ros']
[2.252s] Level 1:colcon.colcon_core.package_identification:_identify(src/velodyne/velodyne_driver) by extension 'ros'
[2.258s] DEBUG:colcon.colcon_core.package_identification:Package 'src/velodyne/velodyne_driver' with type 'ros.ament_cmake' and name 'velodyne_driver'
[2.258s] Level 1:colcon.colcon_core.package_identification:_identify(src/velodyne/velodyne_laserscan) by extensions ['ignore', 'ignore_ament_install']
[2.259s] Level 1:colcon.colcon_core.package_identification:_identify(src/velodyne/velodyne_laserscan) by extension 'ignore'
[2.259s] Level 1:colcon.colcon_core.package_identification:_identify(src/velodyne/velodyne_laserscan) by extension 'ignore_ament_install'
[2.259s] Level 1:colcon.colcon_core.package_identification:_identify(src/velodyne/velodyne_laserscan) by extensions ['colcon_pkg']
[2.260s] Level 1:colcon.colcon_core.package_identification:_identify(src/velodyne/velodyne_laserscan) by extension 'colcon_pkg'
[2.260s] Level 1:colcon.colcon_core.package_identification:_identify(src/velodyne/velodyne_laserscan) by extensions ['colcon_meta']
[2.260s] Level 1:colcon.colcon_core.package_identification:_identify(src/velodyne/velodyne_laserscan) by extension 'colcon_meta'
[2.260s] Level 1:colcon.colcon_core.package_identification:_identify(src/velodyne/velodyne_laserscan) by extensions ['ros']
[2.260s] Level 1:colcon.colcon_core.package_identification:_identify(src/velodyne/velodyne_laserscan) by extension 'ros'
[2.265s] DEBUG:colcon.colcon_core.package_identification:Package 'src/velodyne/velodyne_laserscan' with type 'ros.ament_cmake' and name 'velodyne_laserscan'
[2.265s] Level 1:colcon.colcon_core.package_identification:_identify(src/velodyne/velodyne_msgs) by extensions ['ignore', 'ignore_ament_install']
[2.266s] Level 1:colcon.colcon_core.package_identification:_identify(src/velodyne/velodyne_msgs) by extension 'ignore'
[2.266s] Level 1:colcon.colcon_core.package_identification:_identify(src/velodyne/velodyne_msgs) by extension 'ignore_ament_install'
[2.266s] Level 1:colcon.colcon_core.package_identification:_identify(src/velodyne/velodyne_msgs) by extensions ['colcon_pkg']
[2.267s] Level 1:colcon.colcon_core.package_identification:_identify(src/velodyne/velodyne_msgs) by extension 'colcon_pkg'
[2.267s] Level 1:colcon.colcon_core.package_identification:_identify(src/velodyne/velodyne_msgs) by extensions ['colcon_meta']
[2.267s] Level 1:colcon.colcon_core.package_identification:_identify(src/velodyne/velodyne_msgs) by extension 'colcon_meta'
[2.267s] Level 1:colcon.colcon_core.package_identification:_identify(src/velodyne/velodyne_msgs) by extensions ['ros']
[2.268s] Level 1:colcon.colcon_core.package_identification:_identify(src/velodyne/velodyne_msgs) by extension 'ros'
[2.271s] DEBUG:colcon.colcon_core.package_identification:Package 'src/velodyne/velodyne_msgs' with type 'ros.ament_cmake' and name 'velodyne_msgs'
[2.272s] Level 1:colcon.colcon_core.package_identification:_identify(src/velodyne/velodyne_pointcloud) by extensions ['ignore', 'ignore_ament_install']
[2.272s] Level 1:colcon.colcon_core.package_identification:_identify(src/velodyne/velodyne_pointcloud) by extension 'ignore'
[2.272s] Level 1:colcon.colcon_core.package_identification:_identify(src/velodyne/velodyne_pointcloud) by extension 'ignore_ament_install'
[2.273s] Level 1:colcon.colcon_core.package_identification:_identify(src/velodyne/velodyne_pointcloud) by extensions ['colcon_pkg']
[2.273s] Level 1:colcon.colcon_core.package_identification:_identify(src/velodyne/velodyne_pointcloud) by extension 'colcon_pkg'
[2.273s] Level 1:colcon.colcon_core.package_identification:_identify(src/velodyne/velodyne_pointcloud) by extensions ['colcon_meta']
[2.273s] Level 1:colcon.colcon_core.package_identification:_identify(src/velodyne/velodyne_pointcloud) by extension 'colcon_meta'
[2.274s] Level 1:colcon.colcon_core.package_identification:_identify(src/velodyne/velodyne_pointcloud) by extensions ['ros']
[2.274s] Level 1:colcon.colcon_core.package_identification:_identify(src/velodyne/velodyne_pointcloud) by extension 'ros'
[2.281s] DEBUG:colcon.colcon_core.package_identification:Package 'src/velodyne/velodyne_pointcloud' with type 'ros.ament_cmake' and name 'velodyne_pointcloud'
[2.282s] Level 1:colcon.colcon_core.package_identification:_identify(src/xbox) by extensions ['ignore', 'ignore_ament_install']
[2.282s] Level 1:colcon.colcon_core.package_identification:_identify(src/xbox) by extension 'ignore'
[2.282s] Level 1:colcon.colcon_core.package_identification:_identify(src/xbox) by extension 'ignore_ament_install'
[2.283s] Level 1:colcon.colcon_core.package_identification:_identify(src/xbox) by extensions ['colcon_pkg']
[2.283s] Level 1:colcon.colcon_core.package_identification:_identify(src/xbox) by extension 'colcon_pkg'
[2.283s] Level 1:colcon.colcon_core.package_identification:_identify(src/xbox) by extensions ['colcon_meta']
[2.283s] Level 1:colcon.colcon_core.package_identification:_identify(src/xbox) by extension 'colcon_meta'
[2.284s] Level 1:colcon.colcon_core.package_identification:_identify(src/xbox) by extensions ['ros']
[2.284s] Level 1:colcon.colcon_core.package_identification:_identify(src/xbox) by extension 'ros'
[2.289s] DEBUG:colcon.colcon_core.package_identification:Package 'src/xbox' with type 'ros.ament_python' and name 'xbox'
[2.290s] Level 1:colcon.colcon_core.package_discovery:discover_packages(recursive) using defaults
[2.290s] Level 1:colcon.colcon_core.package_discovery:discover_packages(ignore) discover
[2.290s] Level 1:colcon.colcon_core.package_discovery:discover_packages(ignore) using defaults
[2.290s] Level 1:colcon.colcon_core.package_discovery:discover_packages(path) discover
[2.290s] Level 1:colcon.colcon_core.package_discovery:discover_packages(path) using defaults
[2.420s] INFO:colcon.colcon_core.package_selection:Skipping not selected package 'broadcaster' in 'src/broadcaster'
[2.420s] INFO:colcon.colcon_core.package_selection:Skipping not selected package 'lidar_control' in 'src/lidar_control'
[2.420s] INFO:colcon.colcon_core.package_selection:Skipping not selected package 'listener' in 'src/listener'
[2.421s] INFO:colcon.colcon_core.package_selection:Skipping not selected package 'velodyne_laserscan' in 'src/velodyne/velodyne_laserscan'
[2.421s] INFO:colcon.colcon_core.package_selection:Skipping not selected package 'velodyne_msgs' in 'src/velodyne/velodyne_msgs'
[2.421s] INFO:colcon.colcon_core.package_selection:Skipping not selected package 'xbox' in 'src/xbox'
[2.421s] INFO:colcon.colcon_core.package_selection:Skipping not selected package 'velodyne_driver' in 'src/velodyne/velodyne_driver'
[2.421s] INFO:colcon.colcon_core.package_selection:Skipping not selected package 'velodyne_pointcloud' in 'src/velodyne/velodyne_pointcloud'
[2.421s] INFO:colcon.colcon_core.package_selection:Skipping not selected package 'velodyne' in 'src/velodyne/velodyne'
[2.424s] Level 1:colcon.colcon_core.package_discovery:discover_packages(prefix_path) check parameters
[2.424s] Level 1:colcon.colcon_core.package_discovery:discover_packages(prefix_path) discover
[2.438s] DEBUG:colcon.colcon_installed_package_information.package_discovery:Found 11 installed packages in /home/nvidia/master_ws/install
[2.451s] DEBUG:colcon.colcon_installed_package_information.package_discovery:Found 349 installed packages in /opt/ros/foxy
[2.465s] Level 1:colcon.colcon_core.package_discovery:discover_packages(prefix_path) using defaults
[2.887s] Level 5:colcon.colcon_core.verb:set package 'launch_car' build argument 'cmake_args' from command line to 'None'
[2.887s] Level 5:colcon.colcon_core.verb:set package 'launch_car' build argument 'cmake_target' from command line to 'None'
[2.888s] Level 5:colcon.colcon_core.verb:set package 'launch_car' build argument 'cmake_target_skip_unavailable' from command line to 'False'
[2.888s] Level 5:colcon.colcon_core.verb:set package 'launch_car' build argument 'cmake_clean_cache' from command line to 'False'
[2.888s] Level 5:colcon.colcon_core.verb:set package 'launch_car' build argument 'cmake_clean_first' from command line to 'False'
[2.888s] Level 5:colcon.colcon_core.verb:set package 'launch_car' build argument 'cmake_force_configure' from command line to 'False'
[2.888s] Level 5:colcon.colcon_core.verb:set package 'launch_car' build argument 'ament_cmake_args' from command line to 'None'
[2.888s] Level 5:colcon.colcon_core.verb:set package 'launch_car' build argument 'catkin_cmake_args' from command line to 'None'
[2.889s] Level 5:colcon.colcon_core.verb:set package 'launch_car' build argument 'catkin_skip_building_tests' from command line to 'False'
[2.889s] DEBUG:colcon.colcon_core.verb:Building package 'launch_car' with the following arguments: {'ament_cmake_args': None, 'build_base': '/home/nvidia/master_ws/build/launch_car', 'catkin_cmake_args': None, 'catkin_skip_building_tests': False, 'cmake_args': None, 'cmake_clean_cache': False, 'cmake_clean_first': False, 'cmake_force_configure': False, 'cmake_target': None, 'cmake_target_skip_unavailable': False, 'install_base': '/home/nvidia/master_ws/install/launch_car', 'merge_install': False, 'path': '/home/nvidia/master_ws/src/launch_ws/src/launch_car', 'symlink_install': False, 'test_result_base': None}
[2.891s] Level 5:colcon.colcon_core.verb:set package 'realsense_control' build argument 'cmake_args' from command line to 'None'
[2.891s] Level 5:colcon.colcon_core.verb:set package 'realsense_control' build argument 'cmake_target' from command line to 'None'
[2.892s] Level 5:colcon.colcon_core.verb:set package 'realsense_control' build argument 'cmake_target_skip_unavailable' from command line to 'False'
[2.892s] Level 5:colcon.colcon_core.verb:set package 'realsense_control' build argument 'cmake_clean_cache' from command line to 'False'
[2.892s] Level 5:colcon.colcon_core.verb:set package 'realsense_control' build argument 'cmake_clean_first' from command line to 'False'
[2.892s] Level 5:colcon.colcon_core.verb:set package 'realsense_control' build argument 'cmake_force_configure' from command line to 'False'
[2.892s] Level 5:colcon.colcon_core.verb:set package 'realsense_control' build argument 'ament_cmake_args' from command line to 'None'
[2.892s] Level 5:colcon.colcon_core.verb:set package 'realsense_control' build argument 'catkin_cmake_args' from command line to 'None'
[2.893s] Level 5:colcon.colcon_core.verb:set package 'realsense_control' build argument 'catkin_skip_building_tests' from command line to 'False'
[2.893s] DEBUG:colcon.colcon_core.verb:Building package 'realsense_control' with the following arguments: {'ament_cmake_args': None, 'build_base': '/home/nvidia/master_ws/build/realsense_control', 'catkin_cmake_args': None, 'catkin_skip_building_tests': False, 'cmake_args': None, 'cmake_clean_cache': False, 'cmake_clean_first': False, 'cmake_force_configure': False, 'cmake_target': None, 'cmake_target_skip_unavailable': False, 'install_base': '/home/nvidia/master_ws/install/realsense_control', 'merge_install': False, 'path': '/home/nvidia/master_ws/src/realsense_control', 'symlink_install': False, 'test_result_base': None}
[2.894s] INFO:colcon.colcon_core.executor:Executing jobs using 'parallel' executor
[2.898s] DEBUG:colcon.colcon_parallel_executor.executor.parallel:run_until_complete
[2.900s] INFO:colcon.colcon_ros.task.ament_python.build:Building ROS package in '/home/nvidia/master_ws/src/launch_ws/src/launch_car' with build type 'ament_python'
[2.901s] Level 1:colcon.colcon_core.shell:create_environment_hook('launch_car', 'ament_prefix_path')
[2.915s] INFO:colcon.colcon_core.plugin_system:Skipping extension 'colcon_core.shell.bat': Not used on non-Windows systems
[2.917s] INFO:colcon.colcon_core.shell:Creating environment hook '/home/nvidia/master_ws/install/launch_car/share/launch_car/hook/ament_prefix_path.ps1'
[2.920s] INFO:colcon.colcon_core.shell:Creating environment descriptor '/home/nvidia/master_ws/install/launch_car/share/launch_car/hook/ament_prefix_path.dsv'
[2.923s] INFO:colcon.colcon_core.shell:Creating environment hook '/home/nvidia/master_ws/install/launch_car/share/launch_car/hook/ament_prefix_path.sh'
[2.927s] INFO:colcon.colcon_core.shell:Skip shell extension 'powershell' for command environment: Not usable outside of PowerShell
[2.928s] DEBUG:colcon.colcon_core.shell:Skip shell extension 'dsv' for command environment
[2.965s] INFO:colcon.colcon_ros.task.ament_cmake.build:Building ROS package in '/home/nvidia/master_ws/src/realsense_control' with build type 'ament_cmake'
[2.968s] INFO:colcon.colcon_cmake.task.cmake.build:Building CMake package in '/home/nvidia/master_ws/src/realsense_control'
[2.973s] INFO:colcon.colcon_core.shell:Skip shell extension 'powershell' for command environment: Not usable outside of PowerShell
[2.974s] DEBUG:colcon.colcon_core.shell:Skip shell extension 'dsv' for command environment
[4.464s] INFO:colcon.colcon_core.task.python.build:Building Python package in '/home/nvidia/master_ws/src/launch_ws/src/launch_car'
[4.469s] INFO:colcon.colcon_core.shell:Skip shell extension 'powershell' for command environment: Not usable outside of PowerShell
[4.469s] DEBUG:colcon.colcon_core.shell:Skip shell extension 'dsv' for command environment
[4.549s] DEBUG:colcon.colcon_core.event_handler.log_command:Invoking command in '/home/nvidia/master_ws/build/realsense_control': CMAKE_PREFIX_PATH=${CMAKE_PREFIX_PATH}:/home/nvidia/master_ws/install/xbox:/home/nvidia/master_ws/install/lidar_control:/home/nvidia/master_ws/install/launch_car:/home/nvidia/master_ws/install/broadcaster:/opt/ros/foxy /usr/bin/cmake --build /home/nvidia/master_ws/build/realsense_control -- -j6 -l6
[5.087s] DEBUG:colcon.colcon_core.event_handler.log_command:Invoked command in '/home/nvidia/master_ws/build/realsense_control' returned '0': CMAKE_PREFIX_PATH=${CMAKE_PREFIX_PATH}:/home/nvidia/master_ws/install/xbox:/home/nvidia/master_ws/install/lidar_control:/home/nvidia/master_ws/install/launch_car:/home/nvidia/master_ws/install/broadcaster:/opt/ros/foxy /usr/bin/cmake --build /home/nvidia/master_ws/build/realsense_control -- -j6 -l6
[5.364s] DEBUG:colcon.colcon_core.event_handler.log_command:Invoking command in '/home/nvidia/master_ws/build/realsense_control': CMAKE_PREFIX_PATH=${CMAKE_PREFIX_PATH}:/home/nvidia/master_ws/install/xbox:/home/nvidia/master_ws/install/lidar_control:/home/nvidia/master_ws/install/launch_car:/home/nvidia/master_ws/install/broadcaster:/opt/ros/foxy /usr/bin/cmake --install /home/nvidia/master_ws/build/realsense_control
[5.435s] Level 1:colcon.colcon_core.environment:create_environment_scripts_only(realsense_control)
[5.439s] DEBUG:colcon.colcon_core.event_handler.log_command:Invoked command in '/home/nvidia/master_ws/build/realsense_control' returned '0': CMAKE_PREFIX_PATH=${CMAKE_PREFIX_PATH}:/home/nvidia/master_ws/install/xbox:/home/nvidia/master_ws/install/lidar_control:/home/nvidia/master_ws/install/launch_car:/home/nvidia/master_ws/install/broadcaster:/opt/ros/foxy /usr/bin/cmake --install /home/nvidia/master_ws/build/realsense_control
[5.455s] Level 1:colcon.colcon_core.environment:checking '/home/nvidia/master_ws/install/realsense_control' for CMake module files
[5.460s] Level 1:colcon.colcon_core.environment:checking '/home/nvidia/master_ws/install/realsense_control' for CMake config files
[5.462s] Level 1:colcon.colcon_core.shell:create_environment_hook('realsense_control', 'cmake_prefix_path')
[5.464s] INFO:colcon.colcon_core.shell:Creating environment hook '/home/nvidia/master_ws/install/realsense_control/share/realsense_control/hook/cmake_prefix_path.ps1'
[5.467s] INFO:colcon.colcon_core.shell:Creating environment descriptor '/home/nvidia/master_ws/install/realsense_control/share/realsense_control/hook/cmake_prefix_path.dsv'
[5.469s] INFO:colcon.colcon_core.shell:Creating environment hook '/home/nvidia/master_ws/install/realsense_control/share/realsense_control/hook/cmake_prefix_path.sh'
[5.474s] Level 1:colcon.colcon_core.environment:checking '/home/nvidia/master_ws/install/realsense_control/lib'
[5.475s] Level 1:colcon.colcon_core.environment:checking '/home/nvidia/master_ws/install/realsense_control/bin'
[5.476s] Level 1:colcon.colcon_core.environment:checking '/home/nvidia/master_ws/install/realsense_control/lib/pkgconfig/realsense_control.pc'
[5.478s] Level 1:colcon.colcon_core.environment:checking '/home/nvidia/master_ws/install/realsense_control/lib/python3.8/site-packages'
[5.478s] Level 1:colcon.colcon_core.environment:checking '/home/nvidia/master_ws/install/realsense_control/bin'
[5.480s] INFO:colcon.colcon_core.shell:Creating package script '/home/nvidia/master_ws/install/realsense_control/share/realsense_control/package.ps1'
[5.485s] INFO:colcon.colcon_core.shell:Creating package descriptor '/home/nvidia/master_ws/install/realsense_control/share/realsense_control/package.dsv'
[5.488s] INFO:colcon.colcon_core.shell:Creating package script '/home/nvidia/master_ws/install/realsense_control/share/realsense_control/package.sh'
[5.492s] INFO:colcon.colcon_core.shell:Creating package script '/home/nvidia/master_ws/install/realsense_control/share/realsense_control/package.bash'
[5.495s] INFO:colcon.colcon_core.shell:Creating package script '/home/nvidia/master_ws/install/realsense_control/share/realsense_control/package.zsh'
[5.499s] Level 1:colcon.colcon_core.environment:create_file_with_runtime_dependencies(/home/nvidia/master_ws/install/realsense_control/share/colcon-core/packages/realsense_control)
[5.673s] Level 1:colcon.colcon_core.environment:create_environment_scripts_only(realsense_control)
[5.676s] Level 1:colcon.colcon_core.environment:checking '/home/nvidia/master_ws/install/realsense_control' for CMake module files
[5.680s] Level 1:colcon.colcon_core.environment:checking '/home/nvidia/master_ws/install/realsense_control' for CMake config files
[5.682s] Level 1:colcon.colcon_core.shell:create_environment_hook('realsense_control', 'cmake_prefix_path')
[5.684s] INFO:colcon.colcon_core.shell:Creating environment hook '/home/nvidia/master_ws/install/realsense_control/share/realsense_control/hook/cmake_prefix_path.ps1'
[5.688s] INFO:colcon.colcon_core.shell:Creating environment descriptor '/home/nvidia/master_ws/install/realsense_control/share/realsense_control/hook/cmake_prefix_path.dsv'
[5.690s] INFO:colcon.colcon_core.shell:Creating environment hook '/home/nvidia/master_ws/install/realsense_control/share/realsense_control/hook/cmake_prefix_path.sh'
[5.695s] Level 1:colcon.colcon_core.environment:checking '/home/nvidia/master_ws/install/realsense_control/lib'
[5.695s] Level 1:colcon.colcon_core.environment:checking '/home/nvidia/master_ws/install/realsense_control/bin'
[5.696s] Level 1:colcon.colcon_core.environment:checking '/home/nvidia/master_ws/install/realsense_control/lib/pkgconfig/realsense_control.pc'
[5.698s] Level 1:colcon.colcon_core.environment:checking '/home/nvidia/master_ws/install/realsense_control/lib/python3.8/site-packages'
[5.698s] Level 1:colcon.colcon_core.environment:checking '/home/nvidia/master_ws/install/realsense_control/bin'
[5.700s] INFO:colcon.colcon_core.shell:Creating package script '/home/nvidia/master_ws/install/realsense_control/share/realsense_control/package.ps1'
[5.704s] INFO:colcon.colcon_core.shell:Creating package descriptor '/home/nvidia/master_ws/install/realsense_control/share/realsense_control/package.dsv'
[5.706s] INFO:colcon.colcon_core.shell:Creating package script '/home/nvidia/master_ws/install/realsense_control/share/realsense_control/package.sh'
[5.709s] INFO:colcon.colcon_core.shell:Creating package script '/home/nvidia/master_ws/install/realsense_control/share/realsense_control/package.bash'
[5.712s] INFO:colcon.colcon_core.shell:Creating package script '/home/nvidia/master_ws/install/realsense_control/share/realsense_control/package.zsh'
[5.714s] Level 1:colcon.colcon_core.environment:create_file_with_runtime_dependencies(/home/nvidia/master_ws/install/realsense_control/share/colcon-core/packages/realsense_control)
[6.868s] DEBUG:colcon.colcon_core.event_handler.log_command:Invoking command in '/home/nvidia/master_ws/src/launch_ws/src/launch_car': PYTHONPATH=/home/nvidia/master_ws/build/launch_car/prefix_override:/home/nvidia/master_ws/install/launch_car/lib/python3.8/site-packages:${PYTHONPATH} /usr/bin/python3 -W ignore:setup.py install is deprecated setup.py egg_info --egg-base ../../../../build/launch_car build --build-base /home/nvidia/master_ws/build/launch_car/build install --record /home/nvidia/master_ws/build/launch_car/install.log --install-scripts $base/lib/launch_car --single-version-externally-managed install_data
[8.575s] Level 1:colcon.colcon_core.environment:checking '/home/nvidia/master_ws/install/launch_car' for CMake module files
[8.578s] DEBUG:colcon.colcon_core.event_handler.log_command:Invoked command in '/home/nvidia/master_ws/src/launch_ws/src/launch_car' returned '0': PYTHONPATH=/home/nvidia/master_ws/build/launch_car/prefix_override:/home/nvidia/master_ws/install/launch_car/lib/python3.8/site-packages:${PYTHONPATH} /usr/bin/python3 -W ignore:setup.py install is deprecated setup.py egg_info --egg-base ../../../../build/launch_car build --build-base /home/nvidia/master_ws/build/launch_car/build install --record /home/nvidia/master_ws/build/launch_car/install.log --install-scripts $base/lib/launch_car --single-version-externally-managed install_data
[8.580s] Level 1:colcon.colcon_core.environment:checking '/home/nvidia/master_ws/install/launch_car' for CMake config files
[8.585s] Level 1:colcon.colcon_core.environment:checking '/home/nvidia/master_ws/install/launch_car/lib'
[8.585s] Level 1:colcon.colcon_core.environment:checking '/home/nvidia/master_ws/install/launch_car/bin'
[8.586s] Level 1:colcon.colcon_core.environment:checking '/home/nvidia/master_ws/install/launch_car/lib/pkgconfig/launch_car.pc'
[8.587s] Level 1:colcon.colcon_core.environment:checking '/home/nvidia/master_ws/install/launch_car/lib/python3.8/site-packages'
[8.588s] Level 1:colcon.colcon_core.shell:create_environment_hook('launch_car', 'pythonpath')
[8.590s] INFO:colcon.colcon_core.shell:Creating environment hook '/home/nvidia/master_ws/install/launch_car/share/launch_car/hook/pythonpath.ps1'
[8.594s] INFO:colcon.colcon_core.shell:Creating environment descriptor '/home/nvidia/master_ws/install/launch_car/share/launch_car/hook/pythonpath.dsv'
[8.596s] INFO:colcon.colcon_core.shell:Creating environment hook '/home/nvidia/master_ws/install/launch_car/share/launch_car/hook/pythonpath.sh'
[8.599s] Level 1:colcon.colcon_core.environment:checking '/home/nvidia/master_ws/install/launch_car/bin'
[8.600s] Level 1:colcon.colcon_core.environment:create_environment_scripts_only(launch_car)
[8.601s] INFO:colcon.colcon_core.shell:Creating package script '/home/nvidia/master_ws/install/launch_car/share/launch_car/package.ps1'
[8.604s] INFO:colcon.colcon_core.shell:Creating package descriptor '/home/nvidia/master_ws/install/launch_car/share/launch_car/package.dsv'
[8.607s] INFO:colcon.colcon_core.shell:Creating package script '/home/nvidia/master_ws/install/launch_car/share/launch_car/package.sh'
[8.610s] INFO:colcon.colcon_core.shell:Creating package script '/home/nvidia/master_ws/install/launch_car/share/launch_car/package.bash'
[8.612s] INFO:colcon.colcon_core.shell:Creating package script '/home/nvidia/master_ws/install/launch_car/share/launch_car/package.zsh'
[8.615s] Level 1:colcon.colcon_core.environment:create_file_with_runtime_dependencies(/home/nvidia/master_ws/install/launch_car/share/colcon-core/packages/launch_car)
[8.617s] DEBUG:colcon.colcon_parallel_executor.executor.parallel:closing loop
[8.619s] DEBUG:colcon.colcon_parallel_executor.executor.parallel:loop closed
[8.619s] DEBUG:colcon.colcon_parallel_executor.executor.parallel:run_until_complete finished with '0'
[8.620s] DEBUG:colcon.colcon_core.event_reactor:joining thread
[8.657s] INFO:colcon.colcon_core.plugin_system:Skipping extension 'colcon_notification.desktop_notification.terminal_notifier': Not used on non-Darwin systems
[8.657s] INFO:colcon.colcon_core.plugin_system:Skipping extension 'colcon_notification.desktop_notification.win32': Not used on non-Windows systems
[8.658s] INFO:colcon.colcon_notification.desktop_notification:Sending desktop notification using 'notify2'
[8.731s] DEBUG:colcon.colcon_core.event_reactor:joined thread
[8.733s] INFO:colcon.colcon_core.shell:Creating prefix script '/home/nvidia/master_ws/install/local_setup.ps1'
[8.738s] INFO:colcon.colcon_core.shell:Creating prefix util module '/home/nvidia/master_ws/install/_local_setup_util_ps1.py'
[8.744s] INFO:colcon.colcon_core.shell:Creating prefix chain script '/home/nvidia/master_ws/install/setup.ps1'
[8.753s] INFO:colcon.colcon_core.shell:Creating prefix script '/home/nvidia/master_ws/install/local_setup.sh'
[8.756s] INFO:colcon.colcon_core.shell:Creating prefix util module '/home/nvidia/master_ws/install/_local_setup_util_sh.py'
[8.759s] INFO:colcon.colcon_core.shell:Creating prefix chain script '/home/nvidia/master_ws/install/setup.sh'
[8.768s] INFO:colcon.colcon_core.shell:Creating prefix script '/home/nvidia/master_ws/install/local_setup.bash'
[8.771s] INFO:colcon.colcon_core.shell:Creating prefix chain script '/home/nvidia/master_ws/install/setup.bash'
[8.779s] INFO:colcon.colcon_core.shell:Creating prefix script '/home/nvidia/master_ws/install/local_setup.zsh'
[8.781s] INFO:colcon.colcon_core.shell:Creating prefix chain script '/home/nvidia/master_ws/install/setup.zsh'
