[2.950s] Invoking command in '/home/nvidia/master_ws/src/xbox': PYTHONPATH=/home/nvidia/master_ws/build/xbox/prefix_override:/home/nvidia/master_ws/install/xbox/lib/python3.8/site-packages:${PYTHONPATH} /usr/bin/python3 -W ignore:setup.py install is deprecated setup.py egg_info --egg-base ../../build/xbox build --build-base /home/nvidia/master_ws/build/xbox/build install --record /home/nvidia/master_ws/build/xbox/install.log --install-scripts $base/lib/xbox --single-version-externally-managed install_data
[3.973s] running egg_info
[3.976s] writing ../../build/xbox/xbox.egg-info/PKG-INFO
[3.977s] writing dependency_links to ../../build/xbox/xbox.egg-info/dependency_links.txt
[3.978s] writing entry points to ../../build/xbox/xbox.egg-info/entry_points.txt
[3.980s] writing requirements to ../../build/xbox/xbox.egg-info/requires.txt
[3.980s] writing top-level names to ../../build/xbox/xbox.egg-info/top_level.txt
[4.122s] reading manifest file '../../build/xbox/xbox.egg-info/SOURCES.txt'
[4.125s] writing manifest file '../../build/xbox/xbox.egg-info/SOURCES.txt'
[4.126s] running build
[4.126s] running build_py
[4.127s] copying xbox/xbox.py -> /home/nvidia/master_ws/build/xbox/build/lib/xbox
[4.128s] running install
[4.131s] running install_lib
[4.135s] copying /home/nvidia/master_ws/build/xbox/build/lib/xbox/xbox.py -> /home/nvidia/master_ws/install/xbox/lib/python3.8/site-packages/xbox
[4.138s] byte-compiling /home/nvidia/master_ws/install/xbox/lib/python3.8/site-packages/xbox/xbox.py to xbox.cpython-38.pyc
[4.151s] running install_data
[4.152s] running install_egg_info
[4.156s] removing '/home/nvidia/master_ws/install/xbox/lib/python3.8/site-packages/xbox-0.0.0-py3.8.egg-info' (and everything under it)
[4.157s] Copying ../../build/xbox/xbox.egg-info to /home/nvidia/master_ws/install/xbox/lib/python3.8/site-packages/xbox-0.0.0-py3.8.egg-info
[4.162s] running install_scripts
[4.230s] Installing xbox script to /home/nvidia/master_ws/install/xbox/lib/xbox
[4.233s] writing list of installed files to '/home/nvidia/master_ws/build/xbox/install.log'
[4.320s] Invoked command in '/home/nvidia/master_ws/src/xbox' returned '0': PYTHONPATH=/home/nvidia/master_ws/build/xbox/prefix_override:/home/nvidia/master_ws/install/xbox/lib/python3.8/site-packages:${PYTHONPATH} /usr/bin/python3 -W ignore:setup.py install is deprecated setup.py egg_info --egg-base ../../build/xbox build --build-base /home/nvidia/master_ws/build/xbox/build install --record /home/nvidia/master_ws/build/xbox/install.log --install-scripts $base/lib/xbox --single-version-externally-managed install_data
