[0.212s] Invoking command in '/home/nvidia/master_ws/build/velodyne_laserscan': CMAKE_PREFIX_PATH=${CMAKE_PREFIX_PATH}:/home/nvidia/master_ws/install/xbox:/home/nvidia/master_ws/install/lidar_control:/home/nvidia/master_ws/install/launch_car:/home/nvidia/master_ws/install/controller:/home/nvidia/master_ws/install/broadcaster:/home/nvidia/velodyne_drivers/install/broadcast_and_listener:/home/nvidia/velodyne_drivers/install/examples_tf2_py:/home/nvidia/velodyne_drivers/install/broadcaster:/home/nvidia/velodyne_drivers/install/test_converter:/home/nvidia/velodyne_drivers/install/py_launch_example:/home/nvidia/velodyne_drivers/install/example:/opt/ros/foxy /usr/bin/cmake /home/nvidia/master_ws/src/velodyne/velodyne_laserscan -DCMAKE_BUILD_TYPE=Release -DAMENT_CMAKE_SYMLINK_INSTALL=1 -DCMAKE_INSTALL_PREFIX=/home/nvidia/master_ws/install/velodyne_laserscan
[1.573s] -- Found ament_cmake_ros: 0.9.2 (/opt/ros/foxy/share/ament_cmake_ros/cmake)
[1.574s] -- Using PYTHON_EXECUTABLE: /usr/bin/python3
[1.575s] -- Override CMake install command with custom implementation using symlinks instead of copying resources
[1.582s] -- Found rclcpp: 2.4.3 (/opt/ros/foxy/share/rclcpp/cmake)
[1.696s] -- Using all available rosidl_typesupport_c: rosidl_typesupport_fastrtps_c;rosidl_typesupport_introspection_c
[1.711s] -- Found rosidl_adapter: 1.3.1 (/opt/ros/foxy/share/rosidl_adapter/cmake)
[2.282s] -- Using all available rosidl_typesupport_cpp: rosidl_typesupport_fastrtps_cpp;rosidl_typesupport_introspection_cpp
[2.475s] -- Found rmw_implementation_cmake: 1.0.4 (/opt/ros/foxy/share/rmw_implementation_cmake/cmake)
[2.487s] -- Using RMW implementation 'rmw_fastrtps_cpp' as default
[3.040s] -- Found rclcpp_components: 2.4.3 (/opt/ros/foxy/share/rclcpp_components/cmake)
[3.247s] -- Found sensor_msgs: 2.0.5 (/opt/ros/foxy/share/sensor_msgs/cmake)
[3.671s] -- Found ament_lint_auto: 0.9.8 (/opt/ros/foxy/share/ament_lint_auto/cmake)
[4.073s] -- Added test 'copyright' to check source files copyright and LICENSE
[4.083s] -- Added test 'cppcheck' to perform static code analysis on C / C++ code
[4.084s] -- Configured cppcheck include dirs: /home/nvidia/master_ws/src/velodyne/velodyne_laserscan/include
[4.084s] -- Configured cppcheck exclude dirs and/or files: 
[4.092s] -- Added test 'cpplint' to check C / C++ code against the Google style
[4.093s] -- Configured cpplint exclude dirs and/or files: 
[4.094s] -- Added test 'flake8' to check Python code syntax and style conventions
[4.098s] -- Added test 'lint_cmake' to check CMake code style
[4.100s] -- Added test 'pep257' to check Python code against some of the style conventions in PEP 257
[4.109s] -- Added test 'uncrustify' to check C / C++ code style
[4.109s] -- Configured uncrustify additional arguments: 
[4.111s] -- Added test 'xmllint' to check XML markup files
[4.132s] -- Configuring done
[4.205s] -- Generating done
[4.215s] -- Build files have been written to: /home/nvidia/master_ws/build/velodyne_laserscan
[4.256s] Invoked command in '/home/nvidia/master_ws/build/velodyne_laserscan' returned '0': CMAKE_PREFIX_PATH=${CMAKE_PREFIX_PATH}:/home/nvidia/master_ws/install/xbox:/home/nvidia/master_ws/install/lidar_control:/home/nvidia/master_ws/install/launch_car:/home/nvidia/master_ws/install/controller:/home/nvidia/master_ws/install/broadcaster:/home/nvidia/velodyne_drivers/install/broadcast_and_listener:/home/nvidia/velodyne_drivers/install/examples_tf2_py:/home/nvidia/velodyne_drivers/install/broadcaster:/home/nvidia/velodyne_drivers/install/test_converter:/home/nvidia/velodyne_drivers/install/py_launch_example:/home/nvidia/velodyne_drivers/install/example:/opt/ros/foxy /usr/bin/cmake /home/nvidia/master_ws/src/velodyne/velodyne_laserscan -DCMAKE_BUILD_TYPE=Release -DAMENT_CMAKE_SYMLINK_INSTALL=1 -DCMAKE_INSTALL_PREFIX=/home/nvidia/master_ws/install/velodyne_laserscan
[4.261s] Invoking command in '/home/nvidia/master_ws/build/velodyne_laserscan': CMAKE_PREFIX_PATH=${CMAKE_PREFIX_PATH}:/home/nvidia/master_ws/install/xbox:/home/nvidia/master_ws/install/lidar_control:/home/nvidia/master_ws/install/launch_car:/home/nvidia/master_ws/install/controller:/home/nvidia/master_ws/install/broadcaster:/home/nvidia/velodyne_drivers/install/broadcast_and_listener:/home/nvidia/velodyne_drivers/install/examples_tf2_py:/home/nvidia/velodyne_drivers/install/broadcaster:/home/nvidia/velodyne_drivers/install/test_converter:/home/nvidia/velodyne_drivers/install/py_launch_example:/home/nvidia/velodyne_drivers/install/example:/opt/ros/foxy /usr/bin/cmake --build /home/nvidia/master_ws/build/velodyne_laserscan -- -j4 -l4
[4.655s] [ 50%] Built target velodyne_laserscan
[4.841s] [100%] Built target velodyne_laserscan_node
[4.920s] Invoked command in '/home/nvidia/master_ws/build/velodyne_laserscan' returned '0': CMAKE_PREFIX_PATH=${CMAKE_PREFIX_PATH}:/home/nvidia/master_ws/install/xbox:/home/nvidia/master_ws/install/lidar_control:/home/nvidia/master_ws/install/launch_car:/home/nvidia/master_ws/install/controller:/home/nvidia/master_ws/install/broadcaster:/home/nvidia/velodyne_drivers/install/broadcast_and_listener:/home/nvidia/velodyne_drivers/install/examples_tf2_py:/home/nvidia/velodyne_drivers/install/broadcaster:/home/nvidia/velodyne_drivers/install/test_converter:/home/nvidia/velodyne_drivers/install/py_launch_example:/home/nvidia/velodyne_drivers/install/example:/opt/ros/foxy /usr/bin/cmake --build /home/nvidia/master_ws/build/velodyne_laserscan -- -j4 -l4
[5.254s] Invoking command in '/home/nvidia/master_ws/build/velodyne_laserscan': CMAKE_PREFIX_PATH=${CMAKE_PREFIX_PATH}:/home/nvidia/master_ws/install/xbox:/home/nvidia/master_ws/install/lidar_control:/home/nvidia/master_ws/install/launch_car:/home/nvidia/master_ws/install/controller:/home/nvidia/master_ws/install/broadcaster:/home/nvidia/velodyne_drivers/install/broadcast_and_listener:/home/nvidia/velodyne_drivers/install/examples_tf2_py:/home/nvidia/velodyne_drivers/install/broadcaster:/home/nvidia/velodyne_drivers/install/test_converter:/home/nvidia/velodyne_drivers/install/py_launch_example:/home/nvidia/velodyne_drivers/install/example:/opt/ros/foxy /usr/bin/cmake --install /home/nvidia/master_ws/build/velodyne_laserscan
[5.329s] -- Install configuration: "Release"
[5.332s] -- Execute custom install script
[5.336s] -- Up-to-date symlink: /home/nvidia/master_ws/install/velodyne_laserscan/lib/libvelodyne_laserscan.so
[5.340s] -- Up-to-date symlink: /home/nvidia/master_ws/install/velodyne_laserscan/lib/velodyne_laserscan/velodyne_laserscan_node
[5.344s] -- Up-to-date symlink: /home/nvidia/master_ws/install/velodyne_laserscan/include/velodyne_laserscan/velodyne_laserscan.hpp
[5.348s] -- Up-to-date symlink: /home/nvidia/master_ws/install/velodyne_laserscan/share/velodyne_laserscan/config/default-velodyne_laserscan_node-params.yaml
[5.350s] -- Up-to-date symlink: /home/nvidia/master_ws/install/velodyne_laserscan/share/velodyne_laserscan/launch/velodyne_laserscan_node-composed-launch.py
[5.352s] -- Up-to-date symlink: /home/nvidia/master_ws/install/velodyne_laserscan/share/velodyne_laserscan/launch/velodyne_laserscan_node-launch.py
[5.355s] -- Up-to-date symlink: /home/nvidia/master_ws/install/velodyne_laserscan/share/ament_index/resource_index/package_run_dependencies/velodyne_laserscan
[5.357s] -- Up-to-date symlink: /home/nvidia/master_ws/install/velodyne_laserscan/share/ament_index/resource_index/parent_prefix_path/velodyne_laserscan
[5.359s] -- Up-to-date symlink: /home/nvidia/master_ws/install/velodyne_laserscan/share/velodyne_laserscan/environment/ament_prefix_path.sh
[5.362s] -- Up-to-date symlink: /home/nvidia/master_ws/install/velodyne_laserscan/share/velodyne_laserscan/environment/ament_prefix_path.dsv
[5.365s] -- Up-to-date symlink: /home/nvidia/master_ws/install/velodyne_laserscan/share/velodyne_laserscan/environment/path.sh
[5.367s] -- Up-to-date symlink: /home/nvidia/master_ws/install/velodyne_laserscan/share/velodyne_laserscan/environment/path.dsv
[5.369s] -- Up-to-date symlink: /home/nvidia/master_ws/install/velodyne_laserscan/share/velodyne_laserscan/local_setup.bash
[5.371s] -- Up-to-date symlink: /home/nvidia/master_ws/install/velodyne_laserscan/share/velodyne_laserscan/local_setup.sh
[5.374s] -- Up-to-date symlink: /home/nvidia/master_ws/install/velodyne_laserscan/share/velodyne_laserscan/local_setup.zsh
[5.376s] -- Up-to-date symlink: /home/nvidia/master_ws/install/velodyne_laserscan/share/velodyne_laserscan/local_setup.dsv
[5.378s] -- Symlinking: /home/nvidia/master_ws/install/velodyne_laserscan/share/velodyne_laserscan/package.dsv
[5.440s] -- Up-to-date symlink: /home/nvidia/master_ws/install/velodyne_laserscan/share/ament_index/resource_index/packages/velodyne_laserscan
[5.442s] -- Up-to-date symlink: /home/nvidia/master_ws/install/velodyne_laserscan/share/ament_index/resource_index/rclcpp_components/velodyne_laserscan
[5.445s] -- Up-to-date symlink: /home/nvidia/master_ws/install/velodyne_laserscan/share/velodyne_laserscan/cmake/velodyne_laserscanConfig.cmake
[5.446s] -- Up-to-date symlink: /home/nvidia/master_ws/install/velodyne_laserscan/share/velodyne_laserscan/cmake/velodyne_laserscanConfig-version.cmake
[5.447s] -- Up-to-date symlink: /home/nvidia/master_ws/install/velodyne_laserscan/share/velodyne_laserscan/package.xml
[5.458s] Invoked command in '/home/nvidia/master_ws/build/velodyne_laserscan' returned '0': CMAKE_PREFIX_PATH=${CMAKE_PREFIX_PATH}:/home/nvidia/master_ws/install/xbox:/home/nvidia/master_ws/install/lidar_control:/home/nvidia/master_ws/install/launch_car:/home/nvidia/master_ws/install/controller:/home/nvidia/master_ws/install/broadcaster:/home/nvidia/velodyne_drivers/install/broadcast_and_listener:/home/nvidia/velodyne_drivers/install/examples_tf2_py:/home/nvidia/velodyne_drivers/install/broadcaster:/home/nvidia/velodyne_drivers/install/test_converter:/home/nvidia/velodyne_drivers/install/py_launch_example:/home/nvidia/velodyne_drivers/install/example:/opt/ros/foxy /usr/bin/cmake --install /home/nvidia/master_ws/build/velodyne_laserscan
