[5.082s] Invoking command in '/home/nvidia/master_ws/src/launch_ws/src/launch_car': PYTHONPATH=/home/nvidia/master_ws/build/launch_car/prefix_override:/home/nvidia/master_ws/install/launch_car/lib/python3.8/site-packages:${PYTHONPATH} /usr/bin/python3 -W ignore:setup.py install is deprecated setup.py egg_info --egg-base ../../../../build/launch_car build --build-base /home/nvidia/master_ws/build/launch_car/build install --record /home/nvidia/master_ws/build/launch_car/install.log --install-scripts $base/lib/launch_car --single-version-externally-managed install_data
[6.410s] running egg_info
[6.413s] writing ../../../../build/launch_car/launch_car.egg-info/PKG-INFO
[6.418s] writing dependency_links to ../../../../build/launch_car/launch_car.egg-info/dependency_links.txt
[6.418s] writing entry points to ../../../../build/launch_car/launch_car.egg-info/entry_points.txt
[6.419s] writing requirements to ../../../../build/launch_car/launch_car.egg-info/requires.txt
[6.420s] writing top-level names to ../../../../build/launch_car/launch_car.egg-info/top_level.txt
[6.745s] reading manifest file '../../../../build/launch_car/launch_car.egg-info/SOURCES.txt'
[6.751s] writing manifest file '../../../../build/launch_car/launch_car.egg-info/SOURCES.txt'
[6.752s] running build
[6.754s] running build_py
[6.759s] running install
[6.763s] running install_lib
[6.777s] running install_data
[6.779s] copying launch/all_launch.py -> /home/nvidia/master_ws/install/launch_car/share/launch_car/launch
[6.781s] running install_egg_info
[6.789s] removing '/home/nvidia/master_ws/install/launch_car/lib/python3.8/site-packages/launch_car-0.0.0-py3.8.egg-info' (and everything under it)
[6.791s] Copying ../../../../build/launch_car/launch_car.egg-info to /home/nvidia/master_ws/install/launch_car/lib/python3.8/site-packages/launch_car-0.0.0-py3.8.egg-info
[6.798s] running install_scripts
[6.920s] writing list of installed files to '/home/nvidia/master_ws/build/launch_car/install.log'
[7.185s] Invoked command in '/home/nvidia/master_ws/src/launch_ws/src/launch_car' returned '0': PYTHONPATH=/home/nvidia/master_ws/build/launch_car/prefix_override:/home/nvidia/master_ws/install/launch_car/lib/python3.8/site-packages:${PYTHONPATH} /usr/bin/python3 -W ignore:setup.py install is deprecated setup.py egg_info --egg-base ../../../../build/launch_car build --build-base /home/nvidia/master_ws/build/launch_car/build install --record /home/nvidia/master_ws/build/launch_car/install.log --install-scripts $base/lib/launch_car --single-version-externally-managed install_data
