[4.745s] Invoking command in '/home/nvidia/master_ws/src/launch_ws/src/launch_car': PYTHONPATH=/home/nvidia/master_ws/build/launch_car/prefix_override:/home/nvidia/master_ws/install/launch_car/lib/python3.8/site-packages:${PYTHONPATH} /usr/bin/python3 -W ignore:setup.py install is deprecated setup.py egg_info --egg-base ../../../../build/launch_car build --build-base /home/nvidia/master_ws/build/launch_car/build install --record /home/nvidia/master_ws/build/launch_car/install.log --install-scripts $base/lib/launch_car --single-version-externally-managed install_data
[5.908s] running egg_info
[5.910s] writing ../../../../build/launch_car/launch_car.egg-info/PKG-INFO
[5.911s] writing dependency_links to ../../../../build/launch_car/launch_car.egg-info/dependency_links.txt
[5.912s] writing entry points to ../../../../build/launch_car/launch_car.egg-info/entry_points.txt
[5.913s] writing requirements to ../../../../build/launch_car/launch_car.egg-info/requires.txt
[5.913s] writing top-level names to ../../../../build/launch_car/launch_car.egg-info/top_level.txt
[6.079s] reading manifest file '../../../../build/launch_car/launch_car.egg-info/SOURCES.txt'
[6.084s] writing manifest file '../../../../build/launch_car/launch_car.egg-info/SOURCES.txt'
[6.085s] running build
[6.085s] running build_py
[6.090s] running install
[6.095s] running install_lib
[6.104s] running install_data
[6.104s] copying launch/all_launch.py -> /home/nvidia/master_ws/install/launch_car/share/launch_car/launch
[6.105s] copying launch/control_launch.py -> /home/nvidia/master_ws/install/launch_car/share/launch_car/launch
[6.106s] running install_egg_info
[6.114s] removing '/home/nvidia/master_ws/install/launch_car/lib/python3.8/site-packages/launch_car-0.0.0-py3.8.egg-info' (and everything under it)
[6.117s] Copying ../../../../build/launch_car/launch_car.egg-info to /home/nvidia/master_ws/install/launch_car/lib/python3.8/site-packages/launch_car-0.0.0-py3.8.egg-info
[6.128s] running install_scripts
[6.266s] writing list of installed files to '/home/nvidia/master_ws/build/launch_car/install.log'
[6.465s] Invoked command in '/home/nvidia/master_ws/src/launch_ws/src/launch_car' returned '0': PYTHONPATH=/home/nvidia/master_ws/build/launch_car/prefix_override:/home/nvidia/master_ws/install/launch_car/lib/python3.8/site-packages:${PYTHONPATH} /usr/bin/python3 -W ignore:setup.py install is deprecated setup.py egg_info --egg-base ../../../../build/launch_car build --build-base /home/nvidia/master_ws/build/launch_car/build install --record /home/nvidia/master_ws/build/launch_car/install.log --install-scripts $base/lib/launch_car --single-version-externally-managed install_data
