[5.104s] Invoking command in '/home/nvidia/master_ws/src/controller': PYTHONPATH=/home/nvidia/master_ws/build/controller/prefix_override:/home/nvidia/master_ws/install/controller/lib/python3.8/site-packages:${PYTHONPATH} /usr/bin/python3 -W ignore:setup.py install is deprecated setup.py egg_info --egg-base ../../build/controller build --build-base /home/nvidia/master_ws/build/controller/build install --record /home/nvidia/master_ws/build/controller/install.log --install-scripts $base/lib/controller --single-version-externally-managed install_data
[6.377s] running egg_info
[6.379s] writing ../../build/controller/controller.egg-info/PKG-INFO
[6.388s] writing dependency_links to ../../build/controller/controller.egg-info/dependency_links.txt
[6.390s] writing entry points to ../../build/controller/controller.egg-info/entry_points.txt
[6.391s] writing requirements to ../../build/controller/controller.egg-info/requires.txt
[6.391s] writing top-level names to ../../build/controller/controller.egg-info/top_level.txt
[6.604s] reading manifest file '../../build/controller/controller.egg-info/SOURCES.txt'
[6.608s] writing manifest file '../../build/controller/controller.egg-info/SOURCES.txt'
[6.609s] running build
[6.609s] running build_py
[6.612s] running install
[6.617s] running install_lib
[6.625s] running install_data
[6.626s] running install_egg_info
[6.639s] removing '/home/nvidia/master_ws/install/controller/lib/python3.8/site-packages/controller-0.0.0-py3.8.egg-info' (and everything under it)
[6.642s] Copying ../../build/controller/controller.egg-info to /home/nvidia/master_ws/install/controller/lib/python3.8/site-packages/controller-0.0.0-py3.8.egg-info
[6.649s] running install_scripts
[6.732s] Installing controller script to /home/nvidia/master_ws/install/controller/lib/controller
[6.736s] writing list of installed files to '/home/nvidia/master_ws/build/controller/install.log'
[6.935s] Invoked command in '/home/nvidia/master_ws/src/controller' returned '0': PYTHONPATH=/home/nvidia/master_ws/build/controller/prefix_override:/home/nvidia/master_ws/install/controller/lib/python3.8/site-packages:${PYTHONPATH} /usr/bin/python3 -W ignore:setup.py install is deprecated setup.py egg_info --egg-base ../../build/controller build --build-base /home/nvidia/master_ws/build/controller/build install --record /home/nvidia/master_ws/build/controller/install.log --install-scripts $base/lib/controller --single-version-externally-managed install_data
