[4.416s] Invoking command in '/home/nvidia/master_ws/src/launch_ws/src/launch_car': PYTHONPATH=/home/nvidia/master_ws/build/launch_car/prefix_override:/home/nvidia/master_ws/install/launch_car/lib/python3.8/site-packages:${PYTHONPATH} /usr/bin/python3 -W ignore:setup.py install is deprecated setup.py egg_info --egg-base ../../../../build/launch_car build --build-base /home/nvidia/master_ws/build/launch_car/build install --record /home/nvidia/master_ws/build/launch_car/install.log --install-scripts $base/lib/launch_car --single-version-externally-managed install_data
[5.810s] running egg_info
[5.814s] writing ../../../../build/launch_car/launch_car.egg-info/PKG-INFO
[5.816s] writing dependency_links to ../../../../build/launch_car/launch_car.egg-info/dependency_links.txt
[5.817s] writing entry points to ../../../../build/launch_car/launch_car.egg-info/entry_points.txt
[5.818s] writing requirements to ../../../../build/launch_car/launch_car.egg-info/requires.txt
[5.819s] writing top-level names to ../../../../build/launch_car/launch_car.egg-info/top_level.txt
[6.011s] reading manifest file '../../../../build/launch_car/launch_car.egg-info/SOURCES.txt'
[6.017s] writing manifest file '../../../../build/launch_car/launch_car.egg-info/SOURCES.txt'
[6.017s] running build
[6.018s] running build_py
[6.018s] running install
[6.023s] running install_lib
[6.031s] running install_data
[6.032s] running install_egg_info
[6.040s] removing '/home/nvidia/master_ws/install/launch_car/lib/python3.8/site-packages/launch_car-0.0.0-py3.8.egg-info' (and everything under it)
[6.042s] Copying ../../../../build/launch_car/launch_car.egg-info to /home/nvidia/master_ws/install/launch_car/lib/python3.8/site-packages/launch_car-0.0.0-py3.8.egg-info
[6.049s] running install_scripts
[6.140s] writing list of installed files to '/home/nvidia/master_ws/build/launch_car/install.log'
[6.255s] Invoked command in '/home/nvidia/master_ws/src/launch_ws/src/launch_car' returned '0': PYTHONPATH=/home/nvidia/master_ws/build/launch_car/prefix_override:/home/nvidia/master_ws/install/launch_car/lib/python3.8/site-packages:${PYTHONPATH} /usr/bin/python3 -W ignore:setup.py install is deprecated setup.py egg_info --egg-base ../../../../build/launch_car build --build-base /home/nvidia/master_ws/build/launch_car/build install --record /home/nvidia/master_ws/build/launch_car/install.log --install-scripts $base/lib/launch_car --single-version-externally-managed install_data
