[0.083s] Invoking command in '/home/nvidia/master_ws/build/realsense_control': CMAKE_PREFIX_PATH=${CMAKE_PREFIX_PATH}:/home/nvidia/master_ws/install/xbox:/home/nvidia/master_ws/install/lidar_control:/home/nvidia/master_ws/install/launch_car:/home/nvidia/master_ws/install/broadcaster:/home/nvidia/install/xbox:/opt/ros/foxy /usr/bin/cmake --build /home/nvidia/master_ws/build/realsense_control -- -j6 -l6
[0.393s] [35m[1mScanning dependencies of target realsense_control[0m
[0.604s] [ 50%] [32mBuilding CXX object CMakeFiles/realsense_control.dir/src/realsense_control.cpp.o[0m
[22.491s] [100%] [32m[1mLinking CXX executable realsense_control[0m
[23.640s] [100%] Built target realsense_control
[23.708s] Invoked command in '/home/nvidia/master_ws/build/realsense_control' returned '0': CMAKE_PREFIX_PATH=${CMAKE_PREFIX_PATH}:/home/nvidia/master_ws/install/xbox:/home/nvidia/master_ws/install/lidar_control:/home/nvidia/master_ws/install/launch_car:/home/nvidia/master_ws/install/broadcaster:/home/nvidia/install/xbox:/opt/ros/foxy /usr/bin/cmake --build /home/nvidia/master_ws/build/realsense_control -- -j6 -l6
[23.943s] Invoking command in '/home/nvidia/master_ws/build/realsense_control': CMAKE_PREFIX_PATH=${CMAKE_PREFIX_PATH}:/home/nvidia/master_ws/install/xbox:/home/nvidia/master_ws/install/lidar_control:/home/nvidia/master_ws/install/launch_car:/home/nvidia/master_ws/install/broadcaster:/home/nvidia/install/xbox:/opt/ros/foxy /usr/bin/cmake --install /home/nvidia/master_ws/build/realsense_control
[24.009s] -- Install configuration: ""
[24.011s] -- Installing: /home/nvidia/master_ws/install/realsense_control/lib/realsense_control/realsense_control
[24.034s] -- Set runtime path of "/home/nvidia/master_ws/install/realsense_control/lib/realsense_control/realsense_control" to ""
[24.035s] -- Up-to-date: /home/nvidia/master_ws/install/realsense_control/share/ament_index/resource_index/package_run_dependencies/realsense_control
[24.036s] -- Up-to-date: /home/nvidia/master_ws/install/realsense_control/share/ament_index/resource_index/parent_prefix_path/realsense_control
[24.036s] -- Up-to-date: /home/nvidia/master_ws/install/realsense_control/share/realsense_control/environment/ament_prefix_path.sh
[24.037s] -- Up-to-date: /home/nvidia/master_ws/install/realsense_control/share/realsense_control/environment/ament_prefix_path.dsv
[24.037s] -- Up-to-date: /home/nvidia/master_ws/install/realsense_control/share/realsense_control/environment/path.sh
[24.038s] -- Up-to-date: /home/nvidia/master_ws/install/realsense_control/share/realsense_control/environment/path.dsv
[24.038s] -- Up-to-date: /home/nvidia/master_ws/install/realsense_control/share/realsense_control/local_setup.bash
[24.039s] -- Up-to-date: /home/nvidia/master_ws/install/realsense_control/share/realsense_control/local_setup.sh
[24.040s] -- Up-to-date: /home/nvidia/master_ws/install/realsense_control/share/realsense_control/local_setup.zsh
[24.040s] -- Up-to-date: /home/nvidia/master_ws/install/realsense_control/share/realsense_control/local_setup.dsv
[24.041s] -- Installing: /home/nvidia/master_ws/install/realsense_control/share/realsense_control/package.dsv
[24.041s] -- Up-to-date: /home/nvidia/master_ws/install/realsense_control/share/ament_index/resource_index/packages/realsense_control
[24.042s] -- Up-to-date: /home/nvidia/master_ws/install/realsense_control/share/realsense_control/cmake/realsense_controlConfig.cmake
[24.042s] -- Up-to-date: /home/nvidia/master_ws/install/realsense_control/share/realsense_control/cmake/realsense_controlConfig-version.cmake
[24.043s] -- Up-to-date: /home/nvidia/master_ws/install/realsense_control/share/realsense_control/package.xml
[24.053s] Invoked command in '/home/nvidia/master_ws/build/realsense_control' returned '0': CMAKE_PREFIX_PATH=${CMAKE_PREFIX_PATH}:/home/nvidia/master_ws/install/xbox:/home/nvidia/master_ws/install/lidar_control:/home/nvidia/master_ws/install/launch_car:/home/nvidia/master_ws/install/broadcaster:/home/nvidia/install/xbox:/opt/ros/foxy /usr/bin/cmake --install /home/nvidia/master_ws/build/realsense_control
