[5.077s] Invoking command in '/home/nvidia/master_ws/src/broadcaster': PYTHONPATH=/home/nvidia/master_ws/build/broadcaster/prefix_override:/home/nvidia/master_ws/install/broadcaster/lib/python3.8/site-packages:${PYTHONPATH} /usr/bin/python3 -W ignore:setup.py install is deprecated setup.py egg_info --egg-base ../../build/broadcaster build --build-base /home/nvidia/master_ws/build/broadcaster/build install --record /home/nvidia/master_ws/build/broadcaster/install.log --install-scripts $base/lib/broadcaster --single-version-externally-managed install_data
[6.863s] running egg_info
[6.867s] writing ../../build/broadcaster/broadcaster.egg-info/PKG-INFO
[6.869s] writing dependency_links to ../../build/broadcaster/broadcaster.egg-info/dependency_links.txt
[6.870s] writing entry points to ../../build/broadcaster/broadcaster.egg-info/entry_points.txt
[6.872s] writing requirements to ../../build/broadcaster/broadcaster.egg-info/requires.txt
[6.873s] writing top-level names to ../../build/broadcaster/broadcaster.egg-info/top_level.txt
[7.156s] reading manifest file '../../build/broadcaster/broadcaster.egg-info/SOURCES.txt'
[7.161s] writing manifest file '../../build/broadcaster/broadcaster.egg-info/SOURCES.txt'
[7.173s] running build
[7.175s] running build_py
[7.175s] running install
[7.181s] running install_lib
[7.186s] running install_data
[7.187s] running install_egg_info
[7.194s] removing '/home/nvidia/master_ws/install/broadcaster/lib/python3.8/site-packages/broadcaster-0.0.0-py3.8.egg-info' (and everything under it)
[7.203s] Copying ../../build/broadcaster/broadcaster.egg-info to /home/nvidia/master_ws/install/broadcaster/lib/python3.8/site-packages/broadcaster-0.0.0-py3.8.egg-info
[7.211s] running install_scripts
[7.344s] Installing lidar script to /home/nvidia/master_ws/install/broadcaster/lib/broadcaster
[7.357s] Installing realsense script to /home/nvidia/master_ws/install/broadcaster/lib/broadcaster
[7.359s] writing list of installed files to '/home/nvidia/master_ws/build/broadcaster/install.log'
[7.525s] Invoked command in '/home/nvidia/master_ws/src/broadcaster' returned '0': PYTHONPATH=/home/nvidia/master_ws/build/broadcaster/prefix_override:/home/nvidia/master_ws/install/broadcaster/lib/python3.8/site-packages:${PYTHONPATH} /usr/bin/python3 -W ignore:setup.py install is deprecated setup.py egg_info --egg-base ../../build/broadcaster build --build-base /home/nvidia/master_ws/build/broadcaster/build install --record /home/nvidia/master_ws/build/broadcaster/install.log --install-scripts $base/lib/broadcaster --single-version-externally-managed install_data
