[0.139s] Invoking command in '/home/nvidia/master_ws/build/realsense_control': CMAKE_PREFIX_PATH=${CMAKE_PREFIX_PATH}:/home/nvidia/master_ws/install/xbox:/home/nvidia/master_ws/install/lidar_control:/home/nvidia/master_ws/install/launch_car:/home/nvidia/master_ws/install/broadcaster:/home/nvidia/install/xbox:/opt/ros/foxy /usr/bin/cmake /home/nvidia/master_ws/src/realsense_control -DCMAKE_INSTALL_PREFIX=/home/nvidia/master_ws/install/realsense_control
[3.938s] -- The C compiler identification is GNU 9.4.0
[3.939s] -- The CXX compiler identification is GNU 9.4.0
[3.939s] -- Check for working C compiler: /usr/bin/cc
[3.939s] -- Check for working C compiler: /usr/bin/cc -- works
[3.940s] -- Detecting C compiler ABI info
[3.941s] -- Detecting C compiler ABI info - done
[3.941s] -- Detecting C compile features
[3.942s] -- Detecting C compile features - done
[3.942s] -- Check for working CXX compiler: /usr/bin/c++
[3.943s] -- Check for working CXX compiler: /usr/bin/c++ -- works
[3.943s] -- Detecting CXX compiler ABI info
[4.384s] -- Detecting CXX compiler ABI info - done
[4.521s] -- Detecting CXX compile features
[4.524s] -- Detecting CXX compile features - done
[4.541s] -- Found ament_cmake: 0.9.12 (/opt/ros/foxy/share/ament_cmake/cmake)
[4.749s] -- Found PythonInterp: /usr/bin/python3 (found suitable version "3.8.10", minimum required is "3") 
[4.749s] -- Using PYTHON_EXECUTABLE: /usr/bin/python3
[6.733s] -- Found rclcpp: 2.4.3 (/opt/ros/foxy/share/rclcpp/cmake)
[7.388s] -- Using all available rosidl_typesupport_c: rosidl_typesupport_fastrtps_c;rosidl_typesupport_introspection_c
[7.471s] -- Found rosidl_adapter: 1.3.1 (/opt/ros/foxy/share/rosidl_adapter/cmake)
[8.729s] -- Found OpenSSL: /usr/lib/aarch64-linux-gnu/libcrypto.so (found version "1.1.1f")  
[9.029s] -- Found FastRTPS: /opt/ros/foxy/include  
[9.875s] -- Using all available rosidl_typesupport_cpp: rosidl_typesupport_fastrtps_cpp;rosidl_typesupport_introspection_cpp
[10.837s] -- Found rmw_implementation_cmake: 1.0.4 (/opt/ros/foxy/share/rmw_implementation_cmake/cmake)
[10.867s] -- Using RMW implementation 'rmw_fastrtps_cpp' as default
[10.877s] -- Looking for pthread.h
[12.194s] -- Looking for pthread.h - found
[12.195s] -- Performing Test CMAKE_HAVE_LIBC_PTHREAD
[13.249s] -- Performing Test CMAKE_HAVE_LIBC_PTHREAD - Failed
[13.251s] -- Looking for pthread_create in pthreads
[14.268s] -- Looking for pthread_create in pthreads - not found
[14.269s] -- Looking for pthread_create in pthread
[15.508s] -- Looking for pthread_create in pthread - found
[15.516s] -- Found Threads: TRUE  
[17.435s] -- Found sensor_msgs: 2.0.5 (/opt/ros/foxy/share/sensor_msgs/cmake)
[18.722s] -- Found ament_lint_auto: 0.9.8 (/opt/ros/foxy/share/ament_lint_auto/cmake)
[19.355s] -- Added test 'copyright' to check source files copyright and LICENSE
[19.385s] -- Added test 'cppcheck' to perform static code analysis on C / C++ code
[19.385s] -- Configured cppcheck include dirs: 
[19.386s] -- Configured cppcheck exclude dirs and/or files: 
[19.406s] -- Added test 'cpplint' to check C / C++ code against the Google style
[19.407s] -- Configured cpplint exclude dirs and/or files: 
[19.411s] -- Added test 'lint_cmake' to check CMake code style
[19.431s] -- Added test 'uncrustify' to check C / C++ code style
[19.432s] -- Configured uncrustify additional arguments: 
[19.446s] -- Added test 'xmllint' to check XML markup files
[19.487s] -- Configuring done
[19.551s] -- Generating done
[19.566s] -- Build files have been written to: /home/nvidia/master_ws/build/realsense_control
[19.624s] Invoked command in '/home/nvidia/master_ws/build/realsense_control' returned '0': CMAKE_PREFIX_PATH=${CMAKE_PREFIX_PATH}:/home/nvidia/master_ws/install/xbox:/home/nvidia/master_ws/install/lidar_control:/home/nvidia/master_ws/install/launch_car:/home/nvidia/master_ws/install/broadcaster:/home/nvidia/install/xbox:/opt/ros/foxy /usr/bin/cmake /home/nvidia/master_ws/src/realsense_control -DCMAKE_INSTALL_PREFIX=/home/nvidia/master_ws/install/realsense_control
[19.641s] Invoking command in '/home/nvidia/master_ws/build/realsense_control': CMAKE_PREFIX_PATH=${CMAKE_PREFIX_PATH}:/home/nvidia/master_ws/install/xbox:/home/nvidia/master_ws/install/lidar_control:/home/nvidia/master_ws/install/launch_car:/home/nvidia/master_ws/install/broadcaster:/home/nvidia/install/xbox:/opt/ros/foxy /usr/bin/cmake --build /home/nvidia/master_ws/build/realsense_control -- -j6 -l6
[20.450s] [35m[1mScanning dependencies of target realsense_control[0m
[20.637s] [ 50%] [32mBuilding CXX object CMakeFiles/realsense_control.dir/src/realsense_control.cpp.o[0m
[57.956s] [100%] [32m[1mLinking CXX executable realsense_control[0m
[60.626s] [100%] Built target realsense_control
[60.914s] Invoked command in '/home/nvidia/master_ws/build/realsense_control' returned '0': CMAKE_PREFIX_PATH=${CMAKE_PREFIX_PATH}:/home/nvidia/master_ws/install/xbox:/home/nvidia/master_ws/install/lidar_control:/home/nvidia/master_ws/install/launch_car:/home/nvidia/master_ws/install/broadcaster:/home/nvidia/install/xbox:/opt/ros/foxy /usr/bin/cmake --build /home/nvidia/master_ws/build/realsense_control -- -j6 -l6
[61.215s] Invoking command in '/home/nvidia/master_ws/build/realsense_control': CMAKE_PREFIX_PATH=${CMAKE_PREFIX_PATH}:/home/nvidia/master_ws/install/xbox:/home/nvidia/master_ws/install/lidar_control:/home/nvidia/master_ws/install/launch_car:/home/nvidia/master_ws/install/broadcaster:/home/nvidia/install/xbox:/opt/ros/foxy /usr/bin/cmake --install /home/nvidia/master_ws/build/realsense_control
[61.310s] -- Install configuration: ""
[61.314s] -- Installing: /home/nvidia/master_ws/install/realsense_control/lib/realsense_control/realsense_control
[61.345s] -- Set runtime path of "/home/nvidia/master_ws/install/realsense_control/lib/realsense_control/realsense_control" to ""
[61.349s] -- Installing: /home/nvidia/master_ws/install/realsense_control/share/ament_index/resource_index/package_run_dependencies/realsense_control
[61.352s] -- Installing: /home/nvidia/master_ws/install/realsense_control/share/ament_index/resource_index/parent_prefix_path/realsense_control
[61.356s] -- Installing: /home/nvidia/master_ws/install/realsense_control/share/realsense_control/environment/ament_prefix_path.sh
[61.359s] -- Installing: /home/nvidia/master_ws/install/realsense_control/share/realsense_control/environment/ament_prefix_path.dsv
[61.362s] -- Installing: /home/nvidia/master_ws/install/realsense_control/share/realsense_control/environment/path.sh
[61.364s] -- Installing: /home/nvidia/master_ws/install/realsense_control/share/realsense_control/environment/path.dsv
[61.368s] -- Installing: /home/nvidia/master_ws/install/realsense_control/share/realsense_control/local_setup.bash
[61.371s] -- Installing: /home/nvidia/master_ws/install/realsense_control/share/realsense_control/local_setup.sh
[61.373s] -- Installing: /home/nvidia/master_ws/install/realsense_control/share/realsense_control/local_setup.zsh
[61.376s] -- Installing: /home/nvidia/master_ws/install/realsense_control/share/realsense_control/local_setup.dsv
[61.379s] -- Installing: /home/nvidia/master_ws/install/realsense_control/share/realsense_control/package.dsv
[61.383s] -- Installing: /home/nvidia/master_ws/install/realsense_control/share/ament_index/resource_index/packages/realsense_control
[61.386s] -- Installing: /home/nvidia/master_ws/install/realsense_control/share/realsense_control/cmake/realsense_controlConfig.cmake
[61.388s] -- Installing: /home/nvidia/master_ws/install/realsense_control/share/realsense_control/cmake/realsense_controlConfig-version.cmake
[61.391s] -- Installing: /home/nvidia/master_ws/install/realsense_control/share/realsense_control/package.xml
[61.410s] Invoked command in '/home/nvidia/master_ws/build/realsense_control' returned '0': CMAKE_PREFIX_PATH=${CMAKE_PREFIX_PATH}:/home/nvidia/master_ws/install/xbox:/home/nvidia/master_ws/install/lidar_control:/home/nvidia/master_ws/install/launch_car:/home/nvidia/master_ws/install/broadcaster:/home/nvidia/install/xbox:/opt/ros/foxy /usr/bin/cmake --install /home/nvidia/master_ws/build/realsense_control
