[0.106s] Invoking command in '/home/nvidia/master_ws/build/velodyne': CMAKE_PREFIX_PATH=/home/nvidia/master_ws/install/velodyne_pointcloud:/home/nvidia/master_ws/install/velodyne_driver:/home/nvidia/master_ws/install/velodyne_msgs:/home/nvidia/master_ws/install/velodyne_laserscan:/home/nvidia/master_ws/install/velodyne:/home/nvidia/master_ws/install/realsense_control:/home/nvidia/master_ws/install/listener:/home/nvidia/master_ws/install/xbox:/home/nvidia/master_ws/install/lidar_control:/home/nvidia/master_ws/install/launch_car:/home/nvidia/master_ws/install/broadcaster:/opt/ros/foxy LD_LIBRARY_PATH=/home/nvidia/master_ws/install/velodyne_pointcloud/lib:/home/nvidia/master_ws/install/velodyne_driver/lib:/home/nvidia/master_ws/install/velodyne_msgs/lib:/home/nvidia/master_ws/install/velodyne_laserscan/lib:/opt/ros/foxy/opt/yaml_cpp_vendor/lib:/opt/ros/foxy/opt/rviz_ogre_vendor/lib:/opt/ros/foxy/lib/aarch64-linux-gnu:/opt/ros/foxy/lib:/usr/local/cuda-11.4/lib64 PYTHONPATH=/home/nvidia/master_ws/install/velodyne_msgs/lib/python3.8/site-packages:/home/nvidia/master_ws/install/xbox/lib/python3.8/site-packages:/home/nvidia/master_ws/install/lidar_control/lib/python3.8/site-packages:/home/nvidia/master_ws/install/launch_car/lib/python3.8/site-packages:/home/nvidia/master_ws/install/broadcaster/lib/python3.8/site-packages:/opt/ros/foxy/lib/python3.8/site-packages /usr/bin/cmake /home/nvidia/master_ws/src/velodyne/velodyne -DCMAKE_INSTALL_PREFIX=/home/nvidia/master_ws/install/velodyne
[0.469s] -- The C compiler identification is GNU 9.4.0
[0.807s] -- The CXX compiler identification is GNU 9.4.0
[0.837s] -- Check for working C compiler: /usr/bin/cc
[1.263s] -- Check for working C compiler: /usr/bin/cc -- works
[1.267s] -- Detecting C compiler ABI info
[1.703s] -- Detecting C compiler ABI info - done
[1.763s] -- Detecting C compile features
[1.764s] -- Detecting C compile features - done
[1.778s] -- Check for working CXX compiler: /usr/bin/c++
[2.244s] -- Check for working CXX compiler: /usr/bin/c++ -- works
[2.249s] -- Detecting CXX compiler ABI info
[2.723s] -- Detecting CXX compiler ABI info - done
[2.786s] -- Detecting CXX compile features
[2.789s] -- Detecting CXX compile features - done
[2.809s] -- Found ament_cmake: 0.9.12 (/opt/ros/foxy/share/ament_cmake/cmake)
[2.978s] -- Found PythonInterp: /usr/bin/python3 (found suitable version "3.8.10", minimum required is "3") 
[2.978s] -- Using PYTHON_EXECUTABLE: /usr/bin/python3
[4.511s] -- Configuring done
[4.523s] -- Generating done
[4.528s] -- Build files have been written to: /home/nvidia/master_ws/build/velodyne
[4.548s] Invoked command in '/home/nvidia/master_ws/build/velodyne' returned '0': CMAKE_PREFIX_PATH=/home/nvidia/master_ws/install/velodyne_pointcloud:/home/nvidia/master_ws/install/velodyne_driver:/home/nvidia/master_ws/install/velodyne_msgs:/home/nvidia/master_ws/install/velodyne_laserscan:/home/nvidia/master_ws/install/velodyne:/home/nvidia/master_ws/install/realsense_control:/home/nvidia/master_ws/install/listener:/home/nvidia/master_ws/install/xbox:/home/nvidia/master_ws/install/lidar_control:/home/nvidia/master_ws/install/launch_car:/home/nvidia/master_ws/install/broadcaster:/opt/ros/foxy LD_LIBRARY_PATH=/home/nvidia/master_ws/install/velodyne_pointcloud/lib:/home/nvidia/master_ws/install/velodyne_driver/lib:/home/nvidia/master_ws/install/velodyne_msgs/lib:/home/nvidia/master_ws/install/velodyne_laserscan/lib:/opt/ros/foxy/opt/yaml_cpp_vendor/lib:/opt/ros/foxy/opt/rviz_ogre_vendor/lib:/opt/ros/foxy/lib/aarch64-linux-gnu:/opt/ros/foxy/lib:/usr/local/cuda-11.4/lib64 PYTHONPATH=/home/nvidia/master_ws/install/velodyne_msgs/lib/python3.8/site-packages:/home/nvidia/master_ws/install/xbox/lib/python3.8/site-packages:/home/nvidia/master_ws/install/lidar_control/lib/python3.8/site-packages:/home/nvidia/master_ws/install/launch_car/lib/python3.8/site-packages:/home/nvidia/master_ws/install/broadcaster/lib/python3.8/site-packages:/opt/ros/foxy/lib/python3.8/site-packages /usr/bin/cmake /home/nvidia/master_ws/src/velodyne/velodyne -DCMAKE_INSTALL_PREFIX=/home/nvidia/master_ws/install/velodyne
[4.563s] Invoking command in '/home/nvidia/master_ws/build/velodyne': CMAKE_PREFIX_PATH=/home/nvidia/master_ws/install/velodyne_pointcloud:/home/nvidia/master_ws/install/velodyne_driver:/home/nvidia/master_ws/install/velodyne_msgs:/home/nvidia/master_ws/install/velodyne_laserscan:/home/nvidia/master_ws/install/velodyne:/home/nvidia/master_ws/install/realsense_control:/home/nvidia/master_ws/install/listener:/home/nvidia/master_ws/install/xbox:/home/nvidia/master_ws/install/lidar_control:/home/nvidia/master_ws/install/launch_car:/home/nvidia/master_ws/install/broadcaster:/opt/ros/foxy LD_LIBRARY_PATH=/home/nvidia/master_ws/install/velodyne_pointcloud/lib:/home/nvidia/master_ws/install/velodyne_driver/lib:/home/nvidia/master_ws/install/velodyne_msgs/lib:/home/nvidia/master_ws/install/velodyne_laserscan/lib:/opt/ros/foxy/opt/yaml_cpp_vendor/lib:/opt/ros/foxy/opt/rviz_ogre_vendor/lib:/opt/ros/foxy/lib/aarch64-linux-gnu:/opt/ros/foxy/lib:/usr/local/cuda-11.4/lib64 PYTHONPATH=/home/nvidia/master_ws/install/velodyne_msgs/lib/python3.8/site-packages:/home/nvidia/master_ws/install/xbox/lib/python3.8/site-packages:/home/nvidia/master_ws/install/lidar_control/lib/python3.8/site-packages:/home/nvidia/master_ws/install/launch_car/lib/python3.8/site-packages:/home/nvidia/master_ws/install/broadcaster/lib/python3.8/site-packages:/opt/ros/foxy/lib/python3.8/site-packages /usr/bin/cmake --build /home/nvidia/master_ws/build/velodyne -- -j6 -l6
[4.796s] Invoked command in '/home/nvidia/master_ws/build/velodyne' returned '0': CMAKE_PREFIX_PATH=/home/nvidia/master_ws/install/velodyne_pointcloud:/home/nvidia/master_ws/install/velodyne_driver:/home/nvidia/master_ws/install/velodyne_msgs:/home/nvidia/master_ws/install/velodyne_laserscan:/home/nvidia/master_ws/install/velodyne:/home/nvidia/master_ws/install/realsense_control:/home/nvidia/master_ws/install/listener:/home/nvidia/master_ws/install/xbox:/home/nvidia/master_ws/install/lidar_control:/home/nvidia/master_ws/install/launch_car:/home/nvidia/master_ws/install/broadcaster:/opt/ros/foxy LD_LIBRARY_PATH=/home/nvidia/master_ws/install/velodyne_pointcloud/lib:/home/nvidia/master_ws/install/velodyne_driver/lib:/home/nvidia/master_ws/install/velodyne_msgs/lib:/home/nvidia/master_ws/install/velodyne_laserscan/lib:/opt/ros/foxy/opt/yaml_cpp_vendor/lib:/opt/ros/foxy/opt/rviz_ogre_vendor/lib:/opt/ros/foxy/lib/aarch64-linux-gnu:/opt/ros/foxy/lib:/usr/local/cuda-11.4/lib64 PYTHONPATH=/home/nvidia/master_ws/install/velodyne_msgs/lib/python3.8/site-packages:/home/nvidia/master_ws/install/xbox/lib/python3.8/site-packages:/home/nvidia/master_ws/install/lidar_control/lib/python3.8/site-packages:/home/nvidia/master_ws/install/launch_car/lib/python3.8/site-packages:/home/nvidia/master_ws/install/broadcaster/lib/python3.8/site-packages:/opt/ros/foxy/lib/python3.8/site-packages /usr/bin/cmake --build /home/nvidia/master_ws/build/velodyne -- -j6 -l6
[4.955s] Invoking command in '/home/nvidia/master_ws/build/velodyne': CMAKE_PREFIX_PATH=/home/nvidia/master_ws/install/velodyne_pointcloud:/home/nvidia/master_ws/install/velodyne_driver:/home/nvidia/master_ws/install/velodyne_msgs:/home/nvidia/master_ws/install/velodyne_laserscan:/home/nvidia/master_ws/install/velodyne:/home/nvidia/master_ws/install/realsense_control:/home/nvidia/master_ws/install/listener:/home/nvidia/master_ws/install/xbox:/home/nvidia/master_ws/install/lidar_control:/home/nvidia/master_ws/install/launch_car:/home/nvidia/master_ws/install/broadcaster:/opt/ros/foxy LD_LIBRARY_PATH=/home/nvidia/master_ws/install/velodyne_pointcloud/lib:/home/nvidia/master_ws/install/velodyne_driver/lib:/home/nvidia/master_ws/install/velodyne_msgs/lib:/home/nvidia/master_ws/install/velodyne_laserscan/lib:/opt/ros/foxy/opt/yaml_cpp_vendor/lib:/opt/ros/foxy/opt/rviz_ogre_vendor/lib:/opt/ros/foxy/lib/aarch64-linux-gnu:/opt/ros/foxy/lib:/usr/local/cuda-11.4/lib64 PYTHONPATH=/home/nvidia/master_ws/install/velodyne_msgs/lib/python3.8/site-packages:/home/nvidia/master_ws/install/xbox/lib/python3.8/site-packages:/home/nvidia/master_ws/install/lidar_control/lib/python3.8/site-packages:/home/nvidia/master_ws/install/launch_car/lib/python3.8/site-packages:/home/nvidia/master_ws/install/broadcaster/lib/python3.8/site-packages:/opt/ros/foxy/lib/python3.8/site-packages /usr/bin/cmake --install /home/nvidia/master_ws/build/velodyne
[5.009s] -- Install configuration: ""
[5.010s] -- Installing: /home/nvidia/master_ws/install/velodyne/share/velodyne/launch
[5.011s] -- Installing: /home/nvidia/master_ws/install/velodyne/share/velodyne/launch/velodyne-all-nodes-VLP16-composed-launch.py
[5.011s] -- Installing: /home/nvidia/master_ws/install/velodyne/share/velodyne/launch/velodyne-all-nodes-VLS128-composed-launch.py
[5.012s] -- Installing: /home/nvidia/master_ws/install/velodyne/share/velodyne/launch/velodyne-all-nodes-VLP32C-launch.py
[5.013s] -- Installing: /home/nvidia/master_ws/install/velodyne/share/velodyne/launch/velodyne-all-nodes-VLS128-launch.py
[5.014s] -- Installing: /home/nvidia/master_ws/install/velodyne/share/velodyne/launch/velodyne-all-nodes-VLP32C-composed-launch.py
[5.014s] -- Installing: /home/nvidia/master_ws/install/velodyne/share/velodyne/launch/velodyne-all-nodes-VLP16-launch.py
[5.016s] -- Installing: /home/nvidia/master_ws/install/velodyne/share/ament_index/resource_index/package_run_dependencies/velodyne
[5.018s] -- Installing: /home/nvidia/master_ws/install/velodyne/share/ament_index/resource_index/parent_prefix_path/velodyne
[5.019s] -- Installing: /home/nvidia/master_ws/install/velodyne/share/velodyne/environment/ament_prefix_path.sh
[5.020s] -- Installing: /home/nvidia/master_ws/install/velodyne/share/velodyne/environment/ament_prefix_path.dsv
[5.021s] -- Installing: /home/nvidia/master_ws/install/velodyne/share/velodyne/environment/path.sh
[5.022s] -- Installing: /home/nvidia/master_ws/install/velodyne/share/velodyne/environment/path.dsv
[5.023s] -- Installing: /home/nvidia/master_ws/install/velodyne/share/velodyne/local_setup.bash
[5.025s] -- Installing: /home/nvidia/master_ws/install/velodyne/share/velodyne/local_setup.sh
[5.025s] -- Installing: /home/nvidia/master_ws/install/velodyne/share/velodyne/local_setup.zsh
[5.026s] -- Installing: /home/nvidia/master_ws/install/velodyne/share/velodyne/local_setup.dsv
[5.027s] -- Installing: /home/nvidia/master_ws/install/velodyne/share/velodyne/package.dsv
[5.029s] -- Installing: /home/nvidia/master_ws/install/velodyne/share/ament_index/resource_index/packages/velodyne
[5.030s] -- Installing: /home/nvidia/master_ws/install/velodyne/share/velodyne/cmake/velodyneConfig.cmake
[5.031s] -- Installing: /home/nvidia/master_ws/install/velodyne/share/velodyne/cmake/velodyneConfig-version.cmake
[5.032s] -- Installing: /home/nvidia/master_ws/install/velodyne/share/velodyne/package.xml
[5.047s] Invoked command in '/home/nvidia/master_ws/build/velodyne' returned '0': CMAKE_PREFIX_PATH=/home/nvidia/master_ws/install/velodyne_pointcloud:/home/nvidia/master_ws/install/velodyne_driver:/home/nvidia/master_ws/install/velodyne_msgs:/home/nvidia/master_ws/install/velodyne_laserscan:/home/nvidia/master_ws/install/velodyne:/home/nvidia/master_ws/install/realsense_control:/home/nvidia/master_ws/install/listener:/home/nvidia/master_ws/install/xbox:/home/nvidia/master_ws/install/lidar_control:/home/nvidia/master_ws/install/launch_car:/home/nvidia/master_ws/install/broadcaster:/opt/ros/foxy LD_LIBRARY_PATH=/home/nvidia/master_ws/install/velodyne_pointcloud/lib:/home/nvidia/master_ws/install/velodyne_driver/lib:/home/nvidia/master_ws/install/velodyne_msgs/lib:/home/nvidia/master_ws/install/velodyne_laserscan/lib:/opt/ros/foxy/opt/yaml_cpp_vendor/lib:/opt/ros/foxy/opt/rviz_ogre_vendor/lib:/opt/ros/foxy/lib/aarch64-linux-gnu:/opt/ros/foxy/lib:/usr/local/cuda-11.4/lib64 PYTHONPATH=/home/nvidia/master_ws/install/velodyne_msgs/lib/python3.8/site-packages:/home/nvidia/master_ws/install/xbox/lib/python3.8/site-packages:/home/nvidia/master_ws/install/lidar_control/lib/python3.8/site-packages:/home/nvidia/master_ws/install/launch_car/lib/python3.8/site-packages:/home/nvidia/master_ws/install/broadcaster/lib/python3.8/site-packages:/opt/ros/foxy/lib/python3.8/site-packages /usr/bin/cmake --install /home/nvidia/master_ws/build/velodyne
