[3.471s] Invoking command in '/home/nvidia/master_ws/src/xbox': PYTHONPATH=/home/nvidia/master_ws/build/xbox/prefix_override:/home/nvidia/master_ws/install/xbox/lib/python3.8/site-packages:${PYTHONPATH} /usr/bin/python3 -W ignore:setup.py install is deprecated setup.py egg_info --egg-base ../../build/xbox build --build-base /home/nvidia/master_ws/build/xbox/build install --record /home/nvidia/master_ws/build/xbox/install.log --install-scripts $base/lib/xbox --single-version-externally-managed install_data
[4.489s] running egg_info
[4.491s] writing ../../build/xbox/xbox.egg-info/PKG-INFO
[4.492s] writing dependency_links to ../../build/xbox/xbox.egg-info/dependency_links.txt
[4.493s] writing entry points to ../../build/xbox/xbox.egg-info/entry_points.txt
[4.493s] writing requirements to ../../build/xbox/xbox.egg-info/requires.txt
[4.494s] writing top-level names to ../../build/xbox/xbox.egg-info/top_level.txt
[4.622s] reading manifest file '../../build/xbox/xbox.egg-info/SOURCES.txt'
[4.625s] writing manifest file '../../build/xbox/xbox.egg-info/SOURCES.txt'
[4.625s] running build
[4.626s] running build_py
[4.626s] copying xbox/xbox.py -> /home/nvidia/master_ws/build/xbox/build/lib/xbox
[4.627s] running install
[4.631s] running install_lib
[4.635s] copying /home/nvidia/master_ws/build/xbox/build/lib/xbox/xbox.py -> /home/nvidia/master_ws/install/xbox/lib/python3.8/site-packages/xbox
[4.638s] byte-compiling /home/nvidia/master_ws/install/xbox/lib/python3.8/site-packages/xbox/xbox.py to xbox.cpython-38.pyc
[4.647s] running install_data
[4.647s] running install_egg_info
[4.653s] removing '/home/nvidia/master_ws/install/xbox/lib/python3.8/site-packages/xbox-0.0.0-py3.8.egg-info' (and everything under it)
[4.655s] Copying ../../build/xbox/xbox.egg-info to /home/nvidia/master_ws/install/xbox/lib/python3.8/site-packages/xbox-0.0.0-py3.8.egg-info
[4.659s] running install_scripts
[4.721s] Installing xbox script to /home/nvidia/master_ws/install/xbox/lib/xbox
[4.722s] writing list of installed files to '/home/nvidia/master_ws/build/xbox/install.log'
[4.806s] Invoked command in '/home/nvidia/master_ws/src/xbox' returned '0': PYTHONPATH=/home/nvidia/master_ws/build/xbox/prefix_override:/home/nvidia/master_ws/install/xbox/lib/python3.8/site-packages:${PYTHONPATH} /usr/bin/python3 -W ignore:setup.py install is deprecated setup.py egg_info --egg-base ../../build/xbox build --build-base /home/nvidia/master_ws/build/xbox/build install --record /home/nvidia/master_ws/build/xbox/install.log --install-scripts $base/lib/xbox --single-version-externally-managed install_data
