[0.206s] Invoking command in '/home/nvidia/master_ws/build/velodyne_msgs': CMAKE_PREFIX_PATH=${CMAKE_PREFIX_PATH}:/home/nvidia/master_ws/install/xbox:/home/nvidia/master_ws/install/lidar_control:/home/nvidia/master_ws/install/launch_car:/home/nvidia/master_ws/install/broadcaster:/opt/ros/foxy /usr/bin/cmake --build /home/nvidia/master_ws/build/velodyne_msgs -- -j4 -l4
[1.803s] [ 10%] Built target velodyne_msgs__rosidl_generator_c
[1.804s] [ 12%] Built target velodyne_msgs__cpp
[1.805s] [ 23%] Built target velodyne_msgs__rosidl_typesupport_introspection_c
[1.805s] [ 33%] Built target velodyne_msgs__rosidl_typesupport_c
[1.810s] [ 43%] Built target velodyne_msgs__rosidl_typesupport_cpp
[1.810s] [ 53%] Built target velodyne_msgs__rosidl_typesupport_introspection_cpp
[1.811s] [ 64%] Built target velodyne_msgs__rosidl_typesupport_fastrtps_cpp
[1.811s] [ 74%] Built target velodyne_msgs__rosidl_typesupport_fastrtps_c
[1.814s] [ 74%] Built target velodyne_msgs
[1.814s] [ 76%] Built target velodyne_msgs__py
[1.815s] [ 84%] Built target velodyne_msgs__python
[1.816s] [ 89%] Built target velodyne_msgs__rosidl_typesupport_fastrtps_c__pyext
[1.817s] [ 94%] Built target velodyne_msgs__rosidl_typesupport_c__pyext
[1.825s] [100%] Built target velodyne_msgs__rosidl_typesupport_introspection_c__pyext
[2.923s] Invoked command in '/home/nvidia/master_ws/build/velodyne_msgs' returned '0': CMAKE_PREFIX_PATH=${CMAKE_PREFIX_PATH}:/home/nvidia/master_ws/install/xbox:/home/nvidia/master_ws/install/lidar_control:/home/nvidia/master_ws/install/launch_car:/home/nvidia/master_ws/install/broadcaster:/opt/ros/foxy /usr/bin/cmake --build /home/nvidia/master_ws/build/velodyne_msgs -- -j4 -l4
[3.590s] Invoking command in '/home/nvidia/master_ws/build/velodyne_msgs': CMAKE_PREFIX_PATH=${CMAKE_PREFIX_PATH}:/home/nvidia/master_ws/install/xbox:/home/nvidia/master_ws/install/lidar_control:/home/nvidia/master_ws/install/launch_car:/home/nvidia/master_ws/install/broadcaster:/opt/ros/foxy /usr/bin/cmake --install /home/nvidia/master_ws/build/velodyne_msgs
[3.703s] -- Install configuration: ""
[3.704s] -- Up-to-date: /home/nvidia/master_ws/install/velodyne_msgs/share/ament_index/resource_index/rosidl_interfaces/velodyne_msgs
[3.705s] -- Up-to-date: /home/nvidia/master_ws/install/velodyne_msgs/include/velodyne_msgs
[3.729s] -- Up-to-date: /home/nvidia/master_ws/install/velodyne_msgs/include/velodyne_msgs/msg
[3.744s] -- Up-to-date: /home/nvidia/master_ws/install/velodyne_msgs/include/velodyne_msgs/msg/velodyne_scan.h
[3.746s] -- Up-to-date: /home/nvidia/master_ws/install/velodyne_msgs/include/velodyne_msgs/msg/rosidl_generator_c__visibility_control.h
[3.747s] -- Up-to-date: /home/nvidia/master_ws/install/velodyne_msgs/include/velodyne_msgs/msg/velodyne_packet.h
[3.748s] -- Up-to-date: /home/nvidia/master_ws/install/velodyne_msgs/include/velodyne_msgs/msg/detail
[3.751s] -- Up-to-date: /home/nvidia/master_ws/install/velodyne_msgs/include/velodyne_msgs/msg/detail/velodyne_packet__functions.c
[3.751s] -- Up-to-date: /home/nvidia/master_ws/install/velodyne_msgs/include/velodyne_msgs/msg/detail/velodyne_packet__struct.h
[3.752s] -- Up-to-date: /home/nvidia/master_ws/install/velodyne_msgs/include/velodyne_msgs/msg/detail/velodyne_packet__type_support.h
[3.755s] -- Up-to-date: /home/nvidia/master_ws/install/velodyne_msgs/include/velodyne_msgs/msg/detail/velodyne_packet__functions.h
[3.755s] -- Up-to-date: /home/nvidia/master_ws/install/velodyne_msgs/include/velodyne_msgs/msg/detail/velodyne_scan__functions.c
[3.756s] -- Up-to-date: /home/nvidia/master_ws/install/velodyne_msgs/include/velodyne_msgs/msg/detail/velodyne_scan__struct.h
[3.756s] -- Up-to-date: /home/nvidia/master_ws/install/velodyne_msgs/include/velodyne_msgs/msg/detail/velodyne_scan__type_support.h
[3.756s] -- Up-to-date: /home/nvidia/master_ws/install/velodyne_msgs/include/velodyne_msgs/msg/detail/velodyne_scan__functions.h
[3.757s] -- Up-to-date: /home/nvidia/master_ws/install/velodyne_msgs/share/velodyne_msgs/environment/library_path.sh
[3.757s] -- Up-to-date: /home/nvidia/master_ws/install/velodyne_msgs/share/velodyne_msgs/environment/library_path.dsv
[3.757s] -- Up-to-date: /home/nvidia/master_ws/install/velodyne_msgs/lib/libvelodyne_msgs__rosidl_generator_c.so
[3.758s] -- Up-to-date: /home/nvidia/master_ws/install/velodyne_msgs/include/velodyne_msgs
[3.759s] -- Up-to-date: /home/nvidia/master_ws/install/velodyne_msgs/include/velodyne_msgs/msg
[3.759s] -- Up-to-date: /home/nvidia/master_ws/install/velodyne_msgs/include/velodyne_msgs/msg/rosidl_typesupport_fastrtps_c__visibility_control.h
[3.760s] -- Up-to-date: /home/nvidia/master_ws/install/velodyne_msgs/include/velodyne_msgs/msg/detail
[3.760s] -- Up-to-date: /home/nvidia/master_ws/install/velodyne_msgs/include/velodyne_msgs/msg/detail/velodyne_scan__rosidl_typesupport_fastrtps_c.h
[3.761s] -- Up-to-date: /home/nvidia/master_ws/install/velodyne_msgs/include/velodyne_msgs/msg/detail/velodyne_packet__rosidl_typesupport_fastrtps_c.h
[3.761s] -- Up-to-date: /home/nvidia/master_ws/install/velodyne_msgs/lib/libvelodyne_msgs__rosidl_typesupport_fastrtps_c.so
[3.767s] -- Up-to-date: /home/nvidia/master_ws/install/velodyne_msgs/include/velodyne_msgs
[3.768s] -- Up-to-date: /home/nvidia/master_ws/install/velodyne_msgs/include/velodyne_msgs/msg
[3.768s] -- Up-to-date: /home/nvidia/master_ws/install/velodyne_msgs/include/velodyne_msgs/msg/detail
[3.769s] -- Up-to-date: /home/nvidia/master_ws/install/velodyne_msgs/include/velodyne_msgs/msg/detail/velodyne_packet__rosidl_typesupport_fastrtps_cpp.hpp
[3.769s] -- Up-to-date: /home/nvidia/master_ws/install/velodyne_msgs/include/velodyne_msgs/msg/detail/velodyne_scan__rosidl_typesupport_fastrtps_cpp.hpp
[3.770s] -- Up-to-date: /home/nvidia/master_ws/install/velodyne_msgs/include/velodyne_msgs/msg/detail/dds_fastrtps
[3.770s] -- Up-to-date: /home/nvidia/master_ws/install/velodyne_msgs/include/velodyne_msgs/msg/rosidl_typesupport_fastrtps_cpp__visibility_control.h
[3.771s] -- Up-to-date: /home/nvidia/master_ws/install/velodyne_msgs/lib/libvelodyne_msgs__rosidl_typesupport_fastrtps_cpp.so
[3.773s] -- Up-to-date: /home/nvidia/master_ws/install/velodyne_msgs/include/velodyne_msgs
[3.774s] -- Up-to-date: /home/nvidia/master_ws/install/velodyne_msgs/include/velodyne_msgs/msg
[3.775s] -- Up-to-date: /home/nvidia/master_ws/install/velodyne_msgs/include/velodyne_msgs/msg/detail
[3.780s] -- Up-to-date: /home/nvidia/master_ws/install/velodyne_msgs/include/velodyne_msgs/msg/detail/velodyne_packet__type_support.c
[3.781s] -- Up-to-date: /home/nvidia/master_ws/install/velodyne_msgs/include/velodyne_msgs/msg/detail/velodyne_scan__rosidl_typesupport_introspection_c.h
[3.782s] -- Up-to-date: /home/nvidia/master_ws/install/velodyne_msgs/include/velodyne_msgs/msg/detail/velodyne_packet__rosidl_typesupport_introspection_c.h
[3.783s] -- Up-to-date: /home/nvidia/master_ws/install/velodyne_msgs/include/velodyne_msgs/msg/detail/velodyne_scan__type_support.c
[3.783s] -- Up-to-date: /home/nvidia/master_ws/install/velodyne_msgs/include/velodyne_msgs/msg/rosidl_typesupport_introspection_c__visibility_control.h
[3.784s] -- Up-to-date: /home/nvidia/master_ws/install/velodyne_msgs/lib/libvelodyne_msgs__rosidl_typesupport_introspection_c.so
[3.791s] -- Up-to-date: /home/nvidia/master_ws/install/velodyne_msgs/lib/libvelodyne_msgs__rosidl_typesupport_c.so
[3.792s] -- Up-to-date: /home/nvidia/master_ws/install/velodyne_msgs/include/velodyne_msgs
[3.794s] -- Up-to-date: /home/nvidia/master_ws/install/velodyne_msgs/include/velodyne_msgs/msg
[3.795s] -- Up-to-date: /home/nvidia/master_ws/install/velodyne_msgs/include/velodyne_msgs/msg/velodyne_scan.hpp
[3.796s] -- Up-to-date: /home/nvidia/master_ws/install/velodyne_msgs/include/velodyne_msgs/msg/velodyne_packet.hpp
[3.796s] -- Up-to-date: /home/nvidia/master_ws/install/velodyne_msgs/include/velodyne_msgs/msg/rosidl_generator_cpp__visibility_control.hpp
[3.797s] -- Up-to-date: /home/nvidia/master_ws/install/velodyne_msgs/include/velodyne_msgs/msg/detail
[3.798s] -- Up-to-date: /home/nvidia/master_ws/install/velodyne_msgs/include/velodyne_msgs/msg/detail/velodyne_scan__type_support.hpp
[3.799s] -- Up-to-date: /home/nvidia/master_ws/install/velodyne_msgs/include/velodyne_msgs/msg/detail/velodyne_packet__traits.hpp
[3.800s] -- Up-to-date: /home/nvidia/master_ws/install/velodyne_msgs/include/velodyne_msgs/msg/detail/velodyne_scan__traits.hpp
[3.801s] -- Up-to-date: /home/nvidia/master_ws/install/velodyne_msgs/include/velodyne_msgs/msg/detail/velodyne_scan__struct.hpp
[3.802s] -- Up-to-date: /home/nvidia/master_ws/install/velodyne_msgs/include/velodyne_msgs/msg/detail/velodyne_scan__builder.hpp
[3.809s] -- Up-to-date: /home/nvidia/master_ws/install/velodyne_msgs/include/velodyne_msgs/msg/detail/velodyne_packet__builder.hpp
[3.809s] -- Up-to-date: /home/nvidia/master_ws/install/velodyne_msgs/include/velodyne_msgs/msg/detail/velodyne_packet__type_support.hpp
[3.810s] -- Up-to-date: /home/nvidia/master_ws/install/velodyne_msgs/include/velodyne_msgs/msg/detail/velodyne_packet__struct.hpp
[3.810s] -- Up-to-date: /home/nvidia/master_ws/install/velodyne_msgs/include/velodyne_msgs
[3.811s] -- Up-to-date: /home/nvidia/master_ws/install/velodyne_msgs/include/velodyne_msgs/msg
[3.811s] -- Up-to-date: /home/nvidia/master_ws/install/velodyne_msgs/include/velodyne_msgs/msg/detail
[3.812s] -- Up-to-date: /home/nvidia/master_ws/install/velodyne_msgs/include/velodyne_msgs/msg/detail/velodyne_packet__type_support.cpp
[3.814s] -- Up-to-date: /home/nvidia/master_ws/install/velodyne_msgs/include/velodyne_msgs/msg/detail/velodyne_packet__rosidl_typesupport_introspection_cpp.hpp
[3.814s] -- Up-to-date: /home/nvidia/master_ws/install/velodyne_msgs/include/velodyne_msgs/msg/detail/velodyne_scan__type_support.cpp
[3.815s] -- Up-to-date: /home/nvidia/master_ws/install/velodyne_msgs/include/velodyne_msgs/msg/detail/velodyne_scan__rosidl_typesupport_introspection_cpp.hpp
[3.815s] -- Up-to-date: /home/nvidia/master_ws/install/velodyne_msgs/lib/libvelodyne_msgs__rosidl_typesupport_introspection_cpp.so
[3.816s] -- Up-to-date: /home/nvidia/master_ws/install/velodyne_msgs/lib/libvelodyne_msgs__rosidl_typesupport_cpp.so
[3.816s] -- Up-to-date: /home/nvidia/master_ws/install/velodyne_msgs/share/velodyne_msgs/environment/pythonpath.sh
[3.816s] -- Up-to-date: /home/nvidia/master_ws/install/velodyne_msgs/share/velodyne_msgs/environment/pythonpath.dsv
[3.817s] -- Up-to-date: /home/nvidia/master_ws/install/velodyne_msgs/lib/python3.8/site-packages/velodyne_msgs/__init__.py
[4.092s] -- Up-to-date: /home/nvidia/master_ws/install/velodyne_msgs/lib/python3.8/site-packages/velodyne_msgs/msg
[4.097s] -- Up-to-date: /home/nvidia/master_ws/install/velodyne_msgs/lib/python3.8/site-packages/velodyne_msgs/msg/_velodyne_scan_s.c
[4.098s] -- Up-to-date: /home/nvidia/master_ws/install/velodyne_msgs/lib/python3.8/site-packages/velodyne_msgs/msg/_velodyne_packet_s.c
[4.098s] -- Up-to-date: /home/nvidia/master_ws/install/velodyne_msgs/lib/python3.8/site-packages/velodyne_msgs/msg/_velodyne_scan.py
[4.099s] -- Up-to-date: /home/nvidia/master_ws/install/velodyne_msgs/lib/python3.8/site-packages/velodyne_msgs/msg/_velodyne_packet.py
[4.099s] -- Up-to-date: /home/nvidia/master_ws/install/velodyne_msgs/lib/python3.8/site-packages/velodyne_msgs/msg/__init__.py
[4.100s] -- Up-to-date: /home/nvidia/master_ws/install/velodyne_msgs/lib/python3.8/site-packages/velodyne_msgs/velodyne_msgs_s__rosidl_typesupport_fastrtps_c.cpython-38-aarch64-linux-gnu.so
[4.100s] -- Up-to-date: /home/nvidia/master_ws/install/velodyne_msgs/lib/python3.8/site-packages/velodyne_msgs/velodyne_msgs_s__rosidl_typesupport_introspection_c.cpython-38-aarch64-linux-gnu.so
[4.105s] -- Up-to-date: /home/nvidia/master_ws/install/velodyne_msgs/lib/python3.8/site-packages/velodyne_msgs/velodyne_msgs_s__rosidl_typesupport_c.cpython-38-aarch64-linux-gnu.so
[4.109s] -- Up-to-date: /home/nvidia/master_ws/install/velodyne_msgs/lib/libvelodyne_msgs__python.so
[4.122s] -- Up-to-date: /home/nvidia/master_ws/install/velodyne_msgs/share/velodyne_msgs/msg/VelodynePacket.idl
[4.125s] -- Up-to-date: /home/nvidia/master_ws/install/velodyne_msgs/share/velodyne_msgs/msg/VelodyneScan.idl
[4.125s] -- Up-to-date: /home/nvidia/master_ws/install/velodyne_msgs/share/velodyne_msgs/msg/VelodynePacket.msg
[4.126s] -- Up-to-date: /home/nvidia/master_ws/install/velodyne_msgs/share/velodyne_msgs/msg/VelodyneScan.msg
[4.126s] -- Up-to-date: /home/nvidia/master_ws/install/velodyne_msgs/share/ament_index/resource_index/package_run_dependencies/velodyne_msgs
[4.127s] -- Up-to-date: /home/nvidia/master_ws/install/velodyne_msgs/share/ament_index/resource_index/parent_prefix_path/velodyne_msgs
[4.127s] -- Up-to-date: /home/nvidia/master_ws/install/velodyne_msgs/share/velodyne_msgs/environment/ament_prefix_path.sh
[4.127s] -- Up-to-date: /home/nvidia/master_ws/install/velodyne_msgs/share/velodyne_msgs/environment/ament_prefix_path.dsv
[4.128s] -- Up-to-date: /home/nvidia/master_ws/install/velodyne_msgs/share/velodyne_msgs/environment/path.sh
[4.128s] -- Up-to-date: /home/nvidia/master_ws/install/velodyne_msgs/share/velodyne_msgs/environment/path.dsv
[4.129s] -- Up-to-date: /home/nvidia/master_ws/install/velodyne_msgs/share/velodyne_msgs/local_setup.bash
[4.129s] -- Up-to-date: /home/nvidia/master_ws/install/velodyne_msgs/share/velodyne_msgs/local_setup.sh
[4.129s] -- Up-to-date: /home/nvidia/master_ws/install/velodyne_msgs/share/velodyne_msgs/local_setup.zsh
[4.130s] -- Up-to-date: /home/nvidia/master_ws/install/velodyne_msgs/share/velodyne_msgs/local_setup.dsv
[4.130s] -- Installing: /home/nvidia/master_ws/install/velodyne_msgs/share/velodyne_msgs/package.dsv
[4.135s] -- Up-to-date: /home/nvidia/master_ws/install/velodyne_msgs/share/ament_index/resource_index/packages/velodyne_msgs
[4.136s] -- Up-to-date: /home/nvidia/master_ws/install/velodyne_msgs/share/velodyne_msgs/cmake/velodyne_msgs__rosidl_generator_cExport.cmake
[4.139s] -- Up-to-date: /home/nvidia/master_ws/install/velodyne_msgs/share/velodyne_msgs/cmake/velodyne_msgs__rosidl_generator_cExport-noconfig.cmake
[4.140s] -- Up-to-date: /home/nvidia/master_ws/install/velodyne_msgs/share/velodyne_msgs/cmake/velodyne_msgs__rosidl_typesupport_introspection_cExport.cmake
[4.140s] -- Up-to-date: /home/nvidia/master_ws/install/velodyne_msgs/share/velodyne_msgs/cmake/velodyne_msgs__rosidl_typesupport_introspection_cExport-noconfig.cmake
[4.141s] -- Up-to-date: /home/nvidia/master_ws/install/velodyne_msgs/share/velodyne_msgs/cmake/velodyne_msgs__rosidl_typesupport_cExport.cmake
[4.147s] -- Up-to-date: /home/nvidia/master_ws/install/velodyne_msgs/share/velodyne_msgs/cmake/velodyne_msgs__rosidl_typesupport_cExport-noconfig.cmake
[4.148s] -- Up-to-date: /home/nvidia/master_ws/install/velodyne_msgs/share/velodyne_msgs/cmake/velodyne_msgs__rosidl_generator_cppExport.cmake
[4.148s] -- Up-to-date: /home/nvidia/master_ws/install/velodyne_msgs/share/velodyne_msgs/cmake/velodyne_msgs__rosidl_typesupport_introspection_cppExport.cmake
[4.148s] -- Up-to-date: /home/nvidia/master_ws/install/velodyne_msgs/share/velodyne_msgs/cmake/velodyne_msgs__rosidl_typesupport_introspection_cppExport-noconfig.cmake
[4.149s] -- Up-to-date: /home/nvidia/master_ws/install/velodyne_msgs/share/velodyne_msgs/cmake/velodyne_msgs__rosidl_typesupport_cppExport.cmake
[4.149s] -- Up-to-date: /home/nvidia/master_ws/install/velodyne_msgs/share/velodyne_msgs/cmake/velodyne_msgs__rosidl_typesupport_cppExport-noconfig.cmake
[4.149s] -- Up-to-date: /home/nvidia/master_ws/install/velodyne_msgs/share/velodyne_msgs/cmake/rosidl_cmake-extras.cmake
[4.150s] -- Up-to-date: /home/nvidia/master_ws/install/velodyne_msgs/share/velodyne_msgs/cmake/ament_cmake_export_dependencies-extras.cmake
[4.150s] -- Up-to-date: /home/nvidia/master_ws/install/velodyne_msgs/share/velodyne_msgs/cmake/ament_cmake_export_libraries-extras.cmake
[4.151s] -- Up-to-date: /home/nvidia/master_ws/install/velodyne_msgs/share/velodyne_msgs/cmake/ament_cmake_export_targets-extras.cmake
[4.151s] -- Up-to-date: /home/nvidia/master_ws/install/velodyne_msgs/share/velodyne_msgs/cmake/ament_cmake_export_include_directories-extras.cmake
[4.151s] -- Up-to-date: /home/nvidia/master_ws/install/velodyne_msgs/share/velodyne_msgs/cmake/rosidl_cmake_export_typesupport_libraries-extras.cmake
[4.152s] -- Up-to-date: /home/nvidia/master_ws/install/velodyne_msgs/share/velodyne_msgs/cmake/rosidl_cmake_export_typesupport_targets-extras.cmake
[4.152s] -- Up-to-date: /home/nvidia/master_ws/install/velodyne_msgs/share/velodyne_msgs/cmake/velodyne_msgsConfig.cmake
[4.153s] -- Up-to-date: /home/nvidia/master_ws/install/velodyne_msgs/share/velodyne_msgs/cmake/velodyne_msgsConfig-version.cmake
[4.153s] -- Up-to-date: /home/nvidia/master_ws/install/velodyne_msgs/share/velodyne_msgs/package.xml
[6.200s] Invoked command in '/home/nvidia/master_ws/build/velodyne_msgs' returned '0': CMAKE_PREFIX_PATH=${CMAKE_PREFIX_PATH}:/home/nvidia/master_ws/install/xbox:/home/nvidia/master_ws/install/lidar_control:/home/nvidia/master_ws/install/launch_car:/home/nvidia/master_ws/install/broadcaster:/opt/ros/foxy /usr/bin/cmake --install /home/nvidia/master_ws/build/velodyne_msgs
