[3.413s] Invoking command in '/home/nvidia/master_ws/src/lidar_control': PYTHONPATH=/home/nvidia/master_ws/build/lidar_control/prefix_override:/home/nvidia/master_ws/install/lidar_control/lib/python3.8/site-packages:${PYTHONPATH} /usr/bin/python3 -W ignore:setup.py install is deprecated setup.py egg_info --egg-base ../../build/lidar_control build --build-base /home/nvidia/master_ws/build/lidar_control/build install --record /home/nvidia/master_ws/build/lidar_control/install.log --install-scripts $base/lib/lidar_control --single-version-externally-managed install_data
[4.561s] running egg_info
[4.563s] writing ../../build/lidar_control/lidar_control.egg-info/PKG-INFO
[4.565s] writing dependency_links to ../../build/lidar_control/lidar_control.egg-info/dependency_links.txt
[4.566s] writing entry points to ../../build/lidar_control/lidar_control.egg-info/entry_points.txt
[4.567s] writing requirements to ../../build/lidar_control/lidar_control.egg-info/requires.txt
[4.567s] writing top-level names to ../../build/lidar_control/lidar_control.egg-info/top_level.txt
[4.709s] reading manifest file '../../build/lidar_control/lidar_control.egg-info/SOURCES.txt'
[4.714s] writing manifest file '../../build/lidar_control/lidar_control.egg-info/SOURCES.txt'
[4.714s] running build
[4.715s] running build_py
[4.716s] running install
[4.720s] running install_lib
[4.726s] running install_data
[4.727s] running install_egg_info
[4.733s] removing '/home/nvidia/master_ws/install/lidar_control/lib/python3.8/site-packages/lidar_control-0.0.0-py3.8.egg-info' (and everything under it)
[4.735s] Copying ../../build/lidar_control/lidar_control.egg-info to /home/nvidia/master_ws/install/lidar_control/lib/python3.8/site-packages/lidar_control-0.0.0-py3.8.egg-info
[4.740s] running install_scripts
[4.808s] Installing lidar_control script to /home/nvidia/master_ws/install/lidar_control/lib/lidar_control
[4.809s] writing list of installed files to '/home/nvidia/master_ws/build/lidar_control/install.log'
[5.287s] Invoked command in '/home/nvidia/master_ws/src/lidar_control' returned '0': PYTHONPATH=/home/nvidia/master_ws/build/lidar_control/prefix_override:/home/nvidia/master_ws/install/lidar_control/lib/python3.8/site-packages:${PYTHONPATH} /usr/bin/python3 -W ignore:setup.py install is deprecated setup.py egg_info --egg-base ../../build/lidar_control build --build-base /home/nvidia/master_ws/build/lidar_control/build install --record /home/nvidia/master_ws/build/lidar_control/install.log --install-scripts $base/lib/lidar_control --single-version-externally-managed install_data
