[0.158s] Invoking command in '/home/nvidia/master_ws/build/velodyne_laserscan': CMAKE_PREFIX_PATH=${CMAKE_PREFIX_PATH}:/home/nvidia/master_ws/install/xbox:/home/nvidia/master_ws/install/lidar_control:/home/nvidia/master_ws/install/launch_car:/home/nvidia/master_ws/install/broadcaster:/opt/ros/foxy /usr/bin/cmake /home/nvidia/master_ws/src/velodyne/velodyne_laserscan -DCMAKE_INSTALL_PREFIX=/home/nvidia/master_ws/install/velodyne_laserscan
[1.389s] -- The C compiler identification is GNU 9.4.0
[1.390s] -- The CXX compiler identification is GNU 9.4.0
[1.391s] -- Check for working C compiler: /usr/bin/cc
[1.449s] -- Check for working C compiler: /usr/bin/cc -- works
[1.456s] -- Detecting C compiler ABI info
[1.847s] -- Detecting C compiler ABI info - done
[1.911s] -- Detecting C compile features
[1.913s] -- Detecting C compile features - done
[1.926s] -- Check for working CXX compiler: /usr/bin/c++
[2.353s] -- Check for working CXX compiler: /usr/bin/c++ -- works
[2.360s] -- Detecting CXX compiler ABI info
[2.814s] -- Detecting CXX compiler ABI info - done
[2.884s] -- Detecting CXX compile features
[2.888s] -- Detecting CXX compile features - done
[2.900s] -- Found ament_cmake_ros: 0.9.2 (/opt/ros/foxy/share/ament_cmake_ros/cmake)
[3.075s] -- Found PythonInterp: /usr/bin/python3 (found suitable version "3.8.10", minimum required is "3") 
[3.076s] -- Using PYTHON_EXECUTABLE: /usr/bin/python3
[4.120s] -- Found rclcpp: 2.4.3 (/opt/ros/foxy/share/rclcpp/cmake)
[4.397s] -- Using all available rosidl_typesupport_c: rosidl_typesupport_fastrtps_c;rosidl_typesupport_introspection_c
[4.438s] -- Found rosidl_adapter: 1.3.1 (/opt/ros/foxy/share/rosidl_adapter/cmake)
[4.956s] -- Found OpenSSL: /usr/lib/aarch64-linux-gnu/libcrypto.so (found version "1.1.1f")  
[5.116s] -- Found FastRTPS: /opt/ros/foxy/include  
[5.546s] -- Using all available rosidl_typesupport_cpp: rosidl_typesupport_fastrtps_cpp;rosidl_typesupport_introspection_cpp
[5.945s] -- Found rmw_implementation_cmake: 1.0.4 (/opt/ros/foxy/share/rmw_implementation_cmake/cmake)
[5.957s] -- Using RMW implementation 'rmw_fastrtps_cpp' as default
[5.963s] -- Looking for pthread.h
[6.412s] -- Looking for pthread.h - found
[6.413s] -- Performing Test CMAKE_HAVE_LIBC_PTHREAD
[6.822s] -- Performing Test CMAKE_HAVE_LIBC_PTHREAD - Failed
[6.823s] -- Looking for pthread_create in pthreads
[7.164s] -- Looking for pthread_create in pthreads - not found
[7.166s] -- Looking for pthread_create in pthread
[7.561s] -- Looking for pthread_create in pthread - found
[7.570s] -- Found Threads: TRUE  
[8.491s] -- Found rclcpp_components: 2.4.3 (/opt/ros/foxy/share/rclcpp_components/cmake)
[8.841s] -- Found sensor_msgs: 2.0.5 (/opt/ros/foxy/share/sensor_msgs/cmake)
[9.472s] -- Found ament_lint_auto: 0.9.8 (/opt/ros/foxy/share/ament_lint_auto/cmake)
[9.884s] -- Added test 'copyright' to check source files copyright and LICENSE
[9.898s] -- Added test 'cppcheck' to perform static code analysis on C / C++ code
[9.899s] -- Configured cppcheck include dirs: /home/nvidia/master_ws/src/velodyne/velodyne_laserscan/include
[9.900s] -- Configured cppcheck exclude dirs and/or files: 
[9.912s] -- Added test 'cpplint' to check C / C++ code against the Google style
[9.912s] -- Configured cpplint exclude dirs and/or files: 
[9.916s] -- Added test 'flake8' to check Python code syntax and style conventions
[9.921s] -- Added test 'lint_cmake' to check CMake code style
[9.925s] -- Added test 'pep257' to check Python code against some of the style conventions in PEP 257
[9.937s] -- Added test 'uncrustify' to check C / C++ code style
[9.937s] -- Configured uncrustify additional arguments: 
[9.942s] -- Added test 'xmllint' to check XML markup files
[9.971s] -- Configuring done
[10.054s] -- Generating done
[10.069s] -- Build files have been written to: /home/nvidia/master_ws/build/velodyne_laserscan
[10.129s] Invoked command in '/home/nvidia/master_ws/build/velodyne_laserscan' returned '0': CMAKE_PREFIX_PATH=${CMAKE_PREFIX_PATH}:/home/nvidia/master_ws/install/xbox:/home/nvidia/master_ws/install/lidar_control:/home/nvidia/master_ws/install/launch_car:/home/nvidia/master_ws/install/broadcaster:/opt/ros/foxy /usr/bin/cmake /home/nvidia/master_ws/src/velodyne/velodyne_laserscan -DCMAKE_INSTALL_PREFIX=/home/nvidia/master_ws/install/velodyne_laserscan
[10.135s] Invoking command in '/home/nvidia/master_ws/build/velodyne_laserscan': CMAKE_PREFIX_PATH=${CMAKE_PREFIX_PATH}:/home/nvidia/master_ws/install/xbox:/home/nvidia/master_ws/install/lidar_control:/home/nvidia/master_ws/install/launch_car:/home/nvidia/master_ws/install/broadcaster:/opt/ros/foxy /usr/bin/cmake --build /home/nvidia/master_ws/build/velodyne_laserscan -- -j4 -l4
[10.589s] [35m[1mScanning dependencies of target velodyne_laserscan[0m
[11.227s] [ 25%] [32mBuilding CXX object CMakeFiles/velodyne_laserscan.dir/src/velodyne_laserscan.cpp.o[0m
[41.410s] [ 50%] [32m[1mLinking CXX shared library libvelodyne_laserscan.so[0m
[42.929s] [ 50%] Built target velodyne_laserscan
[42.985s] [35m[1mScanning dependencies of target velodyne_laserscan_node[0m
[43.278s] [ 75%] [32mBuilding CXX object CMakeFiles/velodyne_laserscan_node.dir/src/node.cpp.o[0m
[59.076s] [100%] [32m[1mLinking CXX executable velodyne_laserscan_node[0m
[60.749s] [100%] Built target velodyne_laserscan_node
[60.873s] Invoked command in '/home/nvidia/master_ws/build/velodyne_laserscan' returned '0': CMAKE_PREFIX_PATH=${CMAKE_PREFIX_PATH}:/home/nvidia/master_ws/install/xbox:/home/nvidia/master_ws/install/lidar_control:/home/nvidia/master_ws/install/launch_car:/home/nvidia/master_ws/install/broadcaster:/opt/ros/foxy /usr/bin/cmake --build /home/nvidia/master_ws/build/velodyne_laserscan -- -j4 -l4
[61.502s] Invoking command in '/home/nvidia/master_ws/build/velodyne_laserscan': CMAKE_PREFIX_PATH=${CMAKE_PREFIX_PATH}:/home/nvidia/master_ws/install/xbox:/home/nvidia/master_ws/install/lidar_control:/home/nvidia/master_ws/install/launch_car:/home/nvidia/master_ws/install/broadcaster:/opt/ros/foxy /usr/bin/cmake --install /home/nvidia/master_ws/build/velodyne_laserscan
[61.611s] -- Install configuration: ""
[61.628s] -- Installing: /home/nvidia/master_ws/install/velodyne_laserscan/lib/libvelodyne_laserscan.so
[61.709s] -- Set runtime path of "/home/nvidia/master_ws/install/velodyne_laserscan/lib/libvelodyne_laserscan.so" to ""
[61.710s] -- Installing: /home/nvidia/master_ws/install/velodyne_laserscan/lib/velodyne_laserscan/velodyne_laserscan_node
[61.726s] -- Set runtime path of "/home/nvidia/master_ws/install/velodyne_laserscan/lib/velodyne_laserscan/velodyne_laserscan_node" to ""
[61.726s] -- Installing: /home/nvidia/master_ws/install/velodyne_laserscan/include/velodyne_laserscan
[61.727s] -- Installing: /home/nvidia/master_ws/install/velodyne_laserscan/include/velodyne_laserscan/velodyne_laserscan.hpp
[61.728s] -- Installing: /home/nvidia/master_ws/install/velodyne_laserscan/share/velodyne_laserscan/config
[61.728s] -- Installing: /home/nvidia/master_ws/install/velodyne_laserscan/share/velodyne_laserscan/config/default-velodyne_laserscan_node-params.yaml
[61.729s] -- Installing: /home/nvidia/master_ws/install/velodyne_laserscan/share/velodyne_laserscan/launch
[61.729s] -- Installing: /home/nvidia/master_ws/install/velodyne_laserscan/share/velodyne_laserscan/launch/velodyne_laserscan_node-launch.py
[61.730s] -- Installing: /home/nvidia/master_ws/install/velodyne_laserscan/share/velodyne_laserscan/launch/velodyne_laserscan_node-composed-launch.py
[61.732s] -- Installing: /home/nvidia/master_ws/install/velodyne_laserscan/share/ament_index/resource_index/package_run_dependencies/velodyne_laserscan
[61.733s] -- Installing: /home/nvidia/master_ws/install/velodyne_laserscan/share/ament_index/resource_index/parent_prefix_path/velodyne_laserscan
[61.734s] -- Installing: /home/nvidia/master_ws/install/velodyne_laserscan/share/velodyne_laserscan/environment/ament_prefix_path.sh
[61.735s] -- Installing: /home/nvidia/master_ws/install/velodyne_laserscan/share/velodyne_laserscan/environment/ament_prefix_path.dsv
[61.736s] -- Installing: /home/nvidia/master_ws/install/velodyne_laserscan/share/velodyne_laserscan/environment/path.sh
[61.737s] -- Installing: /home/nvidia/master_ws/install/velodyne_laserscan/share/velodyne_laserscan/environment/path.dsv
[61.738s] -- Installing: /home/nvidia/master_ws/install/velodyne_laserscan/share/velodyne_laserscan/local_setup.bash
[61.739s] -- Installing: /home/nvidia/master_ws/install/velodyne_laserscan/share/velodyne_laserscan/local_setup.sh
[61.740s] -- Installing: /home/nvidia/master_ws/install/velodyne_laserscan/share/velodyne_laserscan/local_setup.zsh
[61.741s] -- Installing: /home/nvidia/master_ws/install/velodyne_laserscan/share/velodyne_laserscan/local_setup.dsv
[61.742s] -- Installing: /home/nvidia/master_ws/install/velodyne_laserscan/share/velodyne_laserscan/package.dsv
[61.742s] -- Installing: /home/nvidia/master_ws/install/velodyne_laserscan/share/ament_index/resource_index/packages/velodyne_laserscan
[61.756s] -- Installing: /home/nvidia/master_ws/install/velodyne_laserscan/share/ament_index/resource_index/rclcpp_components/velodyne_laserscan
[61.757s] -- Installing: /home/nvidia/master_ws/install/velodyne_laserscan/share/velodyne_laserscan/cmake/velodyne_laserscanConfig.cmake
[61.758s] -- Installing: /home/nvidia/master_ws/install/velodyne_laserscan/share/velodyne_laserscan/cmake/velodyne_laserscanConfig-version.cmake
[61.760s] -- Installing: /home/nvidia/master_ws/install/velodyne_laserscan/share/velodyne_laserscan/package.xml
[61.770s] Invoked command in '/home/nvidia/master_ws/build/velodyne_laserscan' returned '0': CMAKE_PREFIX_PATH=${CMAKE_PREFIX_PATH}:/home/nvidia/master_ws/install/xbox:/home/nvidia/master_ws/install/lidar_control:/home/nvidia/master_ws/install/launch_car:/home/nvidia/master_ws/install/broadcaster:/opt/ros/foxy /usr/bin/cmake --install /home/nvidia/master_ws/build/velodyne_laserscan
