[0.208s] Invoking command in '/home/nvidia/master_ws/build/velodyne_laserscan': CMAKE_PREFIX_PATH=${CMAKE_PREFIX_PATH}:/home/nvidia/master_ws/install/xbox:/home/nvidia/master_ws/install/lidar_control:/home/nvidia/master_ws/install/launch_car:/home/nvidia/master_ws/install/controller:/home/nvidia/master_ws/install/broadcaster:/home/nvidia/velodyne_drivers/install/broadcast_and_listener:/home/nvidia/velodyne_drivers/install/examples_tf2_py:/home/nvidia/velodyne_drivers/install/broadcaster:/home/nvidia/velodyne_drivers/install/test_converter:/home/nvidia/velodyne_drivers/install/py_launch_example:/home/nvidia/velodyne_drivers/install/example:/opt/ros/foxy /usr/bin/cmake --build /home/nvidia/master_ws/build/velodyne_laserscan -- -j4 -l4
[1.599s] [ 50%] Built target velodyne_laserscan
[1.600s] [100%] Built target velodyne_laserscan_node
[2.760s] Invoked command in '/home/nvidia/master_ws/build/velodyne_laserscan' returned '0': CMAKE_PREFIX_PATH=${CMAKE_PREFIX_PATH}:/home/nvidia/master_ws/install/xbox:/home/nvidia/master_ws/install/lidar_control:/home/nvidia/master_ws/install/launch_car:/home/nvidia/master_ws/install/controller:/home/nvidia/master_ws/install/broadcaster:/home/nvidia/velodyne_drivers/install/broadcast_and_listener:/home/nvidia/velodyne_drivers/install/examples_tf2_py:/home/nvidia/velodyne_drivers/install/broadcaster:/home/nvidia/velodyne_drivers/install/test_converter:/home/nvidia/velodyne_drivers/install/py_launch_example:/home/nvidia/velodyne_drivers/install/example:/opt/ros/foxy /usr/bin/cmake --build /home/nvidia/master_ws/build/velodyne_laserscan -- -j4 -l4
[3.075s] Invoking command in '/home/nvidia/master_ws/build/velodyne_laserscan': CMAKE_PREFIX_PATH=${CMAKE_PREFIX_PATH}:/home/nvidia/master_ws/install/xbox:/home/nvidia/master_ws/install/lidar_control:/home/nvidia/master_ws/install/launch_car:/home/nvidia/master_ws/install/controller:/home/nvidia/master_ws/install/broadcaster:/home/nvidia/velodyne_drivers/install/broadcast_and_listener:/home/nvidia/velodyne_drivers/install/examples_tf2_py:/home/nvidia/velodyne_drivers/install/broadcaster:/home/nvidia/velodyne_drivers/install/test_converter:/home/nvidia/velodyne_drivers/install/py_launch_example:/home/nvidia/velodyne_drivers/install/example:/opt/ros/foxy /usr/bin/cmake --install /home/nvidia/master_ws/build/velodyne_laserscan
[3.131s] -- Install configuration: "Release"
[3.133s] -- Execute custom install script
[3.136s] -- Up-to-date symlink: /home/nvidia/master_ws/install/velodyne_laserscan/lib/libvelodyne_laserscan.so
[3.138s] -- Up-to-date symlink: /home/nvidia/master_ws/install/velodyne_laserscan/lib/velodyne_laserscan/velodyne_laserscan_node
[3.140s] -- Up-to-date symlink: /home/nvidia/master_ws/install/velodyne_laserscan/include/velodyne_laserscan/velodyne_laserscan.hpp
[3.143s] -- Up-to-date symlink: /home/nvidia/master_ws/install/velodyne_laserscan/share/velodyne_laserscan/config/default-velodyne_laserscan_node-params.yaml
[3.146s] -- Up-to-date symlink: /home/nvidia/master_ws/install/velodyne_laserscan/share/velodyne_laserscan/launch/velodyne_laserscan_node-composed-launch.py
[3.146s] -- Up-to-date symlink: /home/nvidia/master_ws/install/velodyne_laserscan/share/velodyne_laserscan/launch/velodyne_laserscan_node-launch.py
[3.149s] -- Up-to-date symlink: /home/nvidia/master_ws/install/velodyne_laserscan/share/ament_index/resource_index/package_run_dependencies/velodyne_laserscan
[3.150s] -- Up-to-date symlink: /home/nvidia/master_ws/install/velodyne_laserscan/share/ament_index/resource_index/parent_prefix_path/velodyne_laserscan
[3.153s] -- Up-to-date symlink: /home/nvidia/master_ws/install/velodyne_laserscan/share/velodyne_laserscan/environment/ament_prefix_path.sh
[3.154s] -- Up-to-date symlink: /home/nvidia/master_ws/install/velodyne_laserscan/share/velodyne_laserscan/environment/ament_prefix_path.dsv
[3.154s] -- Up-to-date symlink: /home/nvidia/master_ws/install/velodyne_laserscan/share/velodyne_laserscan/environment/path.sh
[3.156s] -- Up-to-date symlink: /home/nvidia/master_ws/install/velodyne_laserscan/share/velodyne_laserscan/environment/path.dsv
[3.157s] -- Up-to-date symlink: /home/nvidia/master_ws/install/velodyne_laserscan/share/velodyne_laserscan/local_setup.bash
[3.159s] -- Up-to-date symlink: /home/nvidia/master_ws/install/velodyne_laserscan/share/velodyne_laserscan/local_setup.sh
[3.160s] -- Up-to-date symlink: /home/nvidia/master_ws/install/velodyne_laserscan/share/velodyne_laserscan/local_setup.zsh
[3.162s] -- Up-to-date symlink: /home/nvidia/master_ws/install/velodyne_laserscan/share/velodyne_laserscan/local_setup.dsv
[3.163s] -- Symlinking: /home/nvidia/master_ws/install/velodyne_laserscan/share/velodyne_laserscan/package.dsv
[3.221s] -- Up-to-date symlink: /home/nvidia/master_ws/install/velodyne_laserscan/share/ament_index/resource_index/packages/velodyne_laserscan
[3.222s] -- Up-to-date symlink: /home/nvidia/master_ws/install/velodyne_laserscan/share/ament_index/resource_index/rclcpp_components/velodyne_laserscan
[3.224s] -- Up-to-date symlink: /home/nvidia/master_ws/install/velodyne_laserscan/share/velodyne_laserscan/cmake/velodyne_laserscanConfig.cmake
[3.225s] -- Up-to-date symlink: /home/nvidia/master_ws/install/velodyne_laserscan/share/velodyne_laserscan/cmake/velodyne_laserscanConfig-version.cmake
[3.227s] -- Up-to-date symlink: /home/nvidia/master_ws/install/velodyne_laserscan/share/velodyne_laserscan/package.xml
[3.241s] Invoked command in '/home/nvidia/master_ws/build/velodyne_laserscan' returned '0': CMAKE_PREFIX_PATH=${CMAKE_PREFIX_PATH}:/home/nvidia/master_ws/install/xbox:/home/nvidia/master_ws/install/lidar_control:/home/nvidia/master_ws/install/launch_car:/home/nvidia/master_ws/install/controller:/home/nvidia/master_ws/install/broadcaster:/home/nvidia/velodyne_drivers/install/broadcast_and_listener:/home/nvidia/velodyne_drivers/install/examples_tf2_py:/home/nvidia/velodyne_drivers/install/broadcaster:/home/nvidia/velodyne_drivers/install/test_converter:/home/nvidia/velodyne_drivers/install/py_launch_example:/home/nvidia/velodyne_drivers/install/example:/opt/ros/foxy /usr/bin/cmake --install /home/nvidia/master_ws/build/velodyne_laserscan
