[4.494s] Invoking command in '/home/nvidia/master_ws/src/lidar_control': PYTHONPATH=/home/nvidia/master_ws/build/lidar_control/prefix_override:/home/nvidia/master_ws/install/lidar_control/lib/python3.8/site-packages:${PYTHONPATH} /usr/bin/python3 -W ignore:setup.py install is deprecated setup.py egg_info --egg-base ../../build/lidar_control build --build-base /home/nvidia/master_ws/build/lidar_control/build install --record /home/nvidia/master_ws/build/lidar_control/install.log --install-scripts $base/lib/lidar_control --single-version-externally-managed install_data
[5.668s] running egg_info
[5.671s] writing ../../build/lidar_control/lidar_control.egg-info/PKG-INFO
[5.672s] writing dependency_links to ../../build/lidar_control/lidar_control.egg-info/dependency_links.txt
[5.674s] writing entry points to ../../build/lidar_control/lidar_control.egg-info/entry_points.txt
[5.675s] writing requirements to ../../build/lidar_control/lidar_control.egg-info/requires.txt
[5.675s] writing top-level names to ../../build/lidar_control/lidar_control.egg-info/top_level.txt
[5.844s] reading manifest file '../../build/lidar_control/lidar_control.egg-info/SOURCES.txt'
[5.848s] writing manifest file '../../build/lidar_control/lidar_control.egg-info/SOURCES.txt'
[5.849s] running build
[5.852s] running build_py
[5.853s] copying lidar_control/lidar_control.py -> /home/nvidia/master_ws/build/lidar_control/build/lib/lidar_control
[5.856s] running install
[5.856s] running install_lib
[5.858s] copying /home/nvidia/master_ws/build/lidar_control/build/lib/lidar_control/lidar_control.py -> /home/nvidia/master_ws/install/lidar_control/lib/python3.8/site-packages/lidar_control
[5.860s] byte-compiling /home/nvidia/master_ws/install/lidar_control/lib/python3.8/site-packages/lidar_control/lidar_control.py to lidar_control.cpython-38.pyc
[5.870s] running install_data
[5.871s] running install_egg_info
[5.881s] removing '/home/nvidia/master_ws/install/lidar_control/lib/python3.8/site-packages/lidar_control-0.0.0-py3.8.egg-info' (and everything under it)
[5.883s] Copying ../../build/lidar_control/lidar_control.egg-info to /home/nvidia/master_ws/install/lidar_control/lib/python3.8/site-packages/lidar_control-0.0.0-py3.8.egg-info
[5.890s] running install_scripts
[5.962s] Installing lidar_control script to /home/nvidia/master_ws/install/lidar_control/lib/lidar_control
[5.964s] writing list of installed files to '/home/nvidia/master_ws/build/lidar_control/install.log'
[6.056s] Invoked command in '/home/nvidia/master_ws/src/lidar_control' returned '0': PYTHONPATH=/home/nvidia/master_ws/build/lidar_control/prefix_override:/home/nvidia/master_ws/install/lidar_control/lib/python3.8/site-packages:${PYTHONPATH} /usr/bin/python3 -W ignore:setup.py install is deprecated setup.py egg_info --egg-base ../../build/lidar_control build --build-base /home/nvidia/master_ws/build/lidar_control/build install --record /home/nvidia/master_ws/build/lidar_control/install.log --install-scripts $base/lib/lidar_control --single-version-externally-managed install_data
