[3.015s] Invoking command in '/home/nvidia/master_ws/src/xbox': PYTHONPATH=/home/nvidia/master_ws/build/xbox/prefix_override:/home/nvidia/master_ws/install/xbox/lib/python3.8/site-packages:${PYTHONPATH} /usr/bin/python3 -W ignore:setup.py install is deprecated setup.py egg_info --egg-base ../../build/xbox build --build-base /home/nvidia/master_ws/build/xbox/build install --record /home/nvidia/master_ws/build/xbox/install.log --install-scripts $base/lib/xbox --single-version-externally-managed install_data
[4.081s] running egg_info
[4.083s] writing ../../build/xbox/xbox.egg-info/PKG-INFO
[4.085s] writing dependency_links to ../../build/xbox/xbox.egg-info/dependency_links.txt
[4.086s] writing entry points to ../../build/xbox/xbox.egg-info/entry_points.txt
[4.088s] writing requirements to ../../build/xbox/xbox.egg-info/requires.txt
[4.088s] writing top-level names to ../../build/xbox/xbox.egg-info/top_level.txt
[4.228s] reading manifest file '../../build/xbox/xbox.egg-info/SOURCES.txt'
[4.231s] writing manifest file '../../build/xbox/xbox.egg-info/SOURCES.txt'
[4.232s] running build
[4.232s] running build_py
[4.233s] copying xbox/control.py -> /home/nvidia/master_ws/build/xbox/build/lib/xbox
[4.234s] running install
[4.237s] running install_lib
[4.241s] copying /home/nvidia/master_ws/build/xbox/build/lib/xbox/control.py -> /home/nvidia/master_ws/install/xbox/lib/python3.8/site-packages/xbox
[4.244s] byte-compiling /home/nvidia/master_ws/install/xbox/lib/python3.8/site-packages/xbox/control.py to control.cpython-38.pyc
[4.253s] running install_data
[4.253s] running install_egg_info
[4.260s] removing '/home/nvidia/master_ws/install/xbox/lib/python3.8/site-packages/xbox-0.0.0-py3.8.egg-info' (and everything under it)
[4.261s] Copying ../../build/xbox/xbox.egg-info to /home/nvidia/master_ws/install/xbox/lib/python3.8/site-packages/xbox-0.0.0-py3.8.egg-info
[4.265s] running install_scripts
[4.332s] Installing control script to /home/nvidia/master_ws/install/xbox/lib/xbox
[4.333s] writing list of installed files to '/home/nvidia/master_ws/build/xbox/install.log'
[4.419s] Invoked command in '/home/nvidia/master_ws/src/xbox' returned '0': PYTHONPATH=/home/nvidia/master_ws/build/xbox/prefix_override:/home/nvidia/master_ws/install/xbox/lib/python3.8/site-packages:${PYTHONPATH} /usr/bin/python3 -W ignore:setup.py install is deprecated setup.py egg_info --egg-base ../../build/xbox build --build-base /home/nvidia/master_ws/build/xbox/build install --record /home/nvidia/master_ws/build/xbox/install.log --install-scripts $base/lib/xbox --single-version-externally-managed install_data
