[1.173s] DEBUG:colcon:Command line arguments: ['/usr/bin/colcon', 'build', '--packages-select', 'xbox']
[1.174s] DEBUG:colcon:Parsed command line arguments: Namespace(allow_overriding=[], ament_cmake_args=None, base_paths=['.'], build_base='build', catkin_cmake_args=None, catkin_skip_building_tests=False, cmake_args=None, cmake_clean_cache=False, cmake_clean_first=False, cmake_force_configure=False, cmake_target=None, cmake_target_skip_unavailable=False, continue_on_error=False, event_handlers=None, executor='parallel', ignore_user_meta=False, install_base='install', log_base=None, log_level=None, main=<bound method BuildVerb.main of <colcon_core.verb.build.BuildVerb object at 0xffffb4aef910>>, merge_install=False, metas=['./colcon.meta'], packages_above=None, packages_above_and_dependencies=None, packages_above_depth=None, packages_end=None, packages_ignore=None, packages_ignore_regex=None, packages_select=['xbox'], packages_select_build_failed=False, packages_select_by_dep=None, packages_select_regex=None, packages_select_test_failures=False, packages_skip=None, packages_skip_build_finished=False, packages_skip_by_dep=None, packages_skip_regex=None, packages_skip_test_passed=False, packages_skip_up_to=None, packages_start=None, packages_up_to=None, packages_up_to_regex=None, parallel_workers=6, paths=None, symlink_install=False, test_result_base=None, verb_extension=<colcon_core.verb.build.BuildVerb object at 0xffffb4aef910>, verb_name='build', verb_parser=<colcon_defaults.argument_parser.defaults.DefaultArgumentsDecorator object at 0xffffb4b00040>)
[2.199s] Level 1:colcon.colcon_core.package_discovery:discover_packages(colcon_meta) check parameters
[2.200s] Level 1:colcon.colcon_core.package_discovery:discover_packages(recursive) check parameters
[2.200s] Level 1:colcon.colcon_core.package_discovery:discover_packages(ignore) check parameters
[2.200s] Level 1:colcon.colcon_core.package_discovery:discover_packages(path) check parameters
[2.200s] Level 1:colcon.colcon_core.package_discovery:discover_packages(colcon_meta) discover
[2.202s] Level 1:colcon.colcon_core.package_discovery:discover_packages(recursive) discover
[2.202s] INFO:colcon.colcon_core.package_discovery:Crawling recursively for packages in '/home/nvidia/master_ws'
[2.203s] Level 1:colcon.colcon_core.package_identification:_identify(.) by extensions ['ignore', 'ignore_ament_install']
[2.203s] Level 1:colcon.colcon_core.package_identification:_identify(.) by extension 'ignore'
[2.204s] Level 1:colcon.colcon_core.package_identification:_identify(.) by extension 'ignore_ament_install'
[2.204s] Level 1:colcon.colcon_core.package_identification:_identify(.) by extensions ['colcon_pkg']
[2.204s] Level 1:colcon.colcon_core.package_identification:_identify(.) by extension 'colcon_pkg'
[2.204s] Level 1:colcon.colcon_core.package_identification:_identify(.) by extensions ['colcon_meta']
[2.204s] Level 1:colcon.colcon_core.package_identification:_identify(.) by extension 'colcon_meta'
[2.205s] Level 1:colcon.colcon_core.package_identification:_identify(.) by extensions ['ros']
[2.205s] Level 1:colcon.colcon_core.package_identification:_identify(.) by extension 'ros'
[2.271s] Level 1:colcon.colcon_core.package_identification:_identify(.) by extensions ['cmake', 'python']
[2.272s] Level 1:colcon.colcon_core.package_identification:_identify(.) by extension 'cmake'
[2.272s] Level 1:colcon.colcon_core.package_identification:_identify(.) by extension 'python'
[2.272s] Level 1:colcon.colcon_core.package_identification:_identify(.) by extensions ['python_setup_py']
[2.272s] Level 1:colcon.colcon_core.package_identification:_identify(.) by extension 'python_setup_py'
[2.273s] Level 1:colcon.colcon_core.package_identification:_identify(build) by extensions ['ignore', 'ignore_ament_install']
[2.273s] Level 1:colcon.colcon_core.package_identification:_identify(build) by extension 'ignore'
[2.274s] Level 1:colcon.colcon_core.package_identification:_identify(build) ignored
[2.275s] Level 1:colcon.colcon_core.package_identification:_identify(install) by extensions ['ignore', 'ignore_ament_install']
[2.275s] Level 1:colcon.colcon_core.package_identification:_identify(install) by extension 'ignore'
[2.275s] Level 1:colcon.colcon_core.package_identification:_identify(install) ignored
[2.277s] Level 1:colcon.colcon_core.package_identification:_identify(log) by extensions ['ignore', 'ignore_ament_install']
[2.278s] Level 1:colcon.colcon_core.package_identification:_identify(log) by extension 'ignore'
[2.278s] Level 1:colcon.colcon_core.package_identification:_identify(log) ignored
[2.279s] Level 1:colcon.colcon_core.package_identification:_identify(src) by extensions ['ignore', 'ignore_ament_install']
[2.279s] Level 1:colcon.colcon_core.package_identification:_identify(src) by extension 'ignore'
[2.279s] Level 1:colcon.colcon_core.package_identification:_identify(src) by extension 'ignore_ament_install'
[2.280s] Level 1:colcon.colcon_core.package_identification:_identify(src) by extensions ['colcon_pkg']
[2.280s] Level 1:colcon.colcon_core.package_identification:_identify(src) by extension 'colcon_pkg'
[2.280s] Level 1:colcon.colcon_core.package_identification:_identify(src) by extensions ['colcon_meta']
[2.280s] Level 1:colcon.colcon_core.package_identification:_identify(src) by extension 'colcon_meta'
[2.280s] Level 1:colcon.colcon_core.package_identification:_identify(src) by extensions ['ros']
[2.281s] Level 1:colcon.colcon_core.package_identification:_identify(src) by extension 'ros'
[2.281s] Level 1:colcon.colcon_core.package_identification:_identify(src) by extensions ['cmake', 'python']
[2.281s] Level 1:colcon.colcon_core.package_identification:_identify(src) by extension 'cmake'
[2.282s] Level 1:colcon.colcon_core.package_identification:_identify(src) by extension 'python'
[2.282s] Level 1:colcon.colcon_core.package_identification:_identify(src) by extensions ['python_setup_py']
[2.282s] Level 1:colcon.colcon_core.package_identification:_identify(src) by extension 'python_setup_py'
[2.283s] Level 1:colcon.colcon_core.package_identification:_identify(src/broadcaster) by extensions ['ignore', 'ignore_ament_install']
[2.283s] Level 1:colcon.colcon_core.package_identification:_identify(src/broadcaster) by extension 'ignore'
[2.283s] Level 1:colcon.colcon_core.package_identification:_identify(src/broadcaster) by extension 'ignore_ament_install'
[2.284s] Level 1:colcon.colcon_core.package_identification:_identify(src/broadcaster) by extensions ['colcon_pkg']
[2.284s] Level 1:colcon.colcon_core.package_identification:_identify(src/broadcaster) by extension 'colcon_pkg'
[2.284s] Level 1:colcon.colcon_core.package_identification:_identify(src/broadcaster) by extensions ['colcon_meta']
[2.284s] Level 1:colcon.colcon_core.package_identification:_identify(src/broadcaster) by extension 'colcon_meta'
[2.285s] Level 1:colcon.colcon_core.package_identification:_identify(src/broadcaster) by extensions ['ros']
[2.285s] Level 1:colcon.colcon_core.package_identification:_identify(src/broadcaster) by extension 'ros'
[2.299s] DEBUG:colcon.colcon_core.package_identification:Package 'src/broadcaster' with type 'ros.ament_python' and name 'broadcaster'
[2.300s] Level 1:colcon.colcon_core.package_identification:_identify(src/launch_ws) by extensions ['ignore', 'ignore_ament_install']
[2.301s] Level 1:colcon.colcon_core.package_identification:_identify(src/launch_ws) by extension 'ignore'
[2.301s] Level 1:colcon.colcon_core.package_identification:_identify(src/launch_ws) by extension 'ignore_ament_install'
[2.301s] Level 1:colcon.colcon_core.package_identification:_identify(src/launch_ws) by extensions ['colcon_pkg']
[2.302s] Level 1:colcon.colcon_core.package_identification:_identify(src/launch_ws) by extension 'colcon_pkg'
[2.302s] Level 1:colcon.colcon_core.package_identification:_identify(src/launch_ws) by extensions ['colcon_meta']
[2.302s] Level 1:colcon.colcon_core.package_identification:_identify(src/launch_ws) by extension 'colcon_meta'
[2.302s] Level 1:colcon.colcon_core.package_identification:_identify(src/launch_ws) by extensions ['ros']
[2.303s] Level 1:colcon.colcon_core.package_identification:_identify(src/launch_ws) by extension 'ros'
[2.303s] Level 1:colcon.colcon_core.package_identification:_identify(src/launch_ws) by extensions ['cmake', 'python']
[2.303s] Level 1:colcon.colcon_core.package_identification:_identify(src/launch_ws) by extension 'cmake'
[2.304s] Level 1:colcon.colcon_core.package_identification:_identify(src/launch_ws) by extension 'python'
[2.304s] Level 1:colcon.colcon_core.package_identification:_identify(src/launch_ws) by extensions ['python_setup_py']
[2.304s] Level 1:colcon.colcon_core.package_identification:_identify(src/launch_ws) by extension 'python_setup_py'
[2.305s] Level 1:colcon.colcon_core.package_identification:_identify(src/launch_ws/src) by extensions ['ignore', 'ignore_ament_install']
[2.305s] Level 1:colcon.colcon_core.package_identification:_identify(src/launch_ws/src) by extension 'ignore'
[2.305s] Level 1:colcon.colcon_core.package_identification:_identify(src/launch_ws/src) by extension 'ignore_ament_install'
[2.306s] Level 1:colcon.colcon_core.package_identification:_identify(src/launch_ws/src) by extensions ['colcon_pkg']
[2.306s] Level 1:colcon.colcon_core.package_identification:_identify(src/launch_ws/src) by extension 'colcon_pkg'
[2.306s] Level 1:colcon.colcon_core.package_identification:_identify(src/launch_ws/src) by extensions ['colcon_meta']
[2.306s] Level 1:colcon.colcon_core.package_identification:_identify(src/launch_ws/src) by extension 'colcon_meta'
[2.307s] Level 1:colcon.colcon_core.package_identification:_identify(src/launch_ws/src) by extensions ['ros']
[2.307s] Level 1:colcon.colcon_core.package_identification:_identify(src/launch_ws/src) by extension 'ros'
[2.307s] Level 1:colcon.colcon_core.package_identification:_identify(src/launch_ws/src) by extensions ['cmake', 'python']
[2.308s] Level 1:colcon.colcon_core.package_identification:_identify(src/launch_ws/src) by extension 'cmake'
[2.308s] Level 1:colcon.colcon_core.package_identification:_identify(src/launch_ws/src) by extension 'python'
[2.308s] Level 1:colcon.colcon_core.package_identification:_identify(src/launch_ws/src) by extensions ['python_setup_py']
[2.308s] Level 1:colcon.colcon_core.package_identification:_identify(src/launch_ws/src) by extension 'python_setup_py'
[2.309s] Level 1:colcon.colcon_core.package_identification:_identify(src/launch_ws/src/launch_car) by extensions ['ignore', 'ignore_ament_install']
[2.309s] Level 1:colcon.colcon_core.package_identification:_identify(src/launch_ws/src/launch_car) by extension 'ignore'
[2.310s] Level 1:colcon.colcon_core.package_identification:_identify(src/launch_ws/src/launch_car) by extension 'ignore_ament_install'
[2.310s] Level 1:colcon.colcon_core.package_identification:_identify(src/launch_ws/src/launch_car) by extensions ['colcon_pkg']
[2.310s] Level 1:colcon.colcon_core.package_identification:_identify(src/launch_ws/src/launch_car) by extension 'colcon_pkg'
[2.311s] Level 1:colcon.colcon_core.package_identification:_identify(src/launch_ws/src/launch_car) by extensions ['colcon_meta']
[2.311s] Level 1:colcon.colcon_core.package_identification:_identify(src/launch_ws/src/launch_car) by extension 'colcon_meta'
[2.311s] Level 1:colcon.colcon_core.package_identification:_identify(src/launch_ws/src/launch_car) by extensions ['ros']
[2.312s] Level 1:colcon.colcon_core.package_identification:_identify(src/launch_ws/src/launch_car) by extension 'ros'
[2.314s] DEBUG:colcon.colcon_core.package_identification:Package 'src/launch_ws/src/launch_car' with type 'ros.ament_python' and name 'launch_car'
[2.315s] Level 1:colcon.colcon_core.package_identification:_identify(src/lidar) by extensions ['ignore', 'ignore_ament_install']
[2.316s] Level 1:colcon.colcon_core.package_identification:_identify(src/lidar) by extension 'ignore'
[2.316s] Level 1:colcon.colcon_core.package_identification:_identify(src/lidar) by extension 'ignore_ament_install'
[2.316s] Level 1:colcon.colcon_core.package_identification:_identify(src/lidar) by extensions ['colcon_pkg']
[2.316s] Level 1:colcon.colcon_core.package_identification:_identify(src/lidar) by extension 'colcon_pkg'
[2.317s] Level 1:colcon.colcon_core.package_identification:_identify(src/lidar) by extensions ['colcon_meta']
[2.317s] Level 1:colcon.colcon_core.package_identification:_identify(src/lidar) by extension 'colcon_meta'
[2.317s] Level 1:colcon.colcon_core.package_identification:_identify(src/lidar) by extensions ['ros']
[2.317s] Level 1:colcon.colcon_core.package_identification:_identify(src/lidar) by extension 'ros'
[2.322s] DEBUG:colcon.colcon_core.package_identification:Package 'src/lidar' with type 'ros.ament_cmake' and name 'lidar'
[2.323s] Level 1:colcon.colcon_core.package_identification:_identify(src/lidar_control) by extensions ['ignore', 'ignore_ament_install']
[2.324s] Level 1:colcon.colcon_core.package_identification:_identify(src/lidar_control) by extension 'ignore'
[2.324s] Level 1:colcon.colcon_core.package_identification:_identify(src/lidar_control) by extension 'ignore_ament_install'
[2.324s] Level 1:colcon.colcon_core.package_identification:_identify(src/lidar_control) by extensions ['colcon_pkg']
[2.324s] Level 1:colcon.colcon_core.package_identification:_identify(src/lidar_control) by extension 'colcon_pkg'
[2.325s] Level 1:colcon.colcon_core.package_identification:_identify(src/lidar_control) by extensions ['colcon_meta']
[2.325s] Level 1:colcon.colcon_core.package_identification:_identify(src/lidar_control) by extension 'colcon_meta'
[2.325s] Level 1:colcon.colcon_core.package_identification:_identify(src/lidar_control) by extensions ['ros']
[2.325s] Level 1:colcon.colcon_core.package_identification:_identify(src/lidar_control) by extension 'ros'
[2.331s] DEBUG:colcon.colcon_core.package_identification:Package 'src/lidar_control' with type 'ros.ament_python' and name 'lidar_control'
[2.331s] Level 1:colcon.colcon_core.package_identification:_identify(src/listener) by extensions ['ignore', 'ignore_ament_install']
[2.332s] Level 1:colcon.colcon_core.package_identification:_identify(src/listener) by extension 'ignore'
[2.332s] Level 1:colcon.colcon_core.package_identification:_identify(src/listener) by extension 'ignore_ament_install'
[2.333s] Level 1:colcon.colcon_core.package_identification:_identify(src/listener) by extensions ['colcon_pkg']
[2.333s] Level 1:colcon.colcon_core.package_identification:_identify(src/listener) by extension 'colcon_pkg'
[2.333s] Level 1:colcon.colcon_core.package_identification:_identify(src/listener) by extensions ['colcon_meta']
[2.333s] Level 1:colcon.colcon_core.package_identification:_identify(src/listener) by extension 'colcon_meta'
[2.334s] Level 1:colcon.colcon_core.package_identification:_identify(src/listener) by extensions ['ros']
[2.334s] Level 1:colcon.colcon_core.package_identification:_identify(src/listener) by extension 'ros'
[2.339s] DEBUG:colcon.colcon_core.package_identification:Package 'src/listener' with type 'ros.ament_cmake' and name 'listener'
[2.340s] Level 1:colcon.colcon_core.package_identification:_identify(src/plane_fitter) by extensions ['ignore', 'ignore_ament_install']
[2.340s] Level 1:colcon.colcon_core.package_identification:_identify(src/plane_fitter) by extension 'ignore'
[2.341s] Level 1:colcon.colcon_core.package_identification:_identify(src/plane_fitter) by extension 'ignore_ament_install'
[2.341s] Level 1:colcon.colcon_core.package_identification:_identify(src/plane_fitter) by extensions ['colcon_pkg']
[2.341s] Level 1:colcon.colcon_core.package_identification:_identify(src/plane_fitter) by extension 'colcon_pkg'
[2.341s] Level 1:colcon.colcon_core.package_identification:_identify(src/plane_fitter) by extensions ['colcon_meta']
[2.342s] Level 1:colcon.colcon_core.package_identification:_identify(src/plane_fitter) by extension 'colcon_meta'
[2.342s] Level 1:colcon.colcon_core.package_identification:_identify(src/plane_fitter) by extensions ['ros']
[2.342s] Level 1:colcon.colcon_core.package_identification:_identify(src/plane_fitter) by extension 'ros'
[2.347s] DEBUG:colcon.colcon_core.package_identification:Package 'src/plane_fitter' with type 'ros.ament_cmake' and name 'plane_fitter'
[2.347s] Level 1:colcon.colcon_core.package_identification:_identify(src/realsense_control) by extensions ['ignore', 'ignore_ament_install']
[2.348s] Level 1:colcon.colcon_core.package_identification:_identify(src/realsense_control) by extension 'ignore'
[2.348s] Level 1:colcon.colcon_core.package_identification:_identify(src/realsense_control) by extension 'ignore_ament_install'
[2.348s] Level 1:colcon.colcon_core.package_identification:_identify(src/realsense_control) by extensions ['colcon_pkg']
[2.349s] Level 1:colcon.colcon_core.package_identification:_identify(src/realsense_control) by extension 'colcon_pkg'
[2.349s] Level 1:colcon.colcon_core.package_identification:_identify(src/realsense_control) by extensions ['colcon_meta']
[2.349s] Level 1:colcon.colcon_core.package_identification:_identify(src/realsense_control) by extension 'colcon_meta'
[2.350s] Level 1:colcon.colcon_core.package_identification:_identify(src/realsense_control) by extensions ['ros']
[2.350s] Level 1:colcon.colcon_core.package_identification:_identify(src/realsense_control) by extension 'ros'
[2.353s] DEBUG:colcon.colcon_core.package_identification:Package 'src/realsense_control' with type 'ros.ament_cmake' and name 'realsense_control'
[2.354s] Level 1:colcon.colcon_core.package_identification:_identify(src/velodyne) by extensions ['ignore', 'ignore_ament_install']
[2.354s] Level 1:colcon.colcon_core.package_identification:_identify(src/velodyne) by extension 'ignore'
[2.355s] Level 1:colcon.colcon_core.package_identification:_identify(src/velodyne) by extension 'ignore_ament_install'
[2.355s] Level 1:colcon.colcon_core.package_identification:_identify(src/velodyne) by extensions ['colcon_pkg']
[2.355s] Level 1:colcon.colcon_core.package_identification:_identify(src/velodyne) by extension 'colcon_pkg'
[2.356s] Level 1:colcon.colcon_core.package_identification:_identify(src/velodyne) by extensions ['colcon_meta']
[2.356s] Level 1:colcon.colcon_core.package_identification:_identify(src/velodyne) by extension 'colcon_meta'
[2.356s] Level 1:colcon.colcon_core.package_identification:_identify(src/velodyne) by extensions ['ros']
[2.356s] Level 1:colcon.colcon_core.package_identification:_identify(src/velodyne) by extension 'ros'
[2.357s] Level 1:colcon.colcon_core.package_identification:_identify(src/velodyne) by extensions ['cmake', 'python']
[2.357s] Level 1:colcon.colcon_core.package_identification:_identify(src/velodyne) by extension 'cmake'
[2.357s] Level 1:colcon.colcon_core.package_identification:_identify(src/velodyne) by extension 'python'
[2.357s] Level 1:colcon.colcon_core.package_identification:_identify(src/velodyne) by extensions ['python_setup_py']
[2.358s] Level 1:colcon.colcon_core.package_identification:_identify(src/velodyne) by extension 'python_setup_py'
[2.358s] Level 1:colcon.colcon_core.package_identification:_identify(src/velodyne/velodyne) by extensions ['ignore', 'ignore_ament_install']
[2.359s] Level 1:colcon.colcon_core.package_identification:_identify(src/velodyne/velodyne) by extension 'ignore'
[2.359s] Level 1:colcon.colcon_core.package_identification:_identify(src/velodyne/velodyne) by extension 'ignore_ament_install'
[2.360s] Level 1:colcon.colcon_core.package_identification:_identify(src/velodyne/velodyne) by extensions ['colcon_pkg']
[2.360s] Level 1:colcon.colcon_core.package_identification:_identify(src/velodyne/velodyne) by extension 'colcon_pkg'
[2.360s] Level 1:colcon.colcon_core.package_identification:_identify(src/velodyne/velodyne) by extensions ['colcon_meta']
[2.360s] Level 1:colcon.colcon_core.package_identification:_identify(src/velodyne/velodyne) by extension 'colcon_meta'
[2.360s] Level 1:colcon.colcon_core.package_identification:_identify(src/velodyne/velodyne) by extensions ['ros']
[2.361s] Level 1:colcon.colcon_core.package_identification:_identify(src/velodyne/velodyne) by extension 'ros'
[2.364s] DEBUG:colcon.colcon_core.package_identification:Package 'src/velodyne/velodyne' with type 'ros.ament_cmake' and name 'velodyne'
[2.364s] Level 1:colcon.colcon_core.package_identification:_identify(src/velodyne/velodyne_driver) by extensions ['ignore', 'ignore_ament_install']
[2.365s] Level 1:colcon.colcon_core.package_identification:_identify(src/velodyne/velodyne_driver) by extension 'ignore'
[2.365s] Level 1:colcon.colcon_core.package_identification:_identify(src/velodyne/velodyne_driver) by extension 'ignore_ament_install'
[2.365s] Level 1:colcon.colcon_core.package_identification:_identify(src/velodyne/velodyne_driver) by extensions ['colcon_pkg']
[2.366s] Level 1:colcon.colcon_core.package_identification:_identify(src/velodyne/velodyne_driver) by extension 'colcon_pkg'
[2.366s] Level 1:colcon.colcon_core.package_identification:_identify(src/velodyne/velodyne_driver) by extensions ['colcon_meta']
[2.366s] Level 1:colcon.colcon_core.package_identification:_identify(src/velodyne/velodyne_driver) by extension 'colcon_meta'
[2.366s] Level 1:colcon.colcon_core.package_identification:_identify(src/velodyne/velodyne_driver) by extensions ['ros']
[2.366s] Level 1:colcon.colcon_core.package_identification:_identify(src/velodyne/velodyne_driver) by extension 'ros'
[2.373s] DEBUG:colcon.colcon_core.package_identification:Package 'src/velodyne/velodyne_driver' with type 'ros.ament_cmake' and name 'velodyne_driver'
[2.373s] Level 1:colcon.colcon_core.package_identification:_identify(src/velodyne/velodyne_laserscan) by extensions ['ignore', 'ignore_ament_install']
[2.374s] Level 1:colcon.colcon_core.package_identification:_identify(src/velodyne/velodyne_laserscan) by extension 'ignore'
[2.374s] Level 1:colcon.colcon_core.package_identification:_identify(src/velodyne/velodyne_laserscan) by extension 'ignore_ament_install'
[2.374s] Level 1:colcon.colcon_core.package_identification:_identify(src/velodyne/velodyne_laserscan) by extensions ['colcon_pkg']
[2.374s] Level 1:colcon.colcon_core.package_identification:_identify(src/velodyne/velodyne_laserscan) by extension 'colcon_pkg'
[2.375s] Level 1:colcon.colcon_core.package_identification:_identify(src/velodyne/velodyne_laserscan) by extensions ['colcon_meta']
[2.375s] Level 1:colcon.colcon_core.package_identification:_identify(src/velodyne/velodyne_laserscan) by extension 'colcon_meta'
[2.375s] Level 1:colcon.colcon_core.package_identification:_identify(src/velodyne/velodyne_laserscan) by extensions ['ros']
[2.375s] Level 1:colcon.colcon_core.package_identification:_identify(src/velodyne/velodyne_laserscan) by extension 'ros'
[2.379s] DEBUG:colcon.colcon_core.package_identification:Package 'src/velodyne/velodyne_laserscan' with type 'ros.ament_cmake' and name 'velodyne_laserscan'
[2.380s] Level 1:colcon.colcon_core.package_identification:_identify(src/velodyne/velodyne_msgs) by extensions ['ignore', 'ignore_ament_install']
[2.381s] Level 1:colcon.colcon_core.package_identification:_identify(src/velodyne/velodyne_msgs) by extension 'ignore'
[2.381s] Level 1:colcon.colcon_core.package_identification:_identify(src/velodyne/velodyne_msgs) by extension 'ignore_ament_install'
[2.382s] Level 1:colcon.colcon_core.package_identification:_identify(src/velodyne/velodyne_msgs) by extensions ['colcon_pkg']
[2.382s] Level 1:colcon.colcon_core.package_identification:_identify(src/velodyne/velodyne_msgs) by extension 'colcon_pkg'
[2.382s] Level 1:colcon.colcon_core.package_identification:_identify(src/velodyne/velodyne_msgs) by extensions ['colcon_meta']
[2.382s] Level 1:colcon.colcon_core.package_identification:_identify(src/velodyne/velodyne_msgs) by extension 'colcon_meta'
[2.383s] Level 1:colcon.colcon_core.package_identification:_identify(src/velodyne/velodyne_msgs) by extensions ['ros']
[2.383s] Level 1:colcon.colcon_core.package_identification:_identify(src/velodyne/velodyne_msgs) by extension 'ros'
[2.387s] DEBUG:colcon.colcon_core.package_identification:Package 'src/velodyne/velodyne_msgs' with type 'ros.ament_cmake' and name 'velodyne_msgs'
[2.388s] Level 1:colcon.colcon_core.package_identification:_identify(src/velodyne/velodyne_pointcloud) by extensions ['ignore', 'ignore_ament_install']
[2.388s] Level 1:colcon.colcon_core.package_identification:_identify(src/velodyne/velodyne_pointcloud) by extension 'ignore'
[2.389s] Level 1:colcon.colcon_core.package_identification:_identify(src/velodyne/velodyne_pointcloud) by extension 'ignore_ament_install'
[2.389s] Level 1:colcon.colcon_core.package_identification:_identify(src/velodyne/velodyne_pointcloud) by extensions ['colcon_pkg']
[2.389s] Level 1:colcon.colcon_core.package_identification:_identify(src/velodyne/velodyne_pointcloud) by extension 'colcon_pkg'
[2.390s] Level 1:colcon.colcon_core.package_identification:_identify(src/velodyne/velodyne_pointcloud) by extensions ['colcon_meta']
[2.390s] Level 1:colcon.colcon_core.package_identification:_identify(src/velodyne/velodyne_pointcloud) by extension 'colcon_meta'
[2.390s] Level 1:colcon.colcon_core.package_identification:_identify(src/velodyne/velodyne_pointcloud) by extensions ['ros']
[2.390s] Level 1:colcon.colcon_core.package_identification:_identify(src/velodyne/velodyne_pointcloud) by extension 'ros'
[2.399s] DEBUG:colcon.colcon_core.package_identification:Package 'src/velodyne/velodyne_pointcloud' with type 'ros.ament_cmake' and name 'velodyne_pointcloud'
[2.400s] Level 1:colcon.colcon_core.package_identification:_identify(src/xbox) by extensions ['ignore', 'ignore_ament_install']
[2.401s] Level 1:colcon.colcon_core.package_identification:_identify(src/xbox) by extension 'ignore'
[2.401s] Level 1:colcon.colcon_core.package_identification:_identify(src/xbox) by extension 'ignore_ament_install'
[2.401s] Level 1:colcon.colcon_core.package_identification:_identify(src/xbox) by extensions ['colcon_pkg']
[2.402s] Level 1:colcon.colcon_core.package_identification:_identify(src/xbox) by extension 'colcon_pkg'
[2.402s] Level 1:colcon.colcon_core.package_identification:_identify(src/xbox) by extensions ['colcon_meta']
[2.402s] Level 1:colcon.colcon_core.package_identification:_identify(src/xbox) by extension 'colcon_meta'
[2.403s] Level 1:colcon.colcon_core.package_identification:_identify(src/xbox) by extensions ['ros']
[2.403s] Level 1:colcon.colcon_core.package_identification:_identify(src/xbox) by extension 'ros'
[2.410s] DEBUG:colcon.colcon_core.package_identification:Package 'src/xbox' with type 'ros.ament_python' and name 'xbox'
[2.410s] Level 1:colcon.colcon_core.package_discovery:discover_packages(recursive) using defaults
[2.411s] Level 1:colcon.colcon_core.package_discovery:discover_packages(ignore) discover
[2.411s] Level 1:colcon.colcon_core.package_discovery:discover_packages(ignore) using defaults
[2.411s] Level 1:colcon.colcon_core.package_discovery:discover_packages(path) discover
[2.411s] Level 1:colcon.colcon_core.package_discovery:discover_packages(path) using defaults
[2.552s] INFO:colcon.colcon_core.package_selection:Skipping not selected package 'broadcaster' in 'src/broadcaster'
[2.552s] INFO:colcon.colcon_core.package_selection:Skipping not selected package 'launch_car' in 'src/launch_ws/src/launch_car'
[2.553s] INFO:colcon.colcon_core.package_selection:Skipping not selected package 'lidar' in 'src/lidar'
[2.553s] INFO:colcon.colcon_core.package_selection:Skipping not selected package 'lidar_control' in 'src/lidar_control'
[2.553s] INFO:colcon.colcon_core.package_selection:Skipping not selected package 'listener' in 'src/listener'
[2.553s] INFO:colcon.colcon_core.package_selection:Skipping not selected package 'plane_fitter' in 'src/plane_fitter'
[2.553s] INFO:colcon.colcon_core.package_selection:Skipping not selected package 'realsense_control' in 'src/realsense_control'
[2.554s] INFO:colcon.colcon_core.package_selection:Skipping not selected package 'velodyne_laserscan' in 'src/velodyne/velodyne_laserscan'
[2.554s] INFO:colcon.colcon_core.package_selection:Skipping not selected package 'velodyne_msgs' in 'src/velodyne/velodyne_msgs'
[2.554s] INFO:colcon.colcon_core.package_selection:Skipping not selected package 'velodyne_driver' in 'src/velodyne/velodyne_driver'
[2.554s] INFO:colcon.colcon_core.package_selection:Skipping not selected package 'velodyne_pointcloud' in 'src/velodyne/velodyne_pointcloud'
[2.554s] INFO:colcon.colcon_core.package_selection:Skipping not selected package 'velodyne' in 'src/velodyne/velodyne'
[2.557s] Level 1:colcon.colcon_core.package_discovery:discover_packages(prefix_path) check parameters
[2.557s] Level 1:colcon.colcon_core.package_discovery:discover_packages(prefix_path) discover
[2.574s] DEBUG:colcon.colcon_installed_package_information.package_discovery:Found 13 installed packages in /home/nvidia/master_ws/install
[2.578s] DEBUG:colcon.colcon_installed_package_information.package_discovery:Found 1 installed packages in /home/nvidia/install
[2.592s] DEBUG:colcon.colcon_installed_package_information.package_discovery:Found 349 installed packages in /opt/ros/foxy
[2.607s] Level 1:colcon.colcon_core.package_discovery:discover_packages(prefix_path) using defaults
[3.058s] Level 5:colcon.colcon_core.verb:set package 'xbox' build argument 'cmake_args' from command line to 'None'
[3.059s] Level 5:colcon.colcon_core.verb:set package 'xbox' build argument 'cmake_target' from command line to 'None'
[3.059s] Level 5:colcon.colcon_core.verb:set package 'xbox' build argument 'cmake_target_skip_unavailable' from command line to 'False'
[3.059s] Level 5:colcon.colcon_core.verb:set package 'xbox' build argument 'cmake_clean_cache' from command line to 'False'
[3.059s] Level 5:colcon.colcon_core.verb:set package 'xbox' build argument 'cmake_clean_first' from command line to 'False'
[3.060s] Level 5:colcon.colcon_core.verb:set package 'xbox' build argument 'cmake_force_configure' from command line to 'False'
[3.060s] Level 5:colcon.colcon_core.verb:set package 'xbox' build argument 'ament_cmake_args' from command line to 'None'
[3.060s] Level 5:colcon.colcon_core.verb:set package 'xbox' build argument 'catkin_cmake_args' from command line to 'None'
[3.060s] Level 5:colcon.colcon_core.verb:set package 'xbox' build argument 'catkin_skip_building_tests' from command line to 'False'
[3.060s] DEBUG:colcon.colcon_core.verb:Building package 'xbox' with the following arguments: {'ament_cmake_args': None, 'build_base': '/home/nvidia/master_ws/build/xbox', 'catkin_cmake_args': None, 'catkin_skip_building_tests': False, 'cmake_args': None, 'cmake_clean_cache': False, 'cmake_clean_first': False, 'cmake_force_configure': False, 'cmake_target': None, 'cmake_target_skip_unavailable': False, 'install_base': '/home/nvidia/master_ws/install/xbox', 'merge_install': False, 'path': '/home/nvidia/master_ws/src/xbox', 'symlink_install': False, 'test_result_base': None}
[3.061s] INFO:colcon.colcon_core.executor:Executing jobs using 'parallel' executor
[3.067s] DEBUG:colcon.colcon_parallel_executor.executor.parallel:run_until_complete
[3.069s] INFO:colcon.colcon_ros.task.ament_python.build:Building ROS package in '/home/nvidia/master_ws/src/xbox' with build type 'ament_python'
[3.070s] Level 1:colcon.colcon_core.shell:create_environment_hook('xbox', 'ament_prefix_path')
[3.085s] INFO:colcon.colcon_core.plugin_system:Skipping extension 'colcon_core.shell.bat': Not used on non-Windows systems
[3.086s] INFO:colcon.colcon_core.shell:Creating environment hook '/home/nvidia/master_ws/install/xbox/share/xbox/hook/ament_prefix_path.ps1'
[3.089s] INFO:colcon.colcon_core.shell:Creating environment descriptor '/home/nvidia/master_ws/install/xbox/share/xbox/hook/ament_prefix_path.dsv'
[3.092s] INFO:colcon.colcon_core.shell:Creating environment hook '/home/nvidia/master_ws/install/xbox/share/xbox/hook/ament_prefix_path.sh'
[3.096s] INFO:colcon.colcon_core.shell:Skip shell extension 'powershell' for command environment: Not usable outside of PowerShell
[3.096s] DEBUG:colcon.colcon_core.shell:Skip shell extension 'dsv' for command environment
[4.656s] INFO:colcon.colcon_core.task.python.build:Building Python package in '/home/nvidia/master_ws/src/xbox'
[4.660s] INFO:colcon.colcon_core.shell:Skip shell extension 'powershell' for command environment: Not usable outside of PowerShell
[4.660s] DEBUG:colcon.colcon_core.shell:Skip shell extension 'dsv' for command environment
[7.033s] DEBUG:colcon.colcon_core.event_handler.log_command:Invoking command in '/home/nvidia/master_ws/src/xbox': PYTHONPATH=/home/nvidia/master_ws/build/xbox/prefix_override:/home/nvidia/master_ws/install/xbox/lib/python3.8/site-packages:${PYTHONPATH} /usr/bin/python3 -W ignore:setup.py install is deprecated setup.py egg_info --egg-base ../../build/xbox build --build-base /home/nvidia/master_ws/build/xbox/build install --record /home/nvidia/master_ws/build/xbox/install.log --install-scripts $base/lib/xbox --single-version-externally-managed install_data
[8.853s] DEBUG:colcon.colcon_core.event_handler.log_command:Invoked command in '/home/nvidia/master_ws/src/xbox' returned '0': PYTHONPATH=/home/nvidia/master_ws/build/xbox/prefix_override:/home/nvidia/master_ws/install/xbox/lib/python3.8/site-packages:${PYTHONPATH} /usr/bin/python3 -W ignore:setup.py install is deprecated setup.py egg_info --egg-base ../../build/xbox build --build-base /home/nvidia/master_ws/build/xbox/build install --record /home/nvidia/master_ws/build/xbox/install.log --install-scripts $base/lib/xbox --single-version-externally-managed install_data
[8.868s] Level 1:colcon.colcon_core.environment:checking '/home/nvidia/master_ws/install/xbox' for CMake module files
[8.872s] Level 1:colcon.colcon_core.environment:checking '/home/nvidia/master_ws/install/xbox' for CMake config files
[8.877s] Level 1:colcon.colcon_core.environment:checking '/home/nvidia/master_ws/install/xbox/lib'
[8.878s] Level 1:colcon.colcon_core.environment:checking '/home/nvidia/master_ws/install/xbox/bin'
[8.878s] Level 1:colcon.colcon_core.environment:checking '/home/nvidia/master_ws/install/xbox/lib/pkgconfig/xbox.pc'
[8.880s] Level 1:colcon.colcon_core.environment:checking '/home/nvidia/master_ws/install/xbox/lib/python3.8/site-packages'
[8.880s] Level 1:colcon.colcon_core.shell:create_environment_hook('xbox', 'pythonpath')
[8.882s] INFO:colcon.colcon_core.shell:Creating environment hook '/home/nvidia/master_ws/install/xbox/share/xbox/hook/pythonpath.ps1'
[8.885s] INFO:colcon.colcon_core.shell:Creating environment descriptor '/home/nvidia/master_ws/install/xbox/share/xbox/hook/pythonpath.dsv'
[8.887s] INFO:colcon.colcon_core.shell:Creating environment hook '/home/nvidia/master_ws/install/xbox/share/xbox/hook/pythonpath.sh'
[8.889s] Level 1:colcon.colcon_core.environment:checking '/home/nvidia/master_ws/install/xbox/bin'
[8.889s] Level 1:colcon.colcon_core.environment:create_environment_scripts_only(xbox)
[8.891s] INFO:colcon.colcon_core.shell:Creating package script '/home/nvidia/master_ws/install/xbox/share/xbox/package.ps1'
[8.895s] INFO:colcon.colcon_core.shell:Creating package descriptor '/home/nvidia/master_ws/install/xbox/share/xbox/package.dsv'
[8.898s] INFO:colcon.colcon_core.shell:Creating package script '/home/nvidia/master_ws/install/xbox/share/xbox/package.sh'
[8.901s] INFO:colcon.colcon_core.shell:Creating package script '/home/nvidia/master_ws/install/xbox/share/xbox/package.bash'
[8.904s] INFO:colcon.colcon_core.shell:Creating package script '/home/nvidia/master_ws/install/xbox/share/xbox/package.zsh'
[8.908s] Level 1:colcon.colcon_core.environment:create_file_with_runtime_dependencies(/home/nvidia/master_ws/install/xbox/share/colcon-core/packages/xbox)
[8.910s] DEBUG:colcon.colcon_parallel_executor.executor.parallel:closing loop
[8.912s] DEBUG:colcon.colcon_parallel_executor.executor.parallel:loop closed
[8.913s] DEBUG:colcon.colcon_parallel_executor.executor.parallel:run_until_complete finished with '0'
[8.914s] DEBUG:colcon.colcon_core.event_reactor:joining thread
[8.951s] INFO:colcon.colcon_core.plugin_system:Skipping extension 'colcon_notification.desktop_notification.terminal_notifier': Not used on non-Darwin systems
[8.952s] INFO:colcon.colcon_core.plugin_system:Skipping extension 'colcon_notification.desktop_notification.win32': Not used on non-Windows systems
[8.952s] INFO:colcon.colcon_notification.desktop_notification:Sending desktop notification using 'notify2'
[9.030s] DEBUG:colcon.colcon_core.event_reactor:joined thread
[9.032s] INFO:colcon.colcon_core.shell:Creating prefix script '/home/nvidia/master_ws/install/local_setup.ps1'
[9.036s] INFO:colcon.colcon_core.shell:Creating prefix util module '/home/nvidia/master_ws/install/_local_setup_util_ps1.py'
[9.042s] INFO:colcon.colcon_core.shell:Creating prefix chain script '/home/nvidia/master_ws/install/setup.ps1'
[9.052s] INFO:colcon.colcon_core.shell:Creating prefix script '/home/nvidia/master_ws/install/local_setup.sh'
[9.054s] INFO:colcon.colcon_core.shell:Creating prefix util module '/home/nvidia/master_ws/install/_local_setup_util_sh.py'
[9.057s] INFO:colcon.colcon_core.shell:Creating prefix chain script '/home/nvidia/master_ws/install/setup.sh'
[9.067s] INFO:colcon.colcon_core.shell:Creating prefix script '/home/nvidia/master_ws/install/local_setup.bash'
[9.070s] INFO:colcon.colcon_core.shell:Creating prefix chain script '/home/nvidia/master_ws/install/setup.bash'
[9.079s] INFO:colcon.colcon_core.shell:Creating prefix script '/home/nvidia/master_ws/install/local_setup.zsh'
[9.082s] INFO:colcon.colcon_core.shell:Creating prefix chain script '/home/nvidia/master_ws/install/setup.zsh'
