-- The C compiler identification is GNU 9.4.0
-- The CXX compiler identification is GNU 9.4.0
-- Check for working C compiler: /usr/bin/cc
-- Check for working C compiler: /usr/bin/cc -- works
-- Detecting C compiler ABI info
-- Detecting C compiler ABI info - done
-- Detecting C compile features
-- Detecting C compile features - done
-- Check for working CXX compiler: /usr/bin/c++
-- Check for working CXX compiler: /usr/bin/c++ -- works
-- Detecting CXX compiler ABI info
-- Detecting CXX compiler ABI info - done
-- Detecting CXX compile features
-- Detecting CXX compile features - done
-- Found ament_cmake_ros: 0.9.2 (/opt/ros/foxy/share/ament_cmake_ros/cmake)
-- Found PythonInterp: /usr/bin/python3 (found suitable version "3.8.10", minimum required is "3") 
-- Using PYTHON_EXECUTABLE: /usr/bin/python3
-- Found diagnostic_msgs: 2.0.5 (/opt/ros/foxy/share/diagnostic_msgs/cmake)
-- Using all available rosidl_typesupport_c: rosidl_typesupport_fastrtps_c;rosidl_typesupport_introspection_c
-- Found rosidl_adapter: 1.3.1 (/opt/ros/foxy/share/rosidl_adapter/cmake)
-- Found OpenSSL: /usr/lib/aarch64-linux-gnu/libcrypto.so (found version "1.1.1f")  
-- Found FastRTPS: /opt/ros/foxy/include  
-- Using all available rosidl_typesupport_cpp: rosidl_typesupport_fastrtps_cpp;rosidl_typesupport_introspection_cpp
-- Found diagnostic_updater: 3.1.2 (/opt/ros/foxy/share/diagnostic_updater/cmake)
-- Found rmw_implementation_cmake: 1.0.4 (/opt/ros/foxy/share/rmw_implementation_cmake/cmake)
-- Using RMW implementation 'rmw_fastrtps_cpp' as default
-- Looking for pthread.h
-- Looking for pthread.h - found
-- Performing Test CMAKE_HAVE_LIBC_PTHREAD
-- Performing Test CMAKE_HAVE_LIBC_PTHREAD - Failed
-- Looking for pthread_create in pthreads
-- Looking for pthread_create in pthreads - not found
-- Looking for pthread_create in pthread
-- Looking for pthread_create in pthread - found
-- Found Threads: TRUE  
-- Found rclcpp_components: 2.4.3 (/opt/ros/foxy/share/rclcpp_components/cmake)
-- Found tf2_ros: 0.13.14 (/opt/ros/foxy/share/tf2_ros/cmake)
-- Found velodyne_msgs: 2.4.0 (/home/nvidia/master_ws/install/velodyne_msgs/share/velodyne_msgs/cmake)
-- Found ament_lint_auto: 0.9.8 (/opt/ros/foxy/share/ament_lint_auto/cmake)
-- Found gtest sources under '/opt/ros/foxy/src/gtest_vendor': C++ tests using 'Google Test' will be built
-- Check if compiler accepts -pthread
-- Check if compiler accepts -pthread - yes
-- Added test 'copyright' to check source files copyright and LICENSE
-- Added test 'cppcheck' to perform static code analysis on C / C++ code
-- Configured cppcheck include dirs: /home/nvidia/master_ws/src/velodyne/velodyne_driver/include
-- Configured cppcheck exclude dirs and/or files: 
-- Added test 'cpplint' to check C / C++ code against the Google style
-- Configured cpplint exclude dirs and/or files: 
-- Added test 'flake8' to check Python code syntax and style conventions
-- Added test 'lint_cmake' to check CMake code style
-- Added test 'pep257' to check Python code against some of the style conventions in PEP 257
-- Added test 'uncrustify' to check C / C++ code style
-- Configured uncrustify additional arguments: 
-- Added test 'xmllint' to check XML markup files
-- Configuring done
-- Generating done
-- Build files have been written to: /home/nvidia/master_ws/build/velodyne_driver
[35m[1mScanning dependencies of target gtest_main[0m
[35m[1mScanning dependencies of target velodyne_input[0m
[35m[1mScanning dependencies of target gtest[0m
[  8%] [32mBuilding CXX object gtest/CMakeFiles/gtest_main.dir/src/gtest_main.cc.o[0m
[ 16%] [32mBuilding CXX object gtest/CMakeFiles/gtest.dir/src/gtest-all.cc.o[0m
[ 25%] [32mBuilding CXX object src/lib/CMakeFiles/velodyne_input.dir/input.cpp.o[0m
[ 33%] [32m[1mLinking CXX static library libgtest_main.a[0m
[ 33%] Built target gtest_main
[ 41%] [32m[1mLinking CXX shared library libvelodyne_input.so[0m
[ 41%] Built target velodyne_input
[ 50%] [32m[1mLinking CXX static library libgtest.a[0m
[ 50%] Built target gtest
[35m[1mScanning dependencies of target velodyne_driver[0m
[ 58%] [32mBuilding CXX object CMakeFiles/velodyne_driver.dir/src/driver/driver.cpp.o[0m
[ 66%] [32m[1mLinking CXX shared library libvelodyne_driver.so[0m
[ 66%] Built target velodyne_driver
[35m[1mScanning dependencies of target velodyne_driver_node[0m
[35m[1mScanning dependencies of target time_test[0m
[ 75%] [32mBuilding CXX object CMakeFiles/velodyne_driver_node.dir/src/driver/velodyne_node.cpp.o[0m
[ 83%] [32mBuilding CXX object CMakeFiles/time_test.dir/tests/timeconversiontest.cpp.o[0m
[ 91%] [32m[1mLinking CXX executable time_test[0m
[ 91%] Built target time_test
[100%] [32m[1mLinking CXX executable velodyne_driver_node[0m
[100%] Built target velodyne_driver_node
-- Install configuration: ""
-- Installing: /home/nvidia/master_ws/install/velodyne_driver/lib/libvelodyne_driver.so
-- Set runtime path of "/home/nvidia/master_ws/install/velodyne_driver/lib/libvelodyne_driver.so" to ""
-- Installing: /home/nvidia/master_ws/install/velodyne_driver/lib/velodyne_driver/velodyne_driver_node
-- Set runtime path of "/home/nvidia/master_ws/install/velodyne_driver/lib/velodyne_driver/velodyne_driver_node" to ""
-- Installing: /home/nvidia/master_ws/install/velodyne_driver/include/velodyne_driver
-- Installing: /home/nvidia/master_ws/install/velodyne_driver/include/velodyne_driver/driver.hpp
-- Installing: /home/nvidia/master_ws/install/velodyne_driver/include/velodyne_driver/time_conversion.hpp
-- Installing: /home/nvidia/master_ws/install/velodyne_driver/include/velodyne_driver/input.hpp
-- Installing: /home/nvidia/master_ws/install/velodyne_driver/share/velodyne_driver/config
-- Installing: /home/nvidia/master_ws/install/velodyne_driver/share/velodyne_driver/config/VLP32C-velodyne_driver_node-params.yaml
-- Installing: /home/nvidia/master_ws/install/velodyne_driver/share/velodyne_driver/config/VLS128-velodyne_driver_node-params.yaml
-- Installing: /home/nvidia/master_ws/install/velodyne_driver/share/velodyne_driver/config/VLP16-velodyne_driver_node-params.yaml
-- Installing: /home/nvidia/master_ws/install/velodyne_driver/share/velodyne_driver/launch
-- Installing: /home/nvidia/master_ws/install/velodyne_driver/share/velodyne_driver/launch/velodyne_driver_node-VLP32C-composed-launch.py
-- Installing: /home/nvidia/master_ws/install/velodyne_driver/share/velodyne_driver/launch/velodyne_driver_node-VLP32C-launch.py
-- Installing: /home/nvidia/master_ws/install/velodyne_driver/share/velodyne_driver/launch/velodyne_driver_node-VLP16-launch.py
-- Installing: /home/nvidia/master_ws/install/velodyne_driver/share/velodyne_driver/launch/velodyne_driver_node-VLS128-composed-launch.py
-- Installing: /home/nvidia/master_ws/install/velodyne_driver/share/velodyne_driver/launch/velodyne_driver_node-VLS128-launch.py
-- Installing: /home/nvidia/master_ws/install/velodyne_driver/share/velodyne_driver/launch/velodyne_driver_node-VLP16-composed-launch.py
-- Installing: /home/nvidia/master_ws/install/velodyne_driver/lib/velodyne_driver/vdump
-- Installing: /home/nvidia/master_ws/install/velodyne_driver/share/ament_index/resource_index/package_run_dependencies/velodyne_driver
-- Installing: /home/nvidia/master_ws/install/velodyne_driver/share/ament_index/resource_index/parent_prefix_path/velodyne_driver
-- Installing: /home/nvidia/master_ws/install/velodyne_driver/share/velodyne_driver/environment/ament_prefix_path.sh
-- Installing: /home/nvidia/master_ws/install/velodyne_driver/share/velodyne_driver/environment/ament_prefix_path.dsv
-- Installing: /home/nvidia/master_ws/install/velodyne_driver/share/velodyne_driver/environment/path.sh
-- Installing: /home/nvidia/master_ws/install/velodyne_driver/share/velodyne_driver/environment/path.dsv
-- Installing: /home/nvidia/master_ws/install/velodyne_driver/share/velodyne_driver/local_setup.bash
-- Installing: /home/nvidia/master_ws/install/velodyne_driver/share/velodyne_driver/local_setup.sh
-- Installing: /home/nvidia/master_ws/install/velodyne_driver/share/velodyne_driver/local_setup.zsh
-- Installing: /home/nvidia/master_ws/install/velodyne_driver/share/velodyne_driver/local_setup.dsv
-- Installing: /home/nvidia/master_ws/install/velodyne_driver/share/velodyne_driver/package.dsv
-- Installing: /home/nvidia/master_ws/install/velodyne_driver/share/ament_index/resource_index/packages/velodyne_driver
-- Installing: /home/nvidia/master_ws/install/velodyne_driver/share/ament_index/resource_index/rclcpp_components/velodyne_driver
-- Installing: /home/nvidia/master_ws/install/velodyne_driver/share/velodyne_driver/cmake/velodyne_driverConfig.cmake
-- Installing: /home/nvidia/master_ws/install/velodyne_driver/share/velodyne_driver/cmake/velodyne_driverConfig-version.cmake
-- Installing: /home/nvidia/master_ws/install/velodyne_driver/share/velodyne_driver/package.xml
-- Installing: /home/nvidia/master_ws/install/velodyne_driver/lib/libvelodyne_input.so
-- Set runtime path of "/home/nvidia/master_ws/install/velodyne_driver/lib/libvelodyne_input.so" to ""
