[5.604s] Invoking command in '/home/nvidia/master_ws/src/lidar_control': PYTHONPATH=/home/nvidia/master_ws/build/lidar_control/prefix_override:/home/nvidia/master_ws/install/lidar_control/lib/python3.8/site-packages:${PYTHONPATH} /usr/bin/python3 -W ignore:setup.py install is deprecated setup.py egg_info --egg-base ../../build/lidar_control build --build-base /home/nvidia/master_ws/build/lidar_control/build install --record /home/nvidia/master_ws/build/lidar_control/install.log --install-scripts $base/lib/lidar_control --single-version-externally-managed install_data
[8.194s] running egg_info
[8.206s] writing ../../build/lidar_control/lidar_control.egg-info/PKG-INFO
[8.208s] writing dependency_links to ../../build/lidar_control/lidar_control.egg-info/dependency_links.txt
[8.210s] writing entry points to ../../build/lidar_control/lidar_control.egg-info/entry_points.txt
[8.212s] writing requirements to ../../build/lidar_control/lidar_control.egg-info/requires.txt
[8.214s] writing top-level names to ../../build/lidar_control/lidar_control.egg-info/top_level.txt
[8.443s] reading manifest file '../../build/lidar_control/lidar_control.egg-info/SOURCES.txt'
[8.484s] writing manifest file '../../build/lidar_control/lidar_control.egg-info/SOURCES.txt'
[8.496s] running build
[8.496s] running build_py
[8.500s] running install
[8.524s] running install_lib
[8.565s] running install_data
[8.566s] running install_egg_info
[8.582s] removing '/home/nvidia/master_ws/install/lidar_control/lib/python3.8/site-packages/lidar_control-0.0.0-py3.8.egg-info' (and everything under it)
[8.620s] Copying ../../build/lidar_control/lidar_control.egg-info to /home/nvidia/master_ws/install/lidar_control/lib/python3.8/site-packages/lidar_control-0.0.0-py3.8.egg-info
[8.683s] running install_scripts
[8.839s] Installing lidar_control script to /home/nvidia/master_ws/install/lidar_control/lib/lidar_control
[8.845s] writing list of installed files to '/home/nvidia/master_ws/build/lidar_control/install.log'
[10.027s] Invoked command in '/home/nvidia/master_ws/src/lidar_control' returned '0': PYTHONPATH=/home/nvidia/master_ws/build/lidar_control/prefix_override:/home/nvidia/master_ws/install/lidar_control/lib/python3.8/site-packages:${PYTHONPATH} /usr/bin/python3 -W ignore:setup.py install is deprecated setup.py egg_info --egg-base ../../build/lidar_control build --build-base /home/nvidia/master_ws/build/lidar_control/build install --record /home/nvidia/master_ws/build/lidar_control/install.log --install-scripts $base/lib/lidar_control --single-version-externally-managed install_data
