[4.372s] Invoking command in '/home/nvidia/master_ws/src/xbox': PYTHONPATH=/home/nvidia/master_ws/build/xbox/prefix_override:/home/nvidia/master_ws/install/xbox/lib/python3.8/site-packages:${PYTHONPATH} /usr/bin/python3 -W ignore:setup.py install is deprecated setup.py egg_info --egg-base ../../build/xbox build --build-base /home/nvidia/master_ws/build/xbox/build install --record /home/nvidia/master_ws/build/xbox/install.log --install-scripts $base/lib/xbox --single-version-externally-managed install_data
[5.496s] running egg_info
[5.498s] writing ../../build/xbox/xbox.egg-info/PKG-INFO
[5.499s] writing dependency_links to ../../build/xbox/xbox.egg-info/dependency_links.txt
[5.500s] writing entry points to ../../build/xbox/xbox.egg-info/entry_points.txt
[5.501s] writing requirements to ../../build/xbox/xbox.egg-info/requires.txt
[5.501s] writing top-level names to ../../build/xbox/xbox.egg-info/top_level.txt
[5.653s] reading manifest file '../../build/xbox/xbox.egg-info/SOURCES.txt'
[5.657s] writing manifest file '../../build/xbox/xbox.egg-info/SOURCES.txt'
[5.657s] running build
[5.658s] running build_py
[5.658s] copying xbox/xbox.py -> /home/nvidia/master_ws/build/xbox/build/lib/xbox
[5.661s] running install
[5.665s] running install_lib
[5.669s] copying /home/nvidia/master_ws/build/xbox/build/lib/xbox/xbox.py -> /home/nvidia/master_ws/install/xbox/lib/python3.8/site-packages/xbox
[5.672s] byte-compiling /home/nvidia/master_ws/install/xbox/lib/python3.8/site-packages/xbox/xbox.py to xbox.cpython-38.pyc
[5.683s] running install_data
[5.684s] running install_egg_info
[5.690s] removing '/home/nvidia/master_ws/install/xbox/lib/python3.8/site-packages/xbox-0.0.0-py3.8.egg-info' (and everything under it)
[5.692s] Copying ../../build/xbox/xbox.egg-info to /home/nvidia/master_ws/install/xbox/lib/python3.8/site-packages/xbox-0.0.0-py3.8.egg-info
[5.697s] running install_scripts
[5.768s] Installing xbox script to /home/nvidia/master_ws/install/xbox/lib/xbox
[5.775s] writing list of installed files to '/home/nvidia/master_ws/build/xbox/install.log'
[5.873s] Invoked command in '/home/nvidia/master_ws/src/xbox' returned '0': PYTHONPATH=/home/nvidia/master_ws/build/xbox/prefix_override:/home/nvidia/master_ws/install/xbox/lib/python3.8/site-packages:${PYTHONPATH} /usr/bin/python3 -W ignore:setup.py install is deprecated setup.py egg_info --egg-base ../../build/xbox build --build-base /home/nvidia/master_ws/build/xbox/build install --record /home/nvidia/master_ws/build/xbox/install.log --install-scripts $base/lib/xbox --single-version-externally-managed install_data
