[4.625s] Invoking command in '/home/nvidia/master_ws/src/lidar_control': PYTHONPATH=/home/nvidia/master_ws/build/lidar_control/prefix_override:/home/nvidia/master_ws/install/lidar_control/lib/python3.8/site-packages:${PYTHONPATH} /usr/bin/python3 -W ignore:setup.py install is deprecated setup.py egg_info --egg-base ../../build/lidar_control build --build-base /home/nvidia/master_ws/build/lidar_control/build install --record /home/nvidia/master_ws/build/lidar_control/install.log --install-scripts $base/lib/lidar_control --single-version-externally-managed install_data
[5.873s] running egg_info
[5.878s] writing ../../build/lidar_control/lidar_control.egg-info/PKG-INFO
[5.879s] writing dependency_links to ../../build/lidar_control/lidar_control.egg-info/dependency_links.txt
[5.882s] writing entry points to ../../build/lidar_control/lidar_control.egg-info/entry_points.txt
[5.883s] writing requirements to ../../build/lidar_control/lidar_control.egg-info/requires.txt
[5.884s] writing top-level names to ../../build/lidar_control/lidar_control.egg-info/top_level.txt
[6.016s] reading manifest file '../../build/lidar_control/lidar_control.egg-info/SOURCES.txt'
[6.020s] writing manifest file '../../build/lidar_control/lidar_control.egg-info/SOURCES.txt'
[6.021s] running build
[6.022s] running build_py
[6.023s] running install
[6.027s] running install_lib
[6.033s] running install_data
[6.034s] running install_egg_info
[6.040s] removing '/home/nvidia/master_ws/install/lidar_control/lib/python3.8/site-packages/lidar_control-0.0.0-py3.8.egg-info' (and everything under it)
[6.042s] Copying ../../build/lidar_control/lidar_control.egg-info to /home/nvidia/master_ws/install/lidar_control/lib/python3.8/site-packages/lidar_control-0.0.0-py3.8.egg-info
[6.048s] running install_scripts
[6.120s] Installing lidar_control script to /home/nvidia/master_ws/install/lidar_control/lib/lidar_control
[6.124s] writing list of installed files to '/home/nvidia/master_ws/build/lidar_control/install.log'
[6.208s] Invoked command in '/home/nvidia/master_ws/src/lidar_control' returned '0': PYTHONPATH=/home/nvidia/master_ws/build/lidar_control/prefix_override:/home/nvidia/master_ws/install/lidar_control/lib/python3.8/site-packages:${PYTHONPATH} /usr/bin/python3 -W ignore:setup.py install is deprecated setup.py egg_info --egg-base ../../build/lidar_control build --build-base /home/nvidia/master_ws/build/lidar_control/build install --record /home/nvidia/master_ws/build/lidar_control/install.log --install-scripts $base/lib/lidar_control --single-version-externally-managed install_data
