[5.376s] Invoking command in '/home/nvidia/master_ws/src/xbox': PYTHONPATH=/home/nvidia/master_ws/build/xbox/prefix_override:/home/nvidia/master_ws/install/xbox/lib/python3.8/site-packages:${PYTHONPATH} /usr/bin/python3 -W ignore:setup.py install is deprecated setup.py egg_info --egg-base ../../build/xbox build --build-base /home/nvidia/master_ws/build/xbox/build install --record /home/nvidia/master_ws/build/xbox/install.log --install-scripts $base/lib/xbox --single-version-externally-managed install_data
[6.731s] running egg_info
[6.734s] writing ../../build/xbox/xbox.egg-info/PKG-INFO
[6.735s] writing dependency_links to ../../build/xbox/xbox.egg-info/dependency_links.txt
[6.736s] writing entry points to ../../build/xbox/xbox.egg-info/entry_points.txt
[6.737s] writing requirements to ../../build/xbox/xbox.egg-info/requires.txt
[6.738s] writing top-level names to ../../build/xbox/xbox.egg-info/top_level.txt
[6.926s] reading manifest file '../../build/xbox/xbox.egg-info/SOURCES.txt'
[6.931s] writing manifest file '../../build/xbox/xbox.egg-info/SOURCES.txt'
[6.932s] running build
[6.932s] running build_py
[6.934s] running install
[6.938s] running install_lib
[6.946s] running install_data
[6.947s] running install_egg_info
[6.955s] removing '/home/nvidia/master_ws/install/xbox/lib/python3.8/site-packages/xbox-0.0.0-py3.8.egg-info' (and everything under it)
[6.957s] Copying ../../build/xbox/xbox.egg-info to /home/nvidia/master_ws/install/xbox/lib/python3.8/site-packages/xbox-0.0.0-py3.8.egg-info
[6.964s] running install_scripts
[7.051s] Installing control script to /home/nvidia/master_ws/install/xbox/lib/xbox
[7.053s] writing list of installed files to '/home/nvidia/master_ws/build/xbox/install.log'
[7.162s] Invoked command in '/home/nvidia/master_ws/src/xbox' returned '0': PYTHONPATH=/home/nvidia/master_ws/build/xbox/prefix_override:/home/nvidia/master_ws/install/xbox/lib/python3.8/site-packages:${PYTHONPATH} /usr/bin/python3 -W ignore:setup.py install is deprecated setup.py egg_info --egg-base ../../build/xbox build --build-base /home/nvidia/master_ws/build/xbox/build install --record /home/nvidia/master_ws/build/xbox/install.log --install-scripts $base/lib/xbox --single-version-externally-managed install_data
