[0.292s] Invoking command in '/home/nvidia/master_ws/build/velodyne_driver': CMAKE_PREFIX_PATH=/home/nvidia/master_ws/install/velodyne_msgs:/home/nvidia/master_ws/install/velodyne:/home/nvidia/master_ws/install/velodyne_pointcloud:/home/nvidia/master_ws/install/velodyne_driver:/home/nvidia/master_ws/install/velodyne_laserscan:/home/nvidia/master_ws/install/realsense_control:/home/nvidia/master_ws/install/plane_fitter:/home/nvidia/master_ws/install/listener:/home/nvidia/master_ws/install/lidar:/home/nvidia/master_ws/install/xbox:/home/nvidia/master_ws/install/lidar_control:/home/nvidia/master_ws/install/launch_car:/home/nvidia/master_ws/install/broadcaster:/home/nvidia/install/xbox:/opt/ros/foxy LD_LIBRARY_PATH=/home/nvidia/master_ws/install/velodyne_msgs/lib:/home/nvidia/master_ws/install/velodyne_pointcloud/lib:/home/nvidia/master_ws/install/velodyne_driver/lib:/home/nvidia/master_ws/install/velodyne_laserscan/lib:/opt/ros/foxy/opt/yaml_cpp_vendor/lib:/opt/ros/foxy/opt/rviz_ogre_vendor/lib:/opt/ros/foxy/lib/aarch64-linux-gnu:/opt/ros/foxy/lib:/usr/local/cuda-11.4/lib64 PYTHONPATH=/home/nvidia/master_ws/install/velodyne_msgs/lib/python3.8/site-packages:/home/nvidia/master_ws/install/xbox/lib/python3.8/site-packages:/home/nvidia/master_ws/install/lidar_control/lib/python3.8/site-packages:/home/nvidia/master_ws/install/launch_car/lib/python3.8/site-packages:/home/nvidia/master_ws/install/broadcaster/lib/python3.8/site-packages:/home/nvidia/install/xbox/lib/python3.8/site-packages:/opt/ros/foxy/lib/python3.8/site-packages /usr/bin/cmake --build /home/nvidia/master_ws/build/velodyne_driver -- -j6 -l6
[0.796s] [ 16%] Built target gtest
[0.930s] [ 33%] Built target velodyne_input
[0.942s] [ 50%] Built target gtest_main
[1.232s] [ 66%] Built target time_test
[1.433s] [ 83%] Built target velodyne_driver
[1.925s] [100%] Built target velodyne_driver_node
[2.100s] Invoked command in '/home/nvidia/master_ws/build/velodyne_driver' returned '0': CMAKE_PREFIX_PATH=/home/nvidia/master_ws/install/velodyne_msgs:/home/nvidia/master_ws/install/velodyne:/home/nvidia/master_ws/install/velodyne_pointcloud:/home/nvidia/master_ws/install/velodyne_driver:/home/nvidia/master_ws/install/velodyne_laserscan:/home/nvidia/master_ws/install/realsense_control:/home/nvidia/master_ws/install/plane_fitter:/home/nvidia/master_ws/install/listener:/home/nvidia/master_ws/install/lidar:/home/nvidia/master_ws/install/xbox:/home/nvidia/master_ws/install/lidar_control:/home/nvidia/master_ws/install/launch_car:/home/nvidia/master_ws/install/broadcaster:/home/nvidia/install/xbox:/opt/ros/foxy LD_LIBRARY_PATH=/home/nvidia/master_ws/install/velodyne_msgs/lib:/home/nvidia/master_ws/install/velodyne_pointcloud/lib:/home/nvidia/master_ws/install/velodyne_driver/lib:/home/nvidia/master_ws/install/velodyne_laserscan/lib:/opt/ros/foxy/opt/yaml_cpp_vendor/lib:/opt/ros/foxy/opt/rviz_ogre_vendor/lib:/opt/ros/foxy/lib/aarch64-linux-gnu:/opt/ros/foxy/lib:/usr/local/cuda-11.4/lib64 PYTHONPATH=/home/nvidia/master_ws/install/velodyne_msgs/lib/python3.8/site-packages:/home/nvidia/master_ws/install/xbox/lib/python3.8/site-packages:/home/nvidia/master_ws/install/lidar_control/lib/python3.8/site-packages:/home/nvidia/master_ws/install/launch_car/lib/python3.8/site-packages:/home/nvidia/master_ws/install/broadcaster/lib/python3.8/site-packages:/home/nvidia/install/xbox/lib/python3.8/site-packages:/opt/ros/foxy/lib/python3.8/site-packages /usr/bin/cmake --build /home/nvidia/master_ws/build/velodyne_driver -- -j6 -l6
[4.157s] Invoking command in '/home/nvidia/master_ws/build/velodyne_driver': CMAKE_PREFIX_PATH=/home/nvidia/master_ws/install/velodyne_msgs:/home/nvidia/master_ws/install/velodyne:/home/nvidia/master_ws/install/velodyne_pointcloud:/home/nvidia/master_ws/install/velodyne_driver:/home/nvidia/master_ws/install/velodyne_laserscan:/home/nvidia/master_ws/install/realsense_control:/home/nvidia/master_ws/install/plane_fitter:/home/nvidia/master_ws/install/listener:/home/nvidia/master_ws/install/lidar:/home/nvidia/master_ws/install/xbox:/home/nvidia/master_ws/install/lidar_control:/home/nvidia/master_ws/install/launch_car:/home/nvidia/master_ws/install/broadcaster:/home/nvidia/install/xbox:/opt/ros/foxy LD_LIBRARY_PATH=/home/nvidia/master_ws/install/velodyne_msgs/lib:/home/nvidia/master_ws/install/velodyne_pointcloud/lib:/home/nvidia/master_ws/install/velodyne_driver/lib:/home/nvidia/master_ws/install/velodyne_laserscan/lib:/opt/ros/foxy/opt/yaml_cpp_vendor/lib:/opt/ros/foxy/opt/rviz_ogre_vendor/lib:/opt/ros/foxy/lib/aarch64-linux-gnu:/opt/ros/foxy/lib:/usr/local/cuda-11.4/lib64 PYTHONPATH=/home/nvidia/master_ws/install/velodyne_msgs/lib/python3.8/site-packages:/home/nvidia/master_ws/install/xbox/lib/python3.8/site-packages:/home/nvidia/master_ws/install/lidar_control/lib/python3.8/site-packages:/home/nvidia/master_ws/install/launch_car/lib/python3.8/site-packages:/home/nvidia/master_ws/install/broadcaster/lib/python3.8/site-packages:/home/nvidia/install/xbox/lib/python3.8/site-packages:/opt/ros/foxy/lib/python3.8/site-packages /usr/bin/cmake --install /home/nvidia/master_ws/build/velodyne_driver
[4.256s] -- Install configuration: ""
[4.257s] -- Up-to-date: /home/nvidia/master_ws/install/velodyne_driver/lib/libvelodyne_driver.so
[4.257s] -- Up-to-date: /home/nvidia/master_ws/install/velodyne_driver/lib/velodyne_driver/velodyne_driver_node
[4.258s] -- Up-to-date: /home/nvidia/master_ws/install/velodyne_driver/include/velodyne_driver
[4.258s] -- Up-to-date: /home/nvidia/master_ws/install/velodyne_driver/include/velodyne_driver/driver.hpp
[4.259s] -- Up-to-date: /home/nvidia/master_ws/install/velodyne_driver/include/velodyne_driver/time_conversion.hpp
[4.259s] -- Up-to-date: /home/nvidia/master_ws/install/velodyne_driver/include/velodyne_driver/input.hpp
[4.259s] -- Up-to-date: /home/nvidia/master_ws/install/velodyne_driver/share/velodyne_driver/config
[4.260s] -- Up-to-date: /home/nvidia/master_ws/install/velodyne_driver/share/velodyne_driver/config/VLP32C-velodyne_driver_node-params.yaml
[4.261s] -- Up-to-date: /home/nvidia/master_ws/install/velodyne_driver/share/velodyne_driver/config/VLS128-velodyne_driver_node-params.yaml
[4.262s] -- Up-to-date: /home/nvidia/master_ws/install/velodyne_driver/share/velodyne_driver/config/VLP16-velodyne_driver_node-params.yaml
[4.262s] -- Up-to-date: /home/nvidia/master_ws/install/velodyne_driver/share/velodyne_driver/launch
[4.263s] -- Up-to-date: /home/nvidia/master_ws/install/velodyne_driver/share/velodyne_driver/launch/velodyne_driver_node-VLP32C-composed-launch.py
[4.264s] -- Up-to-date: /home/nvidia/master_ws/install/velodyne_driver/share/velodyne_driver/launch/velodyne_driver_node-VLP32C-launch.py
[4.265s] -- Up-to-date: /home/nvidia/master_ws/install/velodyne_driver/share/velodyne_driver/launch/velodyne_driver_node-VLP16-launch.py
[4.266s] -- Up-to-date: /home/nvidia/master_ws/install/velodyne_driver/share/velodyne_driver/launch/velodyne_driver_node-VLS128-composed-launch.py
[4.266s] -- Up-to-date: /home/nvidia/master_ws/install/velodyne_driver/share/velodyne_driver/launch/velodyne_driver_node-VLS128-launch.py
[4.266s] -- Up-to-date: /home/nvidia/master_ws/install/velodyne_driver/share/velodyne_driver/launch/velodyne_driver_node-VLP16-composed-launch.py
[4.267s] -- Up-to-date: /home/nvidia/master_ws/install/velodyne_driver/lib/velodyne_driver/vdump
[4.268s] -- Up-to-date: /home/nvidia/master_ws/install/velodyne_driver/share/ament_index/resource_index/package_run_dependencies/velodyne_driver
[4.268s] -- Up-to-date: /home/nvidia/master_ws/install/velodyne_driver/share/ament_index/resource_index/parent_prefix_path/velodyne_driver
[4.269s] -- Up-to-date: /home/nvidia/master_ws/install/velodyne_driver/share/velodyne_driver/environment/ament_prefix_path.sh
[4.270s] -- Up-to-date: /home/nvidia/master_ws/install/velodyne_driver/share/velodyne_driver/environment/ament_prefix_path.dsv
[4.273s] -- Up-to-date: /home/nvidia/master_ws/install/velodyne_driver/share/velodyne_driver/environment/path.sh
[4.274s] -- Up-to-date: /home/nvidia/master_ws/install/velodyne_driver/share/velodyne_driver/environment/path.dsv
[4.276s] -- Up-to-date: /home/nvidia/master_ws/install/velodyne_driver/share/velodyne_driver/local_setup.bash
[4.276s] -- Up-to-date: /home/nvidia/master_ws/install/velodyne_driver/share/velodyne_driver/local_setup.sh
[4.277s] -- Up-to-date: /home/nvidia/master_ws/install/velodyne_driver/share/velodyne_driver/local_setup.zsh
[4.277s] -- Up-to-date: /home/nvidia/master_ws/install/velodyne_driver/share/velodyne_driver/local_setup.dsv
[4.278s] -- Installing: /home/nvidia/master_ws/install/velodyne_driver/share/velodyne_driver/package.dsv
[4.278s] -- Up-to-date: /home/nvidia/master_ws/install/velodyne_driver/share/ament_index/resource_index/packages/velodyne_driver
[4.279s] -- Up-to-date: /home/nvidia/master_ws/install/velodyne_driver/share/ament_index/resource_index/rclcpp_components/velodyne_driver
[4.279s] -- Up-to-date: /home/nvidia/master_ws/install/velodyne_driver/share/velodyne_driver/cmake/velodyne_driverConfig.cmake
[4.280s] -- Up-to-date: /home/nvidia/master_ws/install/velodyne_driver/share/velodyne_driver/cmake/velodyne_driverConfig-version.cmake
[4.281s] -- Up-to-date: /home/nvidia/master_ws/install/velodyne_driver/share/velodyne_driver/package.xml
[4.281s] -- Up-to-date: /home/nvidia/master_ws/install/velodyne_driver/lib/libvelodyne_input.so
[4.401s] Invoked command in '/home/nvidia/master_ws/build/velodyne_driver' returned '0': CMAKE_PREFIX_PATH=/home/nvidia/master_ws/install/velodyne_msgs:/home/nvidia/master_ws/install/velodyne:/home/nvidia/master_ws/install/velodyne_pointcloud:/home/nvidia/master_ws/install/velodyne_driver:/home/nvidia/master_ws/install/velodyne_laserscan:/home/nvidia/master_ws/install/realsense_control:/home/nvidia/master_ws/install/plane_fitter:/home/nvidia/master_ws/install/listener:/home/nvidia/master_ws/install/lidar:/home/nvidia/master_ws/install/xbox:/home/nvidia/master_ws/install/lidar_control:/home/nvidia/master_ws/install/launch_car:/home/nvidia/master_ws/install/broadcaster:/home/nvidia/install/xbox:/opt/ros/foxy LD_LIBRARY_PATH=/home/nvidia/master_ws/install/velodyne_msgs/lib:/home/nvidia/master_ws/install/velodyne_pointcloud/lib:/home/nvidia/master_ws/install/velodyne_driver/lib:/home/nvidia/master_ws/install/velodyne_laserscan/lib:/opt/ros/foxy/opt/yaml_cpp_vendor/lib:/opt/ros/foxy/opt/rviz_ogre_vendor/lib:/opt/ros/foxy/lib/aarch64-linux-gnu:/opt/ros/foxy/lib:/usr/local/cuda-11.4/lib64 PYTHONPATH=/home/nvidia/master_ws/install/velodyne_msgs/lib/python3.8/site-packages:/home/nvidia/master_ws/install/xbox/lib/python3.8/site-packages:/home/nvidia/master_ws/install/lidar_control/lib/python3.8/site-packages:/home/nvidia/master_ws/install/launch_car/lib/python3.8/site-packages:/home/nvidia/master_ws/install/broadcaster/lib/python3.8/site-packages:/home/nvidia/install/xbox/lib/python3.8/site-packages:/opt/ros/foxy/lib/python3.8/site-packages /usr/bin/cmake --install /home/nvidia/master_ws/build/velodyne_driver
