[2.819s] Invoking command in '/home/nvidia/master_ws/src/launch_ws/src/launch_car': PYTHONPATH=/home/nvidia/master_ws/build/launch_car/prefix_override:/home/nvidia/master_ws/install/launch_car/lib/python3.8/site-packages:${PYTHONPATH} /usr/bin/python3 -W ignore:setup.py install is deprecated setup.py egg_info --egg-base ../../../../build/launch_car build --build-base /home/nvidia/master_ws/build/launch_car/build install --record /home/nvidia/master_ws/build/launch_car/install.log --install-scripts $base/lib/launch_car --single-version-externally-managed install_data
[3.785s] running egg_info
[3.787s] writing ../../../../build/launch_car/launch_car.egg-info/PKG-INFO
[3.788s] writing dependency_links to ../../../../build/launch_car/launch_car.egg-info/dependency_links.txt
[3.788s] writing entry points to ../../../../build/launch_car/launch_car.egg-info/entry_points.txt
[3.789s] writing requirements to ../../../../build/launch_car/launch_car.egg-info/requires.txt
[3.789s] writing top-level names to ../../../../build/launch_car/launch_car.egg-info/top_level.txt
[3.922s] reading manifest file '../../../../build/launch_car/launch_car.egg-info/SOURCES.txt'
[3.926s] writing manifest file '../../../../build/launch_car/launch_car.egg-info/SOURCES.txt'
[3.926s] running build
[3.927s] running build_py
[3.928s] running install
[3.931s] running install_lib
[3.937s] running install_data
[3.938s] copying launch/realsense_launch.py -> /home/nvidia/master_ws/install/launch_car/share/launch_car/launch
[3.939s] running install_egg_info
[3.945s] removing '/home/nvidia/master_ws/install/launch_car/lib/python3.8/site-packages/launch_car-0.0.0-py3.8.egg-info' (and everything under it)
[3.946s] Copying ../../../../build/launch_car/launch_car.egg-info to /home/nvidia/master_ws/install/launch_car/lib/python3.8/site-packages/launch_car-0.0.0-py3.8.egg-info
[3.952s] running install_scripts
[4.015s] writing list of installed files to '/home/nvidia/master_ws/build/launch_car/install.log'
[4.099s] Invoked command in '/home/nvidia/master_ws/src/launch_ws/src/launch_car' returned '0': PYTHONPATH=/home/nvidia/master_ws/build/launch_car/prefix_override:/home/nvidia/master_ws/install/launch_car/lib/python3.8/site-packages:${PYTHONPATH} /usr/bin/python3 -W ignore:setup.py install is deprecated setup.py egg_info --egg-base ../../../../build/launch_car build --build-base /home/nvidia/master_ws/build/launch_car/build install --record /home/nvidia/master_ws/build/launch_car/install.log --install-scripts $base/lib/launch_car --single-version-externally-managed install_data
