[0.224s] Invoking command in '/home/nvidia/master_ws/build/velodyne_msgs': CMAKE_PREFIX_PATH=${CMAKE_PREFIX_PATH}:/home/nvidia/master_ws/install/xbox:/home/nvidia/master_ws/install/lidar_control:/home/nvidia/master_ws/install/launch_car:/home/nvidia/master_ws/install/controller:/home/nvidia/master_ws/install/broadcaster:/home/nvidia/velodyne_drivers/install/broadcast_and_listener:/home/nvidia/velodyne_drivers/install/examples_tf2_py:/home/nvidia/velodyne_drivers/install/broadcaster:/home/nvidia/velodyne_drivers/install/test_converter:/home/nvidia/velodyne_drivers/install/py_launch_example:/home/nvidia/velodyne_drivers/install/example:/opt/ros/foxy /usr/bin/cmake /home/nvidia/master_ws/src/velodyne/velodyne_msgs -DCMAKE_BUILD_TYPE=Release -DAMENT_CMAKE_SYMLINK_INSTALL=1 -DCMAKE_INSTALL_PREFIX=/home/nvidia/master_ws/install/velodyne_msgs
[1.550s] -- Found ament_cmake: 0.9.12 (/opt/ros/foxy/share/ament_cmake/cmake)
[1.552s] -- Found PythonInterp: /usr/bin/python3 (found suitable version "3.8.10", minimum required is "3") 
[1.553s] -- Using PYTHON_EXECUTABLE: /usr/bin/python3
[1.553s] -- Override CMake install command with custom implementation using symlinks instead of copying resources
[1.554s] -- Found builtin_interfaces: 1.0.0 (/opt/ros/foxy/share/builtin_interfaces/cmake)
[1.664s] -- Using all available rosidl_typesupport_c: rosidl_typesupport_fastrtps_c;rosidl_typesupport_introspection_c
[1.686s] -- Found rosidl_adapter: 1.3.1 (/opt/ros/foxy/share/rosidl_adapter/cmake)
[2.385s] -- Using all available rosidl_typesupport_cpp: rosidl_typesupport_fastrtps_cpp;rosidl_typesupport_introspection_cpp
[2.522s] -- Found rosidl_default_generators: 1.0.1 (/opt/ros/foxy/share/rosidl_default_generators/cmake)
[2.607s] -- Found std_msgs: 2.0.5 (/opt/ros/foxy/share/std_msgs/cmake)
[2.885s] -- Found PythonInterp: /usr/bin/python3 (found version "3.8.10") 
[3.903s] -- Found ament_cmake_cppcheck: 0.9.8 (/opt/ros/foxy/share/ament_cmake_cppcheck/cmake)
[3.908s] -- Found ament_cmake_cpplint: 0.9.8 (/opt/ros/foxy/share/ament_cmake_cpplint/cmake)
[3.912s] -- Found ament_cmake_uncrustify: 0.9.8 (/opt/ros/foxy/share/ament_cmake_uncrustify/cmake)
[3.918s] -- Found ament_cmake_ros: 0.9.2 (/opt/ros/foxy/share/ament_cmake_ros/cmake)
[5.018s] -- Using all available rosidl_typesupport_c: rosidl_typesupport_fastrtps_c;rosidl_typesupport_introspection_c
[5.472s] -- Using all available rosidl_typesupport_cpp: rosidl_typesupport_fastrtps_cpp;rosidl_typesupport_introspection_cpp
[5.706s] -- Found PythonInterp: /usr/bin/python3 (found suitable version "3.8.10", minimum required is "3.5") 
[5.709s] -- Found python_cmake_module: 0.8.1 (/opt/ros/foxy/share/python_cmake_module/cmake)
[5.907s] -- Using PYTHON_EXECUTABLE: /usr/bin/python3
[5.907s] -- Using PYTHON_INCLUDE_DIRS: /usr/include/python3.8
[5.908s] -- Using PYTHON_LIBRARIES: /usr/lib/aarch64-linux-gnu/libpython3.8.so
[6.209s] -- Found ament_cmake_flake8: 0.9.8 (/opt/ros/foxy/share/ament_cmake_flake8/cmake)
[6.212s] -- Found ament_cmake_pep257: 0.9.8 (/opt/ros/foxy/share/ament_cmake_pep257/cmake)
[6.231s] -- Found ament_lint_auto: 0.9.8 (/opt/ros/foxy/share/ament_lint_auto/cmake)
[6.295s] -- Added test 'copyright' to check source files copyright and LICENSE
[6.297s] -- Added test 'lint_cmake' to check CMake code style
[6.298s] -- Added test 'xmllint' to check XML markup files
[6.335s] -- Configuring done
[6.661s] -- Generating done
[6.683s] -- Build files have been written to: /home/nvidia/master_ws/build/velodyne_msgs
[6.728s] Invoked command in '/home/nvidia/master_ws/build/velodyne_msgs' returned '0': CMAKE_PREFIX_PATH=${CMAKE_PREFIX_PATH}:/home/nvidia/master_ws/install/xbox:/home/nvidia/master_ws/install/lidar_control:/home/nvidia/master_ws/install/launch_car:/home/nvidia/master_ws/install/controller:/home/nvidia/master_ws/install/broadcaster:/home/nvidia/velodyne_drivers/install/broadcast_and_listener:/home/nvidia/velodyne_drivers/install/examples_tf2_py:/home/nvidia/velodyne_drivers/install/broadcaster:/home/nvidia/velodyne_drivers/install/test_converter:/home/nvidia/velodyne_drivers/install/py_launch_example:/home/nvidia/velodyne_drivers/install/example:/opt/ros/foxy /usr/bin/cmake /home/nvidia/master_ws/src/velodyne/velodyne_msgs -DCMAKE_BUILD_TYPE=Release -DAMENT_CMAKE_SYMLINK_INSTALL=1 -DCMAKE_INSTALL_PREFIX=/home/nvidia/master_ws/install/velodyne_msgs
[6.745s] Invoking command in '/home/nvidia/master_ws/build/velodyne_msgs': CMAKE_PREFIX_PATH=${CMAKE_PREFIX_PATH}:/home/nvidia/master_ws/install/xbox:/home/nvidia/master_ws/install/lidar_control:/home/nvidia/master_ws/install/launch_car:/home/nvidia/master_ws/install/controller:/home/nvidia/master_ws/install/broadcaster:/home/nvidia/velodyne_drivers/install/broadcast_and_listener:/home/nvidia/velodyne_drivers/install/examples_tf2_py:/home/nvidia/velodyne_drivers/install/broadcaster:/home/nvidia/velodyne_drivers/install/test_converter:/home/nvidia/velodyne_drivers/install/py_launch_example:/home/nvidia/velodyne_drivers/install/example:/opt/ros/foxy /usr/bin/cmake --build /home/nvidia/master_ws/build/velodyne_msgs -- -j4 -l4
[7.115s] [  2%] Built target velodyne_msgs__cpp
[7.282s] [  5%] [32mBuilding C object CMakeFiles/velodyne_msgs__rosidl_generator_c.dir/rosidl_generator_c/velodyne_msgs/msg/detail/velodyne_packet__functions.c.o[0m
[7.344s] [  7%] [32mBuilding CXX object CMakeFiles/velodyne_msgs__rosidl_typesupport_cpp.dir/rosidl_typesupport_cpp/velodyne_msgs/msg/velodyne_packet__type_support.cpp.o[0m
[7.445s] [ 10%] [32mBuilding CXX object CMakeFiles/velodyne_msgs__rosidl_typesupport_fastrtps_cpp.dir/rosidl_typesupport_fastrtps_cpp/velodyne_msgs/msg/detail/dds_fastrtps/velodyne_packet__type_support.cpp.o[0m
[7.447s] [ 12%] [32mBuilding CXX object CMakeFiles/velodyne_msgs__rosidl_typesupport_introspection_cpp.dir/rosidl_typesupport_introspection_cpp/velodyne_msgs/msg/detail/velodyne_packet__type_support.cpp.o[0m
[8.408s] [ 15%] [32mBuilding C object CMakeFiles/velodyne_msgs__rosidl_generator_c.dir/rosidl_generator_c/velodyne_msgs/msg/detail/velodyne_scan__functions.c.o[0m
[9.343s] [ 17%] [32m[1mLinking C shared library libvelodyne_msgs__rosidl_generator_c.so[0m
[9.580s] [ 20%] [32mBuilding CXX object CMakeFiles/velodyne_msgs__rosidl_typesupport_cpp.dir/rosidl_typesupport_cpp/velodyne_msgs/msg/velodyne_scan__type_support.cpp.o[0m
[9.830s] [ 23%] Built target velodyne_msgs__rosidl_generator_c
[9.885s] [ 25%] [32mBuilding CXX object CMakeFiles/velodyne_msgs__rosidl_typesupport_introspection_cpp.dir/rosidl_typesupport_introspection_cpp/velodyne_msgs/msg/detail/velodyne_scan__type_support.cpp.o[0m
[10.102s] [ 28%] [32mBuilding CXX object CMakeFiles/velodyne_msgs__rosidl_typesupport_c.dir/rosidl_typesupport_c/velodyne_msgs/msg/velodyne_packet__type_support.cpp.o[0m
[10.596s] [ 30%] [32mBuilding CXX object CMakeFiles/velodyne_msgs__rosidl_typesupport_c.dir/rosidl_typesupport_c/velodyne_msgs/msg/velodyne_scan__type_support.cpp.o[0m
[11.024s] [ 33%] [32m[1mLinking CXX shared library libvelodyne_msgs__rosidl_typesupport_c.so[0m
[11.126s] [ 35%] [32mBuilding CXX object CMakeFiles/velodyne_msgs__rosidl_typesupport_fastrtps_cpp.dir/rosidl_typesupport_fastrtps_cpp/velodyne_msgs/msg/detail/dds_fastrtps/velodyne_scan__type_support.cpp.o[0m
[11.493s] [ 38%] Built target velodyne_msgs__rosidl_typesupport_c
[11.819s] [ 41%] [32mBuilding C object CMakeFiles/velodyne_msgs__rosidl_typesupport_introspection_c.dir/rosidl_typesupport_introspection_c/velodyne_msgs/msg/detail/velodyne_packet__type_support.c.o[0m
[12.236s] [ 43%] [32mBuilding C object CMakeFiles/velodyne_msgs__rosidl_typesupport_introspection_c.dir/rosidl_typesupport_introspection_c/velodyne_msgs/msg/detail/velodyne_scan__type_support.c.o[0m
[12.409s] [ 46%] [32m[1mLinking CXX shared library libvelodyne_msgs__rosidl_typesupport_cpp.so[0m
[12.674s] [ 48%] [32m[1mLinking C shared library libvelodyne_msgs__rosidl_typesupport_introspection_c.so[0m
[12.731s] [ 51%] [32m[1mLinking CXX shared library libvelodyne_msgs__rosidl_typesupport_introspection_cpp.so[0m
[12.936s] [ 53%] Built target velodyne_msgs__rosidl_typesupport_cpp
[12.995s] [ 56%] Built target velodyne_msgs__rosidl_typesupport_introspection_c
[13.270s] [ 58%] Built target velodyne_msgs__rosidl_typesupport_introspection_cpp
[14.434s] [ 61%] [32m[1mLinking CXX shared library libvelodyne_msgs__rosidl_typesupport_fastrtps_cpp.so[0m
[14.909s] [ 64%] Built target velodyne_msgs__rosidl_typesupport_fastrtps_cpp
[15.083s] [ 66%] [32mBuilding CXX object CMakeFiles/velodyne_msgs__rosidl_typesupport_fastrtps_c.dir/rosidl_typesupport_fastrtps_c/velodyne_msgs/msg/detail/velodyne_packet__type_support_c.cpp.o[0m
[15.112s] [ 69%] [32mBuilding CXX object CMakeFiles/velodyne_msgs__rosidl_typesupport_fastrtps_c.dir/rosidl_typesupport_fastrtps_c/velodyne_msgs/msg/detail/velodyne_scan__type_support_c.cpp.o[0m
[17.569s] [ 71%] [32m[1mLinking CXX shared library libvelodyne_msgs__rosidl_typesupport_fastrtps_c.so[0m
[18.058s] [ 74%] Built target velodyne_msgs__rosidl_typesupport_fastrtps_c
[18.202s] [ 74%] Built target velodyne_msgs
[18.355s] [ 76%] Built target velodyne_msgs__py
[18.525s] [ 79%] [32mBuilding C object CMakeFiles/velodyne_msgs__python.dir/rosidl_generator_py/velodyne_msgs/msg/_velodyne_packet_s.c.o[0m
[18.572s] [ 82%] [32mBuilding C object CMakeFiles/velodyne_msgs__python.dir/rosidl_generator_py/velodyne_msgs/msg/_velodyne_scan_s.c.o[0m
[19.517s] [ 84%] [32m[1mLinking C shared library rosidl_generator_py/velodyne_msgs/libvelodyne_msgs__python.so[0m
[19.782s] [ 84%] Built target velodyne_msgs__python
[19.979s] [ 87%] [32mBuilding C object CMakeFiles/velodyne_msgs__rosidl_typesupport_c__pyext.dir/rosidl_generator_py/velodyne_msgs/_velodyne_msgs_s.ep.rosidl_typesupport_c.c.o[0m
[20.034s] [ 89%] [32mBuilding C object CMakeFiles/velodyne_msgs__rosidl_typesupport_fastrtps_c__pyext.dir/rosidl_generator_py/velodyne_msgs/_velodyne_msgs_s.ep.rosidl_typesupport_fastrtps_c.c.o[0m
[20.042s] [ 92%] [32mBuilding C object CMakeFiles/velodyne_msgs__rosidl_typesupport_introspection_c__pyext.dir/rosidl_generator_py/velodyne_msgs/_velodyne_msgs_s.ep.rosidl_typesupport_introspection_c.c.o[0m
[20.959s] [ 94%] [32m[1mLinking C shared library rosidl_generator_py/velodyne_msgs/velodyne_msgs_s__rosidl_typesupport_c.cpython-38-aarch64-linux-gnu.so[0m
[20.999s] [ 97%] [32m[1mLinking CXX shared library rosidl_generator_py/velodyne_msgs/velodyne_msgs_s__rosidl_typesupport_fastrtps_c.cpython-38-aarch64-linux-gnu.so[0m
[21.023s] [100%] [32m[1mLinking C shared library rosidl_generator_py/velodyne_msgs/velodyne_msgs_s__rosidl_typesupport_introspection_c.cpython-38-aarch64-linux-gnu.so[0m
[21.301s] [100%] Built target velodyne_msgs__rosidl_typesupport_introspection_c__pyext
[21.425s] [100%] Built target velodyne_msgs__rosidl_typesupport_c__pyext
[21.602s] [100%] Built target velodyne_msgs__rosidl_typesupport_fastrtps_c__pyext
[21.673s] Invoked command in '/home/nvidia/master_ws/build/velodyne_msgs' returned '0': CMAKE_PREFIX_PATH=${CMAKE_PREFIX_PATH}:/home/nvidia/master_ws/install/xbox:/home/nvidia/master_ws/install/lidar_control:/home/nvidia/master_ws/install/launch_car:/home/nvidia/master_ws/install/controller:/home/nvidia/master_ws/install/broadcaster:/home/nvidia/velodyne_drivers/install/broadcast_and_listener:/home/nvidia/velodyne_drivers/install/examples_tf2_py:/home/nvidia/velodyne_drivers/install/broadcaster:/home/nvidia/velodyne_drivers/install/test_converter:/home/nvidia/velodyne_drivers/install/py_launch_example:/home/nvidia/velodyne_drivers/install/example:/opt/ros/foxy /usr/bin/cmake --build /home/nvidia/master_ws/build/velodyne_msgs -- -j4 -l4
[22.375s] Invoking command in '/home/nvidia/master_ws/build/velodyne_msgs': CMAKE_PREFIX_PATH=${CMAKE_PREFIX_PATH}:/home/nvidia/master_ws/install/xbox:/home/nvidia/master_ws/install/lidar_control:/home/nvidia/master_ws/install/launch_car:/home/nvidia/master_ws/install/controller:/home/nvidia/master_ws/install/broadcaster:/home/nvidia/velodyne_drivers/install/broadcast_and_listener:/home/nvidia/velodyne_drivers/install/examples_tf2_py:/home/nvidia/velodyne_drivers/install/broadcaster:/home/nvidia/velodyne_drivers/install/test_converter:/home/nvidia/velodyne_drivers/install/py_launch_example:/home/nvidia/velodyne_drivers/install/example:/opt/ros/foxy /usr/bin/cmake --install /home/nvidia/master_ws/build/velodyne_msgs
[22.453s] -- Install configuration: "Release"
[22.459s] -- Execute custom install script
[22.462s] -- Symlinking: /home/nvidia/master_ws/install/velodyne_msgs/share/ament_index/resource_index/rosidl_interfaces/velodyne_msgs
[22.530s] -- Symlinking: /home/nvidia/master_ws/install/velodyne_msgs/include/velodyne_msgs/msg/detail/velodyne_packet__functions.h
[22.597s] -- Symlinking: /home/nvidia/master_ws/install/velodyne_msgs/include/velodyne_msgs/msg/detail/velodyne_packet__struct.h
[22.656s] -- Symlinking: /home/nvidia/master_ws/install/velodyne_msgs/include/velodyne_msgs/msg/detail/velodyne_packet__type_support.h
[22.717s] -- Symlinking: /home/nvidia/master_ws/install/velodyne_msgs/include/velodyne_msgs/msg/detail/velodyne_scan__functions.h
[22.782s] -- Symlinking: /home/nvidia/master_ws/install/velodyne_msgs/include/velodyne_msgs/msg/detail/velodyne_scan__struct.h
[22.845s] -- Symlinking: /home/nvidia/master_ws/install/velodyne_msgs/include/velodyne_msgs/msg/detail/velodyne_scan__type_support.h
[22.903s] -- Symlinking: /home/nvidia/master_ws/install/velodyne_msgs/include/velodyne_msgs/msg/rosidl_generator_c__visibility_control.h
[22.964s] -- Symlinking: /home/nvidia/master_ws/install/velodyne_msgs/include/velodyne_msgs/msg/velodyne_packet.h
[23.028s] -- Symlinking: /home/nvidia/master_ws/install/velodyne_msgs/include/velodyne_msgs/msg/velodyne_scan.h
[23.094s] -- Symlinking: /home/nvidia/master_ws/install/velodyne_msgs/share/velodyne_msgs/environment/library_path.sh
[23.157s] -- Symlinking: /home/nvidia/master_ws/install/velodyne_msgs/share/velodyne_msgs/environment/library_path.dsv
[23.225s] -- Symlinking: /home/nvidia/master_ws/install/velodyne_msgs/include/velodyne_msgs/msg/detail/velodyne_packet__rosidl_typesupport_fastrtps_c.h
[23.289s] -- Symlinking: /home/nvidia/master_ws/install/velodyne_msgs/include/velodyne_msgs/msg/detail/velodyne_scan__rosidl_typesupport_fastrtps_c.h
[23.358s] -- Symlinking: /home/nvidia/master_ws/install/velodyne_msgs/include/velodyne_msgs/msg/rosidl_typesupport_fastrtps_c__visibility_control.h
[23.423s] -- Symlinking: /home/nvidia/master_ws/install/velodyne_msgs/lib/libvelodyne_msgs__rosidl_typesupport_fastrtps_c.so
[23.490s] -- Symlinking: /home/nvidia/master_ws/install/velodyne_msgs/include/velodyne_msgs/msg/detail/velodyne_packet__rosidl_typesupport_fastrtps_cpp.hpp
[23.551s] -- Symlinking: /home/nvidia/master_ws/install/velodyne_msgs/include/velodyne_msgs/msg/detail/velodyne_scan__rosidl_typesupport_fastrtps_cpp.hpp
[23.610s] -- Symlinking: /home/nvidia/master_ws/install/velodyne_msgs/include/velodyne_msgs/msg/rosidl_typesupport_fastrtps_cpp__visibility_control.h
[23.668s] -- Symlinking: /home/nvidia/master_ws/install/velodyne_msgs/lib/libvelodyne_msgs__rosidl_typesupport_fastrtps_cpp.so
[23.736s] -- Symlinking: /home/nvidia/master_ws/install/velodyne_msgs/include/velodyne_msgs/msg/detail/velodyne_packet__rosidl_typesupport_introspection_c.h
[23.796s] -- Symlinking: /home/nvidia/master_ws/install/velodyne_msgs/include/velodyne_msgs/msg/detail/velodyne_scan__rosidl_typesupport_introspection_c.h
[23.859s] -- Symlinking: /home/nvidia/master_ws/install/velodyne_msgs/include/velodyne_msgs/msg/rosidl_typesupport_introspection_c__visibility_control.h
[23.917s] -- Symlinking: /home/nvidia/master_ws/install/velodyne_msgs/include/velodyne_msgs/msg/detail/velodyne_packet__builder.hpp
[23.967s] -- Symlinking: /home/nvidia/master_ws/install/velodyne_msgs/include/velodyne_msgs/msg/detail/velodyne_packet__struct.hpp
[24.020s] -- Symlinking: /home/nvidia/master_ws/install/velodyne_msgs/include/velodyne_msgs/msg/detail/velodyne_packet__traits.hpp
[24.072s] -- Symlinking: /home/nvidia/master_ws/install/velodyne_msgs/include/velodyne_msgs/msg/detail/velodyne_packet__type_support.hpp
[24.126s] -- Symlinking: /home/nvidia/master_ws/install/velodyne_msgs/include/velodyne_msgs/msg/detail/velodyne_scan__builder.hpp
[24.179s] -- Symlinking: /home/nvidia/master_ws/install/velodyne_msgs/include/velodyne_msgs/msg/detail/velodyne_scan__struct.hpp
[24.235s] -- Symlinking: /home/nvidia/master_ws/install/velodyne_msgs/include/velodyne_msgs/msg/detail/velodyne_scan__traits.hpp
[24.289s] -- Symlinking: /home/nvidia/master_ws/install/velodyne_msgs/include/velodyne_msgs/msg/detail/velodyne_scan__type_support.hpp
[24.344s] -- Symlinking: /home/nvidia/master_ws/install/velodyne_msgs/include/velodyne_msgs/msg/rosidl_generator_cpp__visibility_control.hpp
[24.401s] -- Symlinking: /home/nvidia/master_ws/install/velodyne_msgs/include/velodyne_msgs/msg/velodyne_packet.hpp
[24.456s] -- Symlinking: /home/nvidia/master_ws/install/velodyne_msgs/include/velodyne_msgs/msg/velodyne_scan.hpp
[24.510s] -- Symlinking: /home/nvidia/master_ws/install/velodyne_msgs/include/velodyne_msgs/msg/detail/velodyne_packet__rosidl_typesupport_introspection_cpp.hpp
[24.566s] -- Symlinking: /home/nvidia/master_ws/install/velodyne_msgs/include/velodyne_msgs/msg/detail/velodyne_scan__rosidl_typesupport_introspection_cpp.hpp
[24.622s] -- Symlinking: /home/nvidia/master_ws/install/velodyne_msgs/share/velodyne_msgs/environment/pythonpath.sh
[24.678s] -- Symlinking: /home/nvidia/master_ws/install/velodyne_msgs/share/velodyne_msgs/environment/pythonpath.dsv
[24.733s] -- Symlinking: /home/nvidia/master_ws/install/velodyne_msgs/lib/python3.8/site-packages/velodyne_msgs/__init__.py
[24.790s] -- Symlinking: /home/nvidia/master_ws/install/velodyne_msgs/lib/python3.8/site-packages/velodyne_msgs/msg/__init__.py
[24.847s] -- Symlinking: /home/nvidia/master_ws/install/velodyne_msgs/lib/python3.8/site-packages/velodyne_msgs/msg/_velodyne_packet.py
[24.905s] -- Symlinking: /home/nvidia/master_ws/install/velodyne_msgs/lib/python3.8/site-packages/velodyne_msgs/msg/_velodyne_scan.py
[24.962s] -- Symlinking: /home/nvidia/master_ws/install/velodyne_msgs/lib/python3.8/site-packages/velodyne_msgs/velodyne_msgs_s__rosidl_typesupport_fastrtps_c.cpython-38-aarch64-linux-gnu.so
[25.018s] -- Symlinking: /home/nvidia/master_ws/install/velodyne_msgs/lib/python3.8/site-packages/velodyne_msgs/velodyne_msgs_s__rosidl_typesupport_introspection_c.cpython-38-aarch64-linux-gnu.so
[25.074s] -- Symlinking: /home/nvidia/master_ws/install/velodyne_msgs/lib/python3.8/site-packages/velodyne_msgs/velodyne_msgs_s__rosidl_typesupport_c.cpython-38-aarch64-linux-gnu.so
[25.131s] -- Symlinking: /home/nvidia/master_ws/install/velodyne_msgs/lib/libvelodyne_msgs__python.so
[25.188s] -- Symlinking: /home/nvidia/master_ws/install/velodyne_msgs/share/velodyne_msgs/msg/VelodynePacket.idl
[25.243s] -- Symlinking: /home/nvidia/master_ws/install/velodyne_msgs/share/velodyne_msgs/msg/VelodyneScan.idl
[25.302s] -- Symlinking: /home/nvidia/master_ws/install/velodyne_msgs/share/velodyne_msgs/msg/VelodynePacket.msg
[25.359s] -- Symlinking: /home/nvidia/master_ws/install/velodyne_msgs/share/velodyne_msgs/msg/VelodyneScan.msg
[25.420s] -- Symlinking: /home/nvidia/master_ws/install/velodyne_msgs/share/ament_index/resource_index/package_run_dependencies/velodyne_msgs
[25.476s] -- Symlinking: /home/nvidia/master_ws/install/velodyne_msgs/share/ament_index/resource_index/parent_prefix_path/velodyne_msgs
[25.531s] -- Symlinking: /home/nvidia/master_ws/install/velodyne_msgs/share/velodyne_msgs/environment/ament_prefix_path.sh
[25.590s] -- Symlinking: /home/nvidia/master_ws/install/velodyne_msgs/share/velodyne_msgs/environment/ament_prefix_path.dsv
[25.649s] -- Symlinking: /home/nvidia/master_ws/install/velodyne_msgs/share/velodyne_msgs/environment/path.sh
[25.708s] -- Symlinking: /home/nvidia/master_ws/install/velodyne_msgs/share/velodyne_msgs/environment/path.dsv
[25.765s] -- Symlinking: /home/nvidia/master_ws/install/velodyne_msgs/share/velodyne_msgs/local_setup.bash
[25.824s] -- Symlinking: /home/nvidia/master_ws/install/velodyne_msgs/share/velodyne_msgs/local_setup.sh
[25.878s] -- Symlinking: /home/nvidia/master_ws/install/velodyne_msgs/share/velodyne_msgs/local_setup.zsh
[25.935s] -- Symlinking: /home/nvidia/master_ws/install/velodyne_msgs/share/velodyne_msgs/local_setup.dsv
[25.993s] -- Symlinking: /home/nvidia/master_ws/install/velodyne_msgs/share/velodyne_msgs/package.dsv
[26.050s] -- Symlinking: /home/nvidia/master_ws/install/velodyne_msgs/share/ament_index/resource_index/packages/velodyne_msgs
[26.106s] -- Symlinking: /home/nvidia/master_ws/install/velodyne_msgs/share/velodyne_msgs/cmake/rosidl_cmake-extras.cmake
[26.166s] -- Symlinking: /home/nvidia/master_ws/install/velodyne_msgs/share/velodyne_msgs/cmake/ament_cmake_export_dependencies-extras.cmake
[26.224s] -- Symlinking: /home/nvidia/master_ws/install/velodyne_msgs/share/velodyne_msgs/cmake/ament_cmake_export_libraries-extras.cmake
[26.281s] -- Symlinking: /home/nvidia/master_ws/install/velodyne_msgs/share/velodyne_msgs/cmake/ament_cmake_export_targets-extras.cmake
[26.339s] -- Symlinking: /home/nvidia/master_ws/install/velodyne_msgs/share/velodyne_msgs/cmake/ament_cmake_export_include_directories-extras.cmake
[26.397s] -- Symlinking: /home/nvidia/master_ws/install/velodyne_msgs/share/velodyne_msgs/cmake/rosidl_cmake_export_typesupport_libraries-extras.cmake
[26.454s] -- Symlinking: /home/nvidia/master_ws/install/velodyne_msgs/share/velodyne_msgs/cmake/rosidl_cmake_export_typesupport_targets-extras.cmake
[26.512s] -- Symlinking: /home/nvidia/master_ws/install/velodyne_msgs/share/velodyne_msgs/cmake/velodyne_msgsConfig.cmake
[26.567s] -- Symlinking: /home/nvidia/master_ws/install/velodyne_msgs/share/velodyne_msgs/cmake/velodyne_msgsConfig-version.cmake
[26.625s] -- Symlinking: /home/nvidia/master_ws/install/velodyne_msgs/share/velodyne_msgs/package.xml
[26.683s] -- Installing: /home/nvidia/master_ws/install/velodyne_msgs/lib/libvelodyne_msgs__rosidl_generator_c.so
[26.688s] -- Set runtime path of "/home/nvidia/master_ws/install/velodyne_msgs/lib/libvelodyne_msgs__rosidl_generator_c.so" to ""
[26.689s] -- Installing: /home/nvidia/master_ws/install/velodyne_msgs/lib/libvelodyne_msgs__rosidl_typesupport_introspection_c.so
[26.692s] -- Set runtime path of "/home/nvidia/master_ws/install/velodyne_msgs/lib/libvelodyne_msgs__rosidl_typesupport_introspection_c.so" to ""
[26.694s] -- Installing: /home/nvidia/master_ws/install/velodyne_msgs/lib/libvelodyne_msgs__rosidl_typesupport_c.so
[26.697s] -- Set runtime path of "/home/nvidia/master_ws/install/velodyne_msgs/lib/libvelodyne_msgs__rosidl_typesupport_c.so" to ""
[26.698s] -- Installing: /home/nvidia/master_ws/install/velodyne_msgs/lib/libvelodyne_msgs__rosidl_typesupport_introspection_cpp.so
[26.702s] -- Set runtime path of "/home/nvidia/master_ws/install/velodyne_msgs/lib/libvelodyne_msgs__rosidl_typesupport_introspection_cpp.so" to ""
[26.704s] -- Installing: /home/nvidia/master_ws/install/velodyne_msgs/lib/libvelodyne_msgs__rosidl_typesupport_cpp.so
[26.707s] -- Set runtime path of "/home/nvidia/master_ws/install/velodyne_msgs/lib/libvelodyne_msgs__rosidl_typesupport_cpp.so" to ""
[26.948s] Compiling '/home/nvidia/master_ws/install/velodyne_msgs/lib/python3.8/site-packages/velodyne_msgs/__init__.py'...
[26.966s] -- Up-to-date: /home/nvidia/master_ws/install/velodyne_msgs/share/velodyne_msgs/cmake/velodyne_msgs__rosidl_generator_cExport.cmake
[26.968s] -- Installing: /home/nvidia/master_ws/install/velodyne_msgs/share/velodyne_msgs/cmake/velodyne_msgs__rosidl_generator_cExport-release.cmake
[26.971s] -- Up-to-date: /home/nvidia/master_ws/install/velodyne_msgs/share/velodyne_msgs/cmake/velodyne_msgs__rosidl_typesupport_introspection_cExport.cmake
[26.972s] -- Installing: /home/nvidia/master_ws/install/velodyne_msgs/share/velodyne_msgs/cmake/velodyne_msgs__rosidl_typesupport_introspection_cExport-release.cmake
[26.974s] -- Up-to-date: /home/nvidia/master_ws/install/velodyne_msgs/share/velodyne_msgs/cmake/velodyne_msgs__rosidl_typesupport_cExport.cmake
[26.974s] -- Installing: /home/nvidia/master_ws/install/velodyne_msgs/share/velodyne_msgs/cmake/velodyne_msgs__rosidl_typesupport_cExport-release.cmake
[26.976s] -- Up-to-date: /home/nvidia/master_ws/install/velodyne_msgs/share/velodyne_msgs/cmake/velodyne_msgs__rosidl_generator_cppExport.cmake
[26.977s] -- Up-to-date: /home/nvidia/master_ws/install/velodyne_msgs/share/velodyne_msgs/cmake/velodyne_msgs__rosidl_typesupport_introspection_cppExport.cmake
[26.977s] -- Installing: /home/nvidia/master_ws/install/velodyne_msgs/share/velodyne_msgs/cmake/velodyne_msgs__rosidl_typesupport_introspection_cppExport-release.cmake
[26.978s] -- Up-to-date: /home/nvidia/master_ws/install/velodyne_msgs/share/velodyne_msgs/cmake/velodyne_msgs__rosidl_typesupport_cppExport.cmake
[26.979s] -- Installing: /home/nvidia/master_ws/install/velodyne_msgs/share/velodyne_msgs/cmake/velodyne_msgs__rosidl_typesupport_cppExport-release.cmake
[26.994s] Invoked command in '/home/nvidia/master_ws/build/velodyne_msgs' returned '0': CMAKE_PREFIX_PATH=${CMAKE_PREFIX_PATH}:/home/nvidia/master_ws/install/xbox:/home/nvidia/master_ws/install/lidar_control:/home/nvidia/master_ws/install/launch_car:/home/nvidia/master_ws/install/controller:/home/nvidia/master_ws/install/broadcaster:/home/nvidia/velodyne_drivers/install/broadcast_and_listener:/home/nvidia/velodyne_drivers/install/examples_tf2_py:/home/nvidia/velodyne_drivers/install/broadcaster:/home/nvidia/velodyne_drivers/install/test_converter:/home/nvidia/velodyne_drivers/install/py_launch_example:/home/nvidia/velodyne_drivers/install/example:/opt/ros/foxy /usr/bin/cmake --install /home/nvidia/master_ws/build/velodyne_msgs
