[5.427s] Invoking command in '/home/nvidia/master_ws/src/broadcaster': PYTHONPATH=/home/nvidia/master_ws/build/broadcaster/prefix_override:/home/nvidia/master_ws/install/broadcaster/lib/python3.8/site-packages:${PYTHONPATH} /usr/bin/python3 -W ignore:setup.py install is deprecated setup.py egg_info --egg-base ../../build/broadcaster build --build-base /home/nvidia/master_ws/build/broadcaster/build install --record /home/nvidia/master_ws/build/broadcaster/install.log --install-scripts $base/lib/broadcaster --single-version-externally-managed install_data
[6.809s] running egg_info
[6.814s] writing ../../build/broadcaster/broadcaster.egg-info/PKG-INFO
[6.816s] writing dependency_links to ../../build/broadcaster/broadcaster.egg-info/dependency_links.txt
[6.818s] writing entry points to ../../build/broadcaster/broadcaster.egg-info/entry_points.txt
[6.820s] writing requirements to ../../build/broadcaster/broadcaster.egg-info/requires.txt
[6.821s] writing top-level names to ../../build/broadcaster/broadcaster.egg-info/top_level.txt
[7.015s] reading manifest file '../../build/broadcaster/broadcaster.egg-info/SOURCES.txt'
[7.019s] writing manifest file '../../build/broadcaster/broadcaster.egg-info/SOURCES.txt'
[7.020s] running build
[7.021s] running build_py
[7.023s] running install
[7.029s] running install_lib
[7.036s] running install_data
[7.038s] running install_egg_info
[7.066s] removing '/home/nvidia/master_ws/install/broadcaster/lib/python3.8/site-packages/broadcaster-0.0.0-py3.8.egg-info' (and everything under it)
[7.076s] Copying ../../build/broadcaster/broadcaster.egg-info to /home/nvidia/master_ws/install/broadcaster/lib/python3.8/site-packages/broadcaster-0.0.0-py3.8.egg-info
[7.080s] running install_scripts
[7.192s] Installing lidar script to /home/nvidia/master_ws/install/broadcaster/lib/broadcaster
[7.194s] Installing realsense script to /home/nvidia/master_ws/install/broadcaster/lib/broadcaster
[7.196s] writing list of installed files to '/home/nvidia/master_ws/build/broadcaster/install.log'
[7.318s] Invoked command in '/home/nvidia/master_ws/src/broadcaster' returned '0': PYTHONPATH=/home/nvidia/master_ws/build/broadcaster/prefix_override:/home/nvidia/master_ws/install/broadcaster/lib/python3.8/site-packages:${PYTHONPATH} /usr/bin/python3 -W ignore:setup.py install is deprecated setup.py egg_info --egg-base ../../build/broadcaster build --build-base /home/nvidia/master_ws/build/broadcaster/build install --record /home/nvidia/master_ws/build/broadcaster/install.log --install-scripts $base/lib/broadcaster --single-version-externally-managed install_data
