[0.076s] Invoking command in '/home/nvidia/master_ws/build/lidar': CMAKE_PREFIX_PATH=${CMAKE_PREFIX_PATH}:/home/nvidia/master_ws/install/xbox:/home/nvidia/master_ws/install/lidar_control:/home/nvidia/master_ws/install/launch_car:/home/nvidia/master_ws/install/broadcaster:/home/nvidia/install/xbox:/opt/ros/foxy /usr/bin/cmake --build /home/nvidia/master_ws/build/lidar -- -j4 -l4
[0.355s] [35m[1mScanning dependencies of target lidar[0m
[0.672s] [ 50%] [32mBuilding CXX object CMakeFiles/lidar.dir/src/lidar.cpp.o[0m
[38.404s] [100%] [32m[1mLinking CXX executable lidar[0m
[40.739s] [100%] Built target lidar
[40.804s] Invoked command in '/home/nvidia/master_ws/build/lidar' returned '0': CMAKE_PREFIX_PATH=${CMAKE_PREFIX_PATH}:/home/nvidia/master_ws/install/xbox:/home/nvidia/master_ws/install/lidar_control:/home/nvidia/master_ws/install/launch_car:/home/nvidia/master_ws/install/broadcaster:/home/nvidia/install/xbox:/opt/ros/foxy /usr/bin/cmake --build /home/nvidia/master_ws/build/lidar -- -j4 -l4
[41.027s] Invoking command in '/home/nvidia/master_ws/build/lidar': CMAKE_PREFIX_PATH=${CMAKE_PREFIX_PATH}:/home/nvidia/master_ws/install/xbox:/home/nvidia/master_ws/install/lidar_control:/home/nvidia/master_ws/install/launch_car:/home/nvidia/master_ws/install/broadcaster:/home/nvidia/install/xbox:/opt/ros/foxy /usr/bin/cmake --install /home/nvidia/master_ws/build/lidar
[41.089s] -- Install configuration: ""
[41.091s] -- Installing: /home/nvidia/master_ws/install/lidar/lib/lidar/lidar
[41.118s] -- Set runtime path of "/home/nvidia/master_ws/install/lidar/lib/lidar/lidar" to ""
[41.119s] -- Up-to-date: /home/nvidia/master_ws/install/lidar/share/ament_index/resource_index/package_run_dependencies/lidar
[41.120s] -- Up-to-date: /home/nvidia/master_ws/install/lidar/share/ament_index/resource_index/parent_prefix_path/lidar
[41.121s] -- Up-to-date: /home/nvidia/master_ws/install/lidar/share/lidar/environment/ament_prefix_path.sh
[41.122s] -- Up-to-date: /home/nvidia/master_ws/install/lidar/share/lidar/environment/ament_prefix_path.dsv
[41.123s] -- Up-to-date: /home/nvidia/master_ws/install/lidar/share/lidar/environment/path.sh
[41.123s] -- Up-to-date: /home/nvidia/master_ws/install/lidar/share/lidar/environment/path.dsv
[41.126s] -- Up-to-date: /home/nvidia/master_ws/install/lidar/share/lidar/local_setup.bash
[41.128s] -- Up-to-date: /home/nvidia/master_ws/install/lidar/share/lidar/local_setup.sh
[41.128s] -- Up-to-date: /home/nvidia/master_ws/install/lidar/share/lidar/local_setup.zsh
[41.129s] -- Up-to-date: /home/nvidia/master_ws/install/lidar/share/lidar/local_setup.dsv
[41.130s] -- Installing: /home/nvidia/master_ws/install/lidar/share/lidar/package.dsv
[41.131s] -- Up-to-date: /home/nvidia/master_ws/install/lidar/share/ament_index/resource_index/packages/lidar
[41.131s] -- Up-to-date: /home/nvidia/master_ws/install/lidar/share/lidar/cmake/lidarConfig.cmake
[41.132s] -- Up-to-date: /home/nvidia/master_ws/install/lidar/share/lidar/cmake/lidarConfig-version.cmake
[41.134s] -- Up-to-date: /home/nvidia/master_ws/install/lidar/share/lidar/package.xml
[41.147s] Invoked command in '/home/nvidia/master_ws/build/lidar' returned '0': CMAKE_PREFIX_PATH=${CMAKE_PREFIX_PATH}:/home/nvidia/master_ws/install/xbox:/home/nvidia/master_ws/install/lidar_control:/home/nvidia/master_ws/install/launch_car:/home/nvidia/master_ws/install/broadcaster:/home/nvidia/install/xbox:/opt/ros/foxy /usr/bin/cmake --install /home/nvidia/master_ws/build/lidar
