[0.208s] Invoking command in '/home/nvidia/master_ws/build/velodyne_laserscan': CMAKE_PREFIX_PATH=${CMAKE_PREFIX_PATH}:/home/nvidia/master_ws/install/xbox:/home/nvidia/master_ws/install/lidar_control:/home/nvidia/master_ws/install/launch_car:/home/nvidia/master_ws/install/controller:/home/nvidia/master_ws/install/broadcaster:/home/nvidia/velodyne_drivers/install/broadcast_and_listener:/home/nvidia/velodyne_drivers/install/examples_tf2_py:/home/nvidia/velodyne_drivers/install/broadcaster:/home/nvidia/velodyne_drivers/install/test_converter:/home/nvidia/velodyne_drivers/install/py_launch_example:/home/nvidia/velodyne_drivers/install/example:/opt/ros/foxy /usr/bin/cmake --build /home/nvidia/master_ws/build/velodyne_laserscan -- -j4 -l4
[1.628s] [ 50%] Built target velodyne_laserscan
[1.628s] [100%] Built target velodyne_laserscan_node
[1.630s] Invoked command in '/home/nvidia/master_ws/build/velodyne_laserscan' returned '0': CMAKE_PREFIX_PATH=${CMAKE_PREFIX_PATH}:/home/nvidia/master_ws/install/xbox:/home/nvidia/master_ws/install/lidar_control:/home/nvidia/master_ws/install/launch_car:/home/nvidia/master_ws/install/controller:/home/nvidia/master_ws/install/broadcaster:/home/nvidia/velodyne_drivers/install/broadcast_and_listener:/home/nvidia/velodyne_drivers/install/examples_tf2_py:/home/nvidia/velodyne_drivers/install/broadcaster:/home/nvidia/velodyne_drivers/install/test_converter:/home/nvidia/velodyne_drivers/install/py_launch_example:/home/nvidia/velodyne_drivers/install/example:/opt/ros/foxy /usr/bin/cmake --build /home/nvidia/master_ws/build/velodyne_laserscan -- -j4 -l4
[2.869s] Invoking command in '/home/nvidia/master_ws/build/velodyne_laserscan': CMAKE_PREFIX_PATH=${CMAKE_PREFIX_PATH}:/home/nvidia/master_ws/install/xbox:/home/nvidia/master_ws/install/lidar_control:/home/nvidia/master_ws/install/launch_car:/home/nvidia/master_ws/install/controller:/home/nvidia/master_ws/install/broadcaster:/home/nvidia/velodyne_drivers/install/broadcast_and_listener:/home/nvidia/velodyne_drivers/install/examples_tf2_py:/home/nvidia/velodyne_drivers/install/broadcaster:/home/nvidia/velodyne_drivers/install/test_converter:/home/nvidia/velodyne_drivers/install/py_launch_example:/home/nvidia/velodyne_drivers/install/example:/opt/ros/foxy /usr/bin/cmake --install /home/nvidia/master_ws/build/velodyne_laserscan
[2.935s] -- Install configuration: "Release"
[2.937s] -- Execute custom install script
[2.939s] -- Up-to-date symlink: /home/nvidia/master_ws/install/velodyne_laserscan/lib/libvelodyne_laserscan.so
[2.941s] -- Up-to-date symlink: /home/nvidia/master_ws/install/velodyne_laserscan/lib/velodyne_laserscan/velodyne_laserscan_node
[2.944s] -- Up-to-date symlink: /home/nvidia/master_ws/install/velodyne_laserscan/include/velodyne_laserscan/velodyne_laserscan.hpp
[2.947s] -- Up-to-date symlink: /home/nvidia/master_ws/install/velodyne_laserscan/share/velodyne_laserscan/config/default-velodyne_laserscan_node-params.yaml
[2.949s] -- Up-to-date symlink: /home/nvidia/master_ws/install/velodyne_laserscan/share/velodyne_laserscan/launch/velodyne_laserscan_node-composed-launch.py
[2.950s] -- Up-to-date symlink: /home/nvidia/master_ws/install/velodyne_laserscan/share/velodyne_laserscan/launch/velodyne_laserscan_node-launch.py
[2.951s] -- Up-to-date symlink: /home/nvidia/master_ws/install/velodyne_laserscan/share/ament_index/resource_index/package_run_dependencies/velodyne_laserscan
[2.952s] -- Up-to-date symlink: /home/nvidia/master_ws/install/velodyne_laserscan/share/ament_index/resource_index/parent_prefix_path/velodyne_laserscan
[2.954s] -- Up-to-date symlink: /home/nvidia/master_ws/install/velodyne_laserscan/share/velodyne_laserscan/environment/ament_prefix_path.sh
[2.956s] -- Up-to-date symlink: /home/nvidia/master_ws/install/velodyne_laserscan/share/velodyne_laserscan/environment/ament_prefix_path.dsv
[2.957s] -- Up-to-date symlink: /home/nvidia/master_ws/install/velodyne_laserscan/share/velodyne_laserscan/environment/path.sh
[2.958s] -- Up-to-date symlink: /home/nvidia/master_ws/install/velodyne_laserscan/share/velodyne_laserscan/environment/path.dsv
[2.960s] -- Up-to-date symlink: /home/nvidia/master_ws/install/velodyne_laserscan/share/velodyne_laserscan/local_setup.bash
[2.962s] -- Up-to-date symlink: /home/nvidia/master_ws/install/velodyne_laserscan/share/velodyne_laserscan/local_setup.sh
[2.963s] -- Up-to-date symlink: /home/nvidia/master_ws/install/velodyne_laserscan/share/velodyne_laserscan/local_setup.zsh
[2.964s] -- Up-to-date symlink: /home/nvidia/master_ws/install/velodyne_laserscan/share/velodyne_laserscan/local_setup.dsv
[2.966s] -- Symlinking: /home/nvidia/master_ws/install/velodyne_laserscan/share/velodyne_laserscan/package.dsv
[3.024s] -- Up-to-date symlink: /home/nvidia/master_ws/install/velodyne_laserscan/share/ament_index/resource_index/packages/velodyne_laserscan
[3.025s] -- Up-to-date symlink: /home/nvidia/master_ws/install/velodyne_laserscan/share/ament_index/resource_index/rclcpp_components/velodyne_laserscan
[3.027s] -- Up-to-date symlink: /home/nvidia/master_ws/install/velodyne_laserscan/share/velodyne_laserscan/cmake/velodyne_laserscanConfig.cmake
[3.028s] -- Up-to-date symlink: /home/nvidia/master_ws/install/velodyne_laserscan/share/velodyne_laserscan/cmake/velodyne_laserscanConfig-version.cmake
[3.029s] -- Up-to-date symlink: /home/nvidia/master_ws/install/velodyne_laserscan/share/velodyne_laserscan/package.xml
[3.040s] Invoked command in '/home/nvidia/master_ws/build/velodyne_laserscan' returned '0': CMAKE_PREFIX_PATH=${CMAKE_PREFIX_PATH}:/home/nvidia/master_ws/install/xbox:/home/nvidia/master_ws/install/lidar_control:/home/nvidia/master_ws/install/launch_car:/home/nvidia/master_ws/install/controller:/home/nvidia/master_ws/install/broadcaster:/home/nvidia/velodyne_drivers/install/broadcast_and_listener:/home/nvidia/velodyne_drivers/install/examples_tf2_py:/home/nvidia/velodyne_drivers/install/broadcaster:/home/nvidia/velodyne_drivers/install/test_converter:/home/nvidia/velodyne_drivers/install/py_launch_example:/home/nvidia/velodyne_drivers/install/example:/opt/ros/foxy /usr/bin/cmake --install /home/nvidia/master_ws/build/velodyne_laserscan
