[0.069s] Invoking command in '/home/nvidia/master_ws/build/listener': CMAKE_PREFIX_PATH=${CMAKE_PREFIX_PATH}:/home/nvidia/master_ws/install/xbox:/home/nvidia/master_ws/install/lidar_control:/home/nvidia/master_ws/install/launch_car:/home/nvidia/master_ws/install/broadcaster:/opt/ros/foxy /usr/bin/cmake --build /home/nvidia/master_ws/build/listener -- -j4 -l4
[0.756s] [100%] Built target listener
[0.915s] Invoked command in '/home/nvidia/master_ws/build/listener' returned '0': CMAKE_PREFIX_PATH=${CMAKE_PREFIX_PATH}:/home/nvidia/master_ws/install/xbox:/home/nvidia/master_ws/install/lidar_control:/home/nvidia/master_ws/install/launch_car:/home/nvidia/master_ws/install/broadcaster:/opt/ros/foxy /usr/bin/cmake --build /home/nvidia/master_ws/build/listener -- -j4 -l4
[1.086s] Invoking command in '/home/nvidia/master_ws/build/listener': CMAKE_PREFIX_PATH=${CMAKE_PREFIX_PATH}:/home/nvidia/master_ws/install/xbox:/home/nvidia/master_ws/install/lidar_control:/home/nvidia/master_ws/install/launch_car:/home/nvidia/master_ws/install/broadcaster:/opt/ros/foxy /usr/bin/cmake --install /home/nvidia/master_ws/build/listener
[1.151s] -- Install configuration: ""
[1.152s] -- Up-to-date: /home/nvidia/master_ws/install/listener/lib/listener/listener
[1.155s] -- Up-to-date: /home/nvidia/master_ws/install/listener/share/ament_index/resource_index/package_run_dependencies/listener
[1.155s] -- Up-to-date: /home/nvidia/master_ws/install/listener/share/ament_index/resource_index/parent_prefix_path/listener
[1.156s] -- Up-to-date: /home/nvidia/master_ws/install/listener/share/listener/environment/ament_prefix_path.sh
[1.156s] -- Up-to-date: /home/nvidia/master_ws/install/listener/share/listener/environment/ament_prefix_path.dsv
[1.156s] -- Up-to-date: /home/nvidia/master_ws/install/listener/share/listener/environment/path.sh
[1.158s] -- Up-to-date: /home/nvidia/master_ws/install/listener/share/listener/environment/path.dsv
[1.158s] -- Up-to-date: /home/nvidia/master_ws/install/listener/share/listener/local_setup.bash
[1.159s] -- Up-to-date: /home/nvidia/master_ws/install/listener/share/listener/local_setup.sh
[1.159s] -- Up-to-date: /home/nvidia/master_ws/install/listener/share/listener/local_setup.zsh
[1.159s] -- Up-to-date: /home/nvidia/master_ws/install/listener/share/listener/local_setup.dsv
[1.160s] -- Installing: /home/nvidia/master_ws/install/listener/share/listener/package.dsv
[1.160s] -- Up-to-date: /home/nvidia/master_ws/install/listener/share/ament_index/resource_index/packages/listener
[1.163s] -- Up-to-date: /home/nvidia/master_ws/install/listener/share/listener/cmake/listenerConfig.cmake
[1.164s] -- Up-to-date: /home/nvidia/master_ws/install/listener/share/listener/cmake/listenerConfig-version.cmake
[1.164s] -- Up-to-date: /home/nvidia/master_ws/install/listener/share/listener/package.xml
[1.181s] Invoked command in '/home/nvidia/master_ws/build/listener' returned '0': CMAKE_PREFIX_PATH=${CMAKE_PREFIX_PATH}:/home/nvidia/master_ws/install/xbox:/home/nvidia/master_ws/install/lidar_control:/home/nvidia/master_ws/install/launch_car:/home/nvidia/master_ws/install/broadcaster:/opt/ros/foxy /usr/bin/cmake --install /home/nvidia/master_ws/build/listener
