[1.996s] DEBUG:colcon:Command line arguments: ['/usr/bin/colcon', 'build', '--packages-select', 'plane_fitter']
[1.996s] DEBUG:colcon:Parsed command line arguments: Namespace(allow_overriding=[], ament_cmake_args=None, base_paths=['.'], build_base='build', catkin_cmake_args=None, catkin_skip_building_tests=False, cmake_args=None, cmake_clean_cache=False, cmake_clean_first=False, cmake_force_configure=False, cmake_target=None, cmake_target_skip_unavailable=False, continue_on_error=False, event_handlers=None, executor='parallel', ignore_user_meta=False, install_base='install', log_base=None, log_level=None, main=<bound method BuildVerb.main of <colcon_core.verb.build.BuildVerb object at 0xffffa12d28b0>>, merge_install=False, metas=['./colcon.meta'], packages_above=None, packages_above_and_dependencies=None, packages_above_depth=None, packages_end=None, packages_ignore=None, packages_ignore_regex=None, packages_select=['plane_fitter'], packages_select_build_failed=False, packages_select_by_dep=None, packages_select_regex=None, packages_select_test_failures=False, packages_skip=None, packages_skip_build_finished=False, packages_skip_by_dep=None, packages_skip_regex=None, packages_skip_test_passed=False, packages_skip_up_to=None, packages_start=None, packages_up_to=None, packages_up_to_regex=None, parallel_workers=4, paths=None, symlink_install=False, test_result_base=None, verb_extension=<colcon_core.verb.build.BuildVerb object at 0xffffa12d28b0>, verb_name='build', verb_parser=<colcon_defaults.argument_parser.defaults.DefaultArgumentsDecorator object at 0xffffa12d2f70>)
[3.104s] Level 1:colcon.colcon_core.package_discovery:discover_packages(colcon_meta) check parameters
[3.105s] Level 1:colcon.colcon_core.package_discovery:discover_packages(recursive) check parameters
[3.105s] Level 1:colcon.colcon_core.package_discovery:discover_packages(ignore) check parameters
[3.105s] Level 1:colcon.colcon_core.package_discovery:discover_packages(path) check parameters
[3.105s] Level 1:colcon.colcon_core.package_discovery:discover_packages(colcon_meta) discover
[3.106s] Level 1:colcon.colcon_core.package_discovery:discover_packages(recursive) discover
[3.106s] INFO:colcon.colcon_core.package_discovery:Crawling recursively for packages in '/home/nvidia/master_ws'
[3.107s] Level 1:colcon.colcon_core.package_identification:_identify(.) by extensions ['ignore', 'ignore_ament_install']
[3.107s] Level 1:colcon.colcon_core.package_identification:_identify(.) by extension 'ignore'
[3.108s] Level 1:colcon.colcon_core.package_identification:_identify(.) by extension 'ignore_ament_install'
[3.108s] Level 1:colcon.colcon_core.package_identification:_identify(.) by extensions ['colcon_pkg']
[3.108s] Level 1:colcon.colcon_core.package_identification:_identify(.) by extension 'colcon_pkg'
[3.108s] Level 1:colcon.colcon_core.package_identification:_identify(.) by extensions ['colcon_meta']
[3.108s] Level 1:colcon.colcon_core.package_identification:_identify(.) by extension 'colcon_meta'
[3.109s] Level 1:colcon.colcon_core.package_identification:_identify(.) by extensions ['ros']
[3.109s] Level 1:colcon.colcon_core.package_identification:_identify(.) by extension 'ros'
[3.164s] Level 1:colcon.colcon_core.package_identification:_identify(.) by extensions ['cmake', 'python']
[3.165s] Level 1:colcon.colcon_core.package_identification:_identify(.) by extension 'cmake'
[3.165s] Level 1:colcon.colcon_core.package_identification:_identify(.) by extension 'python'
[3.165s] Level 1:colcon.colcon_core.package_identification:_identify(.) by extensions ['python_setup_py']
[3.165s] Level 1:colcon.colcon_core.package_identification:_identify(.) by extension 'python_setup_py'
[3.166s] Level 1:colcon.colcon_core.package_identification:_identify(build) by extensions ['ignore', 'ignore_ament_install']
[3.166s] Level 1:colcon.colcon_core.package_identification:_identify(build) by extension 'ignore'
[3.167s] Level 1:colcon.colcon_core.package_identification:_identify(build) ignored
[3.167s] Level 1:colcon.colcon_core.package_identification:_identify(install) by extensions ['ignore', 'ignore_ament_install']
[3.167s] Level 1:colcon.colcon_core.package_identification:_identify(install) by extension 'ignore'
[3.168s] Level 1:colcon.colcon_core.package_identification:_identify(install) ignored
[3.168s] Level 1:colcon.colcon_core.package_identification:_identify(log) by extensions ['ignore', 'ignore_ament_install']
[3.169s] Level 1:colcon.colcon_core.package_identification:_identify(log) by extension 'ignore'
[3.169s] Level 1:colcon.colcon_core.package_identification:_identify(log) ignored
[3.169s] Level 1:colcon.colcon_core.package_identification:_identify(src) by extensions ['ignore', 'ignore_ament_install']
[3.169s] Level 1:colcon.colcon_core.package_identification:_identify(src) by extension 'ignore'
[3.170s] Level 1:colcon.colcon_core.package_identification:_identify(src) by extension 'ignore_ament_install'
[3.170s] Level 1:colcon.colcon_core.package_identification:_identify(src) by extensions ['colcon_pkg']
[3.170s] Level 1:colcon.colcon_core.package_identification:_identify(src) by extension 'colcon_pkg'
[3.170s] Level 1:colcon.colcon_core.package_identification:_identify(src) by extensions ['colcon_meta']
[3.170s] Level 1:colcon.colcon_core.package_identification:_identify(src) by extension 'colcon_meta'
[3.171s] Level 1:colcon.colcon_core.package_identification:_identify(src) by extensions ['ros']
[3.172s] Level 1:colcon.colcon_core.package_identification:_identify(src) by extension 'ros'
[3.172s] Level 1:colcon.colcon_core.package_identification:_identify(src) by extensions ['cmake', 'python']
[3.173s] Level 1:colcon.colcon_core.package_identification:_identify(src) by extension 'cmake'
[3.173s] Level 1:colcon.colcon_core.package_identification:_identify(src) by extension 'python'
[3.173s] Level 1:colcon.colcon_core.package_identification:_identify(src) by extensions ['python_setup_py']
[3.173s] Level 1:colcon.colcon_core.package_identification:_identify(src) by extension 'python_setup_py'
[3.174s] Level 1:colcon.colcon_core.package_identification:_identify(src/broadcaster) by extensions ['ignore', 'ignore_ament_install']
[3.174s] Level 1:colcon.colcon_core.package_identification:_identify(src/broadcaster) by extension 'ignore'
[3.174s] Level 1:colcon.colcon_core.package_identification:_identify(src/broadcaster) by extension 'ignore_ament_install'
[3.175s] Level 1:colcon.colcon_core.package_identification:_identify(src/broadcaster) by extensions ['colcon_pkg']
[3.175s] Level 1:colcon.colcon_core.package_identification:_identify(src/broadcaster) by extension 'colcon_pkg'
[3.175s] Level 1:colcon.colcon_core.package_identification:_identify(src/broadcaster) by extensions ['colcon_meta']
[3.175s] Level 1:colcon.colcon_core.package_identification:_identify(src/broadcaster) by extension 'colcon_meta'
[3.175s] Level 1:colcon.colcon_core.package_identification:_identify(src/broadcaster) by extensions ['ros']
[3.175s] Level 1:colcon.colcon_core.package_identification:_identify(src/broadcaster) by extension 'ros'
[3.187s] DEBUG:colcon.colcon_core.package_identification:Package 'src/broadcaster' with type 'ros.ament_python' and name 'broadcaster'
[3.188s] Level 1:colcon.colcon_core.package_identification:_identify(src/launch_ws) by extensions ['ignore', 'ignore_ament_install']
[3.188s] Level 1:colcon.colcon_core.package_identification:_identify(src/launch_ws) by extension 'ignore'
[3.189s] Level 1:colcon.colcon_core.package_identification:_identify(src/launch_ws) by extension 'ignore_ament_install'
[3.189s] Level 1:colcon.colcon_core.package_identification:_identify(src/launch_ws) by extensions ['colcon_pkg']
[3.189s] Level 1:colcon.colcon_core.package_identification:_identify(src/launch_ws) by extension 'colcon_pkg'
[3.189s] Level 1:colcon.colcon_core.package_identification:_identify(src/launch_ws) by extensions ['colcon_meta']
[3.190s] Level 1:colcon.colcon_core.package_identification:_identify(src/launch_ws) by extension 'colcon_meta'
[3.190s] Level 1:colcon.colcon_core.package_identification:_identify(src/launch_ws) by extensions ['ros']
[3.190s] Level 1:colcon.colcon_core.package_identification:_identify(src/launch_ws) by extension 'ros'
[3.191s] Level 1:colcon.colcon_core.package_identification:_identify(src/launch_ws) by extensions ['cmake', 'python']
[3.191s] Level 1:colcon.colcon_core.package_identification:_identify(src/launch_ws) by extension 'cmake'
[3.194s] Level 1:colcon.colcon_core.package_identification:_identify(src/launch_ws) by extension 'python'
[3.195s] Level 1:colcon.colcon_core.package_identification:_identify(src/launch_ws) by extensions ['python_setup_py']
[3.195s] Level 1:colcon.colcon_core.package_identification:_identify(src/launch_ws) by extension 'python_setup_py'
[3.196s] Level 1:colcon.colcon_core.package_identification:_identify(src/launch_ws/src) by extensions ['ignore', 'ignore_ament_install']
[3.197s] Level 1:colcon.colcon_core.package_identification:_identify(src/launch_ws/src) by extension 'ignore'
[3.197s] Level 1:colcon.colcon_core.package_identification:_identify(src/launch_ws/src) by extension 'ignore_ament_install'
[3.197s] Level 1:colcon.colcon_core.package_identification:_identify(src/launch_ws/src) by extensions ['colcon_pkg']
[3.197s] Level 1:colcon.colcon_core.package_identification:_identify(src/launch_ws/src) by extension 'colcon_pkg'
[3.198s] Level 1:colcon.colcon_core.package_identification:_identify(src/launch_ws/src) by extensions ['colcon_meta']
[3.198s] Level 1:colcon.colcon_core.package_identification:_identify(src/launch_ws/src) by extension 'colcon_meta'
[3.198s] Level 1:colcon.colcon_core.package_identification:_identify(src/launch_ws/src) by extensions ['ros']
[3.198s] Level 1:colcon.colcon_core.package_identification:_identify(src/launch_ws/src) by extension 'ros'
[3.199s] Level 1:colcon.colcon_core.package_identification:_identify(src/launch_ws/src) by extensions ['cmake', 'python']
[3.199s] Level 1:colcon.colcon_core.package_identification:_identify(src/launch_ws/src) by extension 'cmake'
[3.199s] Level 1:colcon.colcon_core.package_identification:_identify(src/launch_ws/src) by extension 'python'
[3.199s] Level 1:colcon.colcon_core.package_identification:_identify(src/launch_ws/src) by extensions ['python_setup_py']
[3.200s] Level 1:colcon.colcon_core.package_identification:_identify(src/launch_ws/src) by extension 'python_setup_py'
[3.200s] Level 1:colcon.colcon_core.package_identification:_identify(src/launch_ws/src/launch_car) by extensions ['ignore', 'ignore_ament_install']
[3.201s] Level 1:colcon.colcon_core.package_identification:_identify(src/launch_ws/src/launch_car) by extension 'ignore'
[3.201s] Level 1:colcon.colcon_core.package_identification:_identify(src/launch_ws/src/launch_car) by extension 'ignore_ament_install'
[3.201s] Level 1:colcon.colcon_core.package_identification:_identify(src/launch_ws/src/launch_car) by extensions ['colcon_pkg']
[3.201s] Level 1:colcon.colcon_core.package_identification:_identify(src/launch_ws/src/launch_car) by extension 'colcon_pkg'
[3.202s] Level 1:colcon.colcon_core.package_identification:_identify(src/launch_ws/src/launch_car) by extensions ['colcon_meta']
[3.202s] Level 1:colcon.colcon_core.package_identification:_identify(src/launch_ws/src/launch_car) by extension 'colcon_meta'
[3.202s] Level 1:colcon.colcon_core.package_identification:_identify(src/launch_ws/src/launch_car) by extensions ['ros']
[3.202s] Level 1:colcon.colcon_core.package_identification:_identify(src/launch_ws/src/launch_car) by extension 'ros'
[3.205s] DEBUG:colcon.colcon_core.package_identification:Package 'src/launch_ws/src/launch_car' with type 'ros.ament_python' and name 'launch_car'
[3.206s] Level 1:colcon.colcon_core.package_identification:_identify(src/lidar) by extensions ['ignore', 'ignore_ament_install']
[3.206s] Level 1:colcon.colcon_core.package_identification:_identify(src/lidar) by extension 'ignore'
[3.207s] Level 1:colcon.colcon_core.package_identification:_identify(src/lidar) by extension 'ignore_ament_install'
[3.207s] Level 1:colcon.colcon_core.package_identification:_identify(src/lidar) by extensions ['colcon_pkg']
[3.207s] Level 1:colcon.colcon_core.package_identification:_identify(src/lidar) by extension 'colcon_pkg'
[3.207s] Level 1:colcon.colcon_core.package_identification:_identify(src/lidar) by extensions ['colcon_meta']
[3.208s] Level 1:colcon.colcon_core.package_identification:_identify(src/lidar) by extension 'colcon_meta'
[3.208s] Level 1:colcon.colcon_core.package_identification:_identify(src/lidar) by extensions ['ros']
[3.208s] Level 1:colcon.colcon_core.package_identification:_identify(src/lidar) by extension 'ros'
[3.213s] DEBUG:colcon.colcon_core.package_identification:Package 'src/lidar' with type 'ros.ament_cmake' and name 'lidar'
[3.214s] Level 1:colcon.colcon_core.package_identification:_identify(src/lidar_control) by extensions ['ignore', 'ignore_ament_install']
[3.215s] Level 1:colcon.colcon_core.package_identification:_identify(src/lidar_control) by extension 'ignore'
[3.215s] Level 1:colcon.colcon_core.package_identification:_identify(src/lidar_control) by extension 'ignore_ament_install'
[3.215s] Level 1:colcon.colcon_core.package_identification:_identify(src/lidar_control) by extensions ['colcon_pkg']
[3.215s] Level 1:colcon.colcon_core.package_identification:_identify(src/lidar_control) by extension 'colcon_pkg'
[3.215s] Level 1:colcon.colcon_core.package_identification:_identify(src/lidar_control) by extensions ['colcon_meta']
[3.216s] Level 1:colcon.colcon_core.package_identification:_identify(src/lidar_control) by extension 'colcon_meta'
[3.216s] Level 1:colcon.colcon_core.package_identification:_identify(src/lidar_control) by extensions ['ros']
[3.216s] Level 1:colcon.colcon_core.package_identification:_identify(src/lidar_control) by extension 'ros'
[3.220s] DEBUG:colcon.colcon_core.package_identification:Package 'src/lidar_control' with type 'ros.ament_python' and name 'lidar_control'
[3.221s] Level 1:colcon.colcon_core.package_identification:_identify(src/listener) by extensions ['ignore', 'ignore_ament_install']
[3.221s] Level 1:colcon.colcon_core.package_identification:_identify(src/listener) by extension 'ignore'
[3.222s] Level 1:colcon.colcon_core.package_identification:_identify(src/listener) by extension 'ignore_ament_install'
[3.222s] Level 1:colcon.colcon_core.package_identification:_identify(src/listener) by extensions ['colcon_pkg']
[3.222s] Level 1:colcon.colcon_core.package_identification:_identify(src/listener) by extension 'colcon_pkg'
[3.222s] Level 1:colcon.colcon_core.package_identification:_identify(src/listener) by extensions ['colcon_meta']
[3.223s] Level 1:colcon.colcon_core.package_identification:_identify(src/listener) by extension 'colcon_meta'
[3.223s] Level 1:colcon.colcon_core.package_identification:_identify(src/listener) by extensions ['ros']
[3.223s] Level 1:colcon.colcon_core.package_identification:_identify(src/listener) by extension 'ros'
[3.227s] DEBUG:colcon.colcon_core.package_identification:Package 'src/listener' with type 'ros.ament_cmake' and name 'listener'
[3.228s] Level 1:colcon.colcon_core.package_identification:_identify(src/plane_fitter) by extensions ['ignore', 'ignore_ament_install']
[3.228s] Level 1:colcon.colcon_core.package_identification:_identify(src/plane_fitter) by extension 'ignore'
[3.229s] Level 1:colcon.colcon_core.package_identification:_identify(src/plane_fitter) by extension 'ignore_ament_install'
[3.229s] Level 1:colcon.colcon_core.package_identification:_identify(src/plane_fitter) by extensions ['colcon_pkg']
[3.229s] Level 1:colcon.colcon_core.package_identification:_identify(src/plane_fitter) by extension 'colcon_pkg'
[3.230s] Level 1:colcon.colcon_core.package_identification:_identify(src/plane_fitter) by extensions ['colcon_meta']
[3.230s] Level 1:colcon.colcon_core.package_identification:_identify(src/plane_fitter) by extension 'colcon_meta'
[3.230s] Level 1:colcon.colcon_core.package_identification:_identify(src/plane_fitter) by extensions ['ros']
[3.230s] Level 1:colcon.colcon_core.package_identification:_identify(src/plane_fitter) by extension 'ros'
[3.234s] DEBUG:colcon.colcon_core.package_identification:Package 'src/plane_fitter' with type 'ros.ament_cmake' and name 'plane_fitter'
[3.234s] Level 1:colcon.colcon_core.package_identification:_identify(src/realsense_control) by extensions ['ignore', 'ignore_ament_install']
[3.235s] Level 1:colcon.colcon_core.package_identification:_identify(src/realsense_control) by extension 'ignore'
[3.235s] Level 1:colcon.colcon_core.package_identification:_identify(src/realsense_control) by extension 'ignore_ament_install'
[3.235s] Level 1:colcon.colcon_core.package_identification:_identify(src/realsense_control) by extensions ['colcon_pkg']
[3.236s] Level 1:colcon.colcon_core.package_identification:_identify(src/realsense_control) by extension 'colcon_pkg'
[3.236s] Level 1:colcon.colcon_core.package_identification:_identify(src/realsense_control) by extensions ['colcon_meta']
[3.236s] Level 1:colcon.colcon_core.package_identification:_identify(src/realsense_control) by extension 'colcon_meta'
[3.236s] Level 1:colcon.colcon_core.package_identification:_identify(src/realsense_control) by extensions ['ros']
[3.236s] Level 1:colcon.colcon_core.package_identification:_identify(src/realsense_control) by extension 'ros'
[3.241s] DEBUG:colcon.colcon_core.package_identification:Package 'src/realsense_control' with type 'ros.ament_cmake' and name 'realsense_control'
[3.242s] Level 1:colcon.colcon_core.package_identification:_identify(src/velodyne) by extensions ['ignore', 'ignore_ament_install']
[3.243s] Level 1:colcon.colcon_core.package_identification:_identify(src/velodyne) by extension 'ignore'
[3.243s] Level 1:colcon.colcon_core.package_identification:_identify(src/velodyne) by extension 'ignore_ament_install'
[3.243s] Level 1:colcon.colcon_core.package_identification:_identify(src/velodyne) by extensions ['colcon_pkg']
[3.243s] Level 1:colcon.colcon_core.package_identification:_identify(src/velodyne) by extension 'colcon_pkg'
[3.244s] Level 1:colcon.colcon_core.package_identification:_identify(src/velodyne) by extensions ['colcon_meta']
[3.244s] Level 1:colcon.colcon_core.package_identification:_identify(src/velodyne) by extension 'colcon_meta'
[3.244s] Level 1:colcon.colcon_core.package_identification:_identify(src/velodyne) by extensions ['ros']
[3.244s] Level 1:colcon.colcon_core.package_identification:_identify(src/velodyne) by extension 'ros'
[3.245s] Level 1:colcon.colcon_core.package_identification:_identify(src/velodyne) by extensions ['cmake', 'python']
[3.245s] Level 1:colcon.colcon_core.package_identification:_identify(src/velodyne) by extension 'cmake'
[3.246s] Level 1:colcon.colcon_core.package_identification:_identify(src/velodyne) by extension 'python'
[3.246s] Level 1:colcon.colcon_core.package_identification:_identify(src/velodyne) by extensions ['python_setup_py']
[3.246s] Level 1:colcon.colcon_core.package_identification:_identify(src/velodyne) by extension 'python_setup_py'
[3.247s] Level 1:colcon.colcon_core.package_identification:_identify(src/velodyne/velodyne) by extensions ['ignore', 'ignore_ament_install']
[3.248s] Level 1:colcon.colcon_core.package_identification:_identify(src/velodyne/velodyne) by extension 'ignore'
[3.248s] Level 1:colcon.colcon_core.package_identification:_identify(src/velodyne/velodyne) by extension 'ignore_ament_install'
[3.248s] Level 1:colcon.colcon_core.package_identification:_identify(src/velodyne/velodyne) by extensions ['colcon_pkg']
[3.248s] Level 1:colcon.colcon_core.package_identification:_identify(src/velodyne/velodyne) by extension 'colcon_pkg'
[3.249s] Level 1:colcon.colcon_core.package_identification:_identify(src/velodyne/velodyne) by extensions ['colcon_meta']
[3.249s] Level 1:colcon.colcon_core.package_identification:_identify(src/velodyne/velodyne) by extension 'colcon_meta'
[3.250s] Level 1:colcon.colcon_core.package_identification:_identify(src/velodyne/velodyne) by extensions ['ros']
[3.250s] Level 1:colcon.colcon_core.package_identification:_identify(src/velodyne/velodyne) by extension 'ros'
[3.253s] DEBUG:colcon.colcon_core.package_identification:Package 'src/velodyne/velodyne' with type 'ros.ament_cmake' and name 'velodyne'
[3.254s] Level 1:colcon.colcon_core.package_identification:_identify(src/velodyne/velodyne_driver) by extensions ['ignore', 'ignore_ament_install']
[3.254s] Level 1:colcon.colcon_core.package_identification:_identify(src/velodyne/velodyne_driver) by extension 'ignore'
[3.255s] Level 1:colcon.colcon_core.package_identification:_identify(src/velodyne/velodyne_driver) by extension 'ignore_ament_install'
[3.259s] Level 1:colcon.colcon_core.package_identification:_identify(src/velodyne/velodyne_driver) by extensions ['colcon_pkg']
[3.259s] Level 1:colcon.colcon_core.package_identification:_identify(src/velodyne/velodyne_driver) by extension 'colcon_pkg'
[3.259s] Level 1:colcon.colcon_core.package_identification:_identify(src/velodyne/velodyne_driver) by extensions ['colcon_meta']
[3.259s] Level 1:colcon.colcon_core.package_identification:_identify(src/velodyne/velodyne_driver) by extension 'colcon_meta'
[3.260s] Level 1:colcon.colcon_core.package_identification:_identify(src/velodyne/velodyne_driver) by extensions ['ros']
[3.260s] Level 1:colcon.colcon_core.package_identification:_identify(src/velodyne/velodyne_driver) by extension 'ros'
[3.267s] DEBUG:colcon.colcon_core.package_identification:Package 'src/velodyne/velodyne_driver' with type 'ros.ament_cmake' and name 'velodyne_driver'
[3.268s] Level 1:colcon.colcon_core.package_identification:_identify(src/velodyne/velodyne_laserscan) by extensions ['ignore', 'ignore_ament_install']
[3.269s] Level 1:colcon.colcon_core.package_identification:_identify(src/velodyne/velodyne_laserscan) by extension 'ignore'
[3.269s] Level 1:colcon.colcon_core.package_identification:_identify(src/velodyne/velodyne_laserscan) by extension 'ignore_ament_install'
[3.269s] Level 1:colcon.colcon_core.package_identification:_identify(src/velodyne/velodyne_laserscan) by extensions ['colcon_pkg']
[3.270s] Level 1:colcon.colcon_core.package_identification:_identify(src/velodyne/velodyne_laserscan) by extension 'colcon_pkg'
[3.270s] Level 1:colcon.colcon_core.package_identification:_identify(src/velodyne/velodyne_laserscan) by extensions ['colcon_meta']
[3.270s] Level 1:colcon.colcon_core.package_identification:_identify(src/velodyne/velodyne_laserscan) by extension 'colcon_meta'
[3.271s] Level 1:colcon.colcon_core.package_identification:_identify(src/velodyne/velodyne_laserscan) by extensions ['ros']
[3.271s] Level 1:colcon.colcon_core.package_identification:_identify(src/velodyne/velodyne_laserscan) by extension 'ros'
[3.278s] DEBUG:colcon.colcon_core.package_identification:Package 'src/velodyne/velodyne_laserscan' with type 'ros.ament_cmake' and name 'velodyne_laserscan'
[3.279s] Level 1:colcon.colcon_core.package_identification:_identify(src/velodyne/velodyne_msgs) by extensions ['ignore', 'ignore_ament_install']
[3.280s] Level 1:colcon.colcon_core.package_identification:_identify(src/velodyne/velodyne_msgs) by extension 'ignore'
[3.281s] Level 1:colcon.colcon_core.package_identification:_identify(src/velodyne/velodyne_msgs) by extension 'ignore_ament_install'
[3.281s] Level 1:colcon.colcon_core.package_identification:_identify(src/velodyne/velodyne_msgs) by extensions ['colcon_pkg']
[3.281s] Level 1:colcon.colcon_core.package_identification:_identify(src/velodyne/velodyne_msgs) by extension 'colcon_pkg'
[3.281s] Level 1:colcon.colcon_core.package_identification:_identify(src/velodyne/velodyne_msgs) by extensions ['colcon_meta']
[3.281s] Level 1:colcon.colcon_core.package_identification:_identify(src/velodyne/velodyne_msgs) by extension 'colcon_meta'
[3.282s] Level 1:colcon.colcon_core.package_identification:_identify(src/velodyne/velodyne_msgs) by extensions ['ros']
[3.282s] Level 1:colcon.colcon_core.package_identification:_identify(src/velodyne/velodyne_msgs) by extension 'ros'
[3.286s] DEBUG:colcon.colcon_core.package_identification:Package 'src/velodyne/velodyne_msgs' with type 'ros.ament_cmake' and name 'velodyne_msgs'
[3.287s] Level 1:colcon.colcon_core.package_identification:_identify(src/velodyne/velodyne_pointcloud) by extensions ['ignore', 'ignore_ament_install']
[3.288s] Level 1:colcon.colcon_core.package_identification:_identify(src/velodyne/velodyne_pointcloud) by extension 'ignore'
[3.288s] Level 1:colcon.colcon_core.package_identification:_identify(src/velodyne/velodyne_pointcloud) by extension 'ignore_ament_install'
[3.288s] Level 1:colcon.colcon_core.package_identification:_identify(src/velodyne/velodyne_pointcloud) by extensions ['colcon_pkg']
[3.289s] Level 1:colcon.colcon_core.package_identification:_identify(src/velodyne/velodyne_pointcloud) by extension 'colcon_pkg'
[3.289s] Level 1:colcon.colcon_core.package_identification:_identify(src/velodyne/velodyne_pointcloud) by extensions ['colcon_meta']
[3.289s] Level 1:colcon.colcon_core.package_identification:_identify(src/velodyne/velodyne_pointcloud) by extension 'colcon_meta'
[3.289s] Level 1:colcon.colcon_core.package_identification:_identify(src/velodyne/velodyne_pointcloud) by extensions ['ros']
[3.289s] Level 1:colcon.colcon_core.package_identification:_identify(src/velodyne/velodyne_pointcloud) by extension 'ros'
[3.296s] DEBUG:colcon.colcon_core.package_identification:Package 'src/velodyne/velodyne_pointcloud' with type 'ros.ament_cmake' and name 'velodyne_pointcloud'
[3.297s] Level 1:colcon.colcon_core.package_identification:_identify(src/xbox) by extensions ['ignore', 'ignore_ament_install']
[3.297s] Level 1:colcon.colcon_core.package_identification:_identify(src/xbox) by extension 'ignore'
[3.298s] Level 1:colcon.colcon_core.package_identification:_identify(src/xbox) by extension 'ignore_ament_install'
[3.298s] Level 1:colcon.colcon_core.package_identification:_identify(src/xbox) by extensions ['colcon_pkg']
[3.298s] Level 1:colcon.colcon_core.package_identification:_identify(src/xbox) by extension 'colcon_pkg'
[3.298s] Level 1:colcon.colcon_core.package_identification:_identify(src/xbox) by extensions ['colcon_meta']
[3.298s] Level 1:colcon.colcon_core.package_identification:_identify(src/xbox) by extension 'colcon_meta'
[3.298s] Level 1:colcon.colcon_core.package_identification:_identify(src/xbox) by extensions ['ros']
[3.299s] Level 1:colcon.colcon_core.package_identification:_identify(src/xbox) by extension 'ros'
[3.304s] DEBUG:colcon.colcon_core.package_identification:Package 'src/xbox' with type 'ros.ament_python' and name 'xbox'
[3.304s] Level 1:colcon.colcon_core.package_discovery:discover_packages(recursive) using defaults
[3.305s] Level 1:colcon.colcon_core.package_discovery:discover_packages(ignore) discover
[3.305s] Level 1:colcon.colcon_core.package_discovery:discover_packages(ignore) using defaults
[3.305s] Level 1:colcon.colcon_core.package_discovery:discover_packages(path) discover
[3.305s] Level 1:colcon.colcon_core.package_discovery:discover_packages(path) using defaults
[3.458s] INFO:colcon.colcon_core.package_selection:Skipping not selected package 'broadcaster' in 'src/broadcaster'
[3.459s] INFO:colcon.colcon_core.package_selection:Skipping not selected package 'launch_car' in 'src/launch_ws/src/launch_car'
[3.459s] INFO:colcon.colcon_core.package_selection:Skipping not selected package 'lidar' in 'src/lidar'
[3.460s] INFO:colcon.colcon_core.package_selection:Skipping not selected package 'lidar_control' in 'src/lidar_control'
[3.460s] INFO:colcon.colcon_core.package_selection:Skipping not selected package 'listener' in 'src/listener'
[3.460s] INFO:colcon.colcon_core.package_selection:Skipping not selected package 'realsense_control' in 'src/realsense_control'
[3.460s] INFO:colcon.colcon_core.package_selection:Skipping not selected package 'velodyne_laserscan' in 'src/velodyne/velodyne_laserscan'
[3.460s] INFO:colcon.colcon_core.package_selection:Skipping not selected package 'velodyne_msgs' in 'src/velodyne/velodyne_msgs'
[3.460s] INFO:colcon.colcon_core.package_selection:Skipping not selected package 'xbox' in 'src/xbox'
[3.461s] INFO:colcon.colcon_core.package_selection:Skipping not selected package 'velodyne_driver' in 'src/velodyne/velodyne_driver'
[3.461s] INFO:colcon.colcon_core.package_selection:Skipping not selected package 'velodyne_pointcloud' in 'src/velodyne/velodyne_pointcloud'
[3.461s] INFO:colcon.colcon_core.package_selection:Skipping not selected package 'velodyne' in 'src/velodyne/velodyne'
[3.464s] Level 1:colcon.colcon_core.package_discovery:discover_packages(prefix_path) check parameters
[3.464s] Level 1:colcon.colcon_core.package_discovery:discover_packages(prefix_path) discover
[3.483s] DEBUG:colcon.colcon_installed_package_information.package_discovery:Found 13 installed packages in /home/nvidia/master_ws/install
[3.492s] DEBUG:colcon.colcon_installed_package_information.package_discovery:Found 349 installed packages in /opt/ros/foxy
[3.505s] Level 1:colcon.colcon_core.package_discovery:discover_packages(prefix_path) using defaults
[3.885s] Level 5:colcon.colcon_core.verb:set package 'plane_fitter' build argument 'cmake_args' from command line to 'None'
[3.886s] Level 5:colcon.colcon_core.verb:set package 'plane_fitter' build argument 'cmake_target' from command line to 'None'
[3.886s] Level 5:colcon.colcon_core.verb:set package 'plane_fitter' build argument 'cmake_target_skip_unavailable' from command line to 'False'
[3.886s] Level 5:colcon.colcon_core.verb:set package 'plane_fitter' build argument 'cmake_clean_cache' from command line to 'False'
[3.886s] Level 5:colcon.colcon_core.verb:set package 'plane_fitter' build argument 'cmake_clean_first' from command line to 'False'
[3.886s] Level 5:colcon.colcon_core.verb:set package 'plane_fitter' build argument 'cmake_force_configure' from command line to 'False'
[3.886s] Level 5:colcon.colcon_core.verb:set package 'plane_fitter' build argument 'ament_cmake_args' from command line to 'None'
[3.886s] Level 5:colcon.colcon_core.verb:set package 'plane_fitter' build argument 'catkin_cmake_args' from command line to 'None'
[3.886s] Level 5:colcon.colcon_core.verb:set package 'plane_fitter' build argument 'catkin_skip_building_tests' from command line to 'False'
[3.887s] DEBUG:colcon.colcon_core.verb:Building package 'plane_fitter' with the following arguments: {'ament_cmake_args': None, 'build_base': '/home/nvidia/master_ws/build/plane_fitter', 'catkin_cmake_args': None, 'catkin_skip_building_tests': False, 'cmake_args': None, 'cmake_clean_cache': False, 'cmake_clean_first': False, 'cmake_force_configure': False, 'cmake_target': None, 'cmake_target_skip_unavailable': False, 'install_base': '/home/nvidia/master_ws/install/plane_fitter', 'merge_install': False, 'path': '/home/nvidia/master_ws/src/plane_fitter', 'symlink_install': False, 'test_result_base': None}
[3.888s] INFO:colcon.colcon_core.executor:Executing jobs using 'parallel' executor
[3.892s] DEBUG:colcon.colcon_parallel_executor.executor.parallel:run_until_complete
[3.893s] INFO:colcon.colcon_ros.task.ament_cmake.build:Building ROS package in '/home/nvidia/master_ws/src/plane_fitter' with build type 'ament_cmake'
[3.894s] INFO:colcon.colcon_cmake.task.cmake.build:Building CMake package in '/home/nvidia/master_ws/src/plane_fitter'
[3.903s] INFO:colcon.colcon_core.plugin_system:Skipping extension 'colcon_core.shell.bat': Not used on non-Windows systems
[3.904s] INFO:colcon.colcon_core.shell:Skip shell extension 'powershell' for command environment: Not usable outside of PowerShell
[3.904s] DEBUG:colcon.colcon_core.shell:Skip shell extension 'dsv' for command environment
[3.985s] DEBUG:colcon.colcon_core.event_handler.log_command:Invoking command in '/home/nvidia/master_ws/build/plane_fitter': CMAKE_PREFIX_PATH=${CMAKE_PREFIX_PATH}:/home/nvidia/master_ws/install/xbox:/home/nvidia/master_ws/install/lidar_control:/home/nvidia/master_ws/install/launch_car:/home/nvidia/master_ws/install/broadcaster:/opt/ros/foxy /usr/bin/cmake --build /home/nvidia/master_ws/build/plane_fitter -- -j4 -l4
[54.259s] DEBUG:colcon.colcon_core.event_handler.log_command:Invoked command in '/home/nvidia/master_ws/build/plane_fitter' returned '0': CMAKE_PREFIX_PATH=${CMAKE_PREFIX_PATH}:/home/nvidia/master_ws/install/xbox:/home/nvidia/master_ws/install/lidar_control:/home/nvidia/master_ws/install/launch_car:/home/nvidia/master_ws/install/broadcaster:/opt/ros/foxy /usr/bin/cmake --build /home/nvidia/master_ws/build/plane_fitter -- -j4 -l4
[54.480s] DEBUG:colcon.colcon_core.event_handler.log_command:Invoking command in '/home/nvidia/master_ws/build/plane_fitter': CMAKE_PREFIX_PATH=${CMAKE_PREFIX_PATH}:/home/nvidia/master_ws/install/xbox:/home/nvidia/master_ws/install/lidar_control:/home/nvidia/master_ws/install/launch_car:/home/nvidia/master_ws/install/broadcaster:/opt/ros/foxy /usr/bin/cmake --install /home/nvidia/master_ws/build/plane_fitter
[54.583s] Level 1:colcon.colcon_core.environment:create_environment_scripts_only(plane_fitter)
[54.589s] DEBUG:colcon.colcon_core.event_handler.log_command:Invoked command in '/home/nvidia/master_ws/build/plane_fitter' returned '0': CMAKE_PREFIX_PATH=${CMAKE_PREFIX_PATH}:/home/nvidia/master_ws/install/xbox:/home/nvidia/master_ws/install/lidar_control:/home/nvidia/master_ws/install/launch_car:/home/nvidia/master_ws/install/broadcaster:/opt/ros/foxy /usr/bin/cmake --install /home/nvidia/master_ws/build/plane_fitter
[54.614s] Level 1:colcon.colcon_core.environment:checking '/home/nvidia/master_ws/install/plane_fitter' for CMake module files
[54.619s] Level 1:colcon.colcon_core.environment:checking '/home/nvidia/master_ws/install/plane_fitter' for CMake config files
[54.621s] Level 1:colcon.colcon_core.shell:create_environment_hook('plane_fitter', 'cmake_prefix_path')
[54.624s] INFO:colcon.colcon_core.shell:Creating environment hook '/home/nvidia/master_ws/install/plane_fitter/share/plane_fitter/hook/cmake_prefix_path.ps1'
[54.629s] INFO:colcon.colcon_core.shell:Creating environment descriptor '/home/nvidia/master_ws/install/plane_fitter/share/plane_fitter/hook/cmake_prefix_path.dsv'
[54.631s] INFO:colcon.colcon_core.shell:Creating environment hook '/home/nvidia/master_ws/install/plane_fitter/share/plane_fitter/hook/cmake_prefix_path.sh'
[54.637s] Level 1:colcon.colcon_core.environment:checking '/home/nvidia/master_ws/install/plane_fitter/lib'
[54.638s] Level 1:colcon.colcon_core.environment:checking '/home/nvidia/master_ws/install/plane_fitter/bin'
[54.639s] Level 1:colcon.colcon_core.environment:checking '/home/nvidia/master_ws/install/plane_fitter/lib/pkgconfig/plane_fitter.pc'
[54.640s] Level 1:colcon.colcon_core.environment:checking '/home/nvidia/master_ws/install/plane_fitter/lib/python3.8/site-packages'
[54.641s] Level 1:colcon.colcon_core.environment:checking '/home/nvidia/master_ws/install/plane_fitter/bin'
[54.642s] INFO:colcon.colcon_core.shell:Creating package script '/home/nvidia/master_ws/install/plane_fitter/share/plane_fitter/package.ps1'
[54.646s] INFO:colcon.colcon_core.shell:Creating package descriptor '/home/nvidia/master_ws/install/plane_fitter/share/plane_fitter/package.dsv'
[54.648s] INFO:colcon.colcon_core.shell:Creating package script '/home/nvidia/master_ws/install/plane_fitter/share/plane_fitter/package.sh'
[54.652s] INFO:colcon.colcon_core.shell:Creating package script '/home/nvidia/master_ws/install/plane_fitter/share/plane_fitter/package.bash'
[54.657s] INFO:colcon.colcon_core.shell:Creating package script '/home/nvidia/master_ws/install/plane_fitter/share/plane_fitter/package.zsh'
[54.661s] Level 1:colcon.colcon_core.environment:create_file_with_runtime_dependencies(/home/nvidia/master_ws/install/plane_fitter/share/colcon-core/packages/plane_fitter)
[54.834s] Level 1:colcon.colcon_core.environment:create_environment_scripts_only(plane_fitter)
[54.836s] Level 1:colcon.colcon_core.environment:checking '/home/nvidia/master_ws/install/plane_fitter' for CMake module files
[54.839s] Level 1:colcon.colcon_core.environment:checking '/home/nvidia/master_ws/install/plane_fitter' for CMake config files
[54.840s] Level 1:colcon.colcon_core.shell:create_environment_hook('plane_fitter', 'cmake_prefix_path')
[54.842s] INFO:colcon.colcon_core.shell:Creating environment hook '/home/nvidia/master_ws/install/plane_fitter/share/plane_fitter/hook/cmake_prefix_path.ps1'
[54.845s] INFO:colcon.colcon_core.shell:Creating environment descriptor '/home/nvidia/master_ws/install/plane_fitter/share/plane_fitter/hook/cmake_prefix_path.dsv'
[54.847s] INFO:colcon.colcon_core.shell:Creating environment hook '/home/nvidia/master_ws/install/plane_fitter/share/plane_fitter/hook/cmake_prefix_path.sh'
[54.849s] Level 1:colcon.colcon_core.environment:checking '/home/nvidia/master_ws/install/plane_fitter/lib'
[54.850s] Level 1:colcon.colcon_core.environment:checking '/home/nvidia/master_ws/install/plane_fitter/bin'
[54.850s] Level 1:colcon.colcon_core.environment:checking '/home/nvidia/master_ws/install/plane_fitter/lib/pkgconfig/plane_fitter.pc'
[54.851s] Level 1:colcon.colcon_core.environment:checking '/home/nvidia/master_ws/install/plane_fitter/lib/python3.8/site-packages'
[54.852s] Level 1:colcon.colcon_core.environment:checking '/home/nvidia/master_ws/install/plane_fitter/bin'
[54.853s] INFO:colcon.colcon_core.shell:Creating package script '/home/nvidia/master_ws/install/plane_fitter/share/plane_fitter/package.ps1'
[54.855s] INFO:colcon.colcon_core.shell:Creating package descriptor '/home/nvidia/master_ws/install/plane_fitter/share/plane_fitter/package.dsv'
[54.858s] INFO:colcon.colcon_core.shell:Creating package script '/home/nvidia/master_ws/install/plane_fitter/share/plane_fitter/package.sh'
[54.862s] INFO:colcon.colcon_core.shell:Creating package script '/home/nvidia/master_ws/install/plane_fitter/share/plane_fitter/package.bash'
[54.864s] INFO:colcon.colcon_core.shell:Creating package script '/home/nvidia/master_ws/install/plane_fitter/share/plane_fitter/package.zsh'
[54.867s] Level 1:colcon.colcon_core.environment:create_file_with_runtime_dependencies(/home/nvidia/master_ws/install/plane_fitter/share/colcon-core/packages/plane_fitter)
[54.869s] DEBUG:colcon.colcon_parallel_executor.executor.parallel:closing loop
[54.871s] DEBUG:colcon.colcon_parallel_executor.executor.parallel:loop closed
[54.872s] DEBUG:colcon.colcon_parallel_executor.executor.parallel:run_until_complete finished with '0'
[54.873s] DEBUG:colcon.colcon_core.event_reactor:joining thread
[54.906s] INFO:colcon.colcon_core.plugin_system:Skipping extension 'colcon_notification.desktop_notification.terminal_notifier': Not used on non-Darwin systems
[54.907s] INFO:colcon.colcon_core.plugin_system:Skipping extension 'colcon_notification.desktop_notification.win32': Not used on non-Windows systems
[54.907s] INFO:colcon.colcon_notification.desktop_notification:Sending desktop notification using 'notify2'
[54.975s] DEBUG:colcon.colcon_core.event_reactor:joined thread
[54.978s] INFO:colcon.colcon_core.shell:Creating prefix script '/home/nvidia/master_ws/install/local_setup.ps1'
[54.982s] INFO:colcon.colcon_core.shell:Creating prefix util module '/home/nvidia/master_ws/install/_local_setup_util_ps1.py'
[54.988s] INFO:colcon.colcon_core.shell:Creating prefix chain script '/home/nvidia/master_ws/install/setup.ps1'
[55.001s] INFO:colcon.colcon_core.shell:Creating prefix script '/home/nvidia/master_ws/install/local_setup.sh'
[55.004s] INFO:colcon.colcon_core.shell:Creating prefix util module '/home/nvidia/master_ws/install/_local_setup_util_sh.py'
[55.007s] INFO:colcon.colcon_core.shell:Creating prefix chain script '/home/nvidia/master_ws/install/setup.sh'
[55.016s] INFO:colcon.colcon_core.shell:Creating prefix script '/home/nvidia/master_ws/install/local_setup.bash'
[55.018s] INFO:colcon.colcon_core.shell:Creating prefix chain script '/home/nvidia/master_ws/install/setup.bash'
[55.025s] INFO:colcon.colcon_core.shell:Creating prefix script '/home/nvidia/master_ws/install/local_setup.zsh'
[55.029s] INFO:colcon.colcon_core.shell:Creating prefix chain script '/home/nvidia/master_ws/install/setup.zsh'
