[4.185s] Invoking command in '/home/nvidia/master_ws/src/launch_ws/src/launch_car': PYTHONPATH=/home/nvidia/master_ws/build/launch_car/prefix_override:/home/nvidia/master_ws/install/launch_car/lib/python3.8/site-packages:${PYTHONPATH} /usr/bin/python3 -W ignore:setup.py install is deprecated setup.py egg_info --egg-base ../../../../build/launch_car build --build-base /home/nvidia/master_ws/build/launch_car/build install --record /home/nvidia/master_ws/build/launch_car/install.log --install-scripts $base/lib/launch_car --single-version-externally-managed install_data
[5.197s] running egg_info
[5.199s] writing ../../../../build/launch_car/launch_car.egg-info/PKG-INFO
[5.200s] writing dependency_links to ../../../../build/launch_car/launch_car.egg-info/dependency_links.txt
[5.201s] writing entry points to ../../../../build/launch_car/launch_car.egg-info/entry_points.txt
[5.201s] writing requirements to ../../../../build/launch_car/launch_car.egg-info/requires.txt
[5.202s] writing top-level names to ../../../../build/launch_car/launch_car.egg-info/top_level.txt
[5.341s] reading manifest file '../../../../build/launch_car/launch_car.egg-info/SOURCES.txt'
[5.345s] writing manifest file '../../../../build/launch_car/launch_car.egg-info/SOURCES.txt'
[5.346s] running build
[5.346s] running build_py
[5.347s] running install
[5.350s] running install_lib
[5.356s] running install_data
[5.357s] running install_egg_info
[5.364s] removing '/home/nvidia/master_ws/install/launch_car/lib/python3.8/site-packages/launch_car-0.0.0-py3.8.egg-info' (and everything under it)
[5.365s] Copying ../../../../build/launch_car/launch_car.egg-info to /home/nvidia/master_ws/install/launch_car/lib/python3.8/site-packages/launch_car-0.0.0-py3.8.egg-info
[5.371s] running install_scripts
[5.447s] writing list of installed files to '/home/nvidia/master_ws/build/launch_car/install.log'
[5.543s] Invoked command in '/home/nvidia/master_ws/src/launch_ws/src/launch_car' returned '0': PYTHONPATH=/home/nvidia/master_ws/build/launch_car/prefix_override:/home/nvidia/master_ws/install/launch_car/lib/python3.8/site-packages:${PYTHONPATH} /usr/bin/python3 -W ignore:setup.py install is deprecated setup.py egg_info --egg-base ../../../../build/launch_car build --build-base /home/nvidia/master_ws/build/launch_car/build install --record /home/nvidia/master_ws/build/launch_car/install.log --install-scripts $base/lib/launch_car --single-version-externally-managed install_data
