[0.073s] Invoking command in '/home/nvidia/master_ws/build/velodyne': AMENT_PREFIX_PATH=/home/nvidia/master_ws/install/velodyne_pointcloud:/home/nvidia/master_ws/install/velodyne_driver:/home/nvidia/master_ws/install/velodyne_msgs:/home/nvidia/master_ws/install/velodyne_laserscan:${AMENT_PREFIX_PATH} CMAKE_PREFIX_PATH=/home/nvidia/master_ws/install/velodyne_pointcloud:/home/nvidia/master_ws/install/velodyne_driver:/home/nvidia/master_ws/install/velodyne_msgs:/home/nvidia/master_ws/install/velodyne_laserscan:/opt/ros/foxy LD_LIBRARY_PATH=/home/nvidia/master_ws/install/velodyne_pointcloud/lib:/home/nvidia/master_ws/install/velodyne_driver/lib:/home/nvidia/master_ws/install/velodyne_msgs/lib:/home/nvidia/master_ws/install/velodyne_laserscan/lib:/opt/ros/foxy/opt/yaml_cpp_vendor/lib:/opt/ros/foxy/opt/rviz_ogre_vendor/lib:/opt/ros/foxy/lib/aarch64-linux-gnu:/opt/ros/foxy/lib:/usr/local/cuda-11.4/lib64 PYTHONPATH=/home/nvidia/master_ws/install/velodyne_msgs/lib/python3.8/site-packages:${PYTHONPATH} /usr/bin/cmake /home/nvidia/master_ws/src/velodyne/velodyne -DCMAKE_INSTALL_PREFIX=/home/nvidia/master_ws/install/velodyne
[0.379s] -- The C compiler identification is GNU 9.4.0
[0.638s] -- The CXX compiler identification is GNU 9.4.0
[0.663s] -- Check for working C compiler: /usr/bin/cc
[1.005s] -- Check for working C compiler: /usr/bin/cc -- works
[1.009s] -- Detecting C compiler ABI info
[1.352s] -- Detecting C compiler ABI info - done
[1.405s] -- Detecting C compile features
[1.406s] -- Detecting C compile features - done
[1.416s] -- Check for working CXX compiler: /usr/bin/c++
[1.784s] -- Check for working CXX compiler: /usr/bin/c++ -- works
[1.788s] -- Detecting CXX compiler ABI info
[2.164s] -- Detecting CXX compiler ABI info - done
[2.219s] -- Detecting CXX compile features
[2.223s] -- Detecting CXX compile features - done
[2.235s] -- Found ament_cmake: 0.9.12 (/opt/ros/foxy/share/ament_cmake/cmake)
[2.343s] -- Found PythonInterp: /usr/bin/python3 (found suitable version "3.8.10", minimum required is "3") 
[2.343s] -- Using PYTHON_EXECUTABLE: /usr/bin/python3
[3.473s] -- Configuring done
[3.483s] -- Generating done
[3.487s] -- Build files have been written to: /home/nvidia/master_ws/build/velodyne
[3.502s] Invoked command in '/home/nvidia/master_ws/build/velodyne' returned '0': AMENT_PREFIX_PATH=/home/nvidia/master_ws/install/velodyne_pointcloud:/home/nvidia/master_ws/install/velodyne_driver:/home/nvidia/master_ws/install/velodyne_msgs:/home/nvidia/master_ws/install/velodyne_laserscan:${AMENT_PREFIX_PATH} CMAKE_PREFIX_PATH=/home/nvidia/master_ws/install/velodyne_pointcloud:/home/nvidia/master_ws/install/velodyne_driver:/home/nvidia/master_ws/install/velodyne_msgs:/home/nvidia/master_ws/install/velodyne_laserscan:/opt/ros/foxy LD_LIBRARY_PATH=/home/nvidia/master_ws/install/velodyne_pointcloud/lib:/home/nvidia/master_ws/install/velodyne_driver/lib:/home/nvidia/master_ws/install/velodyne_msgs/lib:/home/nvidia/master_ws/install/velodyne_laserscan/lib:/opt/ros/foxy/opt/yaml_cpp_vendor/lib:/opt/ros/foxy/opt/rviz_ogre_vendor/lib:/opt/ros/foxy/lib/aarch64-linux-gnu:/opt/ros/foxy/lib:/usr/local/cuda-11.4/lib64 PYTHONPATH=/home/nvidia/master_ws/install/velodyne_msgs/lib/python3.8/site-packages:${PYTHONPATH} /usr/bin/cmake /home/nvidia/master_ws/src/velodyne/velodyne -DCMAKE_INSTALL_PREFIX=/home/nvidia/master_ws/install/velodyne
[3.516s] Invoking command in '/home/nvidia/master_ws/build/velodyne': AMENT_PREFIX_PATH=/home/nvidia/master_ws/install/velodyne_pointcloud:/home/nvidia/master_ws/install/velodyne_driver:/home/nvidia/master_ws/install/velodyne_msgs:/home/nvidia/master_ws/install/velodyne_laserscan:${AMENT_PREFIX_PATH} CMAKE_PREFIX_PATH=/home/nvidia/master_ws/install/velodyne_pointcloud:/home/nvidia/master_ws/install/velodyne_driver:/home/nvidia/master_ws/install/velodyne_msgs:/home/nvidia/master_ws/install/velodyne_laserscan:/opt/ros/foxy LD_LIBRARY_PATH=/home/nvidia/master_ws/install/velodyne_pointcloud/lib:/home/nvidia/master_ws/install/velodyne_driver/lib:/home/nvidia/master_ws/install/velodyne_msgs/lib:/home/nvidia/master_ws/install/velodyne_laserscan/lib:/opt/ros/foxy/opt/yaml_cpp_vendor/lib:/opt/ros/foxy/opt/rviz_ogre_vendor/lib:/opt/ros/foxy/lib/aarch64-linux-gnu:/opt/ros/foxy/lib:/usr/local/cuda-11.4/lib64 PYTHONPATH=/home/nvidia/master_ws/install/velodyne_msgs/lib/python3.8/site-packages:${PYTHONPATH} /usr/bin/cmake --build /home/nvidia/master_ws/build/velodyne -- -j4 -l4
[3.697s] Invoked command in '/home/nvidia/master_ws/build/velodyne' returned '0': AMENT_PREFIX_PATH=/home/nvidia/master_ws/install/velodyne_pointcloud:/home/nvidia/master_ws/install/velodyne_driver:/home/nvidia/master_ws/install/velodyne_msgs:/home/nvidia/master_ws/install/velodyne_laserscan:${AMENT_PREFIX_PATH} CMAKE_PREFIX_PATH=/home/nvidia/master_ws/install/velodyne_pointcloud:/home/nvidia/master_ws/install/velodyne_driver:/home/nvidia/master_ws/install/velodyne_msgs:/home/nvidia/master_ws/install/velodyne_laserscan:/opt/ros/foxy LD_LIBRARY_PATH=/home/nvidia/master_ws/install/velodyne_pointcloud/lib:/home/nvidia/master_ws/install/velodyne_driver/lib:/home/nvidia/master_ws/install/velodyne_msgs/lib:/home/nvidia/master_ws/install/velodyne_laserscan/lib:/opt/ros/foxy/opt/yaml_cpp_vendor/lib:/opt/ros/foxy/opt/rviz_ogre_vendor/lib:/opt/ros/foxy/lib/aarch64-linux-gnu:/opt/ros/foxy/lib:/usr/local/cuda-11.4/lib64 PYTHONPATH=/home/nvidia/master_ws/install/velodyne_msgs/lib/python3.8/site-packages:${PYTHONPATH} /usr/bin/cmake --build /home/nvidia/master_ws/build/velodyne -- -j4 -l4
[3.808s] Invoking command in '/home/nvidia/master_ws/build/velodyne': AMENT_PREFIX_PATH=/home/nvidia/master_ws/install/velodyne_pointcloud:/home/nvidia/master_ws/install/velodyne_driver:/home/nvidia/master_ws/install/velodyne_msgs:/home/nvidia/master_ws/install/velodyne_laserscan:${AMENT_PREFIX_PATH} CMAKE_PREFIX_PATH=/home/nvidia/master_ws/install/velodyne_pointcloud:/home/nvidia/master_ws/install/velodyne_driver:/home/nvidia/master_ws/install/velodyne_msgs:/home/nvidia/master_ws/install/velodyne_laserscan:/opt/ros/foxy LD_LIBRARY_PATH=/home/nvidia/master_ws/install/velodyne_pointcloud/lib:/home/nvidia/master_ws/install/velodyne_driver/lib:/home/nvidia/master_ws/install/velodyne_msgs/lib:/home/nvidia/master_ws/install/velodyne_laserscan/lib:/opt/ros/foxy/opt/yaml_cpp_vendor/lib:/opt/ros/foxy/opt/rviz_ogre_vendor/lib:/opt/ros/foxy/lib/aarch64-linux-gnu:/opt/ros/foxy/lib:/usr/local/cuda-11.4/lib64 PYTHONPATH=/home/nvidia/master_ws/install/velodyne_msgs/lib/python3.8/site-packages:${PYTHONPATH} /usr/bin/cmake --install /home/nvidia/master_ws/build/velodyne
[3.846s] -- Install configuration: ""
[3.846s] -- Installing: /home/nvidia/master_ws/install/velodyne/share/velodyne/launch
[3.847s] -- Installing: /home/nvidia/master_ws/install/velodyne/share/velodyne/launch/velodyne-all-nodes-VLP16-composed-launch.py
[3.847s] -- Installing: /home/nvidia/master_ws/install/velodyne/share/velodyne/launch/velodyne-all-nodes-VLS128-composed-launch.py
[3.847s] -- Installing: /home/nvidia/master_ws/install/velodyne/share/velodyne/launch/velodyne-all-nodes-VLP32C-launch.py
[3.848s] -- Installing: /home/nvidia/master_ws/install/velodyne/share/velodyne/launch/velodyne-all-nodes-VLS128-launch.py
[3.849s] -- Installing: /home/nvidia/master_ws/install/velodyne/share/velodyne/launch/velodyne-all-nodes-VLP32C-composed-launch.py
[3.850s] -- Installing: /home/nvidia/master_ws/install/velodyne/share/velodyne/launch/velodyne-all-nodes-VLP16-launch.py
[3.851s] -- Installing: /home/nvidia/master_ws/install/velodyne/share/ament_index/resource_index/package_run_dependencies/velodyne
[3.852s] -- Installing: /home/nvidia/master_ws/install/velodyne/share/ament_index/resource_index/parent_prefix_path/velodyne
[3.853s] -- Installing: /home/nvidia/master_ws/install/velodyne/share/velodyne/environment/ament_prefix_path.sh
[3.854s] -- Installing: /home/nvidia/master_ws/install/velodyne/share/velodyne/environment/ament_prefix_path.dsv
[3.855s] -- Installing: /home/nvidia/master_ws/install/velodyne/share/velodyne/environment/path.sh
[3.856s] -- Installing: /home/nvidia/master_ws/install/velodyne/share/velodyne/environment/path.dsv
[3.857s] -- Installing: /home/nvidia/master_ws/install/velodyne/share/velodyne/local_setup.bash
[3.858s] -- Installing: /home/nvidia/master_ws/install/velodyne/share/velodyne/local_setup.sh
[3.858s] -- Installing: /home/nvidia/master_ws/install/velodyne/share/velodyne/local_setup.zsh
[3.859s] -- Installing: /home/nvidia/master_ws/install/velodyne/share/velodyne/local_setup.dsv
[3.860s] -- Installing: /home/nvidia/master_ws/install/velodyne/share/velodyne/package.dsv
[3.861s] -- Installing: /home/nvidia/master_ws/install/velodyne/share/ament_index/resource_index/packages/velodyne
[3.862s] -- Installing: /home/nvidia/master_ws/install/velodyne/share/velodyne/cmake/velodyneConfig.cmake
[3.863s] -- Installing: /home/nvidia/master_ws/install/velodyne/share/velodyne/cmake/velodyneConfig-version.cmake
[3.864s] -- Installing: /home/nvidia/master_ws/install/velodyne/share/velodyne/package.xml
[3.876s] Invoked command in '/home/nvidia/master_ws/build/velodyne' returned '0': AMENT_PREFIX_PATH=/home/nvidia/master_ws/install/velodyne_pointcloud:/home/nvidia/master_ws/install/velodyne_driver:/home/nvidia/master_ws/install/velodyne_msgs:/home/nvidia/master_ws/install/velodyne_laserscan:${AMENT_PREFIX_PATH} CMAKE_PREFIX_PATH=/home/nvidia/master_ws/install/velodyne_pointcloud:/home/nvidia/master_ws/install/velodyne_driver:/home/nvidia/master_ws/install/velodyne_msgs:/home/nvidia/master_ws/install/velodyne_laserscan:/opt/ros/foxy LD_LIBRARY_PATH=/home/nvidia/master_ws/install/velodyne_pointcloud/lib:/home/nvidia/master_ws/install/velodyne_driver/lib:/home/nvidia/master_ws/install/velodyne_msgs/lib:/home/nvidia/master_ws/install/velodyne_laserscan/lib:/opt/ros/foxy/opt/yaml_cpp_vendor/lib:/opt/ros/foxy/opt/rviz_ogre_vendor/lib:/opt/ros/foxy/lib/aarch64-linux-gnu:/opt/ros/foxy/lib:/usr/local/cuda-11.4/lib64 PYTHONPATH=/home/nvidia/master_ws/install/velodyne_msgs/lib/python3.8/site-packages:${PYTHONPATH} /usr/bin/cmake --install /home/nvidia/master_ws/build/velodyne
