[4.024s] Invoking command in '/home/nvidia/master_ws/src/xbox': PYTHONPATH=/home/nvidia/master_ws/build/xbox/prefix_override:/home/nvidia/master_ws/install/xbox/lib/python3.8/site-packages:${PYTHONPATH} /usr/bin/python3 -W ignore:setup.py install is deprecated setup.py egg_info --egg-base ../../build/xbox build --build-base /home/nvidia/master_ws/build/xbox/build install --record /home/nvidia/master_ws/build/xbox/install.log --install-scripts $base/lib/xbox --single-version-externally-managed install_data
[5.328s] running egg_info
[5.331s] writing ../../build/xbox/xbox.egg-info/PKG-INFO
[5.332s] writing dependency_links to ../../build/xbox/xbox.egg-info/dependency_links.txt
[5.333s] writing entry points to ../../build/xbox/xbox.egg-info/entry_points.txt
[5.334s] writing requirements to ../../build/xbox/xbox.egg-info/requires.txt
[5.335s] writing top-level names to ../../build/xbox/xbox.egg-info/top_level.txt
[5.517s] reading manifest file '../../build/xbox/xbox.egg-info/SOURCES.txt'
[5.523s] writing manifest file '../../build/xbox/xbox.egg-info/SOURCES.txt'
[5.523s] running build
[5.524s] running build_py
[5.525s] running install
[5.530s] running install_lib
[5.538s] running install_data
[5.539s] running install_egg_info
[5.547s] removing '/home/nvidia/master_ws/install/xbox/lib/python3.8/site-packages/xbox-0.0.0-py3.8.egg-info' (and everything under it)
[5.549s] Copying ../../build/xbox/xbox.egg-info to /home/nvidia/master_ws/install/xbox/lib/python3.8/site-packages/xbox-0.0.0-py3.8.egg-info
[5.555s] running install_scripts
[5.641s] Installing control script to /home/nvidia/master_ws/install/xbox/lib/xbox
[5.642s] Installing new_control script to /home/nvidia/master_ws/install/xbox/lib/xbox
[5.644s] writing list of installed files to '/home/nvidia/master_ws/build/xbox/install.log'
[5.747s] Invoked command in '/home/nvidia/master_ws/src/xbox' returned '0': PYTHONPATH=/home/nvidia/master_ws/build/xbox/prefix_override:/home/nvidia/master_ws/install/xbox/lib/python3.8/site-packages:${PYTHONPATH} /usr/bin/python3 -W ignore:setup.py install is deprecated setup.py egg_info --egg-base ../../build/xbox build --build-base /home/nvidia/master_ws/build/xbox/build install --record /home/nvidia/master_ws/build/xbox/install.log --install-scripts $base/lib/xbox --single-version-externally-managed install_data
