[0.119s] Invoking command in '/home/nvidia/master_ws/build/velodyne_driver': CMAKE_PREFIX_PATH=${CMAKE_PREFIX_PATH}:/home/nvidia/master_ws/install/broadcaster:/home/nvidia/velodyne_drivers/install/example:/home/nvidia/velodyne_drivers/install/broadcast_and_listener:/home/nvidia/velodyne_drivers/install/examples_tf2_py:/home/nvidia/velodyne_drivers/install/broadcaster:/home/nvidia/velodyne_drivers/install/test_converter:/home/nvidia/velodyne_drivers/install/py_launch_example:/opt/ros/foxy LD_LIBRARY_PATH=/home/nvidia/master_ws/install/velodyne_msgs/lib:/home/nvidia/velodyne_drivers/install/velodyne_pointcloud/lib:/home/nvidia/velodyne_drivers/install/velodyne_driver/lib:/home/nvidia/velodyne_drivers/install/velodyne_msgs/lib:/home/nvidia/velodyne_drivers/install/velodyne_laserscan/lib:/home/nvidia/velodyne_drivers/install/tf2_bullet/lib:/home/nvidia/velodyne_drivers/install/tf2_ros/lib:/home/nvidia/velodyne_drivers/install/tf2_msgs/lib:/home/nvidia/velodyne_drivers/install/tf2_eigen_kdl/lib:/home/nvidia/velodyne_drivers/install/tf2/lib:/opt/ros/foxy/opt/yaml_cpp_vendor/lib:/opt/ros/foxy/opt/rviz_ogre_vendor/lib:/opt/ros/foxy/lib/aarch64-linux-gnu:/opt/ros/foxy/lib:/usr/local/cuda-11.4/lib64 /usr/bin/cmake /home/nvidia/master_ws/src/velodyne/velodyne_driver -DCMAKE_INSTALL_PREFIX=/home/nvidia/master_ws/install/velodyne_driver
[0.721s] -- The C compiler identification is GNU 9.4.0
[1.245s] -- The CXX compiler identification is GNU 9.4.0
[1.338s] -- Check for working C compiler: /usr/bin/cc
[1.952s] -- Check for working C compiler: /usr/bin/cc -- works
[1.970s] -- Detecting C compiler ABI info
[2.382s] -- Detecting C compiler ABI info - done
[2.431s] -- Detecting C compile features
[2.433s] -- Detecting C compile features - done
[2.446s] -- Check for working CXX compiler: /usr/bin/c++
[2.888s] -- Check for working CXX compiler: /usr/bin/c++ -- works
[2.893s] -- Detecting CXX compiler ABI info
[3.343s] -- Detecting CXX compiler ABI info - done
[3.390s] -- Detecting CXX compile features
[3.392s] -- Detecting CXX compile features - done
[3.417s] -- Found ament_cmake_ros: 0.9.2 (/opt/ros/foxy/share/ament_cmake_ros/cmake)
[3.713s] -- Found PythonInterp: /usr/bin/python3 (found suitable version "3.8.10", minimum required is "3") 
[3.715s] -- Using PYTHON_EXECUTABLE: /usr/bin/python3
[5.067s] -- Found diagnostic_msgs: 2.0.5 (/opt/ros/foxy/share/diagnostic_msgs/cmake)
[5.335s] -- Using all available rosidl_typesupport_c: rosidl_typesupport_fastrtps_c;rosidl_typesupport_introspection_c
[5.409s] -- Found rosidl_adapter: 1.3.1 (/opt/ros/foxy/share/rosidl_adapter/cmake)
[6.005s] -- Found OpenSSL: /usr/lib/aarch64-linux-gnu/libcrypto.so (found version "1.1.1f")  
[6.164s] -- Found FastRTPS: /opt/ros/foxy/include  
[6.622s] -- Using all available rosidl_typesupport_cpp: rosidl_typesupport_fastrtps_cpp;rosidl_typesupport_introspection_cpp
[7.015s] -- Found diagnostic_updater: 3.1.2 (/opt/ros/foxy/share/diagnostic_updater/cmake)
[7.370s] -- Found rmw_implementation_cmake: 1.0.4 (/opt/ros/foxy/share/rmw_implementation_cmake/cmake)
[7.383s] -- Using RMW implementation 'rmw_fastrtps_cpp' as default
[7.387s] -- Looking for pthread.h
[7.795s] -- Looking for pthread.h - found
[7.797s] -- Performing Test CMAKE_HAVE_LIBC_PTHREAD
[8.226s] -- Performing Test CMAKE_HAVE_LIBC_PTHREAD - Failed
[8.227s] -- Looking for pthread_create in pthreads
[8.570s] -- Looking for pthread_create in pthreads - not found
[8.571s] -- Looking for pthread_create in pthread
[8.984s] -- Looking for pthread_create in pthread - found
[8.991s] -- Found Threads: TRUE  
[9.784s] -- Found rclcpp_components: 2.4.3 (/opt/ros/foxy/share/rclcpp_components/cmake)
[10.106s] -- Found tf2_ros: 0.13.14 (/home/nvidia/velodyne_drivers/install/tf2_ros/share/tf2_ros/cmake)
[11.349s] -- Found velodyne_msgs: 2.4.0 (/home/nvidia/master_ws/install/velodyne_msgs/share/velodyne_msgs/cmake)
[11.525s] -- Found ament_lint_auto: 0.9.8 (/opt/ros/foxy/share/ament_lint_auto/cmake)
[12.101s] -- Found gtest sources under '/opt/ros/foxy/src/gtest_vendor': C++ tests using 'Google Test' will be built
[12.117s] -- Check if compiler accepts -pthread
[12.542s] -- Check if compiler accepts -pthread - yes
[12.567s] -- Added test 'copyright' to check source files copyright and LICENSE
[12.584s] -- Added test 'cppcheck' to perform static code analysis on C / C++ code
[12.586s] -- Configured cppcheck include dirs: /home/nvidia/master_ws/src/velodyne/velodyne_driver/include
[12.586s] -- Configured cppcheck exclude dirs and/or files: 
[12.602s] -- Added test 'cpplint' to check C / C++ code against the Google style
[12.602s] -- Configured cpplint exclude dirs and/or files: 
[12.608s] -- Added test 'flake8' to check Python code syntax and style conventions
[12.615s] -- Added test 'lint_cmake' to check CMake code style
[12.622s] -- Added test 'pep257' to check Python code against some of the style conventions in PEP 257
[12.637s] -- Added test 'uncrustify' to check C / C++ code style
[12.637s] -- Configured uncrustify additional arguments: 
[12.643s] -- Added test 'xmllint' to check XML markup files
[12.678s] -- Configuring done
[12.871s] -- Generating done
[12.884s] -- Build files have been written to: /home/nvidia/master_ws/build/velodyne_driver
