[0.220s] Invoking command in '/home/nvidia/master_ws/build/velodyne_msgs': CMAKE_PREFIX_PATH=${CMAKE_PREFIX_PATH}:/home/nvidia/velodyne_drivers/install/example:/home/nvidia/velodyne_drivers/install/broadcast_and_listener:/home/nvidia/velodyne_drivers/install/examples_tf2_py:/home/nvidia/velodyne_drivers/install/broadcaster:/home/nvidia/velodyne_drivers/install/test_converter:/home/nvidia/velodyne_drivers/install/py_launch_example:/opt/ros/foxy /usr/bin/cmake /home/nvidia/master_ws/src/velodyne/velodyne_msgs -DCMAKE_INSTALL_PREFIX=/home/nvidia/master_ws/install/velodyne_msgs
[3.206s] -- The C compiler identification is GNU 9.4.0
[3.207s] -- The CXX compiler identification is GNU 9.4.0
[3.207s] -- Check for working C compiler: /usr/bin/cc
[3.208s] -- Check for working C compiler: /usr/bin/cc -- works
[3.208s] -- Detecting C compiler ABI info
[3.208s] -- Detecting C compiler ABI info - done
[3.209s] -- Detecting C compile features
[3.209s] -- Detecting C compile features - done
[3.209s] -- Check for working CXX compiler: /usr/bin/c++
[3.210s] -- Check for working CXX compiler: /usr/bin/c++ -- works
[3.210s] -- Detecting CXX compiler ABI info
[3.210s] -- Detecting CXX compiler ABI info - done
[3.211s] -- Detecting CXX compile features
[3.211s] -- Detecting CXX compile features - done
[3.211s] -- Found ament_cmake: 0.9.12 (/opt/ros/foxy/share/ament_cmake/cmake)
[3.441s] -- Found PythonInterp: /usr/bin/python3 (found suitable version "3.8.10", minimum required is "3") 
[3.442s] -- Using PYTHON_EXECUTABLE: /usr/bin/python3
[4.934s] -- Found builtin_interfaces: 1.0.0 (/opt/ros/foxy/share/builtin_interfaces/cmake)
[5.294s] -- Using all available rosidl_typesupport_c: rosidl_typesupport_fastrtps_c;rosidl_typesupport_introspection_c
[5.404s] -- Found rosidl_adapter: 1.3.1 (/opt/ros/foxy/share/rosidl_adapter/cmake)
[6.531s] -- Found OpenSSL: /usr/lib/aarch64-linux-gnu/libcrypto.so (found version "1.1.1f")  
[6.782s] -- Found FastRTPS: /opt/ros/foxy/include  
[7.527s] -- Using all available rosidl_typesupport_cpp: rosidl_typesupport_fastrtps_cpp;rosidl_typesupport_introspection_cpp
[7.766s] -- Found rosidl_default_generators: 1.0.1 (/opt/ros/foxy/share/rosidl_default_generators/cmake)
[7.904s] -- Found std_msgs: 2.0.5 (/opt/ros/foxy/share/std_msgs/cmake)
[8.251s] -- Found PythonInterp: /usr/bin/python3 (found version "3.8.10") 
[9.248s] -- Found ament_cmake_cppcheck: 0.9.8 (/opt/ros/foxy/share/ament_cmake_cppcheck/cmake)
[9.282s] -- Found ament_cmake_cpplint: 0.9.8 (/opt/ros/foxy/share/ament_cmake_cpplint/cmake)
[9.316s] -- Found ament_cmake_uncrustify: 0.9.8 (/opt/ros/foxy/share/ament_cmake_uncrustify/cmake)
[9.347s] -- Found ament_cmake_ros: 0.9.2 (/opt/ros/foxy/share/ament_cmake_ros/cmake)
[10.531s] -- Using all available rosidl_typesupport_c: rosidl_typesupport_fastrtps_c;rosidl_typesupport_introspection_c
[10.941s] -- Using all available rosidl_typesupport_cpp: rosidl_typesupport_fastrtps_cpp;rosidl_typesupport_introspection_cpp
[11.140s] -- Found PythonInterp: /usr/bin/python3 (found suitable version "3.8.10", minimum required is "3.5") 
[11.162s] -- Found python_cmake_module: 0.8.1 (/opt/ros/foxy/share/python_cmake_module/cmake)
[11.359s] -- Found PythonLibs: /usr/lib/aarch64-linux-gnu/libpython3.8.so (found suitable version "3.8.10", minimum required is "3.5") 
[11.360s] -- Using PYTHON_EXECUTABLE: /usr/bin/python3
[11.360s] -- Using PYTHON_INCLUDE_DIRS: /usr/include/python3.8
[11.361s] -- Using PYTHON_LIBRARIES: /usr/lib/aarch64-linux-gnu/libpython3.8.so
[11.523s] -- Found PythonExtra: .so  
[11.976s] -- Found ament_cmake_flake8: 0.9.8 (/opt/ros/foxy/share/ament_cmake_flake8/cmake)
[12.005s] -- Found ament_cmake_pep257: 0.9.8 (/opt/ros/foxy/share/ament_cmake_pep257/cmake)
[12.035s] -- Found ament_lint_auto: 0.9.8 (/opt/ros/foxy/share/ament_lint_auto/cmake)
[12.186s] -- Added test 'copyright' to check source files copyright and LICENSE
[12.192s] -- Added test 'lint_cmake' to check CMake code style
[12.197s] -- Added test 'xmllint' to check XML markup files
[12.235s] -- Configuring done
[12.512s] -- Generating done
[12.526s] -- Build files have been written to: /home/nvidia/master_ws/build/velodyne_msgs
