[4.931s] Invoking command in '/home/nvidia/master_ws/src/broadcaster': PYTHONPATH=/home/nvidia/master_ws/build/broadcaster/prefix_override:/home/nvidia/master_ws/install/broadcaster/lib/python3.8/site-packages:${PYTHONPATH} /usr/bin/python3 -W ignore:setup.py install is deprecated setup.py egg_info --egg-base ../../build/broadcaster build --build-base /home/nvidia/master_ws/build/broadcaster/build install --record /home/nvidia/master_ws/build/broadcaster/install.log --install-scripts $base/lib/broadcaster --single-version-externally-managed install_data
[6.250s] running egg_info
[6.253s] writing ../../build/broadcaster/broadcaster.egg-info/PKG-INFO
[6.255s] writing dependency_links to ../../build/broadcaster/broadcaster.egg-info/dependency_links.txt
[6.256s] writing entry points to ../../build/broadcaster/broadcaster.egg-info/entry_points.txt
[6.256s] writing requirements to ../../build/broadcaster/broadcaster.egg-info/requires.txt
[6.257s] writing top-level names to ../../build/broadcaster/broadcaster.egg-info/top_level.txt
[6.413s] reading manifest file '../../build/broadcaster/broadcaster.egg-info/SOURCES.txt'
[6.417s] writing manifest file '../../build/broadcaster/broadcaster.egg-info/SOURCES.txt'
[6.418s] running build
[6.418s] running build_py
[6.419s] running install
[6.424s] running install_lib
[6.431s] running install_data
[6.432s] running install_egg_info
[6.440s] removing '/home/nvidia/master_ws/install/broadcaster/lib/python3.8/site-packages/broadcaster-0.0.0-py3.8.egg-info' (and everything under it)
[6.443s] Copying ../../build/broadcaster/broadcaster.egg-info to /home/nvidia/master_ws/install/broadcaster/lib/python3.8/site-packages/broadcaster-0.0.0-py3.8.egg-info
[6.447s] running install_scripts
[6.533s] Installing lidar script to /home/nvidia/master_ws/install/broadcaster/lib/broadcaster
[6.535s] writing list of installed files to '/home/nvidia/master_ws/build/broadcaster/install.log'
[6.647s] Invoked command in '/home/nvidia/master_ws/src/broadcaster' returned '0': PYTHONPATH=/home/nvidia/master_ws/build/broadcaster/prefix_override:/home/nvidia/master_ws/install/broadcaster/lib/python3.8/site-packages:${PYTHONPATH} /usr/bin/python3 -W ignore:setup.py install is deprecated setup.py egg_info --egg-base ../../build/broadcaster build --build-base /home/nvidia/master_ws/build/broadcaster/build install --record /home/nvidia/master_ws/build/broadcaster/install.log --install-scripts $base/lib/broadcaster --single-version-externally-managed install_data
