[0.121s] Invoking command in '/home/nvidia/master_ws/build/velodyne_driver': CMAKE_PREFIX_PATH=/home/nvidia/master_ws/install/velodyne_msgs:/home/nvidia/master_ws/install/velodyne:/home/nvidia/master_ws/install/velodyne_pointcloud:/home/nvidia/master_ws/install/velodyne_driver:/home/nvidia/master_ws/install/velodyne_laserscan:/home/nvidia/master_ws/install/realsense2_description:/home/nvidia/master_ws/install/realsense2_camera_msgs:/home/nvidia/master_ws/install/listener:/home/nvidia/master_ws/install/xbox:/home/nvidia/master_ws/install/lidar_control:/home/nvidia/master_ws/install/launch_car:/home/nvidia/master_ws/install/broadcaster:/opt/ros/foxy LD_LIBRARY_PATH=/home/nvidia/master_ws/install/velodyne_msgs/lib:/home/nvidia/master_ws/install/velodyne_pointcloud/lib:/home/nvidia/master_ws/install/velodyne_driver/lib:/home/nvidia/master_ws/install/velodyne_laserscan/lib:/home/nvidia/master_ws/install/realsense2_camera_msgs/lib:/opt/ros/foxy/opt/yaml_cpp_vendor/lib:/opt/ros/foxy/opt/rviz_ogre_vendor/lib:/opt/ros/foxy/lib/aarch64-linux-gnu:/opt/ros/foxy/lib:/usr/local/cuda-11.4/lib64 PYTHONPATH=/home/nvidia/master_ws/install/velodyne_msgs/lib/python3.8/site-packages:/home/nvidia/master_ws/install/xbox/lib/python3.8/site-packages:/home/nvidia/master_ws/install/realsense2_camera_msgs/lib/python3.8/site-packages:/home/nvidia/master_ws/install/lidar_control/lib/python3.8/site-packages:/home/nvidia/master_ws/install/launch_car/lib/python3.8/site-packages:/home/nvidia/master_ws/install/broadcaster/lib/python3.8/site-packages:/opt/ros/foxy/lib/python3.8/site-packages /usr/bin/cmake --build /home/nvidia/master_ws/build/velodyne_driver -- -j4 -l4
[0.696s] [ 16%] Built target velodyne_input
[0.727s] [ 33%] Built target gtest_main
[0.731s] [ 50%] Built target gtest
[1.063s] [ 66%] Built target velodyne_driver
[1.070s] [ 83%] Built target time_test
[1.244s] [100%] Built target velodyne_driver_node
[1.309s] Invoked command in '/home/nvidia/master_ws/build/velodyne_driver' returned '0': CMAKE_PREFIX_PATH=/home/nvidia/master_ws/install/velodyne_msgs:/home/nvidia/master_ws/install/velodyne:/home/nvidia/master_ws/install/velodyne_pointcloud:/home/nvidia/master_ws/install/velodyne_driver:/home/nvidia/master_ws/install/velodyne_laserscan:/home/nvidia/master_ws/install/realsense2_description:/home/nvidia/master_ws/install/realsense2_camera_msgs:/home/nvidia/master_ws/install/listener:/home/nvidia/master_ws/install/xbox:/home/nvidia/master_ws/install/lidar_control:/home/nvidia/master_ws/install/launch_car:/home/nvidia/master_ws/install/broadcaster:/opt/ros/foxy LD_LIBRARY_PATH=/home/nvidia/master_ws/install/velodyne_msgs/lib:/home/nvidia/master_ws/install/velodyne_pointcloud/lib:/home/nvidia/master_ws/install/velodyne_driver/lib:/home/nvidia/master_ws/install/velodyne_laserscan/lib:/home/nvidia/master_ws/install/realsense2_camera_msgs/lib:/opt/ros/foxy/opt/yaml_cpp_vendor/lib:/opt/ros/foxy/opt/rviz_ogre_vendor/lib:/opt/ros/foxy/lib/aarch64-linux-gnu:/opt/ros/foxy/lib:/usr/local/cuda-11.4/lib64 PYTHONPATH=/home/nvidia/master_ws/install/velodyne_msgs/lib/python3.8/site-packages:/home/nvidia/master_ws/install/xbox/lib/python3.8/site-packages:/home/nvidia/master_ws/install/realsense2_camera_msgs/lib/python3.8/site-packages:/home/nvidia/master_ws/install/lidar_control/lib/python3.8/site-packages:/home/nvidia/master_ws/install/launch_car/lib/python3.8/site-packages:/home/nvidia/master_ws/install/broadcaster/lib/python3.8/site-packages:/opt/ros/foxy/lib/python3.8/site-packages /usr/bin/cmake --build /home/nvidia/master_ws/build/velodyne_driver -- -j4 -l4
[1.678s] Invoking command in '/home/nvidia/master_ws/build/velodyne_driver': CMAKE_PREFIX_PATH=/home/nvidia/master_ws/install/velodyne_msgs:/home/nvidia/master_ws/install/velodyne:/home/nvidia/master_ws/install/velodyne_pointcloud:/home/nvidia/master_ws/install/velodyne_driver:/home/nvidia/master_ws/install/velodyne_laserscan:/home/nvidia/master_ws/install/realsense2_description:/home/nvidia/master_ws/install/realsense2_camera_msgs:/home/nvidia/master_ws/install/listener:/home/nvidia/master_ws/install/xbox:/home/nvidia/master_ws/install/lidar_control:/home/nvidia/master_ws/install/launch_car:/home/nvidia/master_ws/install/broadcaster:/opt/ros/foxy LD_LIBRARY_PATH=/home/nvidia/master_ws/install/velodyne_msgs/lib:/home/nvidia/master_ws/install/velodyne_pointcloud/lib:/home/nvidia/master_ws/install/velodyne_driver/lib:/home/nvidia/master_ws/install/velodyne_laserscan/lib:/home/nvidia/master_ws/install/realsense2_camera_msgs/lib:/opt/ros/foxy/opt/yaml_cpp_vendor/lib:/opt/ros/foxy/opt/rviz_ogre_vendor/lib:/opt/ros/foxy/lib/aarch64-linux-gnu:/opt/ros/foxy/lib:/usr/local/cuda-11.4/lib64 PYTHONPATH=/home/nvidia/master_ws/install/velodyne_msgs/lib/python3.8/site-packages:/home/nvidia/master_ws/install/xbox/lib/python3.8/site-packages:/home/nvidia/master_ws/install/realsense2_camera_msgs/lib/python3.8/site-packages:/home/nvidia/master_ws/install/lidar_control/lib/python3.8/site-packages:/home/nvidia/master_ws/install/launch_car/lib/python3.8/site-packages:/home/nvidia/master_ws/install/broadcaster/lib/python3.8/site-packages:/opt/ros/foxy/lib/python3.8/site-packages /usr/bin/cmake --install /home/nvidia/master_ws/build/velodyne_driver
[1.738s] -- Install configuration: ""
[1.741s] -- Up-to-date: /home/nvidia/master_ws/install/velodyne_driver/lib/libvelodyne_driver.so
[1.746s] -- Up-to-date: /home/nvidia/master_ws/install/velodyne_driver/lib/velodyne_driver/velodyne_driver_node
[1.751s] -- Up-to-date: /home/nvidia/master_ws/install/velodyne_driver/include/velodyne_driver
[1.751s] -- Up-to-date: /home/nvidia/master_ws/install/velodyne_driver/include/velodyne_driver/driver.hpp
[1.752s] -- Up-to-date: /home/nvidia/master_ws/install/velodyne_driver/include/velodyne_driver/time_conversion.hpp
[1.753s] -- Up-to-date: /home/nvidia/master_ws/install/velodyne_driver/include/velodyne_driver/input.hpp
[1.753s] -- Up-to-date: /home/nvidia/master_ws/install/velodyne_driver/share/velodyne_driver/config
[1.754s] -- Up-to-date: /home/nvidia/master_ws/install/velodyne_driver/share/velodyne_driver/config/VLP32C-velodyne_driver_node-params.yaml
[1.755s] -- Up-to-date: /home/nvidia/master_ws/install/velodyne_driver/share/velodyne_driver/config/VLS128-velodyne_driver_node-params.yaml
[1.755s] -- Up-to-date: /home/nvidia/master_ws/install/velodyne_driver/share/velodyne_driver/config/VLP16-velodyne_driver_node-params.yaml
[1.755s] -- Up-to-date: /home/nvidia/master_ws/install/velodyne_driver/share/velodyne_driver/launch
[1.761s] -- Up-to-date: /home/nvidia/master_ws/install/velodyne_driver/share/velodyne_driver/launch/velodyne_driver_node-VLP32C-composed-launch.py
[1.771s] -- Up-to-date: /home/nvidia/master_ws/install/velodyne_driver/share/velodyne_driver/launch/velodyne_driver_node-VLP32C-launch.py
[1.772s] -- Up-to-date: /home/nvidia/master_ws/install/velodyne_driver/share/velodyne_driver/launch/velodyne_driver_node-VLP16-launch.py
[1.773s] -- Up-to-date: /home/nvidia/master_ws/install/velodyne_driver/share/velodyne_driver/launch/velodyne_driver_node-VLS128-composed-launch.py
[1.774s] -- Up-to-date: /home/nvidia/master_ws/install/velodyne_driver/share/velodyne_driver/launch/velodyne_driver_node-VLS128-launch.py
[1.774s] -- Up-to-date: /home/nvidia/master_ws/install/velodyne_driver/share/velodyne_driver/launch/velodyne_driver_node-VLP16-composed-launch.py
[1.775s] -- Up-to-date: /home/nvidia/master_ws/install/velodyne_driver/lib/velodyne_driver/vdump
[1.776s] -- Up-to-date: /home/nvidia/master_ws/install/velodyne_driver/share/ament_index/resource_index/package_run_dependencies/velodyne_driver
[1.777s] -- Up-to-date: /home/nvidia/master_ws/install/velodyne_driver/share/ament_index/resource_index/parent_prefix_path/velodyne_driver
[1.778s] -- Up-to-date: /home/nvidia/master_ws/install/velodyne_driver/share/velodyne_driver/environment/ament_prefix_path.sh
[1.779s] -- Up-to-date: /home/nvidia/master_ws/install/velodyne_driver/share/velodyne_driver/environment/ament_prefix_path.dsv
[1.780s] -- Up-to-date: /home/nvidia/master_ws/install/velodyne_driver/share/velodyne_driver/environment/path.sh
[1.780s] -- Up-to-date: /home/nvidia/master_ws/install/velodyne_driver/share/velodyne_driver/environment/path.dsv
[1.781s] -- Up-to-date: /home/nvidia/master_ws/install/velodyne_driver/share/velodyne_driver/local_setup.bash
[1.781s] -- Up-to-date: /home/nvidia/master_ws/install/velodyne_driver/share/velodyne_driver/local_setup.sh
[1.782s] -- Up-to-date: /home/nvidia/master_ws/install/velodyne_driver/share/velodyne_driver/local_setup.zsh
[1.783s] -- Up-to-date: /home/nvidia/master_ws/install/velodyne_driver/share/velodyne_driver/local_setup.dsv
[1.784s] -- Installing: /home/nvidia/master_ws/install/velodyne_driver/share/velodyne_driver/package.dsv
[1.784s] -- Up-to-date: /home/nvidia/master_ws/install/velodyne_driver/share/ament_index/resource_index/packages/velodyne_driver
[1.785s] -- Up-to-date: /home/nvidia/master_ws/install/velodyne_driver/share/ament_index/resource_index/rclcpp_components/velodyne_driver
[1.785s] -- Up-to-date: /home/nvidia/master_ws/install/velodyne_driver/share/velodyne_driver/cmake/velodyne_driverConfig.cmake
[1.786s] -- Up-to-date: /home/nvidia/master_ws/install/velodyne_driver/share/velodyne_driver/cmake/velodyne_driverConfig-version.cmake
[1.802s] -- Up-to-date: /home/nvidia/master_ws/install/velodyne_driver/share/velodyne_driver/package.xml
[1.806s] -- Up-to-date: /home/nvidia/master_ws/install/velodyne_driver/lib/libvelodyne_input.so
[1.837s] Invoked command in '/home/nvidia/master_ws/build/velodyne_driver' returned '0': CMAKE_PREFIX_PATH=/home/nvidia/master_ws/install/velodyne_msgs:/home/nvidia/master_ws/install/velodyne:/home/nvidia/master_ws/install/velodyne_pointcloud:/home/nvidia/master_ws/install/velodyne_driver:/home/nvidia/master_ws/install/velodyne_laserscan:/home/nvidia/master_ws/install/realsense2_description:/home/nvidia/master_ws/install/realsense2_camera_msgs:/home/nvidia/master_ws/install/listener:/home/nvidia/master_ws/install/xbox:/home/nvidia/master_ws/install/lidar_control:/home/nvidia/master_ws/install/launch_car:/home/nvidia/master_ws/install/broadcaster:/opt/ros/foxy LD_LIBRARY_PATH=/home/nvidia/master_ws/install/velodyne_msgs/lib:/home/nvidia/master_ws/install/velodyne_pointcloud/lib:/home/nvidia/master_ws/install/velodyne_driver/lib:/home/nvidia/master_ws/install/velodyne_laserscan/lib:/home/nvidia/master_ws/install/realsense2_camera_msgs/lib:/opt/ros/foxy/opt/yaml_cpp_vendor/lib:/opt/ros/foxy/opt/rviz_ogre_vendor/lib:/opt/ros/foxy/lib/aarch64-linux-gnu:/opt/ros/foxy/lib:/usr/local/cuda-11.4/lib64 PYTHONPATH=/home/nvidia/master_ws/install/velodyne_msgs/lib/python3.8/site-packages:/home/nvidia/master_ws/install/xbox/lib/python3.8/site-packages:/home/nvidia/master_ws/install/realsense2_camera_msgs/lib/python3.8/site-packages:/home/nvidia/master_ws/install/lidar_control/lib/python3.8/site-packages:/home/nvidia/master_ws/install/launch_car/lib/python3.8/site-packages:/home/nvidia/master_ws/install/broadcaster/lib/python3.8/site-packages:/opt/ros/foxy/lib/python3.8/site-packages /usr/bin/cmake --install /home/nvidia/master_ws/build/velodyne_driver
