[5.183s] Invoking command in '/home/nvidia/master_ws/src/lidar_control': PYTHONPATH=/home/nvidia/master_ws/build/lidar_control/prefix_override:/home/nvidia/master_ws/install/lidar_control/lib/python3.8/site-packages:${PYTHONPATH} /usr/bin/python3 -W ignore:setup.py install is deprecated setup.py egg_info --egg-base ../../build/lidar_control build --build-base /home/nvidia/master_ws/build/lidar_control/build install --record /home/nvidia/master_ws/build/lidar_control/install.log --install-scripts $base/lib/lidar_control --single-version-externally-managed install_data
[6.376s] running egg_info
[6.379s] writing ../../build/lidar_control/lidar_control.egg-info/PKG-INFO
[6.382s] writing dependency_links to ../../build/lidar_control/lidar_control.egg-info/dependency_links.txt
[6.382s] writing entry points to ../../build/lidar_control/lidar_control.egg-info/entry_points.txt
[6.383s] writing requirements to ../../build/lidar_control/lidar_control.egg-info/requires.txt
[6.383s] writing top-level names to ../../build/lidar_control/lidar_control.egg-info/top_level.txt
[6.538s] reading manifest file '../../build/lidar_control/lidar_control.egg-info/SOURCES.txt'
[6.539s] writing manifest file '../../build/lidar_control/lidar_control.egg-info/SOURCES.txt'
[6.540s] running build
[6.540s] running build_py
[6.541s] running install
[6.544s] running install_lib
[6.551s] running install_data
[6.552s] running install_egg_info
[6.558s] removing '/home/nvidia/master_ws/install/lidar_control/lib/python3.8/site-packages/lidar_control-0.0.0-py3.8.egg-info' (and everything under it)
[6.561s] Copying ../../build/lidar_control/lidar_control.egg-info to /home/nvidia/master_ws/install/lidar_control/lib/python3.8/site-packages/lidar_control-0.0.0-py3.8.egg-info
[6.566s] running install_scripts
[6.637s] Installing lidar_control script to /home/nvidia/master_ws/install/lidar_control/lib/lidar_control
[6.638s] writing list of installed files to '/home/nvidia/master_ws/build/lidar_control/install.log'
[6.743s] Invoked command in '/home/nvidia/master_ws/src/lidar_control' returned '0': PYTHONPATH=/home/nvidia/master_ws/build/lidar_control/prefix_override:/home/nvidia/master_ws/install/lidar_control/lib/python3.8/site-packages:${PYTHONPATH} /usr/bin/python3 -W ignore:setup.py install is deprecated setup.py egg_info --egg-base ../../build/lidar_control build --build-base /home/nvidia/master_ws/build/lidar_control/build install --record /home/nvidia/master_ws/build/lidar_control/install.log --install-scripts $base/lib/lidar_control --single-version-externally-managed install_data
