[4.111s] Invoking command in '/home/nvidia/master_ws/src/xbox': PYTHONPATH=/home/nvidia/master_ws/build/xbox/prefix_override:/home/nvidia/master_ws/install/xbox/lib/python3.8/site-packages:${PYTHONPATH} /usr/bin/python3 -W ignore:setup.py install is deprecated setup.py egg_info --egg-base ../../build/xbox build --build-base /home/nvidia/master_ws/build/xbox/build install --record /home/nvidia/master_ws/build/xbox/install.log --install-scripts $base/lib/xbox --single-version-externally-managed install_data
[5.515s] running egg_info
[5.518s] writing ../../build/xbox/xbox.egg-info/PKG-INFO
[5.520s] writing dependency_links to ../../build/xbox/xbox.egg-info/dependency_links.txt
[5.521s] writing entry points to ../../build/xbox/xbox.egg-info/entry_points.txt
[5.522s] writing requirements to ../../build/xbox/xbox.egg-info/requires.txt
[5.523s] writing top-level names to ../../build/xbox/xbox.egg-info/top_level.txt
[5.707s] reading manifest file '../../build/xbox/xbox.egg-info/SOURCES.txt'
[5.713s] writing manifest file '../../build/xbox/xbox.egg-info/SOURCES.txt'
[5.714s] running build
[5.715s] running build_py
[5.716s] running install
[5.720s] running install_lib
[5.729s] running install_data
[5.730s] running install_egg_info
[5.740s] removing '/home/nvidia/master_ws/install/xbox/lib/python3.8/site-packages/xbox-0.0.0-py3.8.egg-info' (and everything under it)
[5.741s] Copying ../../build/xbox/xbox.egg-info to /home/nvidia/master_ws/install/xbox/lib/python3.8/site-packages/xbox-0.0.0-py3.8.egg-info
[5.747s] running install_scripts
[5.842s] Installing control script to /home/nvidia/master_ws/install/xbox/lib/xbox
[5.843s] Installing new_control script to /home/nvidia/master_ws/install/xbox/lib/xbox
[5.844s] writing list of installed files to '/home/nvidia/master_ws/build/xbox/install.log'
[5.955s] Invoked command in '/home/nvidia/master_ws/src/xbox' returned '0': PYTHONPATH=/home/nvidia/master_ws/build/xbox/prefix_override:/home/nvidia/master_ws/install/xbox/lib/python3.8/site-packages:${PYTHONPATH} /usr/bin/python3 -W ignore:setup.py install is deprecated setup.py egg_info --egg-base ../../build/xbox build --build-base /home/nvidia/master_ws/build/xbox/build install --record /home/nvidia/master_ws/build/xbox/install.log --install-scripts $base/lib/xbox --single-version-externally-managed install_data
