[2.981s] Invoking command in '/home/nvidia/master_ws/src/xbox': PYTHONPATH=/home/nvidia/master_ws/build/xbox/prefix_override:/home/nvidia/master_ws/install/xbox/lib/python3.8/site-packages:${PYTHONPATH} /usr/bin/python3 -W ignore:setup.py install is deprecated setup.py egg_info --egg-base ../../build/xbox build --build-base /home/nvidia/master_ws/build/xbox/build install --record /home/nvidia/master_ws/build/xbox/install.log --install-scripts $base/lib/xbox --single-version-externally-managed install_data
[4.107s] running egg_info
[4.108s] writing ../../build/xbox/xbox.egg-info/PKG-INFO
[4.110s] writing dependency_links to ../../build/xbox/xbox.egg-info/dependency_links.txt
[4.111s] writing entry points to ../../build/xbox/xbox.egg-info/entry_points.txt
[4.112s] writing requirements to ../../build/xbox/xbox.egg-info/requires.txt
[4.112s] writing top-level names to ../../build/xbox/xbox.egg-info/top_level.txt
[4.254s] reading manifest file '../../build/xbox/xbox.egg-info/SOURCES.txt'
[4.259s] writing manifest file '../../build/xbox/xbox.egg-info/SOURCES.txt'
[4.260s] running build
[4.260s] running build_py
[4.261s] copying xbox/control.py -> /home/nvidia/master_ws/build/xbox/build/lib/xbox
[4.262s] running install
[4.265s] running install_lib
[4.269s] copying /home/nvidia/master_ws/build/xbox/build/lib/xbox/control.py -> /home/nvidia/master_ws/install/xbox/lib/python3.8/site-packages/xbox
[4.272s] byte-compiling /home/nvidia/master_ws/install/xbox/lib/python3.8/site-packages/xbox/control.py to control.cpython-38.pyc
[4.281s] running install_data
[4.281s] running install_egg_info
[4.287s] removing '/home/nvidia/master_ws/install/xbox/lib/python3.8/site-packages/xbox-0.0.0-py3.8.egg-info' (and everything under it)
[4.289s] Copying ../../build/xbox/xbox.egg-info to /home/nvidia/master_ws/install/xbox/lib/python3.8/site-packages/xbox-0.0.0-py3.8.egg-info
[4.296s] running install_scripts
[4.367s] Installing control script to /home/nvidia/master_ws/install/xbox/lib/xbox
[4.369s] writing list of installed files to '/home/nvidia/master_ws/build/xbox/install.log'
[4.457s] Invoked command in '/home/nvidia/master_ws/src/xbox' returned '0': PYTHONPATH=/home/nvidia/master_ws/build/xbox/prefix_override:/home/nvidia/master_ws/install/xbox/lib/python3.8/site-packages:${PYTHONPATH} /usr/bin/python3 -W ignore:setup.py install is deprecated setup.py egg_info --egg-base ../../build/xbox build --build-base /home/nvidia/master_ws/build/xbox/build install --record /home/nvidia/master_ws/build/xbox/install.log --install-scripts $base/lib/xbox --single-version-externally-managed install_data
