[4.396s] Invoking command in '/home/nvidia/master_ws/src/xbox': PYTHONPATH=/home/nvidia/master_ws/build/xbox/prefix_override:/home/nvidia/master_ws/install/xbox/lib/python3.8/site-packages:${PYTHONPATH} /usr/bin/python3 -W ignore:setup.py install is deprecated setup.py egg_info --egg-base ../../build/xbox build --build-base /home/nvidia/master_ws/build/xbox/build install --record /home/nvidia/master_ws/build/xbox/install.log --install-scripts $base/lib/xbox --single-version-externally-managed install_data
[5.812s] running egg_info
[5.815s] writing ../../build/xbox/xbox.egg-info/PKG-INFO
[5.817s] writing dependency_links to ../../build/xbox/xbox.egg-info/dependency_links.txt
[5.818s] writing entry points to ../../build/xbox/xbox.egg-info/entry_points.txt
[5.819s] writing requirements to ../../build/xbox/xbox.egg-info/requires.txt
[5.820s] writing top-level names to ../../build/xbox/xbox.egg-info/top_level.txt
[6.014s] reading manifest file '../../build/xbox/xbox.egg-info/SOURCES.txt'
[6.019s] writing manifest file '../../build/xbox/xbox.egg-info/SOURCES.txt'
[6.020s] running build
[6.021s] running build_py
[6.025s] running install
[6.029s] running install_lib
[6.039s] running install_data
[6.040s] running install_egg_info
[6.048s] removing '/home/nvidia/master_ws/install/xbox/lib/python3.8/site-packages/xbox-0.0.0-py3.8.egg-info' (and everything under it)
[6.050s] Copying ../../build/xbox/xbox.egg-info to /home/nvidia/master_ws/install/xbox/lib/python3.8/site-packages/xbox-0.0.0-py3.8.egg-info
[6.057s] running install_scripts
[6.148s] Installing control script to /home/nvidia/master_ws/install/xbox/lib/xbox
[6.149s] Installing new_control script to /home/nvidia/master_ws/install/xbox/lib/xbox
[6.152s] writing list of installed files to '/home/nvidia/master_ws/build/xbox/install.log'
[6.261s] Invoked command in '/home/nvidia/master_ws/src/xbox' returned '0': PYTHONPATH=/home/nvidia/master_ws/build/xbox/prefix_override:/home/nvidia/master_ws/install/xbox/lib/python3.8/site-packages:${PYTHONPATH} /usr/bin/python3 -W ignore:setup.py install is deprecated setup.py egg_info --egg-base ../../build/xbox build --build-base /home/nvidia/master_ws/build/xbox/build install --record /home/nvidia/master_ws/build/xbox/install.log --install-scripts $base/lib/xbox --single-version-externally-managed install_data
