[4.652s] Invoking command in '/home/nvidia/master_ws/src/launch_ws/src/launch_car': PYTHONPATH=/home/nvidia/master_ws/build/launch_car/prefix_override:/home/nvidia/master_ws/install/launch_car/lib/python3.8/site-packages:${PYTHONPATH} /usr/bin/python3 -W ignore:setup.py install is deprecated setup.py egg_info --egg-base ../../../../build/launch_car build --build-base /home/nvidia/master_ws/build/launch_car/build install --record /home/nvidia/master_ws/build/launch_car/install.log --install-scripts $base/lib/launch_car --single-version-externally-managed install_data
[5.826s] running egg_info
[5.829s] creating ../../../../build/launch_car/launch_car.egg-info
[5.829s] writing ../../../../build/launch_car/launch_car.egg-info/PKG-INFO
[5.831s] writing dependency_links to ../../../../build/launch_car/launch_car.egg-info/dependency_links.txt
[5.832s] writing entry points to ../../../../build/launch_car/launch_car.egg-info/entry_points.txt
[5.832s] writing requirements to ../../../../build/launch_car/launch_car.egg-info/requires.txt
[5.833s] writing top-level names to ../../../../build/launch_car/launch_car.egg-info/top_level.txt
[5.839s] writing manifest file '../../../../build/launch_car/launch_car.egg-info/SOURCES.txt'
[5.984s] reading manifest file '../../../../build/launch_car/launch_car.egg-info/SOURCES.txt'
[5.987s] writing manifest file '../../../../build/launch_car/launch_car.egg-info/SOURCES.txt'
[5.989s] running build
[5.990s] running build_py
[5.990s] creating /home/nvidia/master_ws/build/launch_car/build
[5.991s] creating /home/nvidia/master_ws/build/launch_car/build/lib
[5.991s] creating /home/nvidia/master_ws/build/launch_car/build/lib/launch_car
[5.992s] copying launch_car/__init__.py -> /home/nvidia/master_ws/build/launch_car/build/lib/launch_car
[5.993s] running install
[5.996s] running install_lib
[6.000s] creating /home/nvidia/master_ws/install/launch_car/lib/python3.8/site-packages/launch_car
[6.001s] copying /home/nvidia/master_ws/build/launch_car/build/lib/launch_car/__init__.py -> /home/nvidia/master_ws/install/launch_car/lib/python3.8/site-packages/launch_car
[6.003s] byte-compiling /home/nvidia/master_ws/install/launch_car/lib/python3.8/site-packages/launch_car/__init__.py to __init__.cpython-38.pyc
[6.008s] running install_data
[6.009s] creating /home/nvidia/master_ws/install/launch_car/share/ament_index
[6.009s] creating /home/nvidia/master_ws/install/launch_car/share/ament_index/resource_index
[6.010s] creating /home/nvidia/master_ws/install/launch_car/share/ament_index/resource_index/packages
[6.010s] copying resource/launch_car -> /home/nvidia/master_ws/install/launch_car/share/ament_index/resource_index/packages
[6.011s] copying package.xml -> /home/nvidia/master_ws/install/launch_car/share/launch_car
[6.011s] creating /home/nvidia/master_ws/install/launch_car/share/launch_car/launch
[6.012s] copying launch/control_launch.py -> /home/nvidia/master_ws/install/launch_car/share/launch_car/launch
[6.013s] copying launch/car_launch.py -> /home/nvidia/master_ws/install/launch_car/share/launch_car/launch
[6.013s] running install_egg_info
[6.020s] Copying ../../../../build/launch_car/launch_car.egg-info to /home/nvidia/master_ws/install/launch_car/lib/python3.8/site-packages/launch_car-0.0.0-py3.8.egg-info
[6.025s] running install_scripts
[6.106s] writing list of installed files to '/home/nvidia/master_ws/build/launch_car/install.log'
[6.288s] Invoked command in '/home/nvidia/master_ws/src/launch_ws/src/launch_car' returned '0': PYTHONPATH=/home/nvidia/master_ws/build/launch_car/prefix_override:/home/nvidia/master_ws/install/launch_car/lib/python3.8/site-packages:${PYTHONPATH} /usr/bin/python3 -W ignore:setup.py install is deprecated setup.py egg_info --egg-base ../../../../build/launch_car build --build-base /home/nvidia/master_ws/build/launch_car/build install --record /home/nvidia/master_ws/build/launch_car/install.log --install-scripts $base/lib/launch_car --single-version-externally-managed install_data
