[0.310s] Invoking command in '/home/nvidia/master_ws/build/velodyne_laserscan': CMAKE_PREFIX_PATH=${CMAKE_PREFIX_PATH}:/home/nvidia/master_ws/install/xbox:/home/nvidia/master_ws/install/lidar_control:/home/nvidia/master_ws/install/launch_car:/home/nvidia/master_ws/install/broadcaster:/opt/ros/foxy /usr/bin/cmake /home/nvidia/master_ws/src/velodyne/velodyne_laserscan -DCMAKE_INSTALL_PREFIX=/home/nvidia/master_ws/install/velodyne_laserscan
[4.928s] -- The C compiler identification is GNU 9.4.0
[4.929s] -- The CXX compiler identification is GNU 9.4.0
[4.929s] -- Check for working C compiler: /usr/bin/cc
[4.930s] -- Check for working C compiler: /usr/bin/cc -- works
[4.931s] -- Detecting C compiler ABI info
[4.932s] -- Detecting C compiler ABI info - done
[4.932s] -- Detecting C compile features
[4.932s] -- Detecting C compile features - done
[4.933s] -- Check for working CXX compiler: /usr/bin/c++
[4.933s] -- Check for working CXX compiler: /usr/bin/c++ -- works
[4.934s] -- Detecting CXX compiler ABI info
[4.935s] -- Detecting CXX compiler ABI info - done
[4.935s] -- Detecting CXX compile features
[4.936s] -- Detecting CXX compile features - done
[4.938s] -- Found ament_cmake_ros: 0.9.2 (/opt/ros/foxy/share/ament_cmake_ros/cmake)
[4.939s] -- Found PythonInterp: /usr/bin/python3 (found suitable version "3.8.10", minimum required is "3") 
[4.943s] -- Using PYTHON_EXECUTABLE: /usr/bin/python3
[4.944s] -- Found rclcpp: 2.4.3 (/opt/ros/foxy/share/rclcpp/cmake)
[5.233s] -- Using all available rosidl_typesupport_c: rosidl_typesupport_fastrtps_c;rosidl_typesupport_introspection_c
[5.282s] -- Found rosidl_adapter: 1.3.1 (/opt/ros/foxy/share/rosidl_adapter/cmake)
[5.930s] -- Found OpenSSL: /usr/lib/aarch64-linux-gnu/libcrypto.so (found version "1.1.1f")  
[6.125s] -- Found FastRTPS: /opt/ros/foxy/include  
[6.724s] -- Using all available rosidl_typesupport_cpp: rosidl_typesupport_fastrtps_cpp;rosidl_typesupport_introspection_cpp
[7.264s] -- Found rmw_implementation_cmake: 1.0.4 (/opt/ros/foxy/share/rmw_implementation_cmake/cmake)
[7.279s] -- Using RMW implementation 'rmw_fastrtps_cpp' as default
[7.289s] -- Looking for pthread.h
[7.893s] -- Looking for pthread.h - found
[7.895s] -- Performing Test CMAKE_HAVE_LIBC_PTHREAD
[8.426s] -- Performing Test CMAKE_HAVE_LIBC_PTHREAD - Failed
[8.428s] -- Looking for pthread_create in pthreads
[8.973s] -- Looking for pthread_create in pthreads - not found
[8.981s] -- Looking for pthread_create in pthread
[9.631s] -- Looking for pthread_create in pthread - found
[9.640s] -- Found Threads: TRUE  
[10.584s] -- Found rclcpp_components: 2.4.3 (/opt/ros/foxy/share/rclcpp_components/cmake)
[10.986s] -- Found sensor_msgs: 2.0.5 (/opt/ros/foxy/share/sensor_msgs/cmake)
[11.654s] -- Found ament_lint_auto: 0.9.8 (/opt/ros/foxy/share/ament_lint_auto/cmake)
[12.152s] -- Added test 'copyright' to check source files copyright and LICENSE
[12.167s] -- Added test 'cppcheck' to perform static code analysis on C / C++ code
[12.169s] -- Configured cppcheck include dirs: /home/nvidia/master_ws/src/velodyne/velodyne_laserscan/include
[12.169s] -- Configured cppcheck exclude dirs and/or files: 
[12.182s] -- Added test 'cpplint' to check C / C++ code against the Google style
[12.183s] -- Configured cpplint exclude dirs and/or files: 
[12.188s] -- Added test 'flake8' to check Python code syntax and style conventions
[12.195s] -- Added test 'lint_cmake' to check CMake code style
[12.199s] -- Added test 'pep257' to check Python code against some of the style conventions in PEP 257
[12.211s] -- Added test 'uncrustify' to check C / C++ code style
[12.212s] -- Configured uncrustify additional arguments: 
[12.217s] -- Added test 'xmllint' to check XML markup files
[12.250s] -- Configuring done
[12.344s] -- Generating done
[12.357s] -- Build files have been written to: /home/nvidia/master_ws/build/velodyne_laserscan
[12.419s] Invoked command in '/home/nvidia/master_ws/build/velodyne_laserscan' returned '0': CMAKE_PREFIX_PATH=${CMAKE_PREFIX_PATH}:/home/nvidia/master_ws/install/xbox:/home/nvidia/master_ws/install/lidar_control:/home/nvidia/master_ws/install/launch_car:/home/nvidia/master_ws/install/broadcaster:/opt/ros/foxy /usr/bin/cmake /home/nvidia/master_ws/src/velodyne/velodyne_laserscan -DCMAKE_INSTALL_PREFIX=/home/nvidia/master_ws/install/velodyne_laserscan
[12.440s] Invoking command in '/home/nvidia/master_ws/build/velodyne_laserscan': CMAKE_PREFIX_PATH=${CMAKE_PREFIX_PATH}:/home/nvidia/master_ws/install/xbox:/home/nvidia/master_ws/install/lidar_control:/home/nvidia/master_ws/install/launch_car:/home/nvidia/master_ws/install/broadcaster:/opt/ros/foxy /usr/bin/cmake --build /home/nvidia/master_ws/build/velodyne_laserscan -- -j6 -l6
[12.755s] [35m[1mScanning dependencies of target velodyne_laserscan[0m
[13.112s] [ 25%] [32mBuilding CXX object CMakeFiles/velodyne_laserscan.dir/src/velodyne_laserscan.cpp.o[0m
[49.365s] [ 50%] [32m[1mLinking CXX shared library libvelodyne_laserscan.so[0m
[51.337s] [ 50%] Built target velodyne_laserscan
[51.410s] [35m[1mScanning dependencies of target velodyne_laserscan_node[0m
[51.744s] [ 75%] [32mBuilding CXX object CMakeFiles/velodyne_laserscan_node.dir/src/node.cpp.o[0m
[70.062s] [100%] [32m[1mLinking CXX executable velodyne_laserscan_node[0m
[71.621s] [100%] Built target velodyne_laserscan_node
[71.766s] Invoked command in '/home/nvidia/master_ws/build/velodyne_laserscan' returned '0': CMAKE_PREFIX_PATH=${CMAKE_PREFIX_PATH}:/home/nvidia/master_ws/install/xbox:/home/nvidia/master_ws/install/lidar_control:/home/nvidia/master_ws/install/launch_car:/home/nvidia/master_ws/install/broadcaster:/opt/ros/foxy /usr/bin/cmake --build /home/nvidia/master_ws/build/velodyne_laserscan -- -j6 -l6
[72.504s] Invoking command in '/home/nvidia/master_ws/build/velodyne_laserscan': CMAKE_PREFIX_PATH=${CMAKE_PREFIX_PATH}:/home/nvidia/master_ws/install/xbox:/home/nvidia/master_ws/install/lidar_control:/home/nvidia/master_ws/install/launch_car:/home/nvidia/master_ws/install/broadcaster:/opt/ros/foxy /usr/bin/cmake --install /home/nvidia/master_ws/build/velodyne_laserscan
[72.624s] -- Install configuration: ""
[72.625s] -- Installing: /home/nvidia/master_ws/install/velodyne_laserscan/lib/libvelodyne_laserscan.so
[72.718s] -- Set runtime path of "/home/nvidia/master_ws/install/velodyne_laserscan/lib/libvelodyne_laserscan.so" to ""
[72.719s] -- Installing: /home/nvidia/master_ws/install/velodyne_laserscan/lib/velodyne_laserscan/velodyne_laserscan_node
[72.725s] -- Set runtime path of "/home/nvidia/master_ws/install/velodyne_laserscan/lib/velodyne_laserscan/velodyne_laserscan_node" to ""
[72.726s] -- Installing: /home/nvidia/master_ws/install/velodyne_laserscan/include/velodyne_laserscan
[72.727s] -- Installing: /home/nvidia/master_ws/install/velodyne_laserscan/include/velodyne_laserscan/velodyne_laserscan.hpp
[72.736s] -- Installing: /home/nvidia/master_ws/install/velodyne_laserscan/share/velodyne_laserscan/config
[72.737s] -- Installing: /home/nvidia/master_ws/install/velodyne_laserscan/share/velodyne_laserscan/config/default-velodyne_laserscan_node-params.yaml
[72.748s] -- Installing: /home/nvidia/master_ws/install/velodyne_laserscan/share/velodyne_laserscan/launch
[72.748s] -- Installing: /home/nvidia/master_ws/install/velodyne_laserscan/share/velodyne_laserscan/launch/velodyne_laserscan_node-launch.py
[72.749s] -- Installing: /home/nvidia/master_ws/install/velodyne_laserscan/share/velodyne_laserscan/launch/velodyne_laserscan_node-composed-launch.py
[72.752s] -- Installing: /home/nvidia/master_ws/install/velodyne_laserscan/share/ament_index/resource_index/package_run_dependencies/velodyne_laserscan
[72.754s] -- Installing: /home/nvidia/master_ws/install/velodyne_laserscan/share/ament_index/resource_index/parent_prefix_path/velodyne_laserscan
[72.755s] -- Installing: /home/nvidia/master_ws/install/velodyne_laserscan/share/velodyne_laserscan/environment/ament_prefix_path.sh
[72.756s] -- Installing: /home/nvidia/master_ws/install/velodyne_laserscan/share/velodyne_laserscan/environment/ament_prefix_path.dsv
[72.757s] -- Installing: /home/nvidia/master_ws/install/velodyne_laserscan/share/velodyne_laserscan/environment/path.sh
[72.771s] -- Installing: /home/nvidia/master_ws/install/velodyne_laserscan/share/velodyne_laserscan/environment/path.dsv
[72.772s] -- Installing: /home/nvidia/master_ws/install/velodyne_laserscan/share/velodyne_laserscan/local_setup.bash
[72.774s] -- Installing: /home/nvidia/master_ws/install/velodyne_laserscan/share/velodyne_laserscan/local_setup.sh
[72.776s] -- Installing: /home/nvidia/master_ws/install/velodyne_laserscan/share/velodyne_laserscan/local_setup.zsh
[72.777s] -- Installing: /home/nvidia/master_ws/install/velodyne_laserscan/share/velodyne_laserscan/local_setup.dsv
[72.778s] -- Installing: /home/nvidia/master_ws/install/velodyne_laserscan/share/velodyne_laserscan/package.dsv
[72.779s] -- Installing: /home/nvidia/master_ws/install/velodyne_laserscan/share/ament_index/resource_index/packages/velodyne_laserscan
[72.781s] -- Installing: /home/nvidia/master_ws/install/velodyne_laserscan/share/ament_index/resource_index/rclcpp_components/velodyne_laserscan
[72.788s] -- Installing: /home/nvidia/master_ws/install/velodyne_laserscan/share/velodyne_laserscan/cmake/velodyne_laserscanConfig.cmake
[72.789s] -- Installing: /home/nvidia/master_ws/install/velodyne_laserscan/share/velodyne_laserscan/cmake/velodyne_laserscanConfig-version.cmake
[72.796s] -- Installing: /home/nvidia/master_ws/install/velodyne_laserscan/share/velodyne_laserscan/package.xml
[72.813s] Invoked command in '/home/nvidia/master_ws/build/velodyne_laserscan' returned '0': CMAKE_PREFIX_PATH=${CMAKE_PREFIX_PATH}:/home/nvidia/master_ws/install/xbox:/home/nvidia/master_ws/install/lidar_control:/home/nvidia/master_ws/install/launch_car:/home/nvidia/master_ws/install/broadcaster:/opt/ros/foxy /usr/bin/cmake --install /home/nvidia/master_ws/build/velodyne_laserscan
