[7.973s] Invoking command in '/home/nvidia/master_ws/src/launch_ws/src/launch_car': PYTHONPATH=/home/nvidia/master_ws/build/launch_car/prefix_override:/home/nvidia/master_ws/install/launch_car/lib/python3.8/site-packages:${PYTHONPATH} /usr/bin/python3 -W ignore:setup.py install is deprecated setup.py egg_info --egg-base ../../../../build/launch_car build --build-base /home/nvidia/master_ws/build/launch_car/build install --record /home/nvidia/master_ws/build/launch_car/install.log --install-scripts $base/lib/launch_car --single-version-externally-managed install_data
[9.935s] running egg_info
[9.941s] writing ../../../../build/launch_car/launch_car.egg-info/PKG-INFO
[9.953s] writing dependency_links to ../../../../build/launch_car/launch_car.egg-info/dependency_links.txt
[9.954s] writing entry points to ../../../../build/launch_car/launch_car.egg-info/entry_points.txt
[9.957s] writing requirements to ../../../../build/launch_car/launch_car.egg-info/requires.txt
[9.958s] writing top-level names to ../../../../build/launch_car/launch_car.egg-info/top_level.txt
[10.203s] reading manifest file '../../../../build/launch_car/launch_car.egg-info/SOURCES.txt'
[10.222s] writing manifest file '../../../../build/launch_car/launch_car.egg-info/SOURCES.txt'
[10.223s] running build
[10.224s] running build_py
[10.224s] running install
[10.225s] running install_lib
[10.245s] running install_data
[10.246s] running install_egg_info
[10.257s] removing '/home/nvidia/master_ws/install/launch_car/lib/python3.8/site-packages/launch_car-0.0.0-py3.8.egg-info' (and everything under it)
[10.260s] Copying ../../../../build/launch_car/launch_car.egg-info to /home/nvidia/master_ws/install/launch_car/lib/python3.8/site-packages/launch_car-0.0.0-py3.8.egg-info
[10.273s] running install_scripts
[10.395s] writing list of installed files to '/home/nvidia/master_ws/build/launch_car/install.log'
[10.591s] Invoked command in '/home/nvidia/master_ws/src/launch_ws/src/launch_car' returned '0': PYTHONPATH=/home/nvidia/master_ws/build/launch_car/prefix_override:/home/nvidia/master_ws/install/launch_car/lib/python3.8/site-packages:${PYTHONPATH} /usr/bin/python3 -W ignore:setup.py install is deprecated setup.py egg_info --egg-base ../../../../build/launch_car build --build-base /home/nvidia/master_ws/build/launch_car/build install --record /home/nvidia/master_ws/build/launch_car/install.log --install-scripts $base/lib/launch_car --single-version-externally-managed install_data
