[5.903s] Invoking command in '/home/nvidia/master_ws/src/launch_ws/src/launch_car': PYTHONPATH=/home/nvidia/master_ws/build/launch_car/prefix_override:/home/nvidia/master_ws/install/launch_car/lib/python3.8/site-packages:${PYTHONPATH} /usr/bin/python3 -W ignore:setup.py install is deprecated setup.py egg_info --egg-base ../../../../build/launch_car build --build-base /home/nvidia/master_ws/build/launch_car/build install --record /home/nvidia/master_ws/build/launch_car/install.log --install-scripts $base/lib/launch_car --single-version-externally-managed install_data
[7.686s] running egg_info
[7.688s] creating ../../../../build/launch_car/launch_car.egg-info
[7.699s] writing ../../../../build/launch_car/launch_car.egg-info/PKG-INFO
[7.701s] writing dependency_links to ../../../../build/launch_car/launch_car.egg-info/dependency_links.txt
[7.701s] writing entry points to ../../../../build/launch_car/launch_car.egg-info/entry_points.txt
[7.707s] writing requirements to ../../../../build/launch_car/launch_car.egg-info/requires.txt
[7.707s] writing top-level names to ../../../../build/launch_car/launch_car.egg-info/top_level.txt
[7.723s] writing manifest file '../../../../build/launch_car/launch_car.egg-info/SOURCES.txt'
[7.938s] reading manifest file '../../../../build/launch_car/launch_car.egg-info/SOURCES.txt'
[7.940s] writing manifest file '../../../../build/launch_car/launch_car.egg-info/SOURCES.txt'
[7.943s] running build
[7.943s] running build_py
[7.951s] creating /home/nvidia/master_ws/build/launch_car/build
[7.951s] creating /home/nvidia/master_ws/build/launch_car/build/lib
[7.952s] creating /home/nvidia/master_ws/build/launch_car/build/lib/launch_car
[7.953s] copying launch_car/__init__.py -> /home/nvidia/master_ws/build/launch_car/build/lib/launch_car
[7.954s] running install
[7.955s] running install_lib
[7.961s] creating /home/nvidia/master_ws/install/launch_car/lib/python3.8/site-packages/launch_car
[7.963s] copying /home/nvidia/master_ws/build/launch_car/build/lib/launch_car/__init__.py -> /home/nvidia/master_ws/install/launch_car/lib/python3.8/site-packages/launch_car
[7.963s] byte-compiling /home/nvidia/master_ws/install/launch_car/lib/python3.8/site-packages/launch_car/__init__.py to __init__.cpython-38.pyc
[7.970s] running install_data
[7.972s] creating /home/nvidia/master_ws/install/launch_car/share/ament_index
[7.973s] creating /home/nvidia/master_ws/install/launch_car/share/ament_index/resource_index
[7.973s] creating /home/nvidia/master_ws/install/launch_car/share/ament_index/resource_index/packages
[7.974s] copying resource/launch_car -> /home/nvidia/master_ws/install/launch_car/share/ament_index/resource_index/packages
[7.975s] copying package.xml -> /home/nvidia/master_ws/install/launch_car/share/launch_car
[7.976s] creating /home/nvidia/master_ws/install/launch_car/share/launch_car/launch
[7.977s] copying launch/all_launch.py -> /home/nvidia/master_ws/install/launch_car/share/launch_car/launch
[7.988s] copying launch/control_launch.py -> /home/nvidia/master_ws/install/launch_car/share/launch_car/launch
[7.989s] copying launch/car_launch.py -> /home/nvidia/master_ws/install/launch_car/share/launch_car/launch
[7.999s] copying launch/raw_to_PC2_launch.py -> /home/nvidia/master_ws/install/launch_car/share/launch_car/launch
[8.000s] copying launch/realsense_launch.py -> /home/nvidia/master_ws/install/launch_car/share/launch_car/launch
[8.001s] running install_egg_info
[8.008s] Copying ../../../../build/launch_car/launch_car.egg-info to /home/nvidia/master_ws/install/launch_car/lib/python3.8/site-packages/launch_car-0.0.0-py3.8.egg-info
[8.014s] running install_scripts
[8.158s] writing list of installed files to '/home/nvidia/master_ws/build/launch_car/install.log'
[8.338s] Invoked command in '/home/nvidia/master_ws/src/launch_ws/src/launch_car' returned '0': PYTHONPATH=/home/nvidia/master_ws/build/launch_car/prefix_override:/home/nvidia/master_ws/install/launch_car/lib/python3.8/site-packages:${PYTHONPATH} /usr/bin/python3 -W ignore:setup.py install is deprecated setup.py egg_info --egg-base ../../../../build/launch_car build --build-base /home/nvidia/master_ws/build/launch_car/build install --record /home/nvidia/master_ws/build/launch_car/install.log --install-scripts $base/lib/launch_car --single-version-externally-managed install_data
