[0.111s] Invoking command in '/home/nvidia/master_ws/build/lidar': CMAKE_PREFIX_PATH=${CMAKE_PREFIX_PATH}:/home/nvidia/master_ws/install/xbox:/home/nvidia/master_ws/install/lidar_control:/home/nvidia/master_ws/install/launch_car:/home/nvidia/master_ws/install/broadcaster:/home/nvidia/install/xbox:/opt/ros/foxy /usr/bin/cmake --build /home/nvidia/master_ws/build/lidar -- -j4 -l4
[0.800s] [100%] Built target lidar
[0.872s] Invoked command in '/home/nvidia/master_ws/build/lidar' returned '0': CMAKE_PREFIX_PATH=${CMAKE_PREFIX_PATH}:/home/nvidia/master_ws/install/xbox:/home/nvidia/master_ws/install/lidar_control:/home/nvidia/master_ws/install/launch_car:/home/nvidia/master_ws/install/broadcaster:/home/nvidia/install/xbox:/opt/ros/foxy /usr/bin/cmake --build /home/nvidia/master_ws/build/lidar -- -j4 -l4
[1.177s] Invoking command in '/home/nvidia/master_ws/build/lidar': CMAKE_PREFIX_PATH=${CMAKE_PREFIX_PATH}:/home/nvidia/master_ws/install/xbox:/home/nvidia/master_ws/install/lidar_control:/home/nvidia/master_ws/install/launch_car:/home/nvidia/master_ws/install/broadcaster:/home/nvidia/install/xbox:/opt/ros/foxy /usr/bin/cmake --install /home/nvidia/master_ws/build/lidar
[1.323s] -- Install configuration: ""
[1.326s] -- Up-to-date: /home/nvidia/master_ws/install/lidar/lib/lidar/lidar
[1.335s] -- Up-to-date: /home/nvidia/master_ws/install/lidar/share/ament_index/resource_index/package_run_dependencies/lidar
[1.336s] -- Up-to-date: /home/nvidia/master_ws/install/lidar/share/ament_index/resource_index/parent_prefix_path/lidar
[1.337s] -- Up-to-date: /home/nvidia/master_ws/install/lidar/share/lidar/environment/ament_prefix_path.sh
[1.338s] -- Up-to-date: /home/nvidia/master_ws/install/lidar/share/lidar/environment/ament_prefix_path.dsv
[1.340s] -- Up-to-date: /home/nvidia/master_ws/install/lidar/share/lidar/environment/path.sh
[1.340s] -- Up-to-date: /home/nvidia/master_ws/install/lidar/share/lidar/environment/path.dsv
[1.341s] -- Up-to-date: /home/nvidia/master_ws/install/lidar/share/lidar/local_setup.bash
[1.341s] -- Up-to-date: /home/nvidia/master_ws/install/lidar/share/lidar/local_setup.sh
[1.341s] -- Up-to-date: /home/nvidia/master_ws/install/lidar/share/lidar/local_setup.zsh
[1.342s] -- Up-to-date: /home/nvidia/master_ws/install/lidar/share/lidar/local_setup.dsv
[1.343s] -- Installing: /home/nvidia/master_ws/install/lidar/share/lidar/package.dsv
[1.349s] -- Up-to-date: /home/nvidia/master_ws/install/lidar/share/ament_index/resource_index/packages/lidar
[1.350s] -- Up-to-date: /home/nvidia/master_ws/install/lidar/share/lidar/cmake/lidarConfig.cmake
[1.350s] -- Up-to-date: /home/nvidia/master_ws/install/lidar/share/lidar/cmake/lidarConfig-version.cmake
[1.351s] -- Up-to-date: /home/nvidia/master_ws/install/lidar/share/lidar/package.xml
[1.370s] Invoked command in '/home/nvidia/master_ws/build/lidar' returned '0': CMAKE_PREFIX_PATH=${CMAKE_PREFIX_PATH}:/home/nvidia/master_ws/install/xbox:/home/nvidia/master_ws/install/lidar_control:/home/nvidia/master_ws/install/launch_car:/home/nvidia/master_ws/install/broadcaster:/home/nvidia/install/xbox:/opt/ros/foxy /usr/bin/cmake --install /home/nvidia/master_ws/build/lidar
