[3.595s] Invoking command in '/home/nvidia/master_ws/src/lidar_control': PYTHONPATH=/home/nvidia/master_ws/build/lidar_control/prefix_override:/home/nvidia/master_ws/install/lidar_control/lib/python3.8/site-packages:${PYTHONPATH} /usr/bin/python3 -W ignore:setup.py install is deprecated setup.py egg_info --egg-base ../../build/lidar_control build --build-base /home/nvidia/master_ws/build/lidar_control/build install --record /home/nvidia/master_ws/build/lidar_control/install.log --install-scripts $base/lib/lidar_control --single-version-externally-managed install_data
[4.931s] running egg_info
[4.934s] writing ../../build/lidar_control/lidar_control.egg-info/PKG-INFO
[4.935s] writing dependency_links to ../../build/lidar_control/lidar_control.egg-info/dependency_links.txt
[4.936s] writing entry points to ../../build/lidar_control/lidar_control.egg-info/entry_points.txt
[4.937s] writing requirements to ../../build/lidar_control/lidar_control.egg-info/requires.txt
[4.938s] writing top-level names to ../../build/lidar_control/lidar_control.egg-info/top_level.txt
[5.089s] reading manifest file '../../build/lidar_control/lidar_control.egg-info/SOURCES.txt'
[5.093s] writing manifest file '../../build/lidar_control/lidar_control.egg-info/SOURCES.txt'
[5.093s] running build
[5.093s] running build_py
[5.094s] running install
[5.098s] running install_lib
[5.105s] running install_data
[5.106s] running install_egg_info
[5.114s] removing '/home/nvidia/master_ws/install/lidar_control/lib/python3.8/site-packages/lidar_control-0.0.0-py3.8.egg-info' (and everything under it)
[5.116s] Copying ../../build/lidar_control/lidar_control.egg-info to /home/nvidia/master_ws/install/lidar_control/lib/python3.8/site-packages/lidar_control-0.0.0-py3.8.egg-info
[5.121s] running install_scripts
[5.194s] Installing lidar_control script to /home/nvidia/master_ws/install/lidar_control/lib/lidar_control
[5.196s] writing list of installed files to '/home/nvidia/master_ws/build/lidar_control/install.log'
[5.710s] Invoked command in '/home/nvidia/master_ws/src/lidar_control' returned '0': PYTHONPATH=/home/nvidia/master_ws/build/lidar_control/prefix_override:/home/nvidia/master_ws/install/lidar_control/lib/python3.8/site-packages:${PYTHONPATH} /usr/bin/python3 -W ignore:setup.py install is deprecated setup.py egg_info --egg-base ../../build/lidar_control build --build-base /home/nvidia/master_ws/build/lidar_control/build install --record /home/nvidia/master_ws/build/lidar_control/install.log --install-scripts $base/lib/lidar_control --single-version-externally-managed install_data
