[4.827s] Invoking command in '/home/nvidia/master_ws/src/controller': PYTHONPATH=/home/nvidia/master_ws/build/controller/prefix_override:/home/nvidia/master_ws/install/controller/lib/python3.8/site-packages:${PYTHONPATH} /usr/bin/python3 -W ignore:setup.py install is deprecated setup.py egg_info --egg-base ../../build/controller build --build-base /home/nvidia/master_ws/build/controller/build install --record /home/nvidia/master_ws/build/controller/install.log --install-scripts $base/lib/controller --single-version-externally-managed install_data
[6.186s] running egg_info
[6.189s] writing ../../build/controller/controller.egg-info/PKG-INFO
[6.191s] writing dependency_links to ../../build/controller/controller.egg-info/dependency_links.txt
[6.192s] writing entry points to ../../build/controller/controller.egg-info/entry_points.txt
[6.194s] writing requirements to ../../build/controller/controller.egg-info/requires.txt
[6.198s] writing top-level names to ../../build/controller/controller.egg-info/top_level.txt
[6.350s] reading manifest file '../../build/controller/controller.egg-info/SOURCES.txt'
[6.355s] writing manifest file '../../build/controller/controller.egg-info/SOURCES.txt'
[6.355s] running build
[6.356s] running build_py
[6.357s] running install
[6.360s] running install_lib
[6.371s] running install_data
[6.372s] running install_egg_info
[6.378s] removing '/home/nvidia/master_ws/install/controller/lib/python3.8/site-packages/controller-0.0.0-py3.8.egg-info' (and everything under it)
[6.379s] Copying ../../build/controller/controller.egg-info to /home/nvidia/master_ws/install/controller/lib/python3.8/site-packages/controller-0.0.0-py3.8.egg-info
[6.384s] running install_scripts
[6.464s] Installing controller script to /home/nvidia/master_ws/install/controller/lib/controller
[6.465s] writing list of installed files to '/home/nvidia/master_ws/build/controller/install.log'
[6.578s] Invoked command in '/home/nvidia/master_ws/src/controller' returned '0': PYTHONPATH=/home/nvidia/master_ws/build/controller/prefix_override:/home/nvidia/master_ws/install/controller/lib/python3.8/site-packages:${PYTHONPATH} /usr/bin/python3 -W ignore:setup.py install is deprecated setup.py egg_info --egg-base ../../build/controller build --build-base /home/nvidia/master_ws/build/controller/build install --record /home/nvidia/master_ws/build/controller/install.log --install-scripts $base/lib/controller --single-version-externally-managed install_data
