[3.469s] Invoking command in '/home/nvidia/master_ws/src/xbox': PYTHONPATH=/home/nvidia/master_ws/build/xbox/prefix_override:/home/nvidia/master_ws/install/xbox/lib/python3.8/site-packages:${PYTHONPATH} /usr/bin/python3 -W ignore:setup.py install is deprecated setup.py egg_info --egg-base ../../build/xbox build --build-base /home/nvidia/master_ws/build/xbox/build install --record /home/nvidia/master_ws/build/xbox/install.log --install-scripts $base/lib/xbox --single-version-externally-managed install_data
[4.706s] running egg_info
[4.708s] writing ../../build/xbox/xbox.egg-info/PKG-INFO
[4.709s] writing dependency_links to ../../build/xbox/xbox.egg-info/dependency_links.txt
[4.710s] writing entry points to ../../build/xbox/xbox.egg-info/entry_points.txt
[4.710s] writing requirements to ../../build/xbox/xbox.egg-info/requires.txt
[4.711s] writing top-level names to ../../build/xbox/xbox.egg-info/top_level.txt
[4.882s] reading manifest file '../../build/xbox/xbox.egg-info/SOURCES.txt'
[4.886s] writing manifest file '../../build/xbox/xbox.egg-info/SOURCES.txt'
[4.887s] running build
[4.887s] running build_py
[4.888s] copying xbox/control.py -> /home/nvidia/master_ws/build/xbox/build/lib/xbox
[4.889s] running install
[4.893s] running install_lib
[4.898s] copying /home/nvidia/master_ws/build/xbox/build/lib/xbox/control.py -> /home/nvidia/master_ws/install/xbox/lib/python3.8/site-packages/xbox
[4.901s] byte-compiling /home/nvidia/master_ws/install/xbox/lib/python3.8/site-packages/xbox/control.py to control.cpython-38.pyc
[4.911s] running install_data
[4.911s] running install_egg_info
[4.919s] removing '/home/nvidia/master_ws/install/xbox/lib/python3.8/site-packages/xbox-0.0.0-py3.8.egg-info' (and everything under it)
[4.921s] Copying ../../build/xbox/xbox.egg-info to /home/nvidia/master_ws/install/xbox/lib/python3.8/site-packages/xbox-0.0.0-py3.8.egg-info
[4.926s] running install_scripts
[5.007s] Installing control script to /home/nvidia/master_ws/install/xbox/lib/xbox
[5.009s] writing list of installed files to '/home/nvidia/master_ws/build/xbox/install.log'
[5.102s] Invoked command in '/home/nvidia/master_ws/src/xbox' returned '0': PYTHONPATH=/home/nvidia/master_ws/build/xbox/prefix_override:/home/nvidia/master_ws/install/xbox/lib/python3.8/site-packages:${PYTHONPATH} /usr/bin/python3 -W ignore:setup.py install is deprecated setup.py egg_info --egg-base ../../build/xbox build --build-base /home/nvidia/master_ws/build/xbox/build install --record /home/nvidia/master_ws/build/xbox/install.log --install-scripts $base/lib/xbox --single-version-externally-managed install_data
