[5.776s] Invoking command in '/home/nvidia/master_ws/build/lidar_control': PYTHONPATH=/home/nvidia/master_ws/build/lidar_control/prefix_override:/home/nvidia/master_ws/install/lidar_control/lib/python3.8/site-packages:${PYTHONPATH} /usr/bin/python3 -W ignore:setup.py install is deprecated setup.py develop --editable --build-directory /home/nvidia/master_ws/build/lidar_control/build --no-deps symlink_data --force
[7.115s] running develop
[7.910s] running egg_info
[7.911s] writing lidar_control.egg-info/PKG-INFO
[7.912s] writing dependency_links to lidar_control.egg-info/dependency_links.txt
[7.913s] writing entry points to lidar_control.egg-info/entry_points.txt
[7.914s] writing requirements to lidar_control.egg-info/requires.txt
[7.914s] writing top-level names to lidar_control.egg-info/top_level.txt
[8.103s] reading manifest file 'lidar_control.egg-info/SOURCES.txt'
[8.107s] writing manifest file 'lidar_control.egg-info/SOURCES.txt'
[8.316s] running build_ext
[8.317s] Creating /home/nvidia/master_ws/install/lidar_control/lib/python3.8/site-packages/site.py
[8.340s] Creating /home/nvidia/master_ws/install/lidar_control/lib/python3.8/site-packages/lidar-control.egg-link (link to .)
[8.343s] Installing lidar_control script to /home/nvidia/master_ws/install/lidar_control/lib/lidar_control
[8.362s] 
[8.362s] Installed /home/nvidia/master_ws/build/lidar_control
[8.363s] running symlink_data
[8.364s] symbolically linking /home/nvidia/master_ws/build/lidar_control/resource/lidar_control -> /home/nvidia/master_ws/install/lidar_control/share/ament_index/resource_index/packages
[8.364s] symbolically linking /home/nvidia/master_ws/build/lidar_control/package.xml -> /home/nvidia/master_ws/install/lidar_control/share/lidar_control
[8.523s] Invoked command in '/home/nvidia/master_ws/build/lidar_control' returned '0': PYTHONPATH=/home/nvidia/master_ws/build/lidar_control/prefix_override:/home/nvidia/master_ws/install/lidar_control/lib/python3.8/site-packages:${PYTHONPATH} /usr/bin/python3 -W ignore:setup.py install is deprecated setup.py develop --editable --build-directory /home/nvidia/master_ws/build/lidar_control/build --no-deps symlink_data --force
