[4.860s] Invoking command in '/home/nvidia/master_ws/build/launch_car': PYTHONPATH=/home/nvidia/master_ws/build/launch_car/prefix_override:/home/nvidia/master_ws/install/launch_car/lib/python3.8/site-packages:${PYTHONPATH} /usr/bin/python3 -W ignore:setup.py install is deprecated setup.py develop --editable --build-directory /home/nvidia/master_ws/build/launch_car/build --no-deps symlink_data --force
[6.198s] running develop
[7.158s] running egg_info
[7.158s] writing launch_car.egg-info/PKG-INFO
[7.159s] writing dependency_links to launch_car.egg-info/dependency_links.txt
[7.160s] writing entry points to launch_car.egg-info/entry_points.txt
[7.160s] writing requirements to launch_car.egg-info/requires.txt
[7.161s] writing top-level names to launch_car.egg-info/top_level.txt
[7.384s] reading manifest file 'launch_car.egg-info/SOURCES.txt'
[7.389s] writing manifest file 'launch_car.egg-info/SOURCES.txt'
[7.750s] running build_ext
[7.751s] Creating /home/nvidia/master_ws/install/launch_car/lib/python3.8/site-packages/site.py
[7.760s] Creating /home/nvidia/master_ws/install/launch_car/lib/python3.8/site-packages/launch-car.egg-link (link to .)
[7.784s] 
[7.785s] Installed /home/nvidia/master_ws/build/launch_car
[7.786s] running symlink_data
[7.786s] symbolically linking /home/nvidia/master_ws/build/launch_car/resource/launch_car -> /home/nvidia/master_ws/install/launch_car/share/ament_index/resource_index/packages
[7.787s] symbolically linking /home/nvidia/master_ws/build/launch_car/package.xml -> /home/nvidia/master_ws/install/launch_car/share/launch_car
[7.788s] symbolically linking /home/nvidia/master_ws/build/launch_car/launch/control_launch.py -> /home/nvidia/master_ws/install/launch_car/share/launch_car/launch
[7.788s] symbolically linking /home/nvidia/master_ws/build/launch_car/launch/car_launch.py -> /home/nvidia/master_ws/install/launch_car/share/launch_car/launch
[9.801s] Invoked command in '/home/nvidia/master_ws/build/launch_car' returned '0': PYTHONPATH=/home/nvidia/master_ws/build/launch_car/prefix_override:/home/nvidia/master_ws/install/launch_car/lib/python3.8/site-packages:${PYTHONPATH} /usr/bin/python3 -W ignore:setup.py install is deprecated setup.py develop --editable --build-directory /home/nvidia/master_ws/build/launch_car/build --no-deps symlink_data --force
