[0.078s] Invoking command in '/home/nvidia/master_ws/build/velodyne': AMENT_PREFIX_PATH=/home/nvidia/master_ws/install/velodyne_pointcloud:/home/nvidia/master_ws/install/velodyne_driver:/home/nvidia/master_ws/install/velodyne_msgs:/home/nvidia/master_ws/install/velodyne_laserscan:${AMENT_PREFIX_PATH} CMAKE_PREFIX_PATH=/home/nvidia/master_ws/install/velodyne_pointcloud:/home/nvidia/master_ws/install/velodyne_driver:/home/nvidia/master_ws/install/velodyne_msgs:/home/nvidia/master_ws/install/velodyne_laserscan:/opt/ros/foxy LD_LIBRARY_PATH=/home/nvidia/master_ws/install/velodyne_pointcloud/lib:/home/nvidia/master_ws/install/velodyne_driver/lib:/home/nvidia/master_ws/install/velodyne_msgs/lib:/home/nvidia/master_ws/install/velodyne_laserscan/lib:/opt/ros/foxy/opt/yaml_cpp_vendor/lib:/opt/ros/foxy/opt/rviz_ogre_vendor/lib:/opt/ros/foxy/lib/aarch64-linux-gnu:/opt/ros/foxy/lib:/usr/local/cuda-11.4/lib64 PYTHONPATH=/home/nvidia/master_ws/install/velodyne_msgs/lib/python3.8/site-packages:${PYTHONPATH} /usr/bin/cmake --build /home/nvidia/master_ws/build/velodyne -- -j4 -l4
[0.256s] Invoked command in '/home/nvidia/master_ws/build/velodyne' returned '0': AMENT_PREFIX_PATH=/home/nvidia/master_ws/install/velodyne_pointcloud:/home/nvidia/master_ws/install/velodyne_driver:/home/nvidia/master_ws/install/velodyne_msgs:/home/nvidia/master_ws/install/velodyne_laserscan:${AMENT_PREFIX_PATH} CMAKE_PREFIX_PATH=/home/nvidia/master_ws/install/velodyne_pointcloud:/home/nvidia/master_ws/install/velodyne_driver:/home/nvidia/master_ws/install/velodyne_msgs:/home/nvidia/master_ws/install/velodyne_laserscan:/opt/ros/foxy LD_LIBRARY_PATH=/home/nvidia/master_ws/install/velodyne_pointcloud/lib:/home/nvidia/master_ws/install/velodyne_driver/lib:/home/nvidia/master_ws/install/velodyne_msgs/lib:/home/nvidia/master_ws/install/velodyne_laserscan/lib:/opt/ros/foxy/opt/yaml_cpp_vendor/lib:/opt/ros/foxy/opt/rviz_ogre_vendor/lib:/opt/ros/foxy/lib/aarch64-linux-gnu:/opt/ros/foxy/lib:/usr/local/cuda-11.4/lib64 PYTHONPATH=/home/nvidia/master_ws/install/velodyne_msgs/lib/python3.8/site-packages:${PYTHONPATH} /usr/bin/cmake --build /home/nvidia/master_ws/build/velodyne -- -j4 -l4
[0.367s] Invoking command in '/home/nvidia/master_ws/build/velodyne': AMENT_PREFIX_PATH=/home/nvidia/master_ws/install/velodyne_pointcloud:/home/nvidia/master_ws/install/velodyne_driver:/home/nvidia/master_ws/install/velodyne_msgs:/home/nvidia/master_ws/install/velodyne_laserscan:${AMENT_PREFIX_PATH} CMAKE_PREFIX_PATH=/home/nvidia/master_ws/install/velodyne_pointcloud:/home/nvidia/master_ws/install/velodyne_driver:/home/nvidia/master_ws/install/velodyne_msgs:/home/nvidia/master_ws/install/velodyne_laserscan:/opt/ros/foxy LD_LIBRARY_PATH=/home/nvidia/master_ws/install/velodyne_pointcloud/lib:/home/nvidia/master_ws/install/velodyne_driver/lib:/home/nvidia/master_ws/install/velodyne_msgs/lib:/home/nvidia/master_ws/install/velodyne_laserscan/lib:/opt/ros/foxy/opt/yaml_cpp_vendor/lib:/opt/ros/foxy/opt/rviz_ogre_vendor/lib:/opt/ros/foxy/lib/aarch64-linux-gnu:/opt/ros/foxy/lib:/usr/local/cuda-11.4/lib64 PYTHONPATH=/home/nvidia/master_ws/install/velodyne_msgs/lib/python3.8/site-packages:${PYTHONPATH} /usr/bin/cmake --install /home/nvidia/master_ws/build/velodyne
[0.400s] -- Install configuration: ""
[0.402s] -- Up-to-date: /home/nvidia/master_ws/install/velodyne/share/velodyne/launch
[0.403s] -- Up-to-date: /home/nvidia/master_ws/install/velodyne/share/velodyne/launch/velodyne-all-nodes-VLP16-composed-launch.py
[0.404s] -- Up-to-date: /home/nvidia/master_ws/install/velodyne/share/velodyne/launch/velodyne-all-nodes-VLS128-composed-launch.py
[0.404s] -- Up-to-date: /home/nvidia/master_ws/install/velodyne/share/velodyne/launch/velodyne-all-nodes-VLP32C-launch.py
[0.405s] -- Up-to-date: /home/nvidia/master_ws/install/velodyne/share/velodyne/launch/velodyne-all-nodes-VLS128-launch.py
[0.406s] -- Up-to-date: /home/nvidia/master_ws/install/velodyne/share/velodyne/launch/velodyne-all-nodes-VLP32C-composed-launch.py
[0.407s] -- Up-to-date: /home/nvidia/master_ws/install/velodyne/share/velodyne/launch/velodyne-all-nodes-VLP16-launch.py
[0.408s] -- Up-to-date: /home/nvidia/master_ws/install/velodyne/share/ament_index/resource_index/package_run_dependencies/velodyne
[0.410s] -- Up-to-date: /home/nvidia/master_ws/install/velodyne/share/ament_index/resource_index/parent_prefix_path/velodyne
[0.410s] -- Up-to-date: /home/nvidia/master_ws/install/velodyne/share/velodyne/environment/ament_prefix_path.sh
[0.411s] -- Up-to-date: /home/nvidia/master_ws/install/velodyne/share/velodyne/environment/ament_prefix_path.dsv
[0.412s] -- Up-to-date: /home/nvidia/master_ws/install/velodyne/share/velodyne/environment/path.sh
[0.412s] -- Up-to-date: /home/nvidia/master_ws/install/velodyne/share/velodyne/environment/path.dsv
[0.412s] -- Up-to-date: /home/nvidia/master_ws/install/velodyne/share/velodyne/local_setup.bash
[0.413s] -- Up-to-date: /home/nvidia/master_ws/install/velodyne/share/velodyne/local_setup.sh
[0.413s] -- Up-to-date: /home/nvidia/master_ws/install/velodyne/share/velodyne/local_setup.zsh
[0.413s] -- Up-to-date: /home/nvidia/master_ws/install/velodyne/share/velodyne/local_setup.dsv
[0.414s] -- Installing: /home/nvidia/master_ws/install/velodyne/share/velodyne/package.dsv
[0.414s] -- Up-to-date: /home/nvidia/master_ws/install/velodyne/share/ament_index/resource_index/packages/velodyne
[0.414s] -- Up-to-date: /home/nvidia/master_ws/install/velodyne/share/velodyne/cmake/velodyneConfig.cmake
[0.415s] -- Up-to-date: /home/nvidia/master_ws/install/velodyne/share/velodyne/cmake/velodyneConfig-version.cmake
[0.415s] -- Up-to-date: /home/nvidia/master_ws/install/velodyne/share/velodyne/package.xml
[0.423s] Invoked command in '/home/nvidia/master_ws/build/velodyne' returned '0': AMENT_PREFIX_PATH=/home/nvidia/master_ws/install/velodyne_pointcloud:/home/nvidia/master_ws/install/velodyne_driver:/home/nvidia/master_ws/install/velodyne_msgs:/home/nvidia/master_ws/install/velodyne_laserscan:${AMENT_PREFIX_PATH} CMAKE_PREFIX_PATH=/home/nvidia/master_ws/install/velodyne_pointcloud:/home/nvidia/master_ws/install/velodyne_driver:/home/nvidia/master_ws/install/velodyne_msgs:/home/nvidia/master_ws/install/velodyne_laserscan:/opt/ros/foxy LD_LIBRARY_PATH=/home/nvidia/master_ws/install/velodyne_pointcloud/lib:/home/nvidia/master_ws/install/velodyne_driver/lib:/home/nvidia/master_ws/install/velodyne_msgs/lib:/home/nvidia/master_ws/install/velodyne_laserscan/lib:/opt/ros/foxy/opt/yaml_cpp_vendor/lib:/opt/ros/foxy/opt/rviz_ogre_vendor/lib:/opt/ros/foxy/lib/aarch64-linux-gnu:/opt/ros/foxy/lib:/usr/local/cuda-11.4/lib64 PYTHONPATH=/home/nvidia/master_ws/install/velodyne_msgs/lib/python3.8/site-packages:${PYTHONPATH} /usr/bin/cmake --install /home/nvidia/master_ws/build/velodyne
