[4.941s] Invoking command in '/home/nvidia/master_ws/build/lidar_control': PYTHONPATH=/home/nvidia/master_ws/build/lidar_control/prefix_override:/home/nvidia/master_ws/install/lidar_control/lib/python3.8/site-packages:${PYTHONPATH} /usr/bin/python3 -W ignore:setup.py install is deprecated setup.py develop --uninstall --editable --build-directory /home/nvidia/master_ws/build/lidar_control/build
[6.319s] running develop
[7.024s] Removing /home/nvidia/master_ws/install/lidar_control/lib/python3.8/site-packages/lidar-control.egg-link (link to .)
[7.142s] Invoked command in '/home/nvidia/master_ws/build/lidar_control' returned '0': PYTHONPATH=/home/nvidia/master_ws/build/lidar_control/prefix_override:/home/nvidia/master_ws/install/lidar_control/lib/python3.8/site-packages:${PYTHONPATH} /usr/bin/python3 -W ignore:setup.py install is deprecated setup.py develop --uninstall --editable --build-directory /home/nvidia/master_ws/build/lidar_control/build
[7.160s] Invoking command in '/home/nvidia/master_ws/src/lidar_control': PYTHONPATH=/home/nvidia/master_ws/build/lidar_control/prefix_override:/home/nvidia/master_ws/install/lidar_control/lib/python3.8/site-packages:${PYTHONPATH} /usr/bin/python3 -W ignore:setup.py install is deprecated setup.py egg_info --egg-base ../../build/lidar_control build --build-base /home/nvidia/master_ws/build/lidar_control/build install --record /home/nvidia/master_ws/build/lidar_control/install.log --install-scripts $base/lib/lidar_control --single-version-externally-managed install_data --force
[8.329s] running egg_info
[8.332s] writing ../../build/lidar_control/lidar_control.egg-info/PKG-INFO
[8.334s] writing dependency_links to ../../build/lidar_control/lidar_control.egg-info/dependency_links.txt
[8.335s] writing entry points to ../../build/lidar_control/lidar_control.egg-info/entry_points.txt
[8.336s] writing requirements to ../../build/lidar_control/lidar_control.egg-info/requires.txt
[8.337s] writing top-level names to ../../build/lidar_control/lidar_control.egg-info/top_level.txt
[8.486s] reading manifest file '../../build/lidar_control/lidar_control.egg-info/SOURCES.txt'
[8.490s] writing manifest file '../../build/lidar_control/lidar_control.egg-info/SOURCES.txt'
[8.491s] running build
[8.491s] running build_py
[8.493s] running install
[8.499s] running install_lib
[8.503s] creating /home/nvidia/master_ws/install/lidar_control/lib/python3.8/site-packages/lidar_control
[8.504s] copying /home/nvidia/master_ws/build/lidar_control/build/lib/lidar_control/lidar_control.py -> /home/nvidia/master_ws/install/lidar_control/lib/python3.8/site-packages/lidar_control
[8.505s] copying /home/nvidia/master_ws/build/lidar_control/build/lib/lidar_control/__init__.py -> /home/nvidia/master_ws/install/lidar_control/lib/python3.8/site-packages/lidar_control
[8.508s] byte-compiling /home/nvidia/master_ws/install/lidar_control/lib/python3.8/site-packages/lidar_control/lidar_control.py to lidar_control.cpython-38.pyc
[8.515s] byte-compiling /home/nvidia/master_ws/install/lidar_control/lib/python3.8/site-packages/lidar_control/__init__.py to __init__.cpython-38.pyc
[8.516s] running install_data
[8.517s] copying resource/lidar_control -> /home/nvidia/master_ws/install/lidar_control/share/ament_index/resource_index/packages
[8.519s] copying package.xml -> /home/nvidia/master_ws/install/lidar_control/share/lidar_control
[8.520s] running install_egg_info
[8.528s] Copying ../../build/lidar_control/lidar_control.egg-info to /home/nvidia/master_ws/install/lidar_control/lib/python3.8/site-packages/lidar_control-0.0.0-py3.8.egg-info
[8.534s] running install_scripts
[8.616s] Installing lidar_control script to /home/nvidia/master_ws/install/lidar_control/lib/lidar_control
[8.618s] writing list of installed files to '/home/nvidia/master_ws/build/lidar_control/install.log'
[8.729s] Invoked command in '/home/nvidia/master_ws/src/lidar_control' returned '0': PYTHONPATH=/home/nvidia/master_ws/build/lidar_control/prefix_override:/home/nvidia/master_ws/install/lidar_control/lib/python3.8/site-packages:${PYTHONPATH} /usr/bin/python3 -W ignore:setup.py install is deprecated setup.py egg_info --egg-base ../../build/lidar_control build --build-base /home/nvidia/master_ws/build/lidar_control/build install --record /home/nvidia/master_ws/build/lidar_control/install.log --install-scripts $base/lib/lidar_control --single-version-externally-managed install_data --force
