[3.902s] Invoking command in '/home/nvidia/master_ws/src/xbox': PYTHONPATH=/home/nvidia/master_ws/build/xbox/prefix_override:/home/nvidia/master_ws/install/xbox/lib/python3.8/site-packages:${PYTHONPATH} /usr/bin/python3 -W ignore:setup.py install is deprecated setup.py egg_info --egg-base ../../build/xbox build --build-base /home/nvidia/master_ws/build/xbox/build install --record /home/nvidia/master_ws/build/xbox/install.log --install-scripts $base/lib/xbox --single-version-externally-managed install_data
[5.191s] running egg_info
[5.193s] writing ../../build/xbox/xbox.egg-info/PKG-INFO
[5.195s] writing dependency_links to ../../build/xbox/xbox.egg-info/dependency_links.txt
[5.196s] writing entry points to ../../build/xbox/xbox.egg-info/entry_points.txt
[5.196s] writing requirements to ../../build/xbox/xbox.egg-info/requires.txt
[5.197s] writing top-level names to ../../build/xbox/xbox.egg-info/top_level.txt
[5.408s] reading manifest file '../../build/xbox/xbox.egg-info/SOURCES.txt'
[5.414s] writing manifest file '../../build/xbox/xbox.egg-info/SOURCES.txt'
[5.415s] running build
[5.415s] running build_py
[5.416s] copying xbox/new_control.py -> /home/nvidia/master_ws/build/xbox/build/lib/xbox
[5.419s] running install
[5.423s] running install_lib
[5.428s] copying /home/nvidia/master_ws/build/xbox/build/lib/xbox/new_control.py -> /home/nvidia/master_ws/install/xbox/lib/python3.8/site-packages/xbox
[5.432s] byte-compiling /home/nvidia/master_ws/install/xbox/lib/python3.8/site-packages/xbox/new_control.py to new_control.cpython-38.pyc
[5.448s] running install_data
[5.449s] running install_egg_info
[5.457s] removing '/home/nvidia/master_ws/install/xbox/lib/python3.8/site-packages/xbox-0.0.0-py3.8.egg-info' (and everything under it)
[5.459s] Copying ../../build/xbox/xbox.egg-info to /home/nvidia/master_ws/install/xbox/lib/python3.8/site-packages/xbox-0.0.0-py3.8.egg-info
[5.467s] running install_scripts
[5.567s] Installing control script to /home/nvidia/master_ws/install/xbox/lib/xbox
[5.568s] Installing new_control script to /home/nvidia/master_ws/install/xbox/lib/xbox
[5.571s] writing list of installed files to '/home/nvidia/master_ws/build/xbox/install.log'
[5.680s] Invoked command in '/home/nvidia/master_ws/src/xbox' returned '0': PYTHONPATH=/home/nvidia/master_ws/build/xbox/prefix_override:/home/nvidia/master_ws/install/xbox/lib/python3.8/site-packages:${PYTHONPATH} /usr/bin/python3 -W ignore:setup.py install is deprecated setup.py egg_info --egg-base ../../build/xbox build --build-base /home/nvidia/master_ws/build/xbox/build install --record /home/nvidia/master_ws/build/xbox/install.log --install-scripts $base/lib/xbox --single-version-externally-managed install_data
