[3.458s] Invoking command in '/home/nvidia/master_ws/src/lidar_control': PYTHONPATH=/home/nvidia/master_ws/build/lidar_control/prefix_override:/home/nvidia/master_ws/install/lidar_control/lib/python3.8/site-packages:${PYTHONPATH} /usr/bin/python3 -W ignore:setup.py install is deprecated setup.py egg_info --egg-base ../../build/lidar_control build --build-base /home/nvidia/master_ws/build/lidar_control/build install --record /home/nvidia/master_ws/build/lidar_control/install.log --install-scripts $base/lib/lidar_control --single-version-externally-managed install_data
[4.832s] running egg_info
[4.834s] creating ../../build/lidar_control/lidar_control.egg-info
[4.835s] writing ../../build/lidar_control/lidar_control.egg-info/PKG-INFO
[4.836s] writing dependency_links to ../../build/lidar_control/lidar_control.egg-info/dependency_links.txt
[4.837s] writing entry points to ../../build/lidar_control/lidar_control.egg-info/entry_points.txt
[4.837s] writing requirements to ../../build/lidar_control/lidar_control.egg-info/requires.txt
[4.839s] writing top-level names to ../../build/lidar_control/lidar_control.egg-info/top_level.txt
[4.844s] writing manifest file '../../build/lidar_control/lidar_control.egg-info/SOURCES.txt'
[4.991s] reading manifest file '../../build/lidar_control/lidar_control.egg-info/SOURCES.txt'
[4.994s] writing manifest file '../../build/lidar_control/lidar_control.egg-info/SOURCES.txt'
[4.995s] running build
[4.996s] running build_py
[4.996s] creating /home/nvidia/master_ws/build/lidar_control/build
[4.996s] creating /home/nvidia/master_ws/build/lidar_control/build/lib
[4.997s] creating /home/nvidia/master_ws/build/lidar_control/build/lib/lidar_control
[4.998s] copying lidar_control/lidar_control.py -> /home/nvidia/master_ws/build/lidar_control/build/lib/lidar_control
[4.998s] copying lidar_control/__init__.py -> /home/nvidia/master_ws/build/lidar_control/build/lib/lidar_control
[4.999s] running install
[5.002s] running install_lib
[5.008s] creating /home/nvidia/master_ws/install/lidar_control/lib/python3.8/site-packages/lidar_control
[5.011s] copying /home/nvidia/master_ws/build/lidar_control/build/lib/lidar_control/lidar_control.py -> /home/nvidia/master_ws/install/lidar_control/lib/python3.8/site-packages/lidar_control
[5.012s] copying /home/nvidia/master_ws/build/lidar_control/build/lib/lidar_control/__init__.py -> /home/nvidia/master_ws/install/lidar_control/lib/python3.8/site-packages/lidar_control
[5.012s] byte-compiling /home/nvidia/master_ws/install/lidar_control/lib/python3.8/site-packages/lidar_control/lidar_control.py to lidar_control.cpython-38.pyc
[5.019s] byte-compiling /home/nvidia/master_ws/install/lidar_control/lib/python3.8/site-packages/lidar_control/__init__.py to __init__.cpython-38.pyc
[5.020s] running install_data
[5.021s] creating /home/nvidia/master_ws/install/lidar_control/share/ament_index
[5.021s] creating /home/nvidia/master_ws/install/lidar_control/share/ament_index/resource_index
[5.022s] creating /home/nvidia/master_ws/install/lidar_control/share/ament_index/resource_index/packages
[5.022s] copying resource/lidar_control -> /home/nvidia/master_ws/install/lidar_control/share/ament_index/resource_index/packages
[5.023s] copying package.xml -> /home/nvidia/master_ws/install/lidar_control/share/lidar_control
[5.023s] running install_egg_info
[5.031s] Copying ../../build/lidar_control/lidar_control.egg-info to /home/nvidia/master_ws/install/lidar_control/lib/python3.8/site-packages/lidar_control-0.0.0-py3.8.egg-info
[5.036s] running install_scripts
[5.115s] Installing lidar_control script to /home/nvidia/master_ws/install/lidar_control/lib/lidar_control
[5.117s] writing list of installed files to '/home/nvidia/master_ws/build/lidar_control/install.log'
[5.291s] Invoked command in '/home/nvidia/master_ws/src/lidar_control' returned '0': PYTHONPATH=/home/nvidia/master_ws/build/lidar_control/prefix_override:/home/nvidia/master_ws/install/lidar_control/lib/python3.8/site-packages:${PYTHONPATH} /usr/bin/python3 -W ignore:setup.py install is deprecated setup.py egg_info --egg-base ../../build/lidar_control build --build-base /home/nvidia/master_ws/build/lidar_control/build install --record /home/nvidia/master_ws/build/lidar_control/install.log --install-scripts $base/lib/lidar_control --single-version-externally-managed install_data
