[0.081s] Invoking command in '/home/nvidia/master_ws/build/listener': CMAKE_PREFIX_PATH=${CMAKE_PREFIX_PATH}:/home/nvidia/master_ws/install/xbox:/home/nvidia/master_ws/install/lidar_control:/home/nvidia/master_ws/install/launch_car:/home/nvidia/master_ws/install/controller:/home/nvidia/master_ws/install/broadcaster:/home/nvidia/velodyne_drivers/install/broadcast_and_listener:/home/nvidia/velodyne_drivers/install/examples_tf2_py:/home/nvidia/velodyne_drivers/install/broadcaster:/home/nvidia/velodyne_drivers/install/test_converter:/home/nvidia/velodyne_drivers/install/py_launch_example:/home/nvidia/velodyne_drivers/install/example:/opt/ros/foxy /usr/bin/cmake --build /home/nvidia/master_ws/build/listener -- -j4 -l4
[0.556s] [100%] Built target listener
[1.629s] Invoked command in '/home/nvidia/master_ws/build/listener' returned '0': CMAKE_PREFIX_PATH=${CMAKE_PREFIX_PATH}:/home/nvidia/master_ws/install/xbox:/home/nvidia/master_ws/install/lidar_control:/home/nvidia/master_ws/install/launch_car:/home/nvidia/master_ws/install/controller:/home/nvidia/master_ws/install/broadcaster:/home/nvidia/velodyne_drivers/install/broadcast_and_listener:/home/nvidia/velodyne_drivers/install/examples_tf2_py:/home/nvidia/velodyne_drivers/install/broadcaster:/home/nvidia/velodyne_drivers/install/test_converter:/home/nvidia/velodyne_drivers/install/py_launch_example:/home/nvidia/velodyne_drivers/install/example:/opt/ros/foxy /usr/bin/cmake --build /home/nvidia/master_ws/build/listener -- -j4 -l4
[1.851s] Invoking command in '/home/nvidia/master_ws/build/listener': CMAKE_PREFIX_PATH=${CMAKE_PREFIX_PATH}:/home/nvidia/master_ws/install/xbox:/home/nvidia/master_ws/install/lidar_control:/home/nvidia/master_ws/install/launch_car:/home/nvidia/master_ws/install/controller:/home/nvidia/master_ws/install/broadcaster:/home/nvidia/velodyne_drivers/install/broadcast_and_listener:/home/nvidia/velodyne_drivers/install/examples_tf2_py:/home/nvidia/velodyne_drivers/install/broadcaster:/home/nvidia/velodyne_drivers/install/test_converter:/home/nvidia/velodyne_drivers/install/py_launch_example:/home/nvidia/velodyne_drivers/install/example:/opt/ros/foxy /usr/bin/cmake --install /home/nvidia/master_ws/build/listener
[1.907s] -- Install configuration: ""
[1.908s] -- Up-to-date: /home/nvidia/master_ws/install/listener/lib/listener/listener
[1.910s] -- Up-to-date: /home/nvidia/master_ws/install/listener/share/ament_index/resource_index/package_run_dependencies/listener
[1.910s] -- Up-to-date: /home/nvidia/master_ws/install/listener/share/ament_index/resource_index/parent_prefix_path/listener
[1.911s] -- Up-to-date: /home/nvidia/master_ws/install/listener/share/listener/environment/ament_prefix_path.sh
[1.911s] -- Up-to-date: /home/nvidia/master_ws/install/listener/share/listener/environment/ament_prefix_path.dsv
[1.912s] -- Up-to-date: /home/nvidia/master_ws/install/listener/share/listener/environment/path.sh
[1.913s] -- Up-to-date: /home/nvidia/master_ws/install/listener/share/listener/environment/path.dsv
[1.914s] -- Up-to-date: /home/nvidia/master_ws/install/listener/share/listener/local_setup.bash
[1.914s] -- Up-to-date: /home/nvidia/master_ws/install/listener/share/listener/local_setup.sh
[1.915s] -- Up-to-date: /home/nvidia/master_ws/install/listener/share/listener/local_setup.zsh
[1.915s] -- Up-to-date: /home/nvidia/master_ws/install/listener/share/listener/local_setup.dsv
[1.916s] -- Installing: /home/nvidia/master_ws/install/listener/share/listener/package.dsv
[1.916s] -- Up-to-date: /home/nvidia/master_ws/install/listener/share/ament_index/resource_index/packages/listener
[1.916s] -- Up-to-date: /home/nvidia/master_ws/install/listener/share/listener/cmake/listenerConfig.cmake
[1.917s] -- Up-to-date: /home/nvidia/master_ws/install/listener/share/listener/cmake/listenerConfig-version.cmake
[1.917s] -- Up-to-date: /home/nvidia/master_ws/install/listener/share/listener/package.xml
[1.931s] Invoked command in '/home/nvidia/master_ws/build/listener' returned '0': CMAKE_PREFIX_PATH=${CMAKE_PREFIX_PATH}:/home/nvidia/master_ws/install/xbox:/home/nvidia/master_ws/install/lidar_control:/home/nvidia/master_ws/install/launch_car:/home/nvidia/master_ws/install/controller:/home/nvidia/master_ws/install/broadcaster:/home/nvidia/velodyne_drivers/install/broadcast_and_listener:/home/nvidia/velodyne_drivers/install/examples_tf2_py:/home/nvidia/velodyne_drivers/install/broadcaster:/home/nvidia/velodyne_drivers/install/test_converter:/home/nvidia/velodyne_drivers/install/py_launch_example:/home/nvidia/velodyne_drivers/install/example:/opt/ros/foxy /usr/bin/cmake --install /home/nvidia/master_ws/build/listener
