[0.202s] Invoking command in '/home/nvidia/master_ws/build/velodyne_pointcloud': CMAKE_PREFIX_PATH=/home/nvidia/master_ws/install/velodyne_msgs:/home/nvidia/master_ws/install/velodyne:/home/nvidia/master_ws/install/velodyne_pointcloud:/home/nvidia/master_ws/install/velodyne_driver:/home/nvidia/master_ws/install/velodyne_laserscan:/home/nvidia/master_ws/install/realsense2_description:/home/nvidia/master_ws/install/realsense2_camera_msgs:/home/nvidia/master_ws/install/listener:/home/nvidia/master_ws/install/xbox:/home/nvidia/master_ws/install/lidar_control:/home/nvidia/master_ws/install/launch_car:/home/nvidia/master_ws/install/broadcaster:/opt/ros/foxy LD_LIBRARY_PATH=/home/nvidia/master_ws/install/velodyne_msgs/lib:/home/nvidia/master_ws/install/velodyne_pointcloud/lib:/home/nvidia/master_ws/install/velodyne_driver/lib:/home/nvidia/master_ws/install/velodyne_laserscan/lib:/home/nvidia/master_ws/install/realsense2_camera_msgs/lib:/opt/ros/foxy/opt/yaml_cpp_vendor/lib:/opt/ros/foxy/opt/rviz_ogre_vendor/lib:/opt/ros/foxy/lib/aarch64-linux-gnu:/opt/ros/foxy/lib:/usr/local/cuda-11.4/lib64 PYTHONPATH=/home/nvidia/master_ws/install/velodyne_msgs/lib/python3.8/site-packages:/home/nvidia/master_ws/install/xbox/lib/python3.8/site-packages:/home/nvidia/master_ws/install/realsense2_camera_msgs/lib/python3.8/site-packages:/home/nvidia/master_ws/install/lidar_control/lib/python3.8/site-packages:/home/nvidia/master_ws/install/launch_car/lib/python3.8/site-packages:/home/nvidia/master_ws/install/broadcaster/lib/python3.8/site-packages:/opt/ros/foxy/lib/python3.8/site-packages /usr/bin/cmake --build /home/nvidia/master_ws/build/velodyne_pointcloud -- -j4 -l4
[0.618s] [ 11%] Built target gtest
[0.710s] [ 22%] Built target gtest_main
[0.773s] [ 55%] Built target velodyne_cloud_types
[0.774s] [ 55%] Built target velodyne_rawdata
[1.060s] [ 66%] Built target test_calibration
[1.064s] [ 77%] Built target test_row_step
[1.137s] [ 88%] Built target transform
[1.366s] [100%] Built target velodyne_transform_node
[2.358s] Invoked command in '/home/nvidia/master_ws/build/velodyne_pointcloud' returned '0': CMAKE_PREFIX_PATH=/home/nvidia/master_ws/install/velodyne_msgs:/home/nvidia/master_ws/install/velodyne:/home/nvidia/master_ws/install/velodyne_pointcloud:/home/nvidia/master_ws/install/velodyne_driver:/home/nvidia/master_ws/install/velodyne_laserscan:/home/nvidia/master_ws/install/realsense2_description:/home/nvidia/master_ws/install/realsense2_camera_msgs:/home/nvidia/master_ws/install/listener:/home/nvidia/master_ws/install/xbox:/home/nvidia/master_ws/install/lidar_control:/home/nvidia/master_ws/install/launch_car:/home/nvidia/master_ws/install/broadcaster:/opt/ros/foxy LD_LIBRARY_PATH=/home/nvidia/master_ws/install/velodyne_msgs/lib:/home/nvidia/master_ws/install/velodyne_pointcloud/lib:/home/nvidia/master_ws/install/velodyne_driver/lib:/home/nvidia/master_ws/install/velodyne_laserscan/lib:/home/nvidia/master_ws/install/realsense2_camera_msgs/lib:/opt/ros/foxy/opt/yaml_cpp_vendor/lib:/opt/ros/foxy/opt/rviz_ogre_vendor/lib:/opt/ros/foxy/lib/aarch64-linux-gnu:/opt/ros/foxy/lib:/usr/local/cuda-11.4/lib64 PYTHONPATH=/home/nvidia/master_ws/install/velodyne_msgs/lib/python3.8/site-packages:/home/nvidia/master_ws/install/xbox/lib/python3.8/site-packages:/home/nvidia/master_ws/install/realsense2_camera_msgs/lib/python3.8/site-packages:/home/nvidia/master_ws/install/lidar_control/lib/python3.8/site-packages:/home/nvidia/master_ws/install/launch_car/lib/python3.8/site-packages:/home/nvidia/master_ws/install/broadcaster/lib/python3.8/site-packages:/opt/ros/foxy/lib/python3.8/site-packages /usr/bin/cmake --build /home/nvidia/master_ws/build/velodyne_pointcloud -- -j4 -l4
[2.622s] Invoking command in '/home/nvidia/master_ws/build/velodyne_pointcloud': CMAKE_PREFIX_PATH=/home/nvidia/master_ws/install/velodyne_msgs:/home/nvidia/master_ws/install/velodyne:/home/nvidia/master_ws/install/velodyne_pointcloud:/home/nvidia/master_ws/install/velodyne_driver:/home/nvidia/master_ws/install/velodyne_laserscan:/home/nvidia/master_ws/install/realsense2_description:/home/nvidia/master_ws/install/realsense2_camera_msgs:/home/nvidia/master_ws/install/listener:/home/nvidia/master_ws/install/xbox:/home/nvidia/master_ws/install/lidar_control:/home/nvidia/master_ws/install/launch_car:/home/nvidia/master_ws/install/broadcaster:/opt/ros/foxy LD_LIBRARY_PATH=/home/nvidia/master_ws/install/velodyne_msgs/lib:/home/nvidia/master_ws/install/velodyne_pointcloud/lib:/home/nvidia/master_ws/install/velodyne_driver/lib:/home/nvidia/master_ws/install/velodyne_laserscan/lib:/home/nvidia/master_ws/install/realsense2_camera_msgs/lib:/opt/ros/foxy/opt/yaml_cpp_vendor/lib:/opt/ros/foxy/opt/rviz_ogre_vendor/lib:/opt/ros/foxy/lib/aarch64-linux-gnu:/opt/ros/foxy/lib:/usr/local/cuda-11.4/lib64 PYTHONPATH=/home/nvidia/master_ws/install/velodyne_msgs/lib/python3.8/site-packages:/home/nvidia/master_ws/install/xbox/lib/python3.8/site-packages:/home/nvidia/master_ws/install/realsense2_camera_msgs/lib/python3.8/site-packages:/home/nvidia/master_ws/install/lidar_control/lib/python3.8/site-packages:/home/nvidia/master_ws/install/launch_car/lib/python3.8/site-packages:/home/nvidia/master_ws/install/broadcaster/lib/python3.8/site-packages:/opt/ros/foxy/lib/python3.8/site-packages /usr/bin/cmake --install /home/nvidia/master_ws/build/velodyne_pointcloud
[2.676s] -- Install configuration: ""
[2.679s] -- Up-to-date: /home/nvidia/master_ws/install/velodyne_pointcloud/lib/libtransform.so
[2.684s] -- Up-to-date: /home/nvidia/master_ws/install/velodyne_pointcloud/lib/velodyne_pointcloud/velodyne_transform_node
[2.687s] -- Up-to-date: /home/nvidia/master_ws/install/velodyne_pointcloud/include/velodyne_pointcloud
[2.688s] -- Up-to-date: /home/nvidia/master_ws/install/velodyne_pointcloud/include/velodyne_pointcloud/datacontainerbase.hpp
[2.690s] -- Up-to-date: /home/nvidia/master_ws/install/velodyne_pointcloud/include/velodyne_pointcloud/pointcloudXYZIRT.hpp
[2.690s] -- Up-to-date: /home/nvidia/master_ws/install/velodyne_pointcloud/include/velodyne_pointcloud/organized_cloudXYZIRT.hpp
[2.691s] -- Up-to-date: /home/nvidia/master_ws/install/velodyne_pointcloud/include/velodyne_pointcloud/calibration.hpp
[2.691s] -- Up-to-date: /home/nvidia/master_ws/install/velodyne_pointcloud/include/velodyne_pointcloud/rawdata.hpp
[2.691s] -- Up-to-date: /home/nvidia/master_ws/install/velodyne_pointcloud/include/velodyne_pointcloud/transform.hpp
[2.692s] -- Up-to-date: /home/nvidia/master_ws/install/velodyne_pointcloud/share/velodyne_pointcloud/config
[2.692s] -- Up-to-date: /home/nvidia/master_ws/install/velodyne_pointcloud/share/velodyne_pointcloud/config/VLS128-velodyne_transform_node-params.yaml
[2.692s] -- Up-to-date: /home/nvidia/master_ws/install/velodyne_pointcloud/share/velodyne_pointcloud/config/VLP16-velodyne_transform_node-params.yaml
[2.693s] -- Up-to-date: /home/nvidia/master_ws/install/velodyne_pointcloud/share/velodyne_pointcloud/config/VLP32C-velodyne_transform_node-params.yaml
[2.694s] -- Up-to-date: /home/nvidia/master_ws/install/velodyne_pointcloud/share/velodyne_pointcloud/launch
[2.695s] -- Up-to-date: /home/nvidia/master_ws/install/velodyne_pointcloud/share/velodyne_pointcloud/launch/velodyne_transform_node-VLP32C-launch.py
[2.696s] -- Up-to-date: /home/nvidia/master_ws/install/velodyne_pointcloud/share/velodyne_pointcloud/launch/velodyne_transform_node-VLP16-launch.py
[2.697s] -- Up-to-date: /home/nvidia/master_ws/install/velodyne_pointcloud/share/velodyne_pointcloud/launch/velodyne_transform_node-VLS128-composed-launch.py
[2.699s] -- Up-to-date: /home/nvidia/master_ws/install/velodyne_pointcloud/share/velodyne_pointcloud/launch/velodyne_transform_node-VLP16-composed-launch.py
[2.700s] -- Up-to-date: /home/nvidia/master_ws/install/velodyne_pointcloud/share/velodyne_pointcloud/launch/velodyne_transform_node-VLP32C-composed-launch.py
[2.701s] -- Up-to-date: /home/nvidia/master_ws/install/velodyne_pointcloud/share/velodyne_pointcloud/launch/velodyne_transform_node-VLS128-launch.py
[2.702s] -- Up-to-date: /home/nvidia/master_ws/install/velodyne_pointcloud/share/velodyne_pointcloud/params
[2.703s] -- Up-to-date: /home/nvidia/master_ws/install/velodyne_pointcloud/share/velodyne_pointcloud/params/rviz_points.vcg
[2.707s] -- Up-to-date: /home/nvidia/master_ws/install/velodyne_pointcloud/share/velodyne_pointcloud/params/32db.yaml
[2.707s] -- Up-to-date: /home/nvidia/master_ws/install/velodyne_pointcloud/share/velodyne_pointcloud/params/VeloView-VLP-32C.yaml
[2.707s] -- Up-to-date: /home/nvidia/master_ws/install/velodyne_pointcloud/share/velodyne_pointcloud/params/VLP16db.yaml
[2.708s] -- Up-to-date: /home/nvidia/master_ws/install/velodyne_pointcloud/share/velodyne_pointcloud/params/VLP16_hires_db.yaml
[2.708s] -- Up-to-date: /home/nvidia/master_ws/install/velodyne_pointcloud/share/velodyne_pointcloud/params/64e_s3-xiesc.yaml
[2.708s] -- Up-to-date: /home/nvidia/master_ws/install/velodyne_pointcloud/share/velodyne_pointcloud/params/64e_s2.1-sztaki.yaml
[2.709s] -- Up-to-date: /home/nvidia/master_ws/install/velodyne_pointcloud/share/velodyne_pointcloud/params/64e_utexas.yaml
[2.712s] -- Up-to-date: /home/nvidia/master_ws/install/velodyne_pointcloud/share/velodyne_pointcloud/params/issue_84_float_intensities.yaml
[2.713s] -- Up-to-date: /home/nvidia/master_ws/install/velodyne_pointcloud/share/velodyne_pointcloud/params/VLS128.yaml
[2.714s] -- Up-to-date: /home/nvidia/master_ws/install/velodyne_pointcloud/share/ament_index/resource_index/package_run_dependencies/velodyne_pointcloud
[2.715s] -- Up-to-date: /home/nvidia/master_ws/install/velodyne_pointcloud/share/ament_index/resource_index/parent_prefix_path/velodyne_pointcloud
[2.715s] -- Up-to-date: /home/nvidia/master_ws/install/velodyne_pointcloud/share/velodyne_pointcloud/environment/ament_prefix_path.sh
[2.716s] -- Up-to-date: /home/nvidia/master_ws/install/velodyne_pointcloud/share/velodyne_pointcloud/environment/ament_prefix_path.dsv
[2.716s] -- Up-to-date: /home/nvidia/master_ws/install/velodyne_pointcloud/share/velodyne_pointcloud/environment/path.sh
[2.717s] -- Up-to-date: /home/nvidia/master_ws/install/velodyne_pointcloud/share/velodyne_pointcloud/environment/path.dsv
[2.717s] -- Up-to-date: /home/nvidia/master_ws/install/velodyne_pointcloud/share/velodyne_pointcloud/local_setup.bash
[2.717s] -- Up-to-date: /home/nvidia/master_ws/install/velodyne_pointcloud/share/velodyne_pointcloud/local_setup.sh
[2.718s] -- Up-to-date: /home/nvidia/master_ws/install/velodyne_pointcloud/share/velodyne_pointcloud/local_setup.zsh
[2.718s] -- Up-to-date: /home/nvidia/master_ws/install/velodyne_pointcloud/share/velodyne_pointcloud/local_setup.dsv
[2.719s] -- Installing: /home/nvidia/master_ws/install/velodyne_pointcloud/share/velodyne_pointcloud/package.dsv
[2.719s] -- Up-to-date: /home/nvidia/master_ws/install/velodyne_pointcloud/share/ament_index/resource_index/packages/velodyne_pointcloud
[2.720s] -- Up-to-date: /home/nvidia/master_ws/install/velodyne_pointcloud/share/ament_index/resource_index/rclcpp_components/velodyne_pointcloud
[2.720s] -- Up-to-date: /home/nvidia/master_ws/install/velodyne_pointcloud/share/velodyne_pointcloud/cmake/velodyne_pointcloudConfig.cmake
[2.720s] -- Up-to-date: /home/nvidia/master_ws/install/velodyne_pointcloud/share/velodyne_pointcloud/cmake/velodyne_pointcloudConfig-version.cmake
[2.721s] -- Up-to-date: /home/nvidia/master_ws/install/velodyne_pointcloud/share/velodyne_pointcloud/package.xml
[2.721s] -- Up-to-date: /home/nvidia/master_ws/install/velodyne_pointcloud/lib/libvelodyne_cloud_types.so
[2.724s] -- Up-to-date: /home/nvidia/master_ws/install/velodyne_pointcloud/lib/libvelodyne_rawdata.so
[2.744s] Invoked command in '/home/nvidia/master_ws/build/velodyne_pointcloud' returned '0': CMAKE_PREFIX_PATH=/home/nvidia/master_ws/install/velodyne_msgs:/home/nvidia/master_ws/install/velodyne:/home/nvidia/master_ws/install/velodyne_pointcloud:/home/nvidia/master_ws/install/velodyne_driver:/home/nvidia/master_ws/install/velodyne_laserscan:/home/nvidia/master_ws/install/realsense2_description:/home/nvidia/master_ws/install/realsense2_camera_msgs:/home/nvidia/master_ws/install/listener:/home/nvidia/master_ws/install/xbox:/home/nvidia/master_ws/install/lidar_control:/home/nvidia/master_ws/install/launch_car:/home/nvidia/master_ws/install/broadcaster:/opt/ros/foxy LD_LIBRARY_PATH=/home/nvidia/master_ws/install/velodyne_msgs/lib:/home/nvidia/master_ws/install/velodyne_pointcloud/lib:/home/nvidia/master_ws/install/velodyne_driver/lib:/home/nvidia/master_ws/install/velodyne_laserscan/lib:/home/nvidia/master_ws/install/realsense2_camera_msgs/lib:/opt/ros/foxy/opt/yaml_cpp_vendor/lib:/opt/ros/foxy/opt/rviz_ogre_vendor/lib:/opt/ros/foxy/lib/aarch64-linux-gnu:/opt/ros/foxy/lib:/usr/local/cuda-11.4/lib64 PYTHONPATH=/home/nvidia/master_ws/install/velodyne_msgs/lib/python3.8/site-packages:/home/nvidia/master_ws/install/xbox/lib/python3.8/site-packages:/home/nvidia/master_ws/install/realsense2_camera_msgs/lib/python3.8/site-packages:/home/nvidia/master_ws/install/lidar_control/lib/python3.8/site-packages:/home/nvidia/master_ws/install/launch_car/lib/python3.8/site-packages:/home/nvidia/master_ws/install/broadcaster/lib/python3.8/site-packages:/opt/ros/foxy/lib/python3.8/site-packages /usr/bin/cmake --install /home/nvidia/master_ws/build/velodyne_pointcloud
