[0.207s] Invoking command in '/home/nvidia/master_ws/build/plane_fitter': CMAKE_PREFIX_PATH=${CMAKE_PREFIX_PATH}:/home/nvidia/master_ws/install/xbox:/home/nvidia/master_ws/install/lidar_control:/home/nvidia/master_ws/install/launch_car:/home/nvidia/master_ws/install/broadcaster:/home/nvidia/install/xbox:/opt/ros/foxy /usr/bin/cmake --build /home/nvidia/master_ws/build/plane_fitter -- -j6 -l6
[0.721s] [100%] Built target plane_fitter
[1.766s] Invoked command in '/home/nvidia/master_ws/build/plane_fitter' returned '0': CMAKE_PREFIX_PATH=${CMAKE_PREFIX_PATH}:/home/nvidia/master_ws/install/xbox:/home/nvidia/master_ws/install/lidar_control:/home/nvidia/master_ws/install/launch_car:/home/nvidia/master_ws/install/broadcaster:/home/nvidia/install/xbox:/opt/ros/foxy /usr/bin/cmake --build /home/nvidia/master_ws/build/plane_fitter -- -j6 -l6
[2.040s] Invoking command in '/home/nvidia/master_ws/build/plane_fitter': CMAKE_PREFIX_PATH=${CMAKE_PREFIX_PATH}:/home/nvidia/master_ws/install/xbox:/home/nvidia/master_ws/install/lidar_control:/home/nvidia/master_ws/install/launch_car:/home/nvidia/master_ws/install/broadcaster:/home/nvidia/install/xbox:/opt/ros/foxy /usr/bin/cmake --install /home/nvidia/master_ws/build/plane_fitter
[2.108s] -- Install configuration: ""
[2.115s] -- Up-to-date: /home/nvidia/master_ws/install/plane_fitter/lib/plane_fitter/plane_fitter
[2.116s] -- Up-to-date: /home/nvidia/master_ws/install/plane_fitter/share/ament_index/resource_index/package_run_dependencies/plane_fitter
[2.117s] -- Up-to-date: /home/nvidia/master_ws/install/plane_fitter/share/ament_index/resource_index/parent_prefix_path/plane_fitter
[2.117s] -- Up-to-date: /home/nvidia/master_ws/install/plane_fitter/share/plane_fitter/environment/ament_prefix_path.sh
[2.118s] -- Up-to-date: /home/nvidia/master_ws/install/plane_fitter/share/plane_fitter/environment/ament_prefix_path.dsv
[2.122s] -- Up-to-date: /home/nvidia/master_ws/install/plane_fitter/share/plane_fitter/environment/path.sh
[2.124s] -- Up-to-date: /home/nvidia/master_ws/install/plane_fitter/share/plane_fitter/environment/path.dsv
[2.126s] -- Up-to-date: /home/nvidia/master_ws/install/plane_fitter/share/plane_fitter/local_setup.bash
[2.128s] -- Up-to-date: /home/nvidia/master_ws/install/plane_fitter/share/plane_fitter/local_setup.sh
[2.128s] -- Up-to-date: /home/nvidia/master_ws/install/plane_fitter/share/plane_fitter/local_setup.zsh
[2.130s] -- Up-to-date: /home/nvidia/master_ws/install/plane_fitter/share/plane_fitter/local_setup.dsv
[2.130s] -- Installing: /home/nvidia/master_ws/install/plane_fitter/share/plane_fitter/package.dsv
[2.131s] -- Up-to-date: /home/nvidia/master_ws/install/plane_fitter/share/ament_index/resource_index/packages/plane_fitter
[2.132s] -- Up-to-date: /home/nvidia/master_ws/install/plane_fitter/share/plane_fitter/cmake/plane_fitterConfig.cmake
[2.133s] -- Up-to-date: /home/nvidia/master_ws/install/plane_fitter/share/plane_fitter/cmake/plane_fitterConfig-version.cmake
[2.134s] -- Up-to-date: /home/nvidia/master_ws/install/plane_fitter/share/plane_fitter/package.xml
[2.210s] Invoked command in '/home/nvidia/master_ws/build/plane_fitter' returned '0': CMAKE_PREFIX_PATH=${CMAKE_PREFIX_PATH}:/home/nvidia/master_ws/install/xbox:/home/nvidia/master_ws/install/lidar_control:/home/nvidia/master_ws/install/launch_car:/home/nvidia/master_ws/install/broadcaster:/home/nvidia/install/xbox:/opt/ros/foxy /usr/bin/cmake --install /home/nvidia/master_ws/build/plane_fitter
