[5.195s] Invoking command in '/home/nvidia/master_ws/src/broadcaster': PYTHONPATH=/home/nvidia/master_ws/build/broadcaster/prefix_override:/home/nvidia/master_ws/install/broadcaster/lib/python3.8/site-packages:${PYTHONPATH} /usr/bin/python3 -W ignore:setup.py install is deprecated setup.py egg_info --egg-base ../../build/broadcaster build --build-base /home/nvidia/master_ws/build/broadcaster/build install --record /home/nvidia/master_ws/build/broadcaster/install.log --install-scripts $base/lib/broadcaster --single-version-externally-managed install_data
[6.427s] running egg_info
[6.430s] writing ../../build/broadcaster/broadcaster.egg-info/PKG-INFO
[6.431s] writing dependency_links to ../../build/broadcaster/broadcaster.egg-info/dependency_links.txt
[6.433s] writing entry points to ../../build/broadcaster/broadcaster.egg-info/entry_points.txt
[6.434s] writing requirements to ../../build/broadcaster/broadcaster.egg-info/requires.txt
[6.434s] writing top-level names to ../../build/broadcaster/broadcaster.egg-info/top_level.txt
[6.616s] reading manifest file '../../build/broadcaster/broadcaster.egg-info/SOURCES.txt'
[6.621s] writing manifest file '../../build/broadcaster/broadcaster.egg-info/SOURCES.txt'
[6.622s] running build
[6.622s] running build_py
[6.624s] copying broadcaster/realsense.py -> /home/nvidia/master_ws/build/broadcaster/build/lib/broadcaster
[6.626s] running install
[6.630s] running install_lib
[6.636s] copying /home/nvidia/master_ws/build/broadcaster/build/lib/broadcaster/realsense.py -> /home/nvidia/master_ws/install/broadcaster/lib/python3.8/site-packages/broadcaster
[6.639s] byte-compiling /home/nvidia/master_ws/install/broadcaster/lib/python3.8/site-packages/broadcaster/realsense.py to realsense.cpython-38.pyc
[6.647s] running install_data
[6.648s] running install_egg_info
[6.655s] removing '/home/nvidia/master_ws/install/broadcaster/lib/python3.8/site-packages/broadcaster-0.0.0-py3.8.egg-info' (and everything under it)
[6.658s] Copying ../../build/broadcaster/broadcaster.egg-info to /home/nvidia/master_ws/install/broadcaster/lib/python3.8/site-packages/broadcaster-0.0.0-py3.8.egg-info
[6.664s] running install_scripts
[6.750s] Installing lidar script to /home/nvidia/master_ws/install/broadcaster/lib/broadcaster
[6.751s] Installing realsense script to /home/nvidia/master_ws/install/broadcaster/lib/broadcaster
[6.753s] writing list of installed files to '/home/nvidia/master_ws/build/broadcaster/install.log'
[6.861s] Invoked command in '/home/nvidia/master_ws/src/broadcaster' returned '0': PYTHONPATH=/home/nvidia/master_ws/build/broadcaster/prefix_override:/home/nvidia/master_ws/install/broadcaster/lib/python3.8/site-packages:${PYTHONPATH} /usr/bin/python3 -W ignore:setup.py install is deprecated setup.py egg_info --egg-base ../../build/broadcaster build --build-base /home/nvidia/master_ws/build/broadcaster/build install --record /home/nvidia/master_ws/build/broadcaster/install.log --install-scripts $base/lib/broadcaster --single-version-externally-managed install_data
