[4.318s] Invoking command in '/home/nvidia/master_ws/src/xbox': PYTHONPATH=/home/nvidia/master_ws/build/xbox/prefix_override:/home/nvidia/master_ws/install/xbox/lib/python3.8/site-packages:${PYTHONPATH} /usr/bin/python3 -W ignore:setup.py install is deprecated setup.py egg_info --egg-base ../../build/xbox build --build-base /home/nvidia/master_ws/build/xbox/build install --record /home/nvidia/master_ws/build/xbox/install.log --install-scripts $base/lib/xbox --single-version-externally-managed install_data
[5.905s] running egg_info
[5.908s] writing ../../build/xbox/xbox.egg-info/PKG-INFO
[5.909s] writing dependency_links to ../../build/xbox/xbox.egg-info/dependency_links.txt
[5.911s] writing entry points to ../../build/xbox/xbox.egg-info/entry_points.txt
[5.912s] writing requirements to ../../build/xbox/xbox.egg-info/requires.txt
[5.913s] writing top-level names to ../../build/xbox/xbox.egg-info/top_level.txt
[6.107s] reading manifest file '../../build/xbox/xbox.egg-info/SOURCES.txt'
[6.112s] writing manifest file '../../build/xbox/xbox.egg-info/SOURCES.txt'
[6.113s] running build
[6.114s] running build_py
[6.115s] copying xbox/control.py -> /home/nvidia/master_ws/build/xbox/build/lib/xbox
[6.116s] running install
[6.121s] running install_lib
[6.126s] copying /home/nvidia/master_ws/build/xbox/build/lib/xbox/control.py -> /home/nvidia/master_ws/install/xbox/lib/python3.8/site-packages/xbox
[6.131s] byte-compiling /home/nvidia/master_ws/install/xbox/lib/python3.8/site-packages/xbox/control.py to control.cpython-38.pyc
[6.142s] running install_data
[6.143s] running install_egg_info
[6.151s] removing '/home/nvidia/master_ws/install/xbox/lib/python3.8/site-packages/xbox-0.0.0-py3.8.egg-info' (and everything under it)
[6.154s] Copying ../../build/xbox/xbox.egg-info to /home/nvidia/master_ws/install/xbox/lib/python3.8/site-packages/xbox-0.0.0-py3.8.egg-info
[6.160s] running install_scripts
[6.257s] Installing control script to /home/nvidia/master_ws/install/xbox/lib/xbox
[6.259s] writing list of installed files to '/home/nvidia/master_ws/build/xbox/install.log'
[6.375s] Invoked command in '/home/nvidia/master_ws/src/xbox' returned '0': PYTHONPATH=/home/nvidia/master_ws/build/xbox/prefix_override:/home/nvidia/master_ws/install/xbox/lib/python3.8/site-packages:${PYTHONPATH} /usr/bin/python3 -W ignore:setup.py install is deprecated setup.py egg_info --egg-base ../../build/xbox build --build-base /home/nvidia/master_ws/build/xbox/build install --record /home/nvidia/master_ws/build/xbox/install.log --install-scripts $base/lib/xbox --single-version-externally-managed install_data
