[5.460s] Invoking command in '/home/nvidia/master_ws/src/broadcaster': PYTHONPATH=/home/nvidia/master_ws/build/broadcaster/prefix_override:/home/nvidia/master_ws/install/broadcaster/lib/python3.8/site-packages:${PYTHONPATH} /usr/bin/python3 -W ignore:setup.py install is deprecated setup.py egg_info --egg-base ../../build/broadcaster build --build-base /home/nvidia/master_ws/build/broadcaster/build install --record /home/nvidia/master_ws/build/broadcaster/install.log --install-scripts $base/lib/broadcaster --single-version-externally-managed install_data
[7.406s] running egg_info
[7.408s] writing ../../build/broadcaster/broadcaster.egg-info/PKG-INFO
[7.412s] writing dependency_links to ../../build/broadcaster/broadcaster.egg-info/dependency_links.txt
[7.412s] writing entry points to ../../build/broadcaster/broadcaster.egg-info/entry_points.txt
[7.413s] writing requirements to ../../build/broadcaster/broadcaster.egg-info/requires.txt
[7.415s] writing top-level names to ../../build/broadcaster/broadcaster.egg-info/top_level.txt
[7.616s] reading manifest file '../../build/broadcaster/broadcaster.egg-info/SOURCES.txt'
[7.621s] writing manifest file '../../build/broadcaster/broadcaster.egg-info/SOURCES.txt'
[7.622s] running build
[7.622s] running build_py
[7.623s] running install
[7.627s] running install_lib
[7.636s] running install_data
[7.636s] running install_egg_info
[7.643s] removing '/home/nvidia/master_ws/install/broadcaster/lib/python3.8/site-packages/broadcaster-0.0.0-py3.8.egg-info' (and everything under it)
[7.645s] Copying ../../build/broadcaster/broadcaster.egg-info to /home/nvidia/master_ws/install/broadcaster/lib/python3.8/site-packages/broadcaster-0.0.0-py3.8.egg-info
[7.651s] running install_scripts
[7.746s] Installing lidar script to /home/nvidia/master_ws/install/broadcaster/lib/broadcaster
[7.747s] Installing realsense script to /home/nvidia/master_ws/install/broadcaster/lib/broadcaster
[7.750s] writing list of installed files to '/home/nvidia/master_ws/build/broadcaster/install.log'
[7.879s] Invoked command in '/home/nvidia/master_ws/src/broadcaster' returned '0': PYTHONPATH=/home/nvidia/master_ws/build/broadcaster/prefix_override:/home/nvidia/master_ws/install/broadcaster/lib/python3.8/site-packages:${PYTHONPATH} /usr/bin/python3 -W ignore:setup.py install is deprecated setup.py egg_info --egg-base ../../build/broadcaster build --build-base /home/nvidia/master_ws/build/broadcaster/build install --record /home/nvidia/master_ws/build/broadcaster/install.log --install-scripts $base/lib/broadcaster --single-version-externally-managed install_data
