[0.097s] Invoking command in '/home/nvidia/master_ws/build/realsense_control': CMAKE_PREFIX_PATH=${CMAKE_PREFIX_PATH}:/home/nvidia/master_ws/install/xbox:/home/nvidia/master_ws/install/lidar_control:/home/nvidia/master_ws/install/launch_car:/home/nvidia/master_ws/install/broadcaster:/home/nvidia/install/xbox:/opt/ros/foxy /usr/bin/cmake --build /home/nvidia/master_ws/build/realsense_control -- -j6 -l6
[0.392s] [35m[1mScanning dependencies of target realsense_control[0m
[0.606s] [ 50%] [32mBuilding CXX object CMakeFiles/realsense_control.dir/src/realsense_control.cpp.o[0m
[22.344s] [100%] [32m[1mLinking CXX executable realsense_control[0m
[23.490s] [100%] Built target realsense_control
[23.558s] Invoked command in '/home/nvidia/master_ws/build/realsense_control' returned '0': CMAKE_PREFIX_PATH=${CMAKE_PREFIX_PATH}:/home/nvidia/master_ws/install/xbox:/home/nvidia/master_ws/install/lidar_control:/home/nvidia/master_ws/install/launch_car:/home/nvidia/master_ws/install/broadcaster:/home/nvidia/install/xbox:/opt/ros/foxy /usr/bin/cmake --build /home/nvidia/master_ws/build/realsense_control -- -j6 -l6
[23.804s] Invoking command in '/home/nvidia/master_ws/build/realsense_control': CMAKE_PREFIX_PATH=${CMAKE_PREFIX_PATH}:/home/nvidia/master_ws/install/xbox:/home/nvidia/master_ws/install/lidar_control:/home/nvidia/master_ws/install/launch_car:/home/nvidia/master_ws/install/broadcaster:/home/nvidia/install/xbox:/opt/ros/foxy /usr/bin/cmake --install /home/nvidia/master_ws/build/realsense_control
[23.856s] -- Install configuration: ""
[23.858s] -- Installing: /home/nvidia/master_ws/install/realsense_control/lib/realsense_control/realsense_control
[23.880s] -- Set runtime path of "/home/nvidia/master_ws/install/realsense_control/lib/realsense_control/realsense_control" to ""
[23.881s] -- Up-to-date: /home/nvidia/master_ws/install/realsense_control/share/ament_index/resource_index/package_run_dependencies/realsense_control
[23.882s] -- Up-to-date: /home/nvidia/master_ws/install/realsense_control/share/ament_index/resource_index/parent_prefix_path/realsense_control
[23.883s] -- Up-to-date: /home/nvidia/master_ws/install/realsense_control/share/realsense_control/environment/ament_prefix_path.sh
[23.884s] -- Up-to-date: /home/nvidia/master_ws/install/realsense_control/share/realsense_control/environment/ament_prefix_path.dsv
[23.884s] -- Up-to-date: /home/nvidia/master_ws/install/realsense_control/share/realsense_control/environment/path.sh
[23.885s] -- Up-to-date: /home/nvidia/master_ws/install/realsense_control/share/realsense_control/environment/path.dsv
[23.885s] -- Up-to-date: /home/nvidia/master_ws/install/realsense_control/share/realsense_control/local_setup.bash
[23.886s] -- Up-to-date: /home/nvidia/master_ws/install/realsense_control/share/realsense_control/local_setup.sh
[23.887s] -- Up-to-date: /home/nvidia/master_ws/install/realsense_control/share/realsense_control/local_setup.zsh
[23.887s] -- Up-to-date: /home/nvidia/master_ws/install/realsense_control/share/realsense_control/local_setup.dsv
[23.888s] -- Installing: /home/nvidia/master_ws/install/realsense_control/share/realsense_control/package.dsv
[23.888s] -- Up-to-date: /home/nvidia/master_ws/install/realsense_control/share/ament_index/resource_index/packages/realsense_control
[23.889s] -- Up-to-date: /home/nvidia/master_ws/install/realsense_control/share/realsense_control/cmake/realsense_controlConfig.cmake
[23.889s] -- Up-to-date: /home/nvidia/master_ws/install/realsense_control/share/realsense_control/cmake/realsense_controlConfig-version.cmake
[23.890s] -- Up-to-date: /home/nvidia/master_ws/install/realsense_control/share/realsense_control/package.xml
[23.899s] Invoked command in '/home/nvidia/master_ws/build/realsense_control' returned '0': CMAKE_PREFIX_PATH=${CMAKE_PREFIX_PATH}:/home/nvidia/master_ws/install/xbox:/home/nvidia/master_ws/install/lidar_control:/home/nvidia/master_ws/install/launch_car:/home/nvidia/master_ws/install/broadcaster:/home/nvidia/install/xbox:/opt/ros/foxy /usr/bin/cmake --install /home/nvidia/master_ws/build/realsense_control
