[5.508s] Invoking command in '/home/nvidia/master_ws/src/xbox': PYTHONPATH=/home/nvidia/master_ws/build/xbox/prefix_override:/home/nvidia/master_ws/install/xbox/lib/python3.8/site-packages:${PYTHONPATH} /usr/bin/python3 -W ignore:setup.py install is deprecated setup.py egg_info --egg-base ../../build/xbox build --build-base /home/nvidia/master_ws/build/xbox/build install --record /home/nvidia/master_ws/build/xbox/install.log --install-scripts $base/lib/xbox --single-version-externally-managed install_data
[6.979s] running egg_info
[6.981s] writing ../../build/xbox/xbox.egg-info/PKG-INFO
[6.984s] writing dependency_links to ../../build/xbox/xbox.egg-info/dependency_links.txt
[6.986s] writing entry points to ../../build/xbox/xbox.egg-info/entry_points.txt
[6.987s] writing requirements to ../../build/xbox/xbox.egg-info/requires.txt
[6.987s] writing top-level names to ../../build/xbox/xbox.egg-info/top_level.txt
[7.183s] reading manifest file '../../build/xbox/xbox.egg-info/SOURCES.txt'
[7.190s] writing manifest file '../../build/xbox/xbox.egg-info/SOURCES.txt'
[7.191s] running build
[7.191s] running build_py
[7.194s] running install
[7.198s] running install_lib
[7.208s] running install_data
[7.209s] running install_egg_info
[7.219s] removing '/home/nvidia/master_ws/install/xbox/lib/python3.8/site-packages/xbox-0.0.0-py3.8.egg-info' (and everything under it)
[7.223s] Copying ../../build/xbox/xbox.egg-info to /home/nvidia/master_ws/install/xbox/lib/python3.8/site-packages/xbox-0.0.0-py3.8.egg-info
[7.232s] running install_scripts
[7.338s] Installing control script to /home/nvidia/master_ws/install/xbox/lib/xbox
[7.340s] writing list of installed files to '/home/nvidia/master_ws/build/xbox/install.log'
[7.469s] Invoked command in '/home/nvidia/master_ws/src/xbox' returned '0': PYTHONPATH=/home/nvidia/master_ws/build/xbox/prefix_override:/home/nvidia/master_ws/install/xbox/lib/python3.8/site-packages:${PYTHONPATH} /usr/bin/python3 -W ignore:setup.py install is deprecated setup.py egg_info --egg-base ../../build/xbox build --build-base /home/nvidia/master_ws/build/xbox/build install --record /home/nvidia/master_ws/build/xbox/install.log --install-scripts $base/lib/xbox --single-version-externally-managed install_data
