[5.792s] Invoking command in '/home/nvidia/master_ws/src/launch_ws/src/launch_car': PYTHONPATH=/home/nvidia/master_ws/build/launch_car/prefix_override:/home/nvidia/master_ws/install/launch_car/lib/python3.8/site-packages:${PYTHONPATH} /usr/bin/python3 -W ignore:setup.py install is deprecated setup.py egg_info --egg-base ../../../../build/launch_car build --build-base /home/nvidia/master_ws/build/launch_car/build install --record /home/nvidia/master_ws/build/launch_car/install.log --install-scripts $base/lib/launch_car --single-version-externally-managed install_data
[8.185s] running egg_info
[8.199s] writing ../../../../build/launch_car/launch_car.egg-info/PKG-INFO
[8.202s] writing dependency_links to ../../../../build/launch_car/launch_car.egg-info/dependency_links.txt
[8.207s] writing entry points to ../../../../build/launch_car/launch_car.egg-info/entry_points.txt
[8.210s] writing requirements to ../../../../build/launch_car/launch_car.egg-info/requires.txt
[8.218s] writing top-level names to ../../../../build/launch_car/launch_car.egg-info/top_level.txt
[8.506s] reading manifest file '../../../../build/launch_car/launch_car.egg-info/SOURCES.txt'
[8.525s] writing manifest file '../../../../build/launch_car/launch_car.egg-info/SOURCES.txt'
[8.526s] running build
[8.529s] running build_py
[8.535s] running install
[8.543s] running install_lib
[8.563s] running install_data
[8.565s] running install_egg_info
[8.580s] removing '/home/nvidia/master_ws/install/launch_car/lib/python3.8/site-packages/launch_car-0.0.0-py3.8.egg-info' (and everything under it)
[8.589s] Copying ../../../../build/launch_car/launch_car.egg-info to /home/nvidia/master_ws/install/launch_car/lib/python3.8/site-packages/launch_car-0.0.0-py3.8.egg-info
[8.634s] running install_scripts
[8.836s] writing list of installed files to '/home/nvidia/master_ws/build/launch_car/install.log'
[9.044s] Invoked command in '/home/nvidia/master_ws/src/launch_ws/src/launch_car' returned '0': PYTHONPATH=/home/nvidia/master_ws/build/launch_car/prefix_override:/home/nvidia/master_ws/install/launch_car/lib/python3.8/site-packages:${PYTHONPATH} /usr/bin/python3 -W ignore:setup.py install is deprecated setup.py egg_info --egg-base ../../../../build/launch_car build --build-base /home/nvidia/master_ws/build/launch_car/build install --record /home/nvidia/master_ws/build/launch_car/install.log --install-scripts $base/lib/launch_car --single-version-externally-managed install_data
