[0.159s] Invoking command in '/home/nvidia/master_ws/build/lidar': CMAKE_PREFIX_PATH=${CMAKE_PREFIX_PATH}:/home/nvidia/master_ws/install/xbox:/home/nvidia/master_ws/install/lidar_control:/home/nvidia/master_ws/install/launch_car:/home/nvidia/master_ws/install/broadcaster:/home/nvidia/install/xbox:/opt/ros/foxy /usr/bin/cmake --build /home/nvidia/master_ws/build/lidar -- -j6 -l6
[0.700s] [100%] Built target lidar
[1.817s] Invoked command in '/home/nvidia/master_ws/build/lidar' returned '0': CMAKE_PREFIX_PATH=${CMAKE_PREFIX_PATH}:/home/nvidia/master_ws/install/xbox:/home/nvidia/master_ws/install/lidar_control:/home/nvidia/master_ws/install/launch_car:/home/nvidia/master_ws/install/broadcaster:/home/nvidia/install/xbox:/opt/ros/foxy /usr/bin/cmake --build /home/nvidia/master_ws/build/lidar -- -j6 -l6
[2.102s] Invoking command in '/home/nvidia/master_ws/build/lidar': CMAKE_PREFIX_PATH=${CMAKE_PREFIX_PATH}:/home/nvidia/master_ws/install/xbox:/home/nvidia/master_ws/install/lidar_control:/home/nvidia/master_ws/install/launch_car:/home/nvidia/master_ws/install/broadcaster:/home/nvidia/install/xbox:/opt/ros/foxy /usr/bin/cmake --install /home/nvidia/master_ws/build/lidar
[2.163s] -- Install configuration: ""
[2.165s] -- Up-to-date: /home/nvidia/master_ws/install/lidar/lib/lidar/lidar
[2.167s] -- Up-to-date: /home/nvidia/master_ws/install/lidar/share/ament_index/resource_index/package_run_dependencies/lidar
[2.169s] -- Up-to-date: /home/nvidia/master_ws/install/lidar/share/ament_index/resource_index/parent_prefix_path/lidar
[2.170s] -- Up-to-date: /home/nvidia/master_ws/install/lidar/share/lidar/environment/ament_prefix_path.sh
[2.171s] -- Up-to-date: /home/nvidia/master_ws/install/lidar/share/lidar/environment/ament_prefix_path.dsv
[2.171s] -- Up-to-date: /home/nvidia/master_ws/install/lidar/share/lidar/environment/path.sh
[2.173s] -- Up-to-date: /home/nvidia/master_ws/install/lidar/share/lidar/environment/path.dsv
[2.173s] -- Up-to-date: /home/nvidia/master_ws/install/lidar/share/lidar/local_setup.bash
[2.174s] -- Up-to-date: /home/nvidia/master_ws/install/lidar/share/lidar/local_setup.sh
[2.175s] -- Up-to-date: /home/nvidia/master_ws/install/lidar/share/lidar/local_setup.zsh
[2.176s] -- Up-to-date: /home/nvidia/master_ws/install/lidar/share/lidar/local_setup.dsv
[2.177s] -- Installing: /home/nvidia/master_ws/install/lidar/share/lidar/package.dsv
[2.178s] -- Up-to-date: /home/nvidia/master_ws/install/lidar/share/ament_index/resource_index/packages/lidar
[2.179s] -- Up-to-date: /home/nvidia/master_ws/install/lidar/share/lidar/cmake/lidarConfig.cmake
[2.181s] -- Up-to-date: /home/nvidia/master_ws/install/lidar/share/lidar/cmake/lidarConfig-version.cmake
[2.182s] -- Up-to-date: /home/nvidia/master_ws/install/lidar/share/lidar/package.xml
[2.191s] Invoked command in '/home/nvidia/master_ws/build/lidar' returned '0': CMAKE_PREFIX_PATH=${CMAKE_PREFIX_PATH}:/home/nvidia/master_ws/install/xbox:/home/nvidia/master_ws/install/lidar_control:/home/nvidia/master_ws/install/launch_car:/home/nvidia/master_ws/install/broadcaster:/home/nvidia/install/xbox:/opt/ros/foxy /usr/bin/cmake --install /home/nvidia/master_ws/build/lidar
