[0.094s] Invoking command in '/home/nvidia/master_ws/build/listener': CMAKE_PREFIX_PATH=${CMAKE_PREFIX_PATH}:/home/nvidia/master_ws/install/xbox:/home/nvidia/master_ws/install/lidar_control:/home/nvidia/master_ws/install/launch_car:/home/nvidia/master_ws/install/controller:/home/nvidia/master_ws/install/broadcaster:/home/nvidia/velodyne_drivers/install/broadcast_and_listener:/home/nvidia/velodyne_drivers/install/examples_tf2_py:/home/nvidia/velodyne_drivers/install/broadcaster:/home/nvidia/velodyne_drivers/install/test_converter:/home/nvidia/velodyne_drivers/install/py_launch_example:/home/nvidia/velodyne_drivers/install/example:/opt/ros/foxy /usr/bin/cmake --build /home/nvidia/master_ws/build/listener -- -j4 -l4
[0.176s] make: Warning: File 'Makefile' has modification time 3649969 s in the future
[0.337s] make[1]: Warning: File 'CMakeFiles/Makefile2' has modification time 3649968 s in the future
[0.361s] make[2]: Warning: File 'CMakeFiles/listener.dir/flags.make' has modification time 3649968 s in the future
[0.435s] make[2]: warning:  Clock skew detected.  Your build may be incomplete.
[0.457s] make[2]: Warning: File 'CMakeFiles/listener.dir/flags.make' has modification time 3649968 s in the future
[0.522s] make[2]: warning:  Clock skew detected.  Your build may be incomplete.
[0.578s] [100%] Built target listener
[0.583s] make[1]: warning:  Clock skew detected.  Your build may be incomplete.
[0.641s] make: warning:  Clock skew detected.  Your build may be incomplete.
[1.637s] Invoked command in '/home/nvidia/master_ws/build/listener' returned '0': CMAKE_PREFIX_PATH=${CMAKE_PREFIX_PATH}:/home/nvidia/master_ws/install/xbox:/home/nvidia/master_ws/install/lidar_control:/home/nvidia/master_ws/install/launch_car:/home/nvidia/master_ws/install/controller:/home/nvidia/master_ws/install/broadcaster:/home/nvidia/velodyne_drivers/install/broadcast_and_listener:/home/nvidia/velodyne_drivers/install/examples_tf2_py:/home/nvidia/velodyne_drivers/install/broadcaster:/home/nvidia/velodyne_drivers/install/test_converter:/home/nvidia/velodyne_drivers/install/py_launch_example:/home/nvidia/velodyne_drivers/install/example:/opt/ros/foxy /usr/bin/cmake --build /home/nvidia/master_ws/build/listener -- -j4 -l4
[1.862s] Invoking command in '/home/nvidia/master_ws/build/listener': CMAKE_PREFIX_PATH=${CMAKE_PREFIX_PATH}:/home/nvidia/master_ws/install/xbox:/home/nvidia/master_ws/install/lidar_control:/home/nvidia/master_ws/install/launch_car:/home/nvidia/master_ws/install/controller:/home/nvidia/master_ws/install/broadcaster:/home/nvidia/velodyne_drivers/install/broadcast_and_listener:/home/nvidia/velodyne_drivers/install/examples_tf2_py:/home/nvidia/velodyne_drivers/install/broadcaster:/home/nvidia/velodyne_drivers/install/test_converter:/home/nvidia/velodyne_drivers/install/py_launch_example:/home/nvidia/velodyne_drivers/install/example:/opt/ros/foxy /usr/bin/cmake --install /home/nvidia/master_ws/build/listener
[1.940s] -- Install configuration: ""
[1.943s] -- Up-to-date: /home/nvidia/master_ws/install/listener/lib/listener/listener
[1.945s] -- Up-to-date: /home/nvidia/master_ws/install/listener/share/ament_index/resource_index/package_run_dependencies/listener
[1.946s] -- Up-to-date: /home/nvidia/master_ws/install/listener/share/ament_index/resource_index/parent_prefix_path/listener
[1.949s] -- Up-to-date: /home/nvidia/master_ws/install/listener/share/listener/environment/ament_prefix_path.sh
[1.950s] -- Up-to-date: /home/nvidia/master_ws/install/listener/share/listener/environment/ament_prefix_path.dsv
[1.951s] -- Up-to-date: /home/nvidia/master_ws/install/listener/share/listener/environment/path.sh
[1.952s] -- Up-to-date: /home/nvidia/master_ws/install/listener/share/listener/environment/path.dsv
[1.953s] -- Up-to-date: /home/nvidia/master_ws/install/listener/share/listener/local_setup.bash
[1.954s] -- Up-to-date: /home/nvidia/master_ws/install/listener/share/listener/local_setup.sh
[1.955s] -- Up-to-date: /home/nvidia/master_ws/install/listener/share/listener/local_setup.zsh
[1.956s] -- Up-to-date: /home/nvidia/master_ws/install/listener/share/listener/local_setup.dsv
[1.957s] -- Installing: /home/nvidia/master_ws/install/listener/share/listener/package.dsv
[1.958s] -- Up-to-date: /home/nvidia/master_ws/install/listener/share/ament_index/resource_index/packages/listener
[1.959s] -- Up-to-date: /home/nvidia/master_ws/install/listener/share/listener/cmake/listenerConfig.cmake
[1.960s] -- Up-to-date: /home/nvidia/master_ws/install/listener/share/listener/cmake/listenerConfig-version.cmake
[1.961s] -- Up-to-date: /home/nvidia/master_ws/install/listener/share/listener/package.xml
[1.971s] Invoked command in '/home/nvidia/master_ws/build/listener' returned '0': CMAKE_PREFIX_PATH=${CMAKE_PREFIX_PATH}:/home/nvidia/master_ws/install/xbox:/home/nvidia/master_ws/install/lidar_control:/home/nvidia/master_ws/install/launch_car:/home/nvidia/master_ws/install/controller:/home/nvidia/master_ws/install/broadcaster:/home/nvidia/velodyne_drivers/install/broadcast_and_listener:/home/nvidia/velodyne_drivers/install/examples_tf2_py:/home/nvidia/velodyne_drivers/install/broadcaster:/home/nvidia/velodyne_drivers/install/test_converter:/home/nvidia/velodyne_drivers/install/py_launch_example:/home/nvidia/velodyne_drivers/install/example:/opt/ros/foxy /usr/bin/cmake --install /home/nvidia/master_ws/build/listener
