make: Warning: File 'Makefile' has modification time 3649572 s in the future
make[1]: Warning: File 'CMakeFiles/Makefile2' has modification time 3649572 s in the future
make[2]: Warning: File 'src/lib/CMakeFiles/velodyne_rawdata.dir/flags.make' has modification time 3649571 s in the future
make[2]: Warning: File 'gtest/CMakeFiles/gtest_main.dir/flags.make' has modification time 3649572 s in the future
make[2]: Warning: File 'gtest/CMakeFiles/gtest.dir/flags.make' has modification time 3649572 s in the future
make[2]: Warning: File 'src/lib/CMakeFiles/velodyne_cloud_types.dir/flags.make' has modification time 3649571 s in the future
make[2]: warning:  Clock skew detected.  Your build may be incomplete.
make[2]: warning:  Clock skew detected.  Your build may be incomplete.
make[2]: warning:  Clock skew detected.  Your build may be incomplete.
make[2]: Warning: File 'gtest/CMakeFiles/gtest.dir/flags.make' has modification time 3649571 s in the future
make[2]: warning:  Clock skew detected.  Your build may be incomplete.
make[2]: Warning: File 'gtest/CMakeFiles/gtest_main.dir/flags.make' has modification time 3649571 s in the future
make[2]: warning:  Clock skew detected.  Your build may be incomplete.
make[2]: warning:  Clock skew detected.  Your build may be incomplete.
make[2]: Warning: File 'src/lib/CMakeFiles/velodyne_rawdata.dir/flags.make' has modification time 3649571 s in the future
make[2]: Warning: File 'src/lib/CMakeFiles/velodyne_cloud_types.dir/flags.make' has modification time 3649571 s in the future
make[2]: warning:  Clock skew detected.  Your build may be incomplete.
make[2]: Warning: File 'tests/CMakeFiles/test_row_step.dir/flags.make' has modification time 3649571 s in the future
make[2]: warning:  Clock skew detected.  Your build may be incomplete.
make[2]: Warning: File 'tests/CMakeFiles/test_calibration.dir/flags.make' has modification time 3649571 s in the future
make[2]: warning:  Clock skew detected.  Your build may be incomplete.
make[2]: warning:  Clock skew detected.  Your build may be incomplete.
make[2]: Warning: File 'tests/CMakeFiles/test_row_step.dir/flags.make' has modification time 3649571 s in the future
make[2]: Warning: File 'tests/CMakeFiles/test_calibration.dir/flags.make' has modification time 3649571 s in the future
make[2]: Warning: File 'CMakeFiles/transform.dir/flags.make' has modification time 3649571 s in the future
make[2]: warning:  Clock skew detected.  Your build may be incomplete.
make[2]: warning:  Clock skew detected.  Your build may be incomplete.
make[2]: warning:  Clock skew detected.  Your build may be incomplete.
make[2]: Warning: File 'CMakeFiles/transform.dir/flags.make' has modification time 3649571 s in the future
make[2]: warning:  Clock skew detected.  Your build may be incomplete.
make[2]: Warning: File 'CMakeFiles/velodyne_transform_node.dir/flags.make' has modification time 3649571 s in the future
make[2]: warning:  Clock skew detected.  Your build may be incomplete.
make[2]: Warning: File 'CMakeFiles/velodyne_transform_node.dir/flags.make' has modification time 3649571 s in the future
make[2]: warning:  Clock skew detected.  Your build may be incomplete.
make[1]: warning:  Clock skew detected.  Your build may be incomplete.
make: warning:  Clock skew detected.  Your build may be incomplete.
