[0.142s] Invoking command in '/home/nvidia/master_ws/build/realsense_control': CMAKE_PREFIX_PATH=${CMAKE_PREFIX_PATH}:/home/nvidia/master_ws/install/xbox:/home/nvidia/master_ws/install/lidar_control:/home/nvidia/master_ws/install/launch_car:/home/nvidia/master_ws/install/broadcaster:/home/nvidia/install/xbox:/opt/ros/foxy /usr/bin/cmake --build /home/nvidia/master_ws/build/realsense_control -- -j6 -l6
[0.584s] [100%] Built target realsense_control
[1.698s] Invoked command in '/home/nvidia/master_ws/build/realsense_control' returned '0': CMAKE_PREFIX_PATH=${CMAKE_PREFIX_PATH}:/home/nvidia/master_ws/install/xbox:/home/nvidia/master_ws/install/lidar_control:/home/nvidia/master_ws/install/launch_car:/home/nvidia/master_ws/install/broadcaster:/home/nvidia/install/xbox:/opt/ros/foxy /usr/bin/cmake --build /home/nvidia/master_ws/build/realsense_control -- -j6 -l6
[1.956s] Invoking command in '/home/nvidia/master_ws/build/realsense_control': CMAKE_PREFIX_PATH=${CMAKE_PREFIX_PATH}:/home/nvidia/master_ws/install/xbox:/home/nvidia/master_ws/install/lidar_control:/home/nvidia/master_ws/install/launch_car:/home/nvidia/master_ws/install/broadcaster:/home/nvidia/install/xbox:/opt/ros/foxy /usr/bin/cmake --install /home/nvidia/master_ws/build/realsense_control
[2.013s] -- Install configuration: ""
[2.015s] -- Up-to-date: /home/nvidia/master_ws/install/realsense_control/lib/realsense_control/realsense_control
[2.017s] -- Up-to-date: /home/nvidia/master_ws/install/realsense_control/share/ament_index/resource_index/package_run_dependencies/realsense_control
[2.018s] -- Up-to-date: /home/nvidia/master_ws/install/realsense_control/share/ament_index/resource_index/parent_prefix_path/realsense_control
[2.022s] -- Up-to-date: /home/nvidia/master_ws/install/realsense_control/share/realsense_control/environment/ament_prefix_path.sh
[2.022s] -- Up-to-date: /home/nvidia/master_ws/install/realsense_control/share/realsense_control/environment/ament_prefix_path.dsv
[2.023s] -- Up-to-date: /home/nvidia/master_ws/install/realsense_control/share/realsense_control/environment/path.sh
[2.024s] -- Up-to-date: /home/nvidia/master_ws/install/realsense_control/share/realsense_control/environment/path.dsv
[2.025s] -- Up-to-date: /home/nvidia/master_ws/install/realsense_control/share/realsense_control/local_setup.bash
[2.026s] -- Up-to-date: /home/nvidia/master_ws/install/realsense_control/share/realsense_control/local_setup.sh
[2.027s] -- Up-to-date: /home/nvidia/master_ws/install/realsense_control/share/realsense_control/local_setup.zsh
[2.028s] -- Up-to-date: /home/nvidia/master_ws/install/realsense_control/share/realsense_control/local_setup.dsv
[2.028s] -- Installing: /home/nvidia/master_ws/install/realsense_control/share/realsense_control/package.dsv
[2.029s] -- Up-to-date: /home/nvidia/master_ws/install/realsense_control/share/ament_index/resource_index/packages/realsense_control
[2.030s] -- Up-to-date: /home/nvidia/master_ws/install/realsense_control/share/realsense_control/cmake/realsense_controlConfig.cmake
[2.033s] -- Up-to-date: /home/nvidia/master_ws/install/realsense_control/share/realsense_control/cmake/realsense_controlConfig-version.cmake
[2.039s] -- Up-to-date: /home/nvidia/master_ws/install/realsense_control/share/realsense_control/package.xml
[2.040s] Invoked command in '/home/nvidia/master_ws/build/realsense_control' returned '0': CMAKE_PREFIX_PATH=${CMAKE_PREFIX_PATH}:/home/nvidia/master_ws/install/xbox:/home/nvidia/master_ws/install/lidar_control:/home/nvidia/master_ws/install/launch_car:/home/nvidia/master_ws/install/broadcaster:/home/nvidia/install/xbox:/opt/ros/foxy /usr/bin/cmake --install /home/nvidia/master_ws/build/realsense_control
