[0.159s] Invoking command in '/home/nvidia/master_ws/build/plane_fitter': CMAKE_PREFIX_PATH=${CMAKE_PREFIX_PATH}:/home/nvidia/master_ws/install/xbox:/home/nvidia/master_ws/install/lidar_control:/home/nvidia/master_ws/install/launch_car:/home/nvidia/master_ws/install/broadcaster:/home/nvidia/install/xbox:/opt/ros/foxy /usr/bin/cmake --build /home/nvidia/master_ws/build/plane_fitter -- -j6 -l6
[0.641s] [100%] Built target plane_fitter
[1.597s] Invoked command in '/home/nvidia/master_ws/build/plane_fitter' returned '0': CMAKE_PREFIX_PATH=${CMAKE_PREFIX_PATH}:/home/nvidia/master_ws/install/xbox:/home/nvidia/master_ws/install/lidar_control:/home/nvidia/master_ws/install/launch_car:/home/nvidia/master_ws/install/broadcaster:/home/nvidia/install/xbox:/opt/ros/foxy /usr/bin/cmake --build /home/nvidia/master_ws/build/plane_fitter -- -j6 -l6
[1.849s] Invoking command in '/home/nvidia/master_ws/build/plane_fitter': CMAKE_PREFIX_PATH=${CMAKE_PREFIX_PATH}:/home/nvidia/master_ws/install/xbox:/home/nvidia/master_ws/install/lidar_control:/home/nvidia/master_ws/install/launch_car:/home/nvidia/master_ws/install/broadcaster:/home/nvidia/install/xbox:/opt/ros/foxy /usr/bin/cmake --install /home/nvidia/master_ws/build/plane_fitter
[1.917s] -- Install configuration: ""
[1.920s] -- Up-to-date: /home/nvidia/master_ws/install/plane_fitter/lib/plane_fitter/plane_fitter
[1.921s] -- Up-to-date: /home/nvidia/master_ws/install/plane_fitter/share/ament_index/resource_index/package_run_dependencies/plane_fitter
[1.922s] -- Up-to-date: /home/nvidia/master_ws/install/plane_fitter/share/ament_index/resource_index/parent_prefix_path/plane_fitter
[1.923s] -- Up-to-date: /home/nvidia/master_ws/install/plane_fitter/share/plane_fitter/environment/ament_prefix_path.sh
[1.924s] -- Up-to-date: /home/nvidia/master_ws/install/plane_fitter/share/plane_fitter/environment/ament_prefix_path.dsv
[1.925s] -- Up-to-date: /home/nvidia/master_ws/install/plane_fitter/share/plane_fitter/environment/path.sh
[1.926s] -- Up-to-date: /home/nvidia/master_ws/install/plane_fitter/share/plane_fitter/environment/path.dsv
[1.927s] -- Up-to-date: /home/nvidia/master_ws/install/plane_fitter/share/plane_fitter/local_setup.bash
[1.928s] -- Up-to-date: /home/nvidia/master_ws/install/plane_fitter/share/plane_fitter/local_setup.sh
[1.928s] -- Up-to-date: /home/nvidia/master_ws/install/plane_fitter/share/plane_fitter/local_setup.zsh
[1.928s] -- Up-to-date: /home/nvidia/master_ws/install/plane_fitter/share/plane_fitter/local_setup.dsv
[1.929s] -- Installing: /home/nvidia/master_ws/install/plane_fitter/share/plane_fitter/package.dsv
[1.929s] -- Up-to-date: /home/nvidia/master_ws/install/plane_fitter/share/ament_index/resource_index/packages/plane_fitter
[1.930s] -- Up-to-date: /home/nvidia/master_ws/install/plane_fitter/share/plane_fitter/cmake/plane_fitterConfig.cmake
[1.930s] -- Up-to-date: /home/nvidia/master_ws/install/plane_fitter/share/plane_fitter/cmake/plane_fitterConfig-version.cmake
[1.931s] -- Up-to-date: /home/nvidia/master_ws/install/plane_fitter/share/plane_fitter/package.xml
[1.945s] Invoked command in '/home/nvidia/master_ws/build/plane_fitter' returned '0': CMAKE_PREFIX_PATH=${CMAKE_PREFIX_PATH}:/home/nvidia/master_ws/install/xbox:/home/nvidia/master_ws/install/lidar_control:/home/nvidia/master_ws/install/launch_car:/home/nvidia/master_ws/install/broadcaster:/home/nvidia/install/xbox:/opt/ros/foxy /usr/bin/cmake --install /home/nvidia/master_ws/build/plane_fitter
