[3.822s] Invoking command in '/home/nvidia/master_ws/src/xbox': PYTHONPATH=/home/nvidia/master_ws/build/xbox/prefix_override:/home/nvidia/master_ws/install/xbox/lib/python3.8/site-packages:${PYTHONPATH} /usr/bin/python3 -W ignore:setup.py install is deprecated setup.py egg_info --egg-base ../../build/xbox build --build-base /home/nvidia/master_ws/build/xbox/build install --record /home/nvidia/master_ws/build/xbox/install.log --install-scripts $base/lib/xbox --single-version-externally-managed install_data
[5.254s] running egg_info
[5.256s] writing ../../build/xbox/xbox.egg-info/PKG-INFO
[5.258s] writing dependency_links to ../../build/xbox/xbox.egg-info/dependency_links.txt
[5.259s] writing entry points to ../../build/xbox/xbox.egg-info/entry_points.txt
[5.260s] writing requirements to ../../build/xbox/xbox.egg-info/requires.txt
[5.260s] writing top-level names to ../../build/xbox/xbox.egg-info/top_level.txt
[5.446s] reading manifest file '../../build/xbox/xbox.egg-info/SOURCES.txt'
[5.451s] writing manifest file '../../build/xbox/xbox.egg-info/SOURCES.txt'
[5.452s] running build
[5.452s] running build_py
[5.453s] copying xbox/new_control.py -> /home/nvidia/master_ws/build/xbox/build/lib/xbox
[5.455s] running install
[5.460s] running install_lib
[5.466s] copying /home/nvidia/master_ws/build/xbox/build/lib/xbox/new_control.py -> /home/nvidia/master_ws/install/xbox/lib/python3.8/site-packages/xbox
[5.470s] byte-compiling /home/nvidia/master_ws/install/xbox/lib/python3.8/site-packages/xbox/new_control.py to new_control.cpython-38.pyc
[5.484s] running install_data
[5.485s] running install_egg_info
[5.493s] removing '/home/nvidia/master_ws/install/xbox/lib/python3.8/site-packages/xbox-0.0.0-py3.8.egg-info' (and everything under it)
[5.495s] Copying ../../build/xbox/xbox.egg-info to /home/nvidia/master_ws/install/xbox/lib/python3.8/site-packages/xbox-0.0.0-py3.8.egg-info
[5.501s] running install_scripts
[5.589s] Installing control script to /home/nvidia/master_ws/install/xbox/lib/xbox
[5.590s] Installing new_control script to /home/nvidia/master_ws/install/xbox/lib/xbox
[5.592s] writing list of installed files to '/home/nvidia/master_ws/build/xbox/install.log'
[5.697s] Invoked command in '/home/nvidia/master_ws/src/xbox' returned '0': PYTHONPATH=/home/nvidia/master_ws/build/xbox/prefix_override:/home/nvidia/master_ws/install/xbox/lib/python3.8/site-packages:${PYTHONPATH} /usr/bin/python3 -W ignore:setup.py install is deprecated setup.py egg_info --egg-base ../../build/xbox build --build-base /home/nvidia/master_ws/build/xbox/build install --record /home/nvidia/master_ws/build/xbox/install.log --install-scripts $base/lib/xbox --single-version-externally-managed install_data
