[0.078s] Invoking command in '/home/nvidia/master_ws/build/velodyne_driver': AMENT_PREFIX_PATH=/home/nvidia/master_ws/install/velodyne_msgs:${AMENT_PREFIX_PATH} CMAKE_PREFIX_PATH=/home/nvidia/master_ws/install/velodyne_msgs:/opt/ros/foxy LD_LIBRARY_PATH=/home/nvidia/master_ws/install/velodyne_msgs/lib:/opt/ros/foxy/opt/yaml_cpp_vendor/lib:/opt/ros/foxy/opt/rviz_ogre_vendor/lib:/opt/ros/foxy/lib/aarch64-linux-gnu:/opt/ros/foxy/lib:/usr/local/cuda-11.4/lib64 PYTHONPATH=/home/nvidia/master_ws/install/velodyne_msgs/lib/python3.8/site-packages:${PYTHONPATH} /usr/bin/cmake --build /home/nvidia/master_ws/build/velodyne_driver -- -j4 -l4
[0.144s] make: Warning: File 'Makefile' has modification time 3980575 s in the future
[0.283s] make[1]: Warning: File 'CMakeFiles/Makefile2' has modification time 3980575 s in the future
[0.291s] make[2]: Warning: File 'gtest/CMakeFiles/gtest.dir/flags.make' has modification time 3980575 s in the future
[0.315s] make[2]: Warning: File 'src/lib/CMakeFiles/velodyne_input.dir/flags.make' has modification time 3980575 s in the future
[0.323s] make[2]: Warning: File 'gtest/CMakeFiles/gtest_main.dir/flags.make' has modification time 3980575 s in the future
[0.345s] make[2]: warning:  Clock skew detected.  Your build may be incomplete.
[0.353s] make[2]: Warning: File 'gtest/CMakeFiles/gtest.dir/flags.make' has modification time 3980575 s in the future
[0.355s] make[2]: warning:  Clock skew detected.  Your build may be incomplete.
[0.409s] make[2]: warning:  Clock skew detected.  Your build may be incomplete.
[0.415s] make[2]: Warning: File 'gtest/CMakeFiles/gtest_main.dir/flags.make' has modification time 3980575 s in the future
[0.416s] make[2]: warning:  Clock skew detected.  Your build may be incomplete.
[0.434s] make[2]: warning:  Clock skew detected.  Your build may be incomplete.
[0.453s] [ 16%] Built target gtest
[0.468s] make[2]: Warning: File 'src/lib/CMakeFiles/velodyne_input.dir/flags.make' has modification time 3980575 s in the future
[0.487s] [ 33%] Built target gtest_main
[0.517s] make[2]: warning:  Clock skew detected.  Your build may be incomplete.
[0.558s] [ 50%] Built target velodyne_input
[0.594s] make[2]: Warning: File 'CMakeFiles/time_test.dir/flags.make' has modification time 3980574 s in the future
[0.595s] make[2]: Warning: File 'CMakeFiles/velodyne_driver.dir/flags.make' has modification time 3980574 s in the future
[0.643s] make[2]: warning:  Clock skew detected.  Your build may be incomplete.
[0.659s] make[2]: Warning: File 'CMakeFiles/time_test.dir/flags.make' has modification time 3980574 s in the future
[0.697s] make[2]: warning:  Clock skew detected.  Your build may be incomplete.
[0.738s] [ 66%] Built target time_test
[0.745s] make[2]: warning:  Clock skew detected.  Your build may be incomplete.
[0.758s] make[2]: Warning: File 'CMakeFiles/velodyne_driver.dir/flags.make' has modification time 3980574 s in the future
[0.811s] make[2]: warning:  Clock skew detected.  Your build may be incomplete.
[0.854s] [ 83%] Built target velodyne_driver
[0.875s] make[2]: Warning: File 'CMakeFiles/velodyne_driver_node.dir/flags.make' has modification time 3980574 s in the future
[0.934s] make[2]: warning:  Clock skew detected.  Your build may be incomplete.
[0.947s] make[2]: Warning: File 'CMakeFiles/velodyne_driver_node.dir/flags.make' has modification time 3980574 s in the future
[0.992s] make[2]: warning:  Clock skew detected.  Your build may be incomplete.
[1.036s] [100%] Built target velodyne_driver_node
[1.040s] make[1]: warning:  Clock skew detected.  Your build may be incomplete.
[1.099s] make: warning:  Clock skew detected.  Your build may be incomplete.
[1.182s] Invoked command in '/home/nvidia/master_ws/build/velodyne_driver' returned '0': AMENT_PREFIX_PATH=/home/nvidia/master_ws/install/velodyne_msgs:${AMENT_PREFIX_PATH} CMAKE_PREFIX_PATH=/home/nvidia/master_ws/install/velodyne_msgs:/opt/ros/foxy LD_LIBRARY_PATH=/home/nvidia/master_ws/install/velodyne_msgs/lib:/opt/ros/foxy/opt/yaml_cpp_vendor/lib:/opt/ros/foxy/opt/rviz_ogre_vendor/lib:/opt/ros/foxy/lib/aarch64-linux-gnu:/opt/ros/foxy/lib:/usr/local/cuda-11.4/lib64 PYTHONPATH=/home/nvidia/master_ws/install/velodyne_msgs/lib/python3.8/site-packages:${PYTHONPATH} /usr/bin/cmake --build /home/nvidia/master_ws/build/velodyne_driver -- -j4 -l4
[1.364s] Invoking command in '/home/nvidia/master_ws/build/velodyne_driver': AMENT_PREFIX_PATH=/home/nvidia/master_ws/install/velodyne_msgs:${AMENT_PREFIX_PATH} CMAKE_PREFIX_PATH=/home/nvidia/master_ws/install/velodyne_msgs:/opt/ros/foxy LD_LIBRARY_PATH=/home/nvidia/master_ws/install/velodyne_msgs/lib:/opt/ros/foxy/opt/yaml_cpp_vendor/lib:/opt/ros/foxy/opt/rviz_ogre_vendor/lib:/opt/ros/foxy/lib/aarch64-linux-gnu:/opt/ros/foxy/lib:/usr/local/cuda-11.4/lib64 PYTHONPATH=/home/nvidia/master_ws/install/velodyne_msgs/lib/python3.8/site-packages:${PYTHONPATH} /usr/bin/cmake --install /home/nvidia/master_ws/build/velodyne_driver
[1.429s] -- Install configuration: ""
[1.433s] -- Up-to-date: /home/nvidia/master_ws/install/velodyne_driver/lib/libvelodyne_driver.so
[1.437s] -- Up-to-date: /home/nvidia/master_ws/install/velodyne_driver/lib/velodyne_driver/velodyne_driver_node
[1.440s] -- Up-to-date: /home/nvidia/master_ws/install/velodyne_driver/include/velodyne_driver
[1.441s] -- Up-to-date: /home/nvidia/master_ws/install/velodyne_driver/include/velodyne_driver/driver.hpp
[1.442s] -- Up-to-date: /home/nvidia/master_ws/install/velodyne_driver/include/velodyne_driver/time_conversion.hpp
[1.443s] -- Up-to-date: /home/nvidia/master_ws/install/velodyne_driver/include/velodyne_driver/input.hpp
[1.444s] -- Up-to-date: /home/nvidia/master_ws/install/velodyne_driver/share/velodyne_driver/config
[1.445s] -- Up-to-date: /home/nvidia/master_ws/install/velodyne_driver/share/velodyne_driver/config/VLP32C-velodyne_driver_node-params.yaml
[1.445s] -- Up-to-date: /home/nvidia/master_ws/install/velodyne_driver/share/velodyne_driver/config/VLS128-velodyne_driver_node-params.yaml
[1.446s] -- Up-to-date: /home/nvidia/master_ws/install/velodyne_driver/share/velodyne_driver/config/VLP16-velodyne_driver_node-params.yaml
[1.447s] -- Up-to-date: /home/nvidia/master_ws/install/velodyne_driver/share/velodyne_driver/launch
[1.448s] -- Up-to-date: /home/nvidia/master_ws/install/velodyne_driver/share/velodyne_driver/launch/velodyne_driver_node-VLP32C-composed-launch.py
[1.449s] -- Up-to-date: /home/nvidia/master_ws/install/velodyne_driver/share/velodyne_driver/launch/velodyne_driver_node-VLP32C-launch.py
[1.450s] -- Up-to-date: /home/nvidia/master_ws/install/velodyne_driver/share/velodyne_driver/launch/velodyne_driver_node-VLP16-launch.py
[1.453s] -- Up-to-date: /home/nvidia/master_ws/install/velodyne_driver/share/velodyne_driver/launch/velodyne_driver_node-VLS128-composed-launch.py
[1.454s] -- Up-to-date: /home/nvidia/master_ws/install/velodyne_driver/share/velodyne_driver/launch/velodyne_driver_node-VLS128-launch.py
[1.454s] -- Up-to-date: /home/nvidia/master_ws/install/velodyne_driver/share/velodyne_driver/launch/velodyne_driver_node-VLP16-composed-launch.py
[1.454s] -- Up-to-date: /home/nvidia/master_ws/install/velodyne_driver/lib/velodyne_driver/vdump
[1.455s] -- Up-to-date: /home/nvidia/master_ws/install/velodyne_driver/share/ament_index/resource_index/package_run_dependencies/velodyne_driver
[1.456s] -- Up-to-date: /home/nvidia/master_ws/install/velodyne_driver/share/ament_index/resource_index/parent_prefix_path/velodyne_driver
[1.457s] -- Up-to-date: /home/nvidia/master_ws/install/velodyne_driver/share/velodyne_driver/environment/ament_prefix_path.sh
[1.458s] -- Up-to-date: /home/nvidia/master_ws/install/velodyne_driver/share/velodyne_driver/environment/ament_prefix_path.dsv
[1.458s] -- Up-to-date: /home/nvidia/master_ws/install/velodyne_driver/share/velodyne_driver/environment/path.sh
[1.461s] -- Up-to-date: /home/nvidia/master_ws/install/velodyne_driver/share/velodyne_driver/environment/path.dsv
[1.462s] -- Up-to-date: /home/nvidia/master_ws/install/velodyne_driver/share/velodyne_driver/local_setup.bash
[1.462s] -- Up-to-date: /home/nvidia/master_ws/install/velodyne_driver/share/velodyne_driver/local_setup.sh
[1.462s] -- Up-to-date: /home/nvidia/master_ws/install/velodyne_driver/share/velodyne_driver/local_setup.zsh
[1.465s] -- Up-to-date: /home/nvidia/master_ws/install/velodyne_driver/share/velodyne_driver/local_setup.dsv
[1.466s] -- Installing: /home/nvidia/master_ws/install/velodyne_driver/share/velodyne_driver/package.dsv
[1.467s] -- Up-to-date: /home/nvidia/master_ws/install/velodyne_driver/share/ament_index/resource_index/packages/velodyne_driver
[1.468s] -- Up-to-date: /home/nvidia/master_ws/install/velodyne_driver/share/ament_index/resource_index/rclcpp_components/velodyne_driver
[1.468s] -- Up-to-date: /home/nvidia/master_ws/install/velodyne_driver/share/velodyne_driver/cmake/velodyne_driverConfig.cmake
[1.468s] -- Up-to-date: /home/nvidia/master_ws/install/velodyne_driver/share/velodyne_driver/cmake/velodyne_driverConfig-version.cmake
[1.469s] -- Up-to-date: /home/nvidia/master_ws/install/velodyne_driver/share/velodyne_driver/package.xml
[1.471s] -- Up-to-date: /home/nvidia/master_ws/install/velodyne_driver/lib/libvelodyne_input.so
[1.486s] Invoked command in '/home/nvidia/master_ws/build/velodyne_driver' returned '0': AMENT_PREFIX_PATH=/home/nvidia/master_ws/install/velodyne_msgs:${AMENT_PREFIX_PATH} CMAKE_PREFIX_PATH=/home/nvidia/master_ws/install/velodyne_msgs:/opt/ros/foxy LD_LIBRARY_PATH=/home/nvidia/master_ws/install/velodyne_msgs/lib:/opt/ros/foxy/opt/yaml_cpp_vendor/lib:/opt/ros/foxy/opt/rviz_ogre_vendor/lib:/opt/ros/foxy/lib/aarch64-linux-gnu:/opt/ros/foxy/lib:/usr/local/cuda-11.4/lib64 PYTHONPATH=/home/nvidia/master_ws/install/velodyne_msgs/lib/python3.8/site-packages:${PYTHONPATH} /usr/bin/cmake --install /home/nvidia/master_ws/build/velodyne_driver
