[4.875s] Invoking command in '/home/nvidia/master_ws/src/broadcaster': PYTHONPATH=/home/nvidia/master_ws/build/broadcaster/prefix_override:/home/nvidia/master_ws/install/broadcaster/lib/python3.8/site-packages:${PYTHONPATH} /usr/bin/python3 -W ignore:setup.py install is deprecated setup.py egg_info --egg-base ../../build/broadcaster build --build-base /home/nvidia/master_ws/build/broadcaster/build install --record /home/nvidia/master_ws/build/broadcaster/install.log --install-scripts $base/lib/broadcaster --single-version-externally-managed install_data
[6.191s] running egg_info
[6.194s] writing ../../build/broadcaster/broadcaster.egg-info/PKG-INFO
[6.196s] writing dependency_links to ../../build/broadcaster/broadcaster.egg-info/dependency_links.txt
[6.197s] writing entry points to ../../build/broadcaster/broadcaster.egg-info/entry_points.txt
[6.198s] writing requirements to ../../build/broadcaster/broadcaster.egg-info/requires.txt
[6.199s] writing top-level names to ../../build/broadcaster/broadcaster.egg-info/top_level.txt
[6.350s] reading manifest file '../../build/broadcaster/broadcaster.egg-info/SOURCES.txt'
[6.354s] writing manifest file '../../build/broadcaster/broadcaster.egg-info/SOURCES.txt'
[6.355s] running build
[6.355s] running build_py
[6.357s] running install
[6.362s] running install_lib
[6.370s] running install_data
[6.371s] running install_egg_info
[6.379s] removing '/home/nvidia/master_ws/install/broadcaster/lib/python3.8/site-packages/broadcaster-0.0.0-py3.8.egg-info' (and everything under it)
[6.381s] Copying ../../build/broadcaster/broadcaster.egg-info to /home/nvidia/master_ws/install/broadcaster/lib/python3.8/site-packages/broadcaster-0.0.0-py3.8.egg-info
[6.388s] running install_scripts
[6.467s] Installing lidar script to /home/nvidia/master_ws/install/broadcaster/lib/broadcaster
[6.469s] writing list of installed files to '/home/nvidia/master_ws/build/broadcaster/install.log'
[6.636s] Invoked command in '/home/nvidia/master_ws/src/broadcaster' returned '0': PYTHONPATH=/home/nvidia/master_ws/build/broadcaster/prefix_override:/home/nvidia/master_ws/install/broadcaster/lib/python3.8/site-packages:${PYTHONPATH} /usr/bin/python3 -W ignore:setup.py install is deprecated setup.py egg_info --egg-base ../../build/broadcaster build --build-base /home/nvidia/master_ws/build/broadcaster/build install --record /home/nvidia/master_ws/build/broadcaster/install.log --install-scripts $base/lib/broadcaster --single-version-externally-managed install_data
