[4.811s] Invoking command in '/home/nvidia/master_ws/src/controller': PYTHONPATH=/home/nvidia/master_ws/build/controller/prefix_override:/home/nvidia/master_ws/install/controller/lib/python3.8/site-packages:${PYTHONPATH} /usr/bin/python3 -W ignore:setup.py install is deprecated setup.py egg_info --egg-base ../../build/controller build --build-base /home/nvidia/master_ws/build/controller/build install --record /home/nvidia/master_ws/build/controller/install.log --install-scripts $base/lib/controller --single-version-externally-managed install_data
[6.158s] running egg_info
[6.182s] writing ../../build/controller/controller.egg-info/PKG-INFO
[6.184s] writing dependency_links to ../../build/controller/controller.egg-info/dependency_links.txt
[6.186s] writing entry points to ../../build/controller/controller.egg-info/entry_points.txt
[6.188s] writing requirements to ../../build/controller/controller.egg-info/requires.txt
[6.189s] writing top-level names to ../../build/controller/controller.egg-info/top_level.txt
[6.364s] reading manifest file '../../build/controller/controller.egg-info/SOURCES.txt'
[6.368s] writing manifest file '../../build/controller/controller.egg-info/SOURCES.txt'
[6.369s] running build
[6.369s] running build_py
[6.371s] copying controller/controller.py -> /home/nvidia/master_ws/build/controller/build/lib/controller
[6.373s] running install
[6.379s] running install_lib
[6.385s] copying /home/nvidia/master_ws/build/controller/build/lib/controller/controller.py -> /home/nvidia/master_ws/install/controller/lib/python3.8/site-packages/controller
[6.388s] byte-compiling /home/nvidia/master_ws/install/controller/lib/python3.8/site-packages/controller/controller.py to controller.cpython-38.pyc
[6.396s] running install_data
[6.397s] running install_egg_info
[6.406s] removing '/home/nvidia/master_ws/install/controller/lib/python3.8/site-packages/controller-0.0.0-py3.8.egg-info' (and everything under it)
[6.408s] Copying ../../build/controller/controller.egg-info to /home/nvidia/master_ws/install/controller/lib/python3.8/site-packages/controller-0.0.0-py3.8.egg-info
[6.414s] running install_scripts
[6.508s] Installing controller script to /home/nvidia/master_ws/install/controller/lib/controller
[6.508s] writing list of installed files to '/home/nvidia/master_ws/build/controller/install.log'
[6.636s] Invoked command in '/home/nvidia/master_ws/src/controller' returned '0': PYTHONPATH=/home/nvidia/master_ws/build/controller/prefix_override:/home/nvidia/master_ws/install/controller/lib/python3.8/site-packages:${PYTHONPATH} /usr/bin/python3 -W ignore:setup.py install is deprecated setup.py egg_info --egg-base ../../build/controller build --build-base /home/nvidia/master_ws/build/controller/build install --record /home/nvidia/master_ws/build/controller/install.log --install-scripts $base/lib/controller --single-version-externally-managed install_data
