[0.078s] Invoking command in '/home/nvidia/master_ws/build/velodyne_pointcloud': AMENT_PREFIX_PATH=/home/nvidia/master_ws/install/velodyne_msgs:${AMENT_PREFIX_PATH} CMAKE_PREFIX_PATH=/home/nvidia/master_ws/install/velodyne_msgs:/opt/ros/foxy LD_LIBRARY_PATH=/home/nvidia/master_ws/install/velodyne_msgs/lib:/opt/ros/foxy/opt/yaml_cpp_vendor/lib:/opt/ros/foxy/opt/rviz_ogre_vendor/lib:/opt/ros/foxy/lib/aarch64-linux-gnu:/opt/ros/foxy/lib:/usr/local/cuda-11.4/lib64 PYTHONPATH=/home/nvidia/master_ws/install/velodyne_msgs/lib/python3.8/site-packages:${PYTHONPATH} /usr/bin/cmake --build /home/nvidia/master_ws/build/velodyne_pointcloud -- -j4 -l4
[0.437s] [ 11%] Built target gtest
[0.483s] [ 22%] Built target gtest_main
[0.567s] [ 38%] Built target velodyne_cloud_types
[0.648s] [ 55%] Built target velodyne_rawdata
[0.790s] [ 66%] Built target test_row_step
[0.903s] [ 77%] Built target test_calibration
[0.930s] [ 88%] Built target transform
[1.121s] [100%] Built target velodyne_transform_node
[1.902s] Invoked command in '/home/nvidia/master_ws/build/velodyne_pointcloud' returned '0': AMENT_PREFIX_PATH=/home/nvidia/master_ws/install/velodyne_msgs:${AMENT_PREFIX_PATH} CMAKE_PREFIX_PATH=/home/nvidia/master_ws/install/velodyne_msgs:/opt/ros/foxy LD_LIBRARY_PATH=/home/nvidia/master_ws/install/velodyne_msgs/lib:/opt/ros/foxy/opt/yaml_cpp_vendor/lib:/opt/ros/foxy/opt/rviz_ogre_vendor/lib:/opt/ros/foxy/lib/aarch64-linux-gnu:/opt/ros/foxy/lib:/usr/local/cuda-11.4/lib64 PYTHONPATH=/home/nvidia/master_ws/install/velodyne_msgs/lib/python3.8/site-packages:${PYTHONPATH} /usr/bin/cmake --build /home/nvidia/master_ws/build/velodyne_pointcloud -- -j4 -l4
[2.088s] Invoking command in '/home/nvidia/master_ws/build/velodyne_pointcloud': AMENT_PREFIX_PATH=/home/nvidia/master_ws/install/velodyne_msgs:${AMENT_PREFIX_PATH} CMAKE_PREFIX_PATH=/home/nvidia/master_ws/install/velodyne_msgs:/opt/ros/foxy LD_LIBRARY_PATH=/home/nvidia/master_ws/install/velodyne_msgs/lib:/opt/ros/foxy/opt/yaml_cpp_vendor/lib:/opt/ros/foxy/opt/rviz_ogre_vendor/lib:/opt/ros/foxy/lib/aarch64-linux-gnu:/opt/ros/foxy/lib:/usr/local/cuda-11.4/lib64 PYTHONPATH=/home/nvidia/master_ws/install/velodyne_msgs/lib/python3.8/site-packages:${PYTHONPATH} /usr/bin/cmake --install /home/nvidia/master_ws/build/velodyne_pointcloud
[2.125s] -- Install configuration: ""
[2.129s] -- Up-to-date: /home/nvidia/master_ws/install/velodyne_pointcloud/lib/libtransform.so
[2.138s] -- Up-to-date: /home/nvidia/master_ws/install/velodyne_pointcloud/lib/velodyne_pointcloud/velodyne_transform_node
[2.142s] -- Up-to-date: /home/nvidia/master_ws/install/velodyne_pointcloud/include/velodyne_pointcloud
[2.144s] -- Up-to-date: /home/nvidia/master_ws/install/velodyne_pointcloud/include/velodyne_pointcloud/datacontainerbase.hpp
[2.147s] -- Up-to-date: /home/nvidia/master_ws/install/velodyne_pointcloud/include/velodyne_pointcloud/pointcloudXYZIRT.hpp
[2.149s] -- Up-to-date: /home/nvidia/master_ws/install/velodyne_pointcloud/include/velodyne_pointcloud/organized_cloudXYZIRT.hpp
[2.152s] -- Up-to-date: /home/nvidia/master_ws/install/velodyne_pointcloud/include/velodyne_pointcloud/calibration.hpp
[2.153s] -- Up-to-date: /home/nvidia/master_ws/install/velodyne_pointcloud/include/velodyne_pointcloud/rawdata.hpp
[2.155s] -- Up-to-date: /home/nvidia/master_ws/install/velodyne_pointcloud/include/velodyne_pointcloud/transform.hpp
[2.156s] -- Up-to-date: /home/nvidia/master_ws/install/velodyne_pointcloud/share/velodyne_pointcloud/config
[2.165s] -- Up-to-date: /home/nvidia/master_ws/install/velodyne_pointcloud/share/velodyne_pointcloud/config/VLS128-velodyne_transform_node-params.yaml
[2.168s] -- Up-to-date: /home/nvidia/master_ws/install/velodyne_pointcloud/share/velodyne_pointcloud/config/VLP16-velodyne_transform_node-params.yaml
[2.169s] -- Up-to-date: /home/nvidia/master_ws/install/velodyne_pointcloud/share/velodyne_pointcloud/config/VLP32C-velodyne_transform_node-params.yaml
[2.170s] -- Up-to-date: /home/nvidia/master_ws/install/velodyne_pointcloud/share/velodyne_pointcloud/launch
[2.170s] -- Up-to-date: /home/nvidia/master_ws/install/velodyne_pointcloud/share/velodyne_pointcloud/launch/velodyne_transform_node-VLP32C-launch.py
[2.174s] -- Up-to-date: /home/nvidia/master_ws/install/velodyne_pointcloud/share/velodyne_pointcloud/launch/velodyne_transform_node-VLP16-launch.py
[2.180s] -- Up-to-date: /home/nvidia/master_ws/install/velodyne_pointcloud/share/velodyne_pointcloud/launch/velodyne_transform_node-VLS128-composed-launch.py
[2.185s] -- Up-to-date: /home/nvidia/master_ws/install/velodyne_pointcloud/share/velodyne_pointcloud/launch/velodyne_transform_node-VLP16-composed-launch.py
[2.186s] -- Up-to-date: /home/nvidia/master_ws/install/velodyne_pointcloud/share/velodyne_pointcloud/launch/velodyne_transform_node-VLP32C-composed-launch.py
[2.186s] -- Up-to-date: /home/nvidia/master_ws/install/velodyne_pointcloud/share/velodyne_pointcloud/launch/velodyne_transform_node-VLS128-launch.py
[2.188s] -- Up-to-date: /home/nvidia/master_ws/install/velodyne_pointcloud/share/velodyne_pointcloud/params
[2.188s] -- Up-to-date: /home/nvidia/master_ws/install/velodyne_pointcloud/share/velodyne_pointcloud/params/rviz_points.vcg
[2.189s] -- Up-to-date: /home/nvidia/master_ws/install/velodyne_pointcloud/share/velodyne_pointcloud/params/32db.yaml
[2.190s] -- Up-to-date: /home/nvidia/master_ws/install/velodyne_pointcloud/share/velodyne_pointcloud/params/VeloView-VLP-32C.yaml
[2.191s] -- Up-to-date: /home/nvidia/master_ws/install/velodyne_pointcloud/share/velodyne_pointcloud/params/VLP16db.yaml
[2.192s] -- Up-to-date: /home/nvidia/master_ws/install/velodyne_pointcloud/share/velodyne_pointcloud/params/VLP16_hires_db.yaml
[2.193s] -- Up-to-date: /home/nvidia/master_ws/install/velodyne_pointcloud/share/velodyne_pointcloud/params/64e_s3-xiesc.yaml
[2.194s] -- Up-to-date: /home/nvidia/master_ws/install/velodyne_pointcloud/share/velodyne_pointcloud/params/64e_s2.1-sztaki.yaml
[2.194s] -- Up-to-date: /home/nvidia/master_ws/install/velodyne_pointcloud/share/velodyne_pointcloud/params/64e_utexas.yaml
[2.195s] -- Up-to-date: /home/nvidia/master_ws/install/velodyne_pointcloud/share/velodyne_pointcloud/params/issue_84_float_intensities.yaml
[2.196s] -- Up-to-date: /home/nvidia/master_ws/install/velodyne_pointcloud/share/velodyne_pointcloud/params/VLS128.yaml
[2.199s] -- Up-to-date: /home/nvidia/master_ws/install/velodyne_pointcloud/share/ament_index/resource_index/package_run_dependencies/velodyne_pointcloud
[2.201s] -- Up-to-date: /home/nvidia/master_ws/install/velodyne_pointcloud/share/ament_index/resource_index/parent_prefix_path/velodyne_pointcloud
[2.202s] -- Up-to-date: /home/nvidia/master_ws/install/velodyne_pointcloud/share/velodyne_pointcloud/environment/ament_prefix_path.sh
[2.203s] -- Up-to-date: /home/nvidia/master_ws/install/velodyne_pointcloud/share/velodyne_pointcloud/environment/ament_prefix_path.dsv
[2.204s] -- Up-to-date: /home/nvidia/master_ws/install/velodyne_pointcloud/share/velodyne_pointcloud/environment/path.sh
[2.206s] -- Up-to-date: /home/nvidia/master_ws/install/velodyne_pointcloud/share/velodyne_pointcloud/environment/path.dsv
[2.206s] -- Up-to-date: /home/nvidia/master_ws/install/velodyne_pointcloud/share/velodyne_pointcloud/local_setup.bash
[2.207s] -- Up-to-date: /home/nvidia/master_ws/install/velodyne_pointcloud/share/velodyne_pointcloud/local_setup.sh
[2.208s] -- Up-to-date: /home/nvidia/master_ws/install/velodyne_pointcloud/share/velodyne_pointcloud/local_setup.zsh
[2.210s] -- Up-to-date: /home/nvidia/master_ws/install/velodyne_pointcloud/share/velodyne_pointcloud/local_setup.dsv
[2.210s] -- Installing: /home/nvidia/master_ws/install/velodyne_pointcloud/share/velodyne_pointcloud/package.dsv
[2.212s] -- Up-to-date: /home/nvidia/master_ws/install/velodyne_pointcloud/share/ament_index/resource_index/packages/velodyne_pointcloud
[2.213s] -- Up-to-date: /home/nvidia/master_ws/install/velodyne_pointcloud/share/ament_index/resource_index/rclcpp_components/velodyne_pointcloud
[2.216s] -- Up-to-date: /home/nvidia/master_ws/install/velodyne_pointcloud/share/velodyne_pointcloud/cmake/velodyne_pointcloudConfig.cmake
[2.217s] -- Up-to-date: /home/nvidia/master_ws/install/velodyne_pointcloud/share/velodyne_pointcloud/cmake/velodyne_pointcloudConfig-version.cmake
[2.219s] -- Up-to-date: /home/nvidia/master_ws/install/velodyne_pointcloud/share/velodyne_pointcloud/package.xml
[2.220s] -- Up-to-date: /home/nvidia/master_ws/install/velodyne_pointcloud/lib/libvelodyne_cloud_types.so
[2.222s] -- Up-to-date: /home/nvidia/master_ws/install/velodyne_pointcloud/lib/libvelodyne_rawdata.so
[2.223s] Invoked command in '/home/nvidia/master_ws/build/velodyne_pointcloud' returned '0': AMENT_PREFIX_PATH=/home/nvidia/master_ws/install/velodyne_msgs:${AMENT_PREFIX_PATH} CMAKE_PREFIX_PATH=/home/nvidia/master_ws/install/velodyne_msgs:/opt/ros/foxy LD_LIBRARY_PATH=/home/nvidia/master_ws/install/velodyne_msgs/lib:/opt/ros/foxy/opt/yaml_cpp_vendor/lib:/opt/ros/foxy/opt/rviz_ogre_vendor/lib:/opt/ros/foxy/lib/aarch64-linux-gnu:/opt/ros/foxy/lib:/usr/local/cuda-11.4/lib64 PYTHONPATH=/home/nvidia/master_ws/install/velodyne_msgs/lib/python3.8/site-packages:${PYTHONPATH} /usr/bin/cmake --install /home/nvidia/master_ws/build/velodyne_pointcloud
