[2.769s] Invoking command in '/home/nvidia/master_ws/src/xbox': PYTHONPATH=/home/nvidia/master_ws/build/xbox/prefix_override:/home/nvidia/master_ws/install/xbox/lib/python3.8/site-packages:${PYTHONPATH} /usr/bin/python3 -W ignore:setup.py install is deprecated setup.py egg_info --egg-base ../../build/xbox build --build-base /home/nvidia/master_ws/build/xbox/build install --record /home/nvidia/master_ws/build/xbox/install.log --install-scripts $base/lib/xbox --single-version-externally-managed install_data
[3.706s] running egg_info
[3.707s] writing ../../build/xbox/xbox.egg-info/PKG-INFO
[3.709s] writing dependency_links to ../../build/xbox/xbox.egg-info/dependency_links.txt
[3.710s] writing entry points to ../../build/xbox/xbox.egg-info/entry_points.txt
[3.710s] writing requirements to ../../build/xbox/xbox.egg-info/requires.txt
[3.711s] writing top-level names to ../../build/xbox/xbox.egg-info/top_level.txt
[3.844s] reading manifest file '../../build/xbox/xbox.egg-info/SOURCES.txt'
[3.847s] writing manifest file '../../build/xbox/xbox.egg-info/SOURCES.txt'
[3.848s] running build
[3.848s] running build_py
[3.850s] running install
[3.853s] running install_lib
[3.859s] running install_data
[3.859s] running install_egg_info
[3.865s] removing '/home/nvidia/master_ws/install/xbox/lib/python3.8/site-packages/xbox-0.0.0-py3.8.egg-info' (and everything under it)
[3.867s] Copying ../../build/xbox/xbox.egg-info to /home/nvidia/master_ws/install/xbox/lib/python3.8/site-packages/xbox-0.0.0-py3.8.egg-info
[3.872s] running install_scripts
[3.934s] Installing xbox script to /home/nvidia/master_ws/install/xbox/lib/xbox
[3.935s] writing list of installed files to '/home/nvidia/master_ws/build/xbox/install.log'
[4.014s] Invoked command in '/home/nvidia/master_ws/src/xbox' returned '0': PYTHONPATH=/home/nvidia/master_ws/build/xbox/prefix_override:/home/nvidia/master_ws/install/xbox/lib/python3.8/site-packages:${PYTHONPATH} /usr/bin/python3 -W ignore:setup.py install is deprecated setup.py egg_info --egg-base ../../build/xbox build --build-base /home/nvidia/master_ws/build/xbox/build install --record /home/nvidia/master_ws/build/xbox/install.log --install-scripts $base/lib/xbox --single-version-externally-managed install_data
