[1.621s] Invoking command in '/home/nvidia/master_ws/build/realsense_control': CMAKE_PREFIX_PATH=${CMAKE_PREFIX_PATH}:/home/nvidia/master_ws/install/xbox:/home/nvidia/master_ws/install/lidar_control:/home/nvidia/master_ws/install/launch_car:/home/nvidia/master_ws/install/broadcaster:/home/nvidia/install/xbox:/opt/ros/foxy /usr/bin/cmake --build /home/nvidia/master_ws/build/realsense_control -- -j6 -l6
[2.057s] [100%] Built target realsense_control
[3.289s] Invoked command in '/home/nvidia/master_ws/build/realsense_control' returned '0': CMAKE_PREFIX_PATH=${CMAKE_PREFIX_PATH}:/home/nvidia/master_ws/install/xbox:/home/nvidia/master_ws/install/lidar_control:/home/nvidia/master_ws/install/launch_car:/home/nvidia/master_ws/install/broadcaster:/home/nvidia/install/xbox:/opt/ros/foxy /usr/bin/cmake --build /home/nvidia/master_ws/build/realsense_control -- -j6 -l6
[3.581s] Invoking command in '/home/nvidia/master_ws/build/realsense_control': CMAKE_PREFIX_PATH=${CMAKE_PREFIX_PATH}:/home/nvidia/master_ws/install/xbox:/home/nvidia/master_ws/install/lidar_control:/home/nvidia/master_ws/install/launch_car:/home/nvidia/master_ws/install/broadcaster:/home/nvidia/install/xbox:/opt/ros/foxy /usr/bin/cmake --install /home/nvidia/master_ws/build/realsense_control
[3.648s] -- Install configuration: ""
[3.651s] -- Up-to-date: /home/nvidia/master_ws/install/realsense_control/lib/realsense_control/realsense_control
[3.655s] -- Up-to-date: /home/nvidia/master_ws/install/realsense_control/share/ament_index/resource_index/package_run_dependencies/realsense_control
[3.656s] -- Up-to-date: /home/nvidia/master_ws/install/realsense_control/share/ament_index/resource_index/parent_prefix_path/realsense_control
[3.657s] -- Up-to-date: /home/nvidia/master_ws/install/realsense_control/share/realsense_control/environment/ament_prefix_path.sh
[3.658s] -- Up-to-date: /home/nvidia/master_ws/install/realsense_control/share/realsense_control/environment/ament_prefix_path.dsv
[3.659s] -- Up-to-date: /home/nvidia/master_ws/install/realsense_control/share/realsense_control/environment/path.sh
[3.661s] -- Up-to-date: /home/nvidia/master_ws/install/realsense_control/share/realsense_control/environment/path.dsv
[3.662s] -- Up-to-date: /home/nvidia/master_ws/install/realsense_control/share/realsense_control/local_setup.bash
[3.662s] -- Up-to-date: /home/nvidia/master_ws/install/realsense_control/share/realsense_control/local_setup.sh
[3.663s] -- Up-to-date: /home/nvidia/master_ws/install/realsense_control/share/realsense_control/local_setup.zsh
[3.664s] -- Up-to-date: /home/nvidia/master_ws/install/realsense_control/share/realsense_control/local_setup.dsv
[3.664s] -- Installing: /home/nvidia/master_ws/install/realsense_control/share/realsense_control/package.dsv
[3.665s] -- Up-to-date: /home/nvidia/master_ws/install/realsense_control/share/ament_index/resource_index/packages/realsense_control
[3.665s] -- Up-to-date: /home/nvidia/master_ws/install/realsense_control/share/realsense_control/cmake/realsense_controlConfig.cmake
[3.666s] -- Up-to-date: /home/nvidia/master_ws/install/realsense_control/share/realsense_control/cmake/realsense_controlConfig-version.cmake
[3.666s] -- Up-to-date: /home/nvidia/master_ws/install/realsense_control/share/realsense_control/package.xml
[3.680s] Invoked command in '/home/nvidia/master_ws/build/realsense_control' returned '0': CMAKE_PREFIX_PATH=${CMAKE_PREFIX_PATH}:/home/nvidia/master_ws/install/xbox:/home/nvidia/master_ws/install/lidar_control:/home/nvidia/master_ws/install/launch_car:/home/nvidia/master_ws/install/broadcaster:/home/nvidia/install/xbox:/opt/ros/foxy /usr/bin/cmake --install /home/nvidia/master_ws/build/realsense_control
