[5.575s] Invoking command in '/home/nvidia/master_ws/src/xbox': PYTHONPATH=/home/nvidia/master_ws/build/xbox/prefix_override:/home/nvidia/master_ws/install/xbox/lib/python3.8/site-packages:${PYTHONPATH} /usr/bin/python3 -W ignore:setup.py install is deprecated setup.py egg_info --egg-base ../../build/xbox build --build-base /home/nvidia/master_ws/build/xbox/build install --record /home/nvidia/master_ws/build/xbox/install.log --install-scripts $base/lib/xbox --single-version-externally-managed install_data
[6.994s] running egg_info
[6.998s] writing ../../build/xbox/xbox.egg-info/PKG-INFO
[6.999s] writing dependency_links to ../../build/xbox/xbox.egg-info/dependency_links.txt
[6.999s] writing entry points to ../../build/xbox/xbox.egg-info/entry_points.txt
[7.000s] writing requirements to ../../build/xbox/xbox.egg-info/requires.txt
[7.001s] writing top-level names to ../../build/xbox/xbox.egg-info/top_level.txt
[7.176s] reading manifest file '../../build/xbox/xbox.egg-info/SOURCES.txt'
[7.181s] writing manifest file '../../build/xbox/xbox.egg-info/SOURCES.txt'
[7.182s] running build
[7.182s] running build_py
[7.185s] running install
[7.189s] running install_lib
[7.198s] running install_data
[7.198s] running install_egg_info
[7.206s] removing '/home/nvidia/master_ws/install/xbox/lib/python3.8/site-packages/xbox-0.0.0-py3.8.egg-info' (and everything under it)
[7.208s] Copying ../../build/xbox/xbox.egg-info to /home/nvidia/master_ws/install/xbox/lib/python3.8/site-packages/xbox-0.0.0-py3.8.egg-info
[7.214s] running install_scripts
[7.298s] Installing control script to /home/nvidia/master_ws/install/xbox/lib/xbox
[7.299s] Installing new_control script to /home/nvidia/master_ws/install/xbox/lib/xbox
[7.301s] writing list of installed files to '/home/nvidia/master_ws/build/xbox/install.log'
[7.401s] Invoked command in '/home/nvidia/master_ws/src/xbox' returned '0': PYTHONPATH=/home/nvidia/master_ws/build/xbox/prefix_override:/home/nvidia/master_ws/install/xbox/lib/python3.8/site-packages:${PYTHONPATH} /usr/bin/python3 -W ignore:setup.py install is deprecated setup.py egg_info --egg-base ../../build/xbox build --build-base /home/nvidia/master_ws/build/xbox/build install --record /home/nvidia/master_ws/build/xbox/install.log --install-scripts $base/lib/xbox --single-version-externally-managed install_data
