[0.080s] Invoking command in '/home/nvidia/master_ws/build/plane_fitter': CMAKE_PREFIX_PATH=${CMAKE_PREFIX_PATH}:/home/nvidia/master_ws/install/xbox:/home/nvidia/master_ws/install/lidar_control:/home/nvidia/master_ws/install/launch_car:/home/nvidia/master_ws/install/broadcaster:/home/nvidia/install/xbox:/opt/ros/foxy /usr/bin/cmake --build /home/nvidia/master_ws/build/plane_fitter -- -j6 -l6
[0.402s] [35m[1mScanning dependencies of target plane_fitter[0m
[0.811s] [ 50%] [32mBuilding CXX object CMakeFiles/plane_fitter.dir/src/plane_fitter.cpp.o[0m
[46.233s] [100%] [32m[1mLinking CXX executable plane_fitter[0m
[50.968s] [100%] Built target plane_fitter
[51.037s] Invoked command in '/home/nvidia/master_ws/build/plane_fitter' returned '0': CMAKE_PREFIX_PATH=${CMAKE_PREFIX_PATH}:/home/nvidia/master_ws/install/xbox:/home/nvidia/master_ws/install/lidar_control:/home/nvidia/master_ws/install/launch_car:/home/nvidia/master_ws/install/broadcaster:/home/nvidia/install/xbox:/opt/ros/foxy /usr/bin/cmake --build /home/nvidia/master_ws/build/plane_fitter -- -j6 -l6
[51.282s] Invoking command in '/home/nvidia/master_ws/build/plane_fitter': CMAKE_PREFIX_PATH=${CMAKE_PREFIX_PATH}:/home/nvidia/master_ws/install/xbox:/home/nvidia/master_ws/install/lidar_control:/home/nvidia/master_ws/install/launch_car:/home/nvidia/master_ws/install/broadcaster:/home/nvidia/install/xbox:/opt/ros/foxy /usr/bin/cmake --install /home/nvidia/master_ws/build/plane_fitter
[51.335s] -- Install configuration: ""
[51.337s] -- Installing: /home/nvidia/master_ws/install/plane_fitter/lib/plane_fitter/plane_fitter
[51.368s] -- Set runtime path of "/home/nvidia/master_ws/install/plane_fitter/lib/plane_fitter/plane_fitter" to ""
[51.369s] -- Up-to-date: /home/nvidia/master_ws/install/plane_fitter/share/ament_index/resource_index/package_run_dependencies/plane_fitter
[51.370s] -- Up-to-date: /home/nvidia/master_ws/install/plane_fitter/share/ament_index/resource_index/parent_prefix_path/plane_fitter
[51.371s] -- Up-to-date: /home/nvidia/master_ws/install/plane_fitter/share/plane_fitter/environment/ament_prefix_path.sh
[51.372s] -- Up-to-date: /home/nvidia/master_ws/install/plane_fitter/share/plane_fitter/environment/ament_prefix_path.dsv
[51.373s] -- Up-to-date: /home/nvidia/master_ws/install/plane_fitter/share/plane_fitter/environment/path.sh
[51.373s] -- Up-to-date: /home/nvidia/master_ws/install/plane_fitter/share/plane_fitter/environment/path.dsv
[51.374s] -- Up-to-date: /home/nvidia/master_ws/install/plane_fitter/share/plane_fitter/local_setup.bash
[51.374s] -- Up-to-date: /home/nvidia/master_ws/install/plane_fitter/share/plane_fitter/local_setup.sh
[51.375s] -- Up-to-date: /home/nvidia/master_ws/install/plane_fitter/share/plane_fitter/local_setup.zsh
[51.376s] -- Up-to-date: /home/nvidia/master_ws/install/plane_fitter/share/plane_fitter/local_setup.dsv
[51.376s] -- Installing: /home/nvidia/master_ws/install/plane_fitter/share/plane_fitter/package.dsv
[51.377s] -- Up-to-date: /home/nvidia/master_ws/install/plane_fitter/share/ament_index/resource_index/packages/plane_fitter
[51.377s] -- Up-to-date: /home/nvidia/master_ws/install/plane_fitter/share/plane_fitter/cmake/plane_fitterConfig.cmake
[51.377s] -- Up-to-date: /home/nvidia/master_ws/install/plane_fitter/share/plane_fitter/cmake/plane_fitterConfig-version.cmake
[51.378s] -- Up-to-date: /home/nvidia/master_ws/install/plane_fitter/share/plane_fitter/package.xml
[51.389s] Invoked command in '/home/nvidia/master_ws/build/plane_fitter' returned '0': CMAKE_PREFIX_PATH=${CMAKE_PREFIX_PATH}:/home/nvidia/master_ws/install/xbox:/home/nvidia/master_ws/install/lidar_control:/home/nvidia/master_ws/install/launch_car:/home/nvidia/master_ws/install/broadcaster:/home/nvidia/install/xbox:/opt/ros/foxy /usr/bin/cmake --install /home/nvidia/master_ws/build/plane_fitter
