[4.325s] Invoking command in '/home/nvidia/master_ws/src/xbox': PYTHONPATH=/home/nvidia/master_ws/build/xbox/prefix_override:/home/nvidia/master_ws/install/xbox/lib/python3.8/site-packages:${PYTHONPATH} /usr/bin/python3 -W ignore:setup.py install is deprecated setup.py egg_info --egg-base ../../build/xbox build --build-base /home/nvidia/master_ws/build/xbox/build install --record /home/nvidia/master_ws/build/xbox/install.log --install-scripts $base/lib/xbox --single-version-externally-managed install_data
[5.408s] running egg_info
[5.411s] writing ../../build/xbox/xbox.egg-info/PKG-INFO
[5.412s] writing dependency_links to ../../build/xbox/xbox.egg-info/dependency_links.txt
[5.414s] writing entry points to ../../build/xbox/xbox.egg-info/entry_points.txt
[5.416s] writing requirements to ../../build/xbox/xbox.egg-info/requires.txt
[5.417s] writing top-level names to ../../build/xbox/xbox.egg-info/top_level.txt
[5.563s] reading manifest file '../../build/xbox/xbox.egg-info/SOURCES.txt'
[5.567s] writing manifest file '../../build/xbox/xbox.egg-info/SOURCES.txt'
[5.568s] running build
[5.568s] running build_py
[5.570s] running install
[5.574s] running install_lib
[5.582s] running install_data
[5.582s] running install_egg_info
[5.589s] removing '/home/nvidia/master_ws/install/xbox/lib/python3.8/site-packages/xbox-0.0.0-py3.8.egg-info' (and everything under it)
[5.592s] Copying ../../build/xbox/xbox.egg-info to /home/nvidia/master_ws/install/xbox/lib/python3.8/site-packages/xbox-0.0.0-py3.8.egg-info
[5.597s] running install_scripts
[5.672s] Installing control script to /home/nvidia/master_ws/install/xbox/lib/xbox
[5.677s] writing list of installed files to '/home/nvidia/master_ws/build/xbox/install.log'
[5.764s] Invoked command in '/home/nvidia/master_ws/src/xbox' returned '0': PYTHONPATH=/home/nvidia/master_ws/build/xbox/prefix_override:/home/nvidia/master_ws/install/xbox/lib/python3.8/site-packages:${PYTHONPATH} /usr/bin/python3 -W ignore:setup.py install is deprecated setup.py egg_info --egg-base ../../build/xbox build --build-base /home/nvidia/master_ws/build/xbox/build install --record /home/nvidia/master_ws/build/xbox/install.log --install-scripts $base/lib/xbox --single-version-externally-managed install_data
