[0.210s] Invoking command in '/home/nvidia/master_ws/build/velodyne_laserscan': CMAKE_PREFIX_PATH=${CMAKE_PREFIX_PATH}:/home/nvidia/master_ws/install/xbox:/home/nvidia/master_ws/install/lidar_control:/home/nvidia/master_ws/install/launch_car:/home/nvidia/master_ws/install/broadcaster:/home/nvidia/install/xbox:/opt/ros/foxy /usr/bin/cmake /home/nvidia/master_ws/src/velodyne/velodyne_laserscan -DCMAKE_INSTALL_PREFIX=/home/nvidia/master_ws/install/velodyne_laserscan
[1.789s] -- The C compiler identification is GNU 9.4.0
[1.790s] -- The CXX compiler identification is GNU 9.4.0
[1.790s] -- Check for working C compiler: /usr/bin/cc
[1.791s] -- Check for working C compiler: /usr/bin/cc -- works
[1.791s] -- Detecting C compiler ABI info
[2.005s] -- Detecting C compiler ABI info - done
[2.077s] -- Detecting C compile features
[2.079s] -- Detecting C compile features - done
[2.091s] -- Check for working CXX compiler: /usr/bin/c++
[2.555s] -- Check for working CXX compiler: /usr/bin/c++ -- works
[2.563s] -- Detecting CXX compiler ABI info
[3.179s] -- Detecting CXX compiler ABI info - done
[3.246s] -- Detecting CXX compile features
[3.250s] -- Detecting CXX compile features - done
[3.263s] -- Found ament_cmake_ros: 0.9.2 (/opt/ros/foxy/share/ament_cmake_ros/cmake)
[3.482s] -- Found PythonInterp: /usr/bin/python3 (found suitable version "3.8.10", minimum required is "3") 
[3.486s] -- Using PYTHON_EXECUTABLE: /usr/bin/python3
[4.934s] -- Found rclcpp: 2.4.3 (/opt/ros/foxy/share/rclcpp/cmake)
[5.305s] -- Using all available rosidl_typesupport_c: rosidl_typesupport_fastrtps_c;rosidl_typesupport_introspection_c
[5.349s] -- Found rosidl_adapter: 1.3.1 (/opt/ros/foxy/share/rosidl_adapter/cmake)
[6.105s] -- Found OpenSSL: /usr/lib/aarch64-linux-gnu/libcrypto.so (found version "1.1.1f")  
[6.324s] -- Found FastRTPS: /opt/ros/foxy/include  
[6.936s] -- Using all available rosidl_typesupport_cpp: rosidl_typesupport_fastrtps_cpp;rosidl_typesupport_introspection_cpp
[7.280s] -- Found rmw_implementation_cmake: 1.0.4 (/opt/ros/foxy/share/rmw_implementation_cmake/cmake)
[7.293s] -- Using RMW implementation 'rmw_fastrtps_cpp' as default
[7.301s] -- Looking for pthread.h
[8.052s] -- Looking for pthread.h - found
[8.054s] -- Performing Test CMAKE_HAVE_LIBC_PTHREAD
[8.692s] -- Performing Test CMAKE_HAVE_LIBC_PTHREAD - Failed
[8.693s] -- Looking for pthread_create in pthreads
[9.149s] -- Looking for pthread_create in pthreads - not found
[9.154s] -- Looking for pthread_create in pthread
[9.770s] -- Looking for pthread_create in pthread - found
[9.784s] -- Found Threads: TRUE  
[10.824s] -- Found rclcpp_components: 2.4.3 (/opt/ros/foxy/share/rclcpp_components/cmake)
[11.365s] -- Found sensor_msgs: 2.0.5 (/opt/ros/foxy/share/sensor_msgs/cmake)
[12.261s] -- Found ament_lint_auto: 0.9.8 (/opt/ros/foxy/share/ament_lint_auto/cmake)
[12.785s] -- Added test 'copyright' to check source files copyright and LICENSE
[12.817s] -- Added test 'cppcheck' to perform static code analysis on C / C++ code
[12.819s] -- Configured cppcheck include dirs: /home/nvidia/master_ws/src/velodyne/velodyne_laserscan/include
[12.820s] -- Configured cppcheck exclude dirs and/or files: 
[12.831s] -- Added test 'cpplint' to check C / C++ code against the Google style
[12.832s] -- Configured cpplint exclude dirs and/or files: 
[12.838s] -- Added test 'flake8' to check Python code syntax and style conventions
[12.846s] -- Added test 'lint_cmake' to check CMake code style
[12.851s] -- Added test 'pep257' to check Python code against some of the style conventions in PEP 257
[12.864s] -- Added test 'uncrustify' to check C / C++ code style
[12.865s] -- Configured uncrustify additional arguments: 
[12.871s] -- Added test 'xmllint' to check XML markup files
[12.909s] -- Configuring done
[13.004s] -- Generating done
[13.018s] -- Build files have been written to: /home/nvidia/master_ws/build/velodyne_laserscan
[13.093s] Invoked command in '/home/nvidia/master_ws/build/velodyne_laserscan' returned '0': CMAKE_PREFIX_PATH=${CMAKE_PREFIX_PATH}:/home/nvidia/master_ws/install/xbox:/home/nvidia/master_ws/install/lidar_control:/home/nvidia/master_ws/install/launch_car:/home/nvidia/master_ws/install/broadcaster:/home/nvidia/install/xbox:/opt/ros/foxy /usr/bin/cmake /home/nvidia/master_ws/src/velodyne/velodyne_laserscan -DCMAKE_INSTALL_PREFIX=/home/nvidia/master_ws/install/velodyne_laserscan
[13.097s] Invoking command in '/home/nvidia/master_ws/build/velodyne_laserscan': CMAKE_PREFIX_PATH=${CMAKE_PREFIX_PATH}:/home/nvidia/master_ws/install/xbox:/home/nvidia/master_ws/install/lidar_control:/home/nvidia/master_ws/install/launch_car:/home/nvidia/master_ws/install/broadcaster:/home/nvidia/install/xbox:/opt/ros/foxy /usr/bin/cmake --build /home/nvidia/master_ws/build/velodyne_laserscan -- -j4 -l4
[13.525s] [35m[1mScanning dependencies of target velodyne_laserscan[0m
[14.112s] [ 25%] [32mBuilding CXX object CMakeFiles/velodyne_laserscan.dir/src/velodyne_laserscan.cpp.o[0m
[55.553s] [ 50%] [32m[1mLinking CXX shared library libvelodyne_laserscan.so[0m
[57.633s] [ 50%] Built target velodyne_laserscan
[57.842s] [35m[1mScanning dependencies of target velodyne_laserscan_node[0m
[58.191s] [ 75%] [32mBuilding CXX object CMakeFiles/velodyne_laserscan_node.dir/src/node.cpp.o[0m
[70.192s] [100%] [32m[1mLinking CXX executable velodyne_laserscan_node[0m
[71.118s] [100%] Built target velodyne_laserscan_node
[71.247s] Invoked command in '/home/nvidia/master_ws/build/velodyne_laserscan' returned '0': CMAKE_PREFIX_PATH=${CMAKE_PREFIX_PATH}:/home/nvidia/master_ws/install/xbox:/home/nvidia/master_ws/install/lidar_control:/home/nvidia/master_ws/install/launch_car:/home/nvidia/master_ws/install/broadcaster:/home/nvidia/install/xbox:/opt/ros/foxy /usr/bin/cmake --build /home/nvidia/master_ws/build/velodyne_laserscan -- -j4 -l4
[71.465s] Invoking command in '/home/nvidia/master_ws/build/velodyne_laserscan': CMAKE_PREFIX_PATH=${CMAKE_PREFIX_PATH}:/home/nvidia/master_ws/install/xbox:/home/nvidia/master_ws/install/lidar_control:/home/nvidia/master_ws/install/launch_car:/home/nvidia/master_ws/install/broadcaster:/home/nvidia/install/xbox:/opt/ros/foxy /usr/bin/cmake --install /home/nvidia/master_ws/build/velodyne_laserscan
[71.586s] -- Install configuration: ""
[71.596s] -- Installing: /home/nvidia/master_ws/install/velodyne_laserscan/lib/libvelodyne_laserscan.so
[71.659s] -- Set runtime path of "/home/nvidia/master_ws/install/velodyne_laserscan/lib/libvelodyne_laserscan.so" to ""
[71.672s] -- Installing: /home/nvidia/master_ws/install/velodyne_laserscan/lib/velodyne_laserscan/velodyne_laserscan_node
[71.677s] -- Set runtime path of "/home/nvidia/master_ws/install/velodyne_laserscan/lib/velodyne_laserscan/velodyne_laserscan_node" to ""
[71.678s] -- Installing: /home/nvidia/master_ws/install/velodyne_laserscan/include/velodyne_laserscan
[71.681s] -- Installing: /home/nvidia/master_ws/install/velodyne_laserscan/include/velodyne_laserscan/velodyne_laserscan.hpp
[71.681s] -- Installing: /home/nvidia/master_ws/install/velodyne_laserscan/share/velodyne_laserscan/config
[71.682s] -- Installing: /home/nvidia/master_ws/install/velodyne_laserscan/share/velodyne_laserscan/config/default-velodyne_laserscan_node-params.yaml
[71.687s] -- Installing: /home/nvidia/master_ws/install/velodyne_laserscan/share/velodyne_laserscan/launch
[71.691s] -- Installing: /home/nvidia/master_ws/install/velodyne_laserscan/share/velodyne_laserscan/launch/velodyne_laserscan_node-launch.py
[71.692s] -- Installing: /home/nvidia/master_ws/install/velodyne_laserscan/share/velodyne_laserscan/launch/velodyne_laserscan_node-composed-launch.py
[71.695s] -- Installing: /home/nvidia/master_ws/install/velodyne_laserscan/share/ament_index/resource_index/package_run_dependencies/velodyne_laserscan
[71.699s] -- Installing: /home/nvidia/master_ws/install/velodyne_laserscan/share/ament_index/resource_index/parent_prefix_path/velodyne_laserscan
[71.700s] -- Installing: /home/nvidia/master_ws/install/velodyne_laserscan/share/velodyne_laserscan/environment/ament_prefix_path.sh
[71.701s] -- Installing: /home/nvidia/master_ws/install/velodyne_laserscan/share/velodyne_laserscan/environment/ament_prefix_path.dsv
[71.704s] -- Installing: /home/nvidia/master_ws/install/velodyne_laserscan/share/velodyne_laserscan/environment/path.sh
[71.704s] -- Installing: /home/nvidia/master_ws/install/velodyne_laserscan/share/velodyne_laserscan/environment/path.dsv
[71.705s] -- Installing: /home/nvidia/master_ws/install/velodyne_laserscan/share/velodyne_laserscan/local_setup.bash
[71.706s] -- Installing: /home/nvidia/master_ws/install/velodyne_laserscan/share/velodyne_laserscan/local_setup.sh
[71.707s] -- Installing: /home/nvidia/master_ws/install/velodyne_laserscan/share/velodyne_laserscan/local_setup.zsh
[71.708s] -- Installing: /home/nvidia/master_ws/install/velodyne_laserscan/share/velodyne_laserscan/local_setup.dsv
[71.710s] -- Installing: /home/nvidia/master_ws/install/velodyne_laserscan/share/velodyne_laserscan/package.dsv
[71.713s] -- Installing: /home/nvidia/master_ws/install/velodyne_laserscan/share/ament_index/resource_index/packages/velodyne_laserscan
[71.715s] -- Installing: /home/nvidia/master_ws/install/velodyne_laserscan/share/ament_index/resource_index/rclcpp_components/velodyne_laserscan
[71.717s] -- Installing: /home/nvidia/master_ws/install/velodyne_laserscan/share/velodyne_laserscan/cmake/velodyne_laserscanConfig.cmake
[71.717s] -- Installing: /home/nvidia/master_ws/install/velodyne_laserscan/share/velodyne_laserscan/cmake/velodyne_laserscanConfig-version.cmake
[71.719s] -- Installing: /home/nvidia/master_ws/install/velodyne_laserscan/share/velodyne_laserscan/package.xml
[71.733s] Invoked command in '/home/nvidia/master_ws/build/velodyne_laserscan' returned '0': CMAKE_PREFIX_PATH=${CMAKE_PREFIX_PATH}:/home/nvidia/master_ws/install/xbox:/home/nvidia/master_ws/install/lidar_control:/home/nvidia/master_ws/install/launch_car:/home/nvidia/master_ws/install/broadcaster:/home/nvidia/install/xbox:/opt/ros/foxy /usr/bin/cmake --install /home/nvidia/master_ws/build/velodyne_laserscan
