[0.228s] Invoking command in '/home/nvidia/master_ws/build/velodyne_msgs': CMAKE_PREFIX_PATH=${CMAKE_PREFIX_PATH}:/home/nvidia/master_ws/install/broadcaster:/home/nvidia/velodyne_drivers/install/example:/home/nvidia/velodyne_drivers/install/broadcast_and_listener:/home/nvidia/velodyne_drivers/install/examples_tf2_py:/home/nvidia/velodyne_drivers/install/broadcaster:/home/nvidia/velodyne_drivers/install/test_converter:/home/nvidia/velodyne_drivers/install/py_launch_example:/opt/ros/foxy /usr/bin/cmake --build /home/nvidia/master_ws/build/velodyne_msgs -- -j4 -l4
[1.806s] [  2%] Built target velodyne_msgs__cpp
[1.811s] [ 12%] Built target velodyne_msgs__rosidl_generator_c
[1.812s] [ 23%] Built target velodyne_msgs__rosidl_typesupport_fastrtps_cpp
[1.812s] [ 33%] Built target velodyne_msgs__rosidl_typesupport_introspection_cpp
[1.813s] [ 43%] Built target velodyne_msgs__rosidl_typesupport_cpp
[1.814s] [ 53%] Built target velodyne_msgs__rosidl_typesupport_introspection_c
[1.815s] [ 64%] Built target velodyne_msgs__rosidl_typesupport_fastrtps_c
[1.817s] [ 74%] Built target velodyne_msgs__rosidl_typesupport_c
[1.817s] [ 74%] Built target velodyne_msgs
[1.819s] [ 76%] Built target velodyne_msgs__py
[1.819s] [ 84%] Built target velodyne_msgs__python
[1.820s] [ 89%] Built target velodyne_msgs__rosidl_typesupport_fastrtps_c__pyext
[1.820s] [ 94%] Built target velodyne_msgs__rosidl_typesupport_c__pyext
[1.821s] [100%] Built target velodyne_msgs__rosidl_typesupport_introspection_c__pyext
[1.848s] Invoked command in '/home/nvidia/master_ws/build/velodyne_msgs' returned '0': CMAKE_PREFIX_PATH=${CMAKE_PREFIX_PATH}:/home/nvidia/master_ws/install/broadcaster:/home/nvidia/velodyne_drivers/install/example:/home/nvidia/velodyne_drivers/install/broadcast_and_listener:/home/nvidia/velodyne_drivers/install/examples_tf2_py:/home/nvidia/velodyne_drivers/install/broadcaster:/home/nvidia/velodyne_drivers/install/test_converter:/home/nvidia/velodyne_drivers/install/py_launch_example:/opt/ros/foxy /usr/bin/cmake --build /home/nvidia/master_ws/build/velodyne_msgs -- -j4 -l4
[2.681s] Invoking command in '/home/nvidia/master_ws/build/velodyne_msgs': CMAKE_PREFIX_PATH=${CMAKE_PREFIX_PATH}:/home/nvidia/master_ws/install/broadcaster:/home/nvidia/velodyne_drivers/install/example:/home/nvidia/velodyne_drivers/install/broadcast_and_listener:/home/nvidia/velodyne_drivers/install/examples_tf2_py:/home/nvidia/velodyne_drivers/install/broadcaster:/home/nvidia/velodyne_drivers/install/test_converter:/home/nvidia/velodyne_drivers/install/py_launch_example:/opt/ros/foxy /usr/bin/cmake --install /home/nvidia/master_ws/build/velodyne_msgs
[2.742s] -- Install configuration: ""
[2.745s] -- Up-to-date: /home/nvidia/master_ws/install/velodyne_msgs/share/ament_index/resource_index/rosidl_interfaces/velodyne_msgs
[2.745s] -- Up-to-date: /home/nvidia/master_ws/install/velodyne_msgs/include/velodyne_msgs
[2.745s] -- Up-to-date: /home/nvidia/master_ws/install/velodyne_msgs/include/velodyne_msgs/msg
[2.746s] -- Up-to-date: /home/nvidia/master_ws/install/velodyne_msgs/include/velodyne_msgs/msg/velodyne_scan.h
[2.746s] -- Up-to-date: /home/nvidia/master_ws/install/velodyne_msgs/include/velodyne_msgs/msg/rosidl_generator_c__visibility_control.h
[2.747s] -- Up-to-date: /home/nvidia/master_ws/install/velodyne_msgs/include/velodyne_msgs/msg/velodyne_packet.h
[2.747s] -- Up-to-date: /home/nvidia/master_ws/install/velodyne_msgs/include/velodyne_msgs/msg/detail
[2.747s] -- Up-to-date: /home/nvidia/master_ws/install/velodyne_msgs/include/velodyne_msgs/msg/detail/velodyne_packet__functions.c
[2.757s] -- Up-to-date: /home/nvidia/master_ws/install/velodyne_msgs/include/velodyne_msgs/msg/detail/velodyne_packet__struct.h
[2.758s] -- Up-to-date: /home/nvidia/master_ws/install/velodyne_msgs/include/velodyne_msgs/msg/detail/velodyne_packet__type_support.h
[2.758s] -- Up-to-date: /home/nvidia/master_ws/install/velodyne_msgs/include/velodyne_msgs/msg/detail/velodyne_packet__functions.h
[2.759s] -- Up-to-date: /home/nvidia/master_ws/install/velodyne_msgs/include/velodyne_msgs/msg/detail/velodyne_scan__functions.c
[2.759s] -- Up-to-date: /home/nvidia/master_ws/install/velodyne_msgs/include/velodyne_msgs/msg/detail/velodyne_scan__struct.h
[2.760s] -- Up-to-date: /home/nvidia/master_ws/install/velodyne_msgs/include/velodyne_msgs/msg/detail/velodyne_scan__type_support.h
[2.760s] -- Up-to-date: /home/nvidia/master_ws/install/velodyne_msgs/include/velodyne_msgs/msg/detail/velodyne_scan__functions.h
[2.762s] -- Up-to-date: /home/nvidia/master_ws/install/velodyne_msgs/share/velodyne_msgs/environment/library_path.sh
[2.765s] -- Up-to-date: /home/nvidia/master_ws/install/velodyne_msgs/share/velodyne_msgs/environment/library_path.dsv
[2.768s] -- Up-to-date: /home/nvidia/master_ws/install/velodyne_msgs/lib/libvelodyne_msgs__rosidl_generator_c.so
[2.768s] -- Up-to-date: /home/nvidia/master_ws/install/velodyne_msgs/include/velodyne_msgs
[2.769s] -- Up-to-date: /home/nvidia/master_ws/install/velodyne_msgs/include/velodyne_msgs/msg
[2.769s] -- Up-to-date: /home/nvidia/master_ws/install/velodyne_msgs/include/velodyne_msgs/msg/rosidl_typesupport_fastrtps_c__visibility_control.h
[2.769s] -- Up-to-date: /home/nvidia/master_ws/install/velodyne_msgs/include/velodyne_msgs/msg/detail
[2.770s] -- Up-to-date: /home/nvidia/master_ws/install/velodyne_msgs/include/velodyne_msgs/msg/detail/velodyne_scan__rosidl_typesupport_fastrtps_c.h
[2.770s] -- Up-to-date: /home/nvidia/master_ws/install/velodyne_msgs/include/velodyne_msgs/msg/detail/velodyne_packet__rosidl_typesupport_fastrtps_c.h
[2.770s] -- Up-to-date: /home/nvidia/master_ws/install/velodyne_msgs/lib/libvelodyne_msgs__rosidl_typesupport_fastrtps_c.so
[2.771s] -- Up-to-date: /home/nvidia/master_ws/install/velodyne_msgs/include/velodyne_msgs
[2.771s] -- Up-to-date: /home/nvidia/master_ws/install/velodyne_msgs/include/velodyne_msgs/msg
[2.772s] -- Up-to-date: /home/nvidia/master_ws/install/velodyne_msgs/include/velodyne_msgs/msg/detail
[2.772s] -- Up-to-date: /home/nvidia/master_ws/install/velodyne_msgs/include/velodyne_msgs/msg/detail/velodyne_packet__rosidl_typesupport_fastrtps_cpp.hpp
[2.773s] -- Up-to-date: /home/nvidia/master_ws/install/velodyne_msgs/include/velodyne_msgs/msg/detail/velodyne_scan__rosidl_typesupport_fastrtps_cpp.hpp
[2.773s] -- Up-to-date: /home/nvidia/master_ws/install/velodyne_msgs/include/velodyne_msgs/msg/detail/dds_fastrtps
[2.774s] -- Up-to-date: /home/nvidia/master_ws/install/velodyne_msgs/include/velodyne_msgs/msg/rosidl_typesupport_fastrtps_cpp__visibility_control.h
[2.774s] -- Up-to-date: /home/nvidia/master_ws/install/velodyne_msgs/lib/libvelodyne_msgs__rosidl_typesupport_fastrtps_cpp.so
[2.774s] -- Up-to-date: /home/nvidia/master_ws/install/velodyne_msgs/include/velodyne_msgs
[2.775s] -- Up-to-date: /home/nvidia/master_ws/install/velodyne_msgs/include/velodyne_msgs/msg
[2.775s] -- Up-to-date: /home/nvidia/master_ws/install/velodyne_msgs/include/velodyne_msgs/msg/detail
[2.775s] -- Up-to-date: /home/nvidia/master_ws/install/velodyne_msgs/include/velodyne_msgs/msg/detail/velodyne_packet__type_support.c
[2.775s] -- Up-to-date: /home/nvidia/master_ws/install/velodyne_msgs/include/velodyne_msgs/msg/detail/velodyne_scan__rosidl_typesupport_introspection_c.h
[2.776s] -- Up-to-date: /home/nvidia/master_ws/install/velodyne_msgs/include/velodyne_msgs/msg/detail/velodyne_packet__rosidl_typesupport_introspection_c.h
[2.777s] -- Up-to-date: /home/nvidia/master_ws/install/velodyne_msgs/include/velodyne_msgs/msg/detail/velodyne_scan__type_support.c
[2.778s] -- Up-to-date: /home/nvidia/master_ws/install/velodyne_msgs/include/velodyne_msgs/msg/rosidl_typesupport_introspection_c__visibility_control.h
[2.778s] -- Up-to-date: /home/nvidia/master_ws/install/velodyne_msgs/lib/libvelodyne_msgs__rosidl_typesupport_introspection_c.so
[2.779s] -- Up-to-date: /home/nvidia/master_ws/install/velodyne_msgs/lib/libvelodyne_msgs__rosidl_typesupport_c.so
[2.781s] -- Up-to-date: /home/nvidia/master_ws/install/velodyne_msgs/include/velodyne_msgs
[2.781s] -- Up-to-date: /home/nvidia/master_ws/install/velodyne_msgs/include/velodyne_msgs/msg
[2.781s] -- Up-to-date: /home/nvidia/master_ws/install/velodyne_msgs/include/velodyne_msgs/msg/velodyne_scan.hpp
[2.782s] -- Up-to-date: /home/nvidia/master_ws/install/velodyne_msgs/include/velodyne_msgs/msg/velodyne_packet.hpp
[2.783s] -- Up-to-date: /home/nvidia/master_ws/install/velodyne_msgs/include/velodyne_msgs/msg/rosidl_generator_cpp__visibility_control.hpp
[2.784s] -- Up-to-date: /home/nvidia/master_ws/install/velodyne_msgs/include/velodyne_msgs/msg/detail
[2.784s] -- Up-to-date: /home/nvidia/master_ws/install/velodyne_msgs/include/velodyne_msgs/msg/detail/velodyne_scan__type_support.hpp
[2.784s] -- Up-to-date: /home/nvidia/master_ws/install/velodyne_msgs/include/velodyne_msgs/msg/detail/velodyne_packet__traits.hpp
[2.785s] -- Up-to-date: /home/nvidia/master_ws/install/velodyne_msgs/include/velodyne_msgs/msg/detail/velodyne_scan__traits.hpp
[2.785s] -- Up-to-date: /home/nvidia/master_ws/install/velodyne_msgs/include/velodyne_msgs/msg/detail/velodyne_scan__struct.hpp
[2.785s] -- Up-to-date: /home/nvidia/master_ws/install/velodyne_msgs/include/velodyne_msgs/msg/detail/velodyne_scan__builder.hpp
[2.786s] -- Up-to-date: /home/nvidia/master_ws/install/velodyne_msgs/include/velodyne_msgs/msg/detail/velodyne_packet__builder.hpp
[2.786s] -- Up-to-date: /home/nvidia/master_ws/install/velodyne_msgs/include/velodyne_msgs/msg/detail/velodyne_packet__type_support.hpp
[2.786s] -- Up-to-date: /home/nvidia/master_ws/install/velodyne_msgs/include/velodyne_msgs/msg/detail/velodyne_packet__struct.hpp
[2.787s] -- Up-to-date: /home/nvidia/master_ws/install/velodyne_msgs/include/velodyne_msgs
[2.787s] -- Up-to-date: /home/nvidia/master_ws/install/velodyne_msgs/include/velodyne_msgs/msg
[2.787s] -- Up-to-date: /home/nvidia/master_ws/install/velodyne_msgs/include/velodyne_msgs/msg/detail
[2.787s] -- Up-to-date: /home/nvidia/master_ws/install/velodyne_msgs/include/velodyne_msgs/msg/detail/velodyne_packet__type_support.cpp
[2.788s] -- Up-to-date: /home/nvidia/master_ws/install/velodyne_msgs/include/velodyne_msgs/msg/detail/velodyne_packet__rosidl_typesupport_introspection_cpp.hpp
[2.788s] -- Up-to-date: /home/nvidia/master_ws/install/velodyne_msgs/include/velodyne_msgs/msg/detail/velodyne_scan__type_support.cpp
[2.788s] -- Up-to-date: /home/nvidia/master_ws/install/velodyne_msgs/include/velodyne_msgs/msg/detail/velodyne_scan__rosidl_typesupport_introspection_cpp.hpp
[2.789s] -- Up-to-date: /home/nvidia/master_ws/install/velodyne_msgs/lib/libvelodyne_msgs__rosidl_typesupport_introspection_cpp.so
[2.789s] -- Up-to-date: /home/nvidia/master_ws/install/velodyne_msgs/lib/libvelodyne_msgs__rosidl_typesupport_cpp.so
[2.789s] -- Up-to-date: /home/nvidia/master_ws/install/velodyne_msgs/share/velodyne_msgs/environment/pythonpath.sh
[2.790s] -- Up-to-date: /home/nvidia/master_ws/install/velodyne_msgs/share/velodyne_msgs/environment/pythonpath.dsv
[2.790s] -- Up-to-date: /home/nvidia/master_ws/install/velodyne_msgs/lib/python3.8/site-packages/velodyne_msgs/__init__.py
[3.020s] -- Up-to-date: /home/nvidia/master_ws/install/velodyne_msgs/lib/python3.8/site-packages/velodyne_msgs/msg
[3.020s] -- Up-to-date: /home/nvidia/master_ws/install/velodyne_msgs/lib/python3.8/site-packages/velodyne_msgs/msg/_velodyne_scan_s.c
[3.021s] -- Up-to-date: /home/nvidia/master_ws/install/velodyne_msgs/lib/python3.8/site-packages/velodyne_msgs/msg/_velodyne_packet_s.c
[3.021s] -- Up-to-date: /home/nvidia/master_ws/install/velodyne_msgs/lib/python3.8/site-packages/velodyne_msgs/msg/_velodyne_scan.py
[3.022s] -- Up-to-date: /home/nvidia/master_ws/install/velodyne_msgs/lib/python3.8/site-packages/velodyne_msgs/msg/_velodyne_packet.py
[3.022s] -- Up-to-date: /home/nvidia/master_ws/install/velodyne_msgs/lib/python3.8/site-packages/velodyne_msgs/msg/__init__.py
[3.023s] -- Up-to-date: /home/nvidia/master_ws/install/velodyne_msgs/lib/python3.8/site-packages/velodyne_msgs/velodyne_msgs_s__rosidl_typesupport_fastrtps_c.cpython-38-aarch64-linux-gnu.so
[3.024s] -- Up-to-date: /home/nvidia/master_ws/install/velodyne_msgs/lib/python3.8/site-packages/velodyne_msgs/velodyne_msgs_s__rosidl_typesupport_introspection_c.cpython-38-aarch64-linux-gnu.so
[3.029s] -- Up-to-date: /home/nvidia/master_ws/install/velodyne_msgs/lib/python3.8/site-packages/velodyne_msgs/velodyne_msgs_s__rosidl_typesupport_c.cpython-38-aarch64-linux-gnu.so
[3.032s] -- Up-to-date: /home/nvidia/master_ws/install/velodyne_msgs/lib/libvelodyne_msgs__python.so
[3.036s] -- Up-to-date: /home/nvidia/master_ws/install/velodyne_msgs/share/velodyne_msgs/msg/VelodynePacket.idl
[3.038s] -- Up-to-date: /home/nvidia/master_ws/install/velodyne_msgs/share/velodyne_msgs/msg/VelodyneScan.idl
[3.039s] -- Up-to-date: /home/nvidia/master_ws/install/velodyne_msgs/share/velodyne_msgs/msg/VelodynePacket.msg
[3.039s] -- Up-to-date: /home/nvidia/master_ws/install/velodyne_msgs/share/velodyne_msgs/msg/VelodyneScan.msg
[3.040s] -- Up-to-date: /home/nvidia/master_ws/install/velodyne_msgs/share/ament_index/resource_index/package_run_dependencies/velodyne_msgs
[3.040s] -- Up-to-date: /home/nvidia/master_ws/install/velodyne_msgs/share/ament_index/resource_index/parent_prefix_path/velodyne_msgs
[3.041s] -- Up-to-date: /home/nvidia/master_ws/install/velodyne_msgs/share/velodyne_msgs/environment/ament_prefix_path.sh
[3.042s] -- Up-to-date: /home/nvidia/master_ws/install/velodyne_msgs/share/velodyne_msgs/environment/ament_prefix_path.dsv
[3.042s] -- Up-to-date: /home/nvidia/master_ws/install/velodyne_msgs/share/velodyne_msgs/environment/path.sh
[3.043s] -- Up-to-date: /home/nvidia/master_ws/install/velodyne_msgs/share/velodyne_msgs/environment/path.dsv
[3.043s] -- Up-to-date: /home/nvidia/master_ws/install/velodyne_msgs/share/velodyne_msgs/local_setup.bash
[3.044s] -- Up-to-date: /home/nvidia/master_ws/install/velodyne_msgs/share/velodyne_msgs/local_setup.sh
[3.044s] -- Up-to-date: /home/nvidia/master_ws/install/velodyne_msgs/share/velodyne_msgs/local_setup.zsh
[3.046s] -- Up-to-date: /home/nvidia/master_ws/install/velodyne_msgs/share/velodyne_msgs/local_setup.dsv
[3.046s] -- Installing: /home/nvidia/master_ws/install/velodyne_msgs/share/velodyne_msgs/package.dsv
[3.050s] -- Up-to-date: /home/nvidia/master_ws/install/velodyne_msgs/share/ament_index/resource_index/packages/velodyne_msgs
[3.051s] -- Up-to-date: /home/nvidia/master_ws/install/velodyne_msgs/share/velodyne_msgs/cmake/velodyne_msgs__rosidl_generator_cExport.cmake
[3.052s] -- Up-to-date: /home/nvidia/master_ws/install/velodyne_msgs/share/velodyne_msgs/cmake/velodyne_msgs__rosidl_generator_cExport-noconfig.cmake
[3.054s] -- Up-to-date: /home/nvidia/master_ws/install/velodyne_msgs/share/velodyne_msgs/cmake/velodyne_msgs__rosidl_typesupport_introspection_cExport.cmake
[3.056s] -- Up-to-date: /home/nvidia/master_ws/install/velodyne_msgs/share/velodyne_msgs/cmake/velodyne_msgs__rosidl_typesupport_introspection_cExport-noconfig.cmake
[3.056s] -- Up-to-date: /home/nvidia/master_ws/install/velodyne_msgs/share/velodyne_msgs/cmake/velodyne_msgs__rosidl_typesupport_cExport.cmake
[3.057s] -- Up-to-date: /home/nvidia/master_ws/install/velodyne_msgs/share/velodyne_msgs/cmake/velodyne_msgs__rosidl_typesupport_cExport-noconfig.cmake
[3.058s] -- Up-to-date: /home/nvidia/master_ws/install/velodyne_msgs/share/velodyne_msgs/cmake/velodyne_msgs__rosidl_generator_cppExport.cmake
[3.059s] -- Up-to-date: /home/nvidia/master_ws/install/velodyne_msgs/share/velodyne_msgs/cmake/velodyne_msgs__rosidl_typesupport_introspection_cppExport.cmake
[3.060s] -- Up-to-date: /home/nvidia/master_ws/install/velodyne_msgs/share/velodyne_msgs/cmake/velodyne_msgs__rosidl_typesupport_introspection_cppExport-noconfig.cmake
[3.061s] -- Up-to-date: /home/nvidia/master_ws/install/velodyne_msgs/share/velodyne_msgs/cmake/velodyne_msgs__rosidl_typesupport_cppExport.cmake
[3.061s] -- Up-to-date: /home/nvidia/master_ws/install/velodyne_msgs/share/velodyne_msgs/cmake/velodyne_msgs__rosidl_typesupport_cppExport-noconfig.cmake
[3.062s] -- Up-to-date: /home/nvidia/master_ws/install/velodyne_msgs/share/velodyne_msgs/cmake/rosidl_cmake-extras.cmake
[3.063s] -- Up-to-date: /home/nvidia/master_ws/install/velodyne_msgs/share/velodyne_msgs/cmake/ament_cmake_export_dependencies-extras.cmake
[3.067s] -- Up-to-date: /home/nvidia/master_ws/install/velodyne_msgs/share/velodyne_msgs/cmake/ament_cmake_export_libraries-extras.cmake
[3.068s] -- Up-to-date: /home/nvidia/master_ws/install/velodyne_msgs/share/velodyne_msgs/cmake/ament_cmake_export_targets-extras.cmake
[3.068s] -- Up-to-date: /home/nvidia/master_ws/install/velodyne_msgs/share/velodyne_msgs/cmake/ament_cmake_export_include_directories-extras.cmake
[3.074s] -- Up-to-date: /home/nvidia/master_ws/install/velodyne_msgs/share/velodyne_msgs/cmake/rosidl_cmake_export_typesupport_libraries-extras.cmake
[3.075s] -- Up-to-date: /home/nvidia/master_ws/install/velodyne_msgs/share/velodyne_msgs/cmake/rosidl_cmake_export_typesupport_targets-extras.cmake
[3.075s] -- Up-to-date: /home/nvidia/master_ws/install/velodyne_msgs/share/velodyne_msgs/cmake/velodyne_msgsConfig.cmake
[3.076s] -- Up-to-date: /home/nvidia/master_ws/install/velodyne_msgs/share/velodyne_msgs/cmake/velodyne_msgsConfig-version.cmake
[3.076s] -- Up-to-date: /home/nvidia/master_ws/install/velodyne_msgs/share/velodyne_msgs/package.xml
[3.091s] Invoked command in '/home/nvidia/master_ws/build/velodyne_msgs' returned '0': CMAKE_PREFIX_PATH=${CMAKE_PREFIX_PATH}:/home/nvidia/master_ws/install/broadcaster:/home/nvidia/velodyne_drivers/install/example:/home/nvidia/velodyne_drivers/install/broadcast_and_listener:/home/nvidia/velodyne_drivers/install/examples_tf2_py:/home/nvidia/velodyne_drivers/install/broadcaster:/home/nvidia/velodyne_drivers/install/test_converter:/home/nvidia/velodyne_drivers/install/py_launch_example:/opt/ros/foxy /usr/bin/cmake --install /home/nvidia/master_ws/build/velodyne_msgs
