[2.848s] Invoking command in '/home/nvidia/master_ws/src/lidar_control': PYTHONPATH=/home/nvidia/master_ws/build/lidar_control/prefix_override:/home/nvidia/master_ws/install/lidar_control/lib/python3.8/site-packages:${PYTHONPATH} /usr/bin/python3 -W ignore:setup.py install is deprecated setup.py egg_info --egg-base ../../build/lidar_control build --build-base /home/nvidia/master_ws/build/lidar_control/build install --record /home/nvidia/master_ws/build/lidar_control/install.log --install-scripts $base/lib/lidar_control --single-version-externally-managed install_data
[3.870s] running egg_info
[3.872s] writing ../../build/lidar_control/lidar_control.egg-info/PKG-INFO
[3.874s] writing dependency_links to ../../build/lidar_control/lidar_control.egg-info/dependency_links.txt
[3.875s] writing entry points to ../../build/lidar_control/lidar_control.egg-info/entry_points.txt
[3.875s] writing requirements to ../../build/lidar_control/lidar_control.egg-info/requires.txt
[3.876s] writing top-level names to ../../build/lidar_control/lidar_control.egg-info/top_level.txt
[4.014s] reading manifest file '../../build/lidar_control/lidar_control.egg-info/SOURCES.txt'
[4.018s] writing manifest file '../../build/lidar_control/lidar_control.egg-info/SOURCES.txt'
[4.018s] running build
[4.019s] running build_py
[4.020s] copying lidar_control/lidar_control.py -> /home/nvidia/master_ws/build/lidar_control/build/lib/lidar_control
[4.021s] running install
[4.024s] running install_lib
[4.028s] copying /home/nvidia/master_ws/build/lidar_control/build/lib/lidar_control/lidar_control.py -> /home/nvidia/master_ws/install/lidar_control/lib/python3.8/site-packages/lidar_control
[4.031s] byte-compiling /home/nvidia/master_ws/install/lidar_control/lib/python3.8/site-packages/lidar_control/lidar_control.py to lidar_control.cpython-38.pyc
[4.039s] running install_data
[4.039s] running install_egg_info
[4.045s] removing '/home/nvidia/master_ws/install/lidar_control/lib/python3.8/site-packages/lidar_control-0.0.0-py3.8.egg-info' (and everything under it)
[4.047s] Copying ../../build/lidar_control/lidar_control.egg-info to /home/nvidia/master_ws/install/lidar_control/lib/python3.8/site-packages/lidar_control-0.0.0-py3.8.egg-info
[4.051s] running install_scripts
[4.119s] Installing lidar_control script to /home/nvidia/master_ws/install/lidar_control/lib/lidar_control
[4.120s] writing list of installed files to '/home/nvidia/master_ws/build/lidar_control/install.log'
[4.206s] Invoked command in '/home/nvidia/master_ws/src/lidar_control' returned '0': PYTHONPATH=/home/nvidia/master_ws/build/lidar_control/prefix_override:/home/nvidia/master_ws/install/lidar_control/lib/python3.8/site-packages:${PYTHONPATH} /usr/bin/python3 -W ignore:setup.py install is deprecated setup.py egg_info --egg-base ../../build/lidar_control build --build-base /home/nvidia/master_ws/build/lidar_control/build install --record /home/nvidia/master_ws/build/lidar_control/install.log --install-scripts $base/lib/lidar_control --single-version-externally-managed install_data
