[4.271s] Invoking command in '/home/nvidia/master_ws/src/xbox': PYTHONPATH=/home/nvidia/master_ws/build/xbox/prefix_override:/home/nvidia/master_ws/install/xbox/lib/python3.8/site-packages:${PYTHONPATH} /usr/bin/python3 -W ignore:setup.py install is deprecated setup.py egg_info --egg-base ../../build/xbox build --build-base /home/nvidia/master_ws/build/xbox/build install --record /home/nvidia/master_ws/build/xbox/install.log --install-scripts $base/lib/xbox --single-version-externally-managed install_data
[5.296s] running egg_info
[5.299s] writing ../../build/xbox/xbox.egg-info/PKG-INFO
[5.299s] writing dependency_links to ../../build/xbox/xbox.egg-info/dependency_links.txt
[5.301s] writing entry points to ../../build/xbox/xbox.egg-info/entry_points.txt
[5.302s] writing requirements to ../../build/xbox/xbox.egg-info/requires.txt
[5.302s] writing top-level names to ../../build/xbox/xbox.egg-info/top_level.txt
[5.441s] reading manifest file '../../build/xbox/xbox.egg-info/SOURCES.txt'
[5.445s] writing manifest file '../../build/xbox/xbox.egg-info/SOURCES.txt'
[5.446s] running build
[5.446s] running build_py
[5.448s] running install
[5.452s] running install_lib
[5.459s] running install_data
[5.459s] running install_egg_info
[5.465s] removing '/home/nvidia/master_ws/install/xbox/lib/python3.8/site-packages/xbox-0.0.0-py3.8.egg-info' (and everything under it)
[5.467s] Copying ../../build/xbox/xbox.egg-info to /home/nvidia/master_ws/install/xbox/lib/python3.8/site-packages/xbox-0.0.0-py3.8.egg-info
[5.474s] running install_scripts
[5.546s] Installing control script to /home/nvidia/master_ws/install/xbox/lib/xbox
[5.546s] writing list of installed files to '/home/nvidia/master_ws/build/xbox/install.log'
[5.629s] Invoked command in '/home/nvidia/master_ws/src/xbox' returned '0': PYTHONPATH=/home/nvidia/master_ws/build/xbox/prefix_override:/home/nvidia/master_ws/install/xbox/lib/python3.8/site-packages:${PYTHONPATH} /usr/bin/python3 -W ignore:setup.py install is deprecated setup.py egg_info --egg-base ../../build/xbox build --build-base /home/nvidia/master_ws/build/xbox/build install --record /home/nvidia/master_ws/build/xbox/install.log --install-scripts $base/lib/xbox --single-version-externally-managed install_data
