[5.318s] Invoking command in '/home/nvidia/master_ws/src/xbox': PYTHONPATH=/home/nvidia/master_ws/build/xbox/prefix_override:/home/nvidia/master_ws/install/xbox/lib/python3.8/site-packages:${PYTHONPATH} /usr/bin/python3 -W ignore:setup.py install is deprecated setup.py egg_info --egg-base ../../build/xbox build --build-base /home/nvidia/master_ws/build/xbox/build install --record /home/nvidia/master_ws/build/xbox/install.log --install-scripts $base/lib/xbox --single-version-externally-managed install_data
[6.748s] running egg_info
[6.752s] writing ../../build/xbox/xbox.egg-info/PKG-INFO
[6.753s] writing dependency_links to ../../build/xbox/xbox.egg-info/dependency_links.txt
[6.755s] writing entry points to ../../build/xbox/xbox.egg-info/entry_points.txt
[6.757s] writing requirements to ../../build/xbox/xbox.egg-info/requires.txt
[6.758s] writing top-level names to ../../build/xbox/xbox.egg-info/top_level.txt
[6.970s] reading manifest file '../../build/xbox/xbox.egg-info/SOURCES.txt'
[6.975s] writing manifest file '../../build/xbox/xbox.egg-info/SOURCES.txt'
[6.977s] running build
[6.977s] running build_py
[6.980s] running install
[6.985s] running install_lib
[6.995s] running install_data
[6.996s] running install_egg_info
[7.006s] removing '/home/nvidia/master_ws/install/xbox/lib/python3.8/site-packages/xbox-0.0.0-py3.8.egg-info' (and everything under it)
[7.009s] Copying ../../build/xbox/xbox.egg-info to /home/nvidia/master_ws/install/xbox/lib/python3.8/site-packages/xbox-0.0.0-py3.8.egg-info
[7.016s] running install_scripts
[7.121s] Installing control script to /home/nvidia/master_ws/install/xbox/lib/xbox
[7.122s] Installing new_control script to /home/nvidia/master_ws/install/xbox/lib/xbox
[7.124s] writing list of installed files to '/home/nvidia/master_ws/build/xbox/install.log'
[7.281s] Invoked command in '/home/nvidia/master_ws/src/xbox' returned '0': PYTHONPATH=/home/nvidia/master_ws/build/xbox/prefix_override:/home/nvidia/master_ws/install/xbox/lib/python3.8/site-packages:${PYTHONPATH} /usr/bin/python3 -W ignore:setup.py install is deprecated setup.py egg_info --egg-base ../../build/xbox build --build-base /home/nvidia/master_ws/build/xbox/build install --record /home/nvidia/master_ws/build/xbox/install.log --install-scripts $base/lib/xbox --single-version-externally-managed install_data
