[0.115s] Invoking command in '/home/nvidia/master_ws/build/lidar': CMAKE_PREFIX_PATH=${CMAKE_PREFIX_PATH}:/home/nvidia/master_ws/install/xbox:/home/nvidia/master_ws/install/lidar_control:/home/nvidia/master_ws/install/launch_car:/home/nvidia/master_ws/install/broadcaster:/home/nvidia/install/xbox:/opt/ros/foxy /usr/bin/cmake --build /home/nvidia/master_ws/build/lidar -- -j6 -l6
[0.477s] [35m[1mScanning dependencies of target lidar[0m
[1.080s] [ 50%] [32mBuilding CXX object CMakeFiles/lidar.dir/src/lidar.cpp.o[0m
[77.076s] [100%] [32m[1mLinking CXX executable lidar[0m
[80.740s] [100%] Built target lidar
[81.068s] Invoked command in '/home/nvidia/master_ws/build/lidar' returned '0': CMAKE_PREFIX_PATH=${CMAKE_PREFIX_PATH}:/home/nvidia/master_ws/install/xbox:/home/nvidia/master_ws/install/lidar_control:/home/nvidia/master_ws/install/launch_car:/home/nvidia/master_ws/install/broadcaster:/home/nvidia/install/xbox:/opt/ros/foxy /usr/bin/cmake --build /home/nvidia/master_ws/build/lidar -- -j6 -l6
[81.370s] Invoking command in '/home/nvidia/master_ws/build/lidar': CMAKE_PREFIX_PATH=${CMAKE_PREFIX_PATH}:/home/nvidia/master_ws/install/xbox:/home/nvidia/master_ws/install/lidar_control:/home/nvidia/master_ws/install/launch_car:/home/nvidia/master_ws/install/broadcaster:/home/nvidia/install/xbox:/opt/ros/foxy /usr/bin/cmake --install /home/nvidia/master_ws/build/lidar
[81.432s] -- Install configuration: ""
[81.435s] -- Installing: /home/nvidia/master_ws/install/lidar/lib/lidar/lidar
[81.466s] -- Set runtime path of "/home/nvidia/master_ws/install/lidar/lib/lidar/lidar" to ""
[81.468s] -- Up-to-date: /home/nvidia/master_ws/install/lidar/share/ament_index/resource_index/package_run_dependencies/lidar
[81.469s] -- Up-to-date: /home/nvidia/master_ws/install/lidar/share/ament_index/resource_index/parent_prefix_path/lidar
[81.470s] -- Up-to-date: /home/nvidia/master_ws/install/lidar/share/lidar/environment/ament_prefix_path.sh
[81.470s] -- Up-to-date: /home/nvidia/master_ws/install/lidar/share/lidar/environment/ament_prefix_path.dsv
[81.471s] -- Up-to-date: /home/nvidia/master_ws/install/lidar/share/lidar/environment/path.sh
[81.472s] -- Up-to-date: /home/nvidia/master_ws/install/lidar/share/lidar/environment/path.dsv
[81.472s] -- Up-to-date: /home/nvidia/master_ws/install/lidar/share/lidar/local_setup.bash
[81.473s] -- Up-to-date: /home/nvidia/master_ws/install/lidar/share/lidar/local_setup.sh
[81.474s] -- Up-to-date: /home/nvidia/master_ws/install/lidar/share/lidar/local_setup.zsh
[81.475s] -- Up-to-date: /home/nvidia/master_ws/install/lidar/share/lidar/local_setup.dsv
[81.476s] -- Installing: /home/nvidia/master_ws/install/lidar/share/lidar/package.dsv
[81.476s] -- Up-to-date: /home/nvidia/master_ws/install/lidar/share/ament_index/resource_index/packages/lidar
[81.477s] -- Up-to-date: /home/nvidia/master_ws/install/lidar/share/lidar/cmake/lidarConfig.cmake
[81.477s] -- Up-to-date: /home/nvidia/master_ws/install/lidar/share/lidar/cmake/lidarConfig-version.cmake
[81.478s] -- Up-to-date: /home/nvidia/master_ws/install/lidar/share/lidar/package.xml
[81.489s] Invoked command in '/home/nvidia/master_ws/build/lidar' returned '0': CMAKE_PREFIX_PATH=${CMAKE_PREFIX_PATH}:/home/nvidia/master_ws/install/xbox:/home/nvidia/master_ws/install/lidar_control:/home/nvidia/master_ws/install/launch_car:/home/nvidia/master_ws/install/broadcaster:/home/nvidia/install/xbox:/opt/ros/foxy /usr/bin/cmake --install /home/nvidia/master_ws/build/lidar
